[0.014s] Invoking command in '/home/adi/arduinobot_ws/build/arduinobot_controller': CMAKE_PREFIX_PATH=/home/adi/arduinobot_ws/install/arduinobot_description:/home/adi/arduinobot_ws/install/arduinobot_controller:/home/adi/arduinobot_ws/install/arduinobot_py_examples:/opt/ros/humble:/home/adi/catkin_ws/devel:/opt/ros/noetic /usr/bin/cmake --build /home/adi/arduinobot_ws/build/arduinobot_controller -- -j12 -l12
[0.029s] -- Found ament_cmake: 1.3.8 (/opt/ros/humble/share/ament_cmake/cmake)
[0.139s] -- Found ament_lint_auto: 0.12.10 (/opt/ros/humble/share/ament_lint_auto/cmake)
[0.191s] -- Added test 'lint_cmake' to check CMake code style
[0.192s] -- Added test 'xmllint' to check XML markup files
[0.192s] -- Configuring done
[0.195s] -- Generating done
[0.196s] -- Build files have been written to: /home/adi/arduinobot_ws/build/arduinobot_controller
[0.236s] Invoked command in '/home/adi/arduinobot_ws/build/arduinobot_controller' returned '0': CMAKE_PREFIX_PATH=/home/adi/arduinobot_ws/install/arduinobot_description:/home/adi/arduinobot_ws/install/arduinobot_controller:/home/adi/arduinobot_ws/install/arduinobot_py_examples:/opt/ros/humble:/home/adi/catkin_ws/devel:/opt/ros/noetic /usr/bin/cmake --build /home/adi/arduinobot_ws/build/arduinobot_controller -- -j12 -l12
[0.253s] Invoking command in '/home/adi/arduinobot_ws/build/arduinobot_controller': CMAKE_PREFIX_PATH=/home/adi/arduinobot_ws/install/arduinobot_description:/home/adi/arduinobot_ws/install/arduinobot_controller:/home/adi/arduinobot_ws/install/arduinobot_py_examples:/opt/ros/humble:/home/adi/catkin_ws/devel:/opt/ros/noetic /usr/bin/cmake --install /home/adi/arduinobot_ws/build/arduinobot_controller
[0.259s] -- Install configuration: ""
[0.260s] -- Up-to-date: /home/adi/arduinobot_ws/install/arduinobot_controller/share/arduinobot_controller/config
[0.260s] -- Installing: /home/adi/arduinobot_ws/install/arduinobot_controller/share/arduinobot_controller/config/arduinobot_controllers.yaml
[0.262s] -- Up-to-date: /home/adi/arduinobot_ws/install/arduinobot_controller/share/ament_index/resource_index/package_run_dependencies/arduinobot_controller
[0.262s] -- Installing: /home/adi/arduinobot_ws/install/arduinobot_controller/share/ament_index/resource_index/parent_prefix_path/arduinobot_controller
[0.264s] -- Up-to-date: /home/adi/arduinobot_ws/install/arduinobot_controller/share/arduinobot_controller/environment/ament_prefix_path.sh
[0.264s] -- Installing: /home/adi/arduinobot_ws/install/arduinobot_controller/share/arduinobot_controller/environment/ament_prefix_path.dsv
[0.265s] -- Up-to-date: /home/adi/arduinobot_ws/install/arduinobot_controller/share/arduinobot_controller/environment/path.sh
[0.265s] -- Installing: /home/adi/arduinobot_ws/install/arduinobot_controller/share/arduinobot_controller/environment/path.dsv
[0.265s] -- Up-to-date: /home/adi/arduinobot_ws/install/arduinobot_controller/share/arduinobot_controller/local_setup.bash
[0.265s] -- Up-to-date: /home/adi/arduinobot_ws/install/arduinobot_controller/share/arduinobot_controller/local_setup.sh
[0.265s] -- Up-to-date: /home/adi/arduinobot_ws/install/arduinobot_controller/share/arduinobot_controller/local_setup.zsh
[0.265s] -- Installing: /home/adi/arduinobot_ws/install/arduinobot_controller/share/arduinobot_controller/local_setup.dsv
[0.266s] -- Installing: /home/adi/arduinobot_ws/install/arduinobot_controller/share/arduinobot_controller/package.dsv
[0.266s] -- Up-to-date: /home/adi/arduinobot_ws/install/arduinobot_controller/share/ament_index/resource_index/packages/arduinobot_controller
[0.266s] -- Up-to-date: /home/adi/arduinobot_ws/install/arduinobot_controller/share/arduinobot_controller/cmake/arduinobot_controllerConfig.cmake
[0.266s] -- Up-to-date: /home/adi/arduinobot_ws/install/arduinobot_controller/share/arduinobot_controller/cmake/arduinobot_controllerConfig-version.cmake
[0.266s] -- Installing: /home/adi/arduinobot_ws/install/arduinobot_controller/share/arduinobot_controller/package.xml
[0.271s] Invoked command in '/home/adi/arduinobot_ws/build/arduinobot_controller' returned '0': CMAKE_PREFIX_PATH=/home/adi/arduinobot_ws/install/arduinobot_description:/home/adi/arduinobot_ws/install/arduinobot_controller:/home/adi/arduinobot_ws/install/arduinobot_py_examples:/opt/ros/humble:/home/adi/catkin_ws/devel:/opt/ros/noetic /usr/bin/cmake --install /home/adi/arduinobot_ws/build/arduinobot_controller
