[0.013s] Invoking command in '/home/adi/arduinobot_ws/build/arduinobot_movit': CMAKE_PREFIX_PATH=/home/adi/arduinobot_ws/install/arduinobot_msgs:/home/adi/arduinobot_ws/install/arduinobot_description:/home/adi/arduinobot_ws/install/arduinobot_controller:/home/adi/arduinobot_ws/install/arduinobot_utils:/home/adi/arduinobot_ws/install/arduinobot_py_examples:/opt/ros/humble:/home/adi/catkin_ws/devel:/opt/ros/noetic /usr/bin/cmake --build /home/adi/arduinobot_ws/build/arduinobot_movit -- -j12 -l12
[0.031s] -- Found ament_cmake: 1.3.8 (/opt/ros/humble/share/ament_cmake/cmake)
[0.152s] -- Found ament_lint_auto: 0.12.10 (/opt/ros/humble/share/ament_lint_auto/cmake)
[0.205s] -- Added test 'flake8' to check Python code syntax and style conventions
[0.205s] -- Added test 'lint_cmake' to check CMake code style
[0.205s] -- Added test 'pep257' to check Python code against some of the docstring style conventions in PEP 257
[0.206s] -- Added test 'xmllint' to check XML markup files
[0.207s] -- Configuring done
[0.210s] -- Generating done
[0.211s] -- Build files have been written to: /home/adi/arduinobot_ws/build/arduinobot_movit
[0.226s] Invoked command in '/home/adi/arduinobot_ws/build/arduinobot_movit' returned '0': CMAKE_PREFIX_PATH=/home/adi/arduinobot_ws/install/arduinobot_msgs:/home/adi/arduinobot_ws/install/arduinobot_description:/home/adi/arduinobot_ws/install/arduinobot_controller:/home/adi/arduinobot_ws/install/arduinobot_utils:/home/adi/arduinobot_ws/install/arduinobot_py_examples:/opt/ros/humble:/home/adi/catkin_ws/devel:/opt/ros/noetic /usr/bin/cmake --build /home/adi/arduinobot_ws/build/arduinobot_movit -- -j12 -l12
[0.239s] Invoking command in '/home/adi/arduinobot_ws/build/arduinobot_movit': CMAKE_PREFIX_PATH=/home/adi/arduinobot_ws/install/arduinobot_msgs:/home/adi/arduinobot_ws/install/arduinobot_description:/home/adi/arduinobot_ws/install/arduinobot_controller:/home/adi/arduinobot_ws/install/arduinobot_utils:/home/adi/arduinobot_ws/install/arduinobot_py_examples:/opt/ros/humble:/home/adi/catkin_ws/devel:/opt/ros/noetic /usr/bin/cmake --install /home/adi/arduinobot_ws/build/arduinobot_movit
[0.244s] -- Install configuration: ""
[0.244s] -- Installing: /home/adi/arduinobot_ws/install/arduinobot_movit/share/arduinobot_movit/launch
[0.244s] -- Installing: /home/adi/arduinobot_ws/install/arduinobot_movit/share/arduinobot_movit/launch/moveit.launch.py
[0.244s] -- Installing: /home/adi/arduinobot_ws/install/arduinobot_movit/share/arduinobot_movit/config
[0.244s] -- Installing: /home/adi/arduinobot_ws/install/arduinobot_movit/share/arduinobot_movit/config/kinematics.yaml
[0.244s] -- Installing: /home/adi/arduinobot_ws/install/arduinobot_movit/share/arduinobot_movit/config/inital_positions.yaml
[0.244s] -- Installing: /home/adi/arduinobot_ws/install/arduinobot_movit/share/arduinobot_movit/config/moveit_controllers.yaml
[0.244s] -- Installing: /home/adi/arduinobot_ws/install/arduinobot_movit/share/arduinobot_movit/config/arduinobot.srdf
[0.244s] -- Installing: /home/adi/arduinobot_ws/install/arduinobot_movit/share/arduinobot_movit/config/pilz_cartesian_limits.yaml
[0.244s] -- Installing: /home/adi/arduinobot_ws/install/arduinobot_movit/share/arduinobot_movit/config/joint_limits.yaml
[0.244s] -- Installing: /home/adi/arduinobot_ws/install/arduinobot_movit/share/ament_index/resource_index/package_run_dependencies/arduinobot_movit
[0.245s] -- Up-to-date: /home/adi/arduinobot_ws/install/arduinobot_movit/share/ament_index/resource_index/parent_prefix_path/arduinobot_movit
[0.245s] -- Up-to-date: /home/adi/arduinobot_ws/install/arduinobot_movit/share/arduinobot_movit/environment/ament_prefix_path.sh
[0.245s] -- Installing: /home/adi/arduinobot_ws/install/arduinobot_movit/share/arduinobot_movit/environment/ament_prefix_path.dsv
[0.245s] -- Up-to-date: /home/adi/arduinobot_ws/install/arduinobot_movit/share/arduinobot_movit/environment/path.sh
[0.245s] -- Installing: /home/adi/arduinobot_ws/install/arduinobot_movit/share/arduinobot_movit/environment/path.dsv
[0.245s] -- Up-to-date: /home/adi/arduinobot_ws/install/arduinobot_movit/share/arduinobot_movit/local_setup.bash
[0.245s] -- Up-to-date: /home/adi/arduinobot_ws/install/arduinobot_movit/share/arduinobot_movit/local_setup.sh
[0.245s] -- Up-to-date: /home/adi/arduinobot_ws/install/arduinobot_movit/share/arduinobot_movit/local_setup.zsh
[0.245s] -- Installing: /home/adi/arduinobot_ws/install/arduinobot_movit/share/arduinobot_movit/local_setup.dsv
[0.245s] -- Installing: /home/adi/arduinobot_ws/install/arduinobot_movit/share/arduinobot_movit/package.dsv
[0.245s] -- Up-to-date: /home/adi/arduinobot_ws/install/arduinobot_movit/share/ament_index/resource_index/packages/arduinobot_movit
[0.245s] -- Up-to-date: /home/adi/arduinobot_ws/install/arduinobot_movit/share/arduinobot_movit/cmake/arduinobot_movitConfig.cmake
[0.245s] -- Up-to-date: /home/adi/arduinobot_ws/install/arduinobot_movit/share/arduinobot_movit/cmake/arduinobot_movitConfig-version.cmake
[0.245s] -- Installing: /home/adi/arduinobot_ws/install/arduinobot_movit/share/arduinobot_movit/package.xml
[0.247s] Invoked command in '/home/adi/arduinobot_ws/build/arduinobot_movit' returned '0': CMAKE_PREFIX_PATH=/home/adi/arduinobot_ws/install/arduinobot_msgs:/home/adi/arduinobot_ws/install/arduinobot_description:/home/adi/arduinobot_ws/install/arduinobot_controller:/home/adi/arduinobot_ws/install/arduinobot_utils:/home/adi/arduinobot_ws/install/arduinobot_py_examples:/opt/ros/humble:/home/adi/catkin_ws/devel:/opt/ros/noetic /usr/bin/cmake --install /home/adi/arduinobot_ws/build/arduinobot_movit
