running egg_info
writing ../../build/arduinobot_utils/arduinobot_utils.egg-info/PKG-INFO
writing dependency_links to ../../build/arduinobot_utils/arduinobot_utils.egg-info/dependency_links.txt
writing entry points to ../../build/arduinobot_utils/arduinobot_utils.egg-info/entry_points.txt
writing requirements to ../../build/arduinobot_utils/arduinobot_utils.egg-info/requires.txt
writing top-level names to ../../build/arduinobot_utils/arduinobot_utils.egg-info/top_level.txt
reading manifest file '../../build/arduinobot_utils/arduinobot_utils.egg-info/SOURCES.txt'
writing manifest file '../../build/arduinobot_utils/arduinobot_utils.egg-info/SOURCES.txt'
running build
running build_py
copying arduinobot_utils/angle_conversion.py -> /home/adi/arduinobot_ws/build/arduinobot_utils/build/lib/arduinobot_utils
running install
running install_lib
copying /home/adi/arduinobot_ws/build/arduinobot_utils/build/lib/arduinobot_utils/angle_conversion.py -> /home/adi/arduinobot_ws/install/arduinobot_utils/lib/python3.10/site-packages/arduinobot_utils
byte-compiling /home/adi/arduinobot_ws/install/arduinobot_utils/lib/python3.10/site-packages/arduinobot_utils/angle_conversion.py to angle_conversion.cpython-310.pyc
running install_data
running install_egg_info
removing '/home/adi/arduinobot_ws/install/arduinobot_utils/lib/python3.10/site-packages/arduinobot_utils-0.0.0-py3.10.egg-info' (and everything under it)
Copying ../../build/arduinobot_utils/arduinobot_utils.egg-info to /home/adi/arduinobot_ws/install/arduinobot_utils/lib/python3.10/site-packages/arduinobot_utils-0.0.0-py3.10.egg-info
running install_scripts
Installing angle_conversion script to /home/adi/arduinobot_ws/install/arduinobot_utils/lib/arduinobot_utils
writing list of installed files to '/home/adi/arduinobot_ws/build/arduinobot_utils/install.log'
