[0.224s] Invoking command in '/home/adi/arduinobot_ws/build/arduinobot_remote': CMAKE_PREFIX_PATH=/home/adi/arduinobot_ws/install/arduinobot_msgs:/home/adi/arduinobot_ws/install/aruinobot_cpp_examples:/home/adi/arduinobot_ws/install/arduinobot_remote:/home/adi/arduinobot_ws/install/arduinobot_movit:/home/adi/arduinobot_ws/install/arduinobot_description:/home/adi/arduinobot_ws/install/arduinobot_controller:/home/adi/arduinobot_ws/install/arduinobot_utils:/home/adi/arduinobot_ws/install/arduinobot_py_examples:/opt/ros/humble:/home/adi/catkin_ws/devel:/opt/ros/noetic LD_LIBRARY_PATH=/home/adi/arduinobot_ws/install/arduinobot_msgs/lib:/home/adi/arduinobot_ws/install/arduinobot_remote/lib:/opt/ros/humble/opt/rviz_ogre_vendor/lib:/opt/ros/humble/lib/x86_64-linux-gnu:/opt/ros/humble/lib:/home/adi/catkin_ws/devel/lib:/opt/ros/noetic/lib /usr/bin/cmake --build /home/adi/arduinobot_ws/build/arduinobot_remote -- -j12 -l12
[0.438s] -- Found ament_cmake: 1.3.8 (/opt/ros/humble/share/ament_cmake/cmake)
[0.438s] -- Found rclcpp: 16.0.8 (/opt/ros/humble/share/rclcpp/cmake)
[0.438s] -- Found rosidl_generator_c: 3.1.5 (/opt/ros/humble/share/rosidl_generator_c/cmake)
[0.439s] -- Found rosidl_adapter: 3.1.5 (/opt/ros/humble/share/rosidl_adapter/cmake)
[0.439s] -- Found rosidl_generator_cpp: 3.1.5 (/opt/ros/humble/share/rosidl_generator_cpp/cmake)
[0.439s] -- Using all available rosidl_typesupport_c: rosidl_typesupport_fastrtps_c;rosidl_typesupport_introspection_c
[0.439s] -- Using all available rosidl_typesupport_cpp: rosidl_typesupport_fastrtps_cpp;rosidl_typesupport_introspection_cpp
[0.439s] -- Found rmw_implementation_cmake: 6.1.1 (/opt/ros/humble/share/rmw_implementation_cmake/cmake)
[0.439s] -- Found rmw_cyclonedds_cpp: 1.3.4 (/opt/ros/humble/share/rmw_cyclonedds_cpp/cmake)
[0.461s] -- Using RMW implementation 'rmw_cyclonedds_cpp' as default
[0.585s] -- Found rclcpp_action: 16.0.8 (/opt/ros/humble/share/rclcpp_action/cmake)
[0.655s] -- Found rclcpp_components: 16.0.8 (/opt/ros/humble/share/rclcpp_components/cmake)
[0.701s] -- Found arduinobot_msgs: 0.0.0 (/home/adi/arduinobot_ws/install/arduinobot_msgs/share/arduinobot_msgs/cmake)
[0.741s] -- Found moveit_ros_planning_interface: 2.5.5 (/opt/ros/humble/share/moveit_ros_planning_interface/cmake)
[0.749s] -- Found Boost: /usr/lib/x86_64-linux-gnu/cmake/Boost-1.74.0/BoostConfig.cmake (found version "1.74.0") found components: date_time filesystem program_options system thread 
[1.342s] -- Found Boost: /usr/lib/x86_64-linux-gnu/cmake/Boost-1.74.0/BoostConfig.cmake (found version "1.74.0") found components: chrono date_time filesystem iostreams program_options regex serialization system thread 
[1.347s] -- Found parameter_traits: 0.3.8 (/opt/ros/humble/share/parameter_traits/cmake)
[1.356s] -- Found rclcpp_lifecycle: 16.0.8 (/opt/ros/humble/share/rclcpp_lifecycle/cmake)
[1.388s] -- Found Boost: /usr/lib/x86_64-linux-gnu/cmake/Boost-1.74.0/BoostConfig.cmake (found version "1.74.0") found components: filesystem 
[1.416s] -- library: /usr/lib/x86_64-linux-gnu/libcurl.so
[1.531s] -- Ensuring Eigen3 include directory is part of orocos-kdl CMake target
[1.841s] -- Found Boost: /usr/lib/x86_64-linux-gnu/cmake/Boost-1.74.0/BoostConfig.cmake (found version "1.74.0") found components: system filesystem date_time program_options thread chrono 
[2.243s] -- Found Boost: /usr/lib/x86_64-linux-gnu/cmake/Boost-1.74.0/BoostConfig.cmake (found version "1.74.0") found components: thread system filesystem regex date_time program_options 
[2.430s] -- Found Boost: /usr/lib/x86_64-linux-gnu/cmake/Boost-1.74.0/BoostConfig.cmake (found version "1.74.0") found components: system filesystem date_time program_options thread 
[2.748s] -- Found ament_lint_auto: 0.12.10 (/opt/ros/humble/share/ament_lint_auto/cmake)
[2.811s] -- Added test 'cppcheck' to perform static code analysis on C / C++ code
[2.811s] -- Configured cppcheck include dirs: $<BUILD_INTERFACE:/home/adi/arduinobot_ws/src/arduinobot_remote/include>
[2.811s] -- Configured cppcheck exclude dirs and/or files: 
[2.812s] -- Added test 'lint_cmake' to check CMake code style
[2.812s] -- Added test 'uncrustify' to check C / C++ code style
[2.812s] -- Configured uncrustify additional arguments: 
[2.812s] -- Added test 'xmllint' to check XML markup files
[2.813s] -- Configuring done
[2.834s] -- Generating done
[2.836s] -- Build files have been written to: /home/adi/arduinobot_ws/build/arduinobot_remote
[2.857s] [35m[1mConsolidate compiler generated dependencies of target task_server_node[0m
[2.857s] [35m[1mConsolidate compiler generated dependencies of target task_server[0m
[2.869s] [ 50%] Built target task_server_node
[2.876s] [100%] Built target task_server
[2.883s] Invoked command in '/home/adi/arduinobot_ws/build/arduinobot_remote' returned '0': CMAKE_PREFIX_PATH=/home/adi/arduinobot_ws/install/arduinobot_msgs:/home/adi/arduinobot_ws/install/aruinobot_cpp_examples:/home/adi/arduinobot_ws/install/arduinobot_remote:/home/adi/arduinobot_ws/install/arduinobot_movit:/home/adi/arduinobot_ws/install/arduinobot_description:/home/adi/arduinobot_ws/install/arduinobot_controller:/home/adi/arduinobot_ws/install/arduinobot_utils:/home/adi/arduinobot_ws/install/arduinobot_py_examples:/opt/ros/humble:/home/adi/catkin_ws/devel:/opt/ros/noetic LD_LIBRARY_PATH=/home/adi/arduinobot_ws/install/arduinobot_msgs/lib:/home/adi/arduinobot_ws/install/arduinobot_remote/lib:/opt/ros/humble/opt/rviz_ogre_vendor/lib:/opt/ros/humble/lib/x86_64-linux-gnu:/opt/ros/humble/lib:/home/adi/catkin_ws/devel/lib:/opt/ros/noetic/lib /usr/bin/cmake --build /home/adi/arduinobot_ws/build/arduinobot_remote -- -j12 -l12
[2.900s] Invoking command in '/home/adi/arduinobot_ws/build/arduinobot_remote': CMAKE_PREFIX_PATH=/home/adi/arduinobot_ws/install/arduinobot_msgs:/home/adi/arduinobot_ws/install/aruinobot_cpp_examples:/home/adi/arduinobot_ws/install/arduinobot_remote:/home/adi/arduinobot_ws/install/arduinobot_movit:/home/adi/arduinobot_ws/install/arduinobot_description:/home/adi/arduinobot_ws/install/arduinobot_controller:/home/adi/arduinobot_ws/install/arduinobot_utils:/home/adi/arduinobot_ws/install/arduinobot_py_examples:/opt/ros/humble:/home/adi/catkin_ws/devel:/opt/ros/noetic LD_LIBRARY_PATH=/home/adi/arduinobot_ws/install/arduinobot_msgs/lib:/home/adi/arduinobot_ws/install/arduinobot_remote/lib:/opt/ros/humble/opt/rviz_ogre_vendor/lib:/opt/ros/humble/lib/x86_64-linux-gnu:/opt/ros/humble/lib:/home/adi/catkin_ws/devel/lib:/opt/ros/noetic/lib /usr/bin/cmake --install /home/adi/arduinobot_ws/build/arduinobot_remote
[2.905s] -- Install configuration: ""
[2.905s] -- Up-to-date: /home/adi/arduinobot_ws/install/arduinobot_remote/lib/arduinobot_remote/task_server_node
[2.905s] -- Up-to-date: /home/adi/arduinobot_ws/install/arduinobot_remote/lib/libtask_server.so
[2.905s] -- Installing: /home/adi/arduinobot_ws/install/arduinobot_remote/share/ament_index/resource_index/package_run_dependencies/arduinobot_remote
[2.905s] -- Installing: /home/adi/arduinobot_ws/install/arduinobot_remote/share/ament_index/resource_index/parent_prefix_path/arduinobot_remote
[2.905s] -- Up-to-date: /home/adi/arduinobot_ws/install/arduinobot_remote/share/arduinobot_remote/environment/ament_prefix_path.sh
[2.906s] -- Installing: /home/adi/arduinobot_ws/install/arduinobot_remote/share/arduinobot_remote/environment/ament_prefix_path.dsv
[2.906s] -- Up-to-date: /home/adi/arduinobot_ws/install/arduinobot_remote/share/arduinobot_remote/environment/path.sh
[2.906s] -- Installing: /home/adi/arduinobot_ws/install/arduinobot_remote/share/arduinobot_remote/environment/path.dsv
[2.906s] -- Up-to-date: /home/adi/arduinobot_ws/install/arduinobot_remote/share/arduinobot_remote/local_setup.bash
[2.906s] -- Installing: /home/adi/arduinobot_ws/install/arduinobot_remote/share/arduinobot_remote/local_setup.sh
[2.906s] -- Up-to-date: /home/adi/arduinobot_ws/install/arduinobot_remote/share/arduinobot_remote/local_setup.zsh
[2.906s] -- Installing: /home/adi/arduinobot_ws/install/arduinobot_remote/share/arduinobot_remote/local_setup.dsv
[2.906s] -- Installing: /home/adi/arduinobot_ws/install/arduinobot_remote/share/arduinobot_remote/package.dsv
[2.906s] -- Up-to-date: /home/adi/arduinobot_ws/install/arduinobot_remote/share/ament_index/resource_index/packages/arduinobot_remote
[2.906s] -- Installing: /home/adi/arduinobot_ws/install/arduinobot_remote/share/ament_index/resource_index/rclcpp_components/arduinobot_remote
[2.907s] -- Up-to-date: /home/adi/arduinobot_ws/install/arduinobot_remote/share/arduinobot_remote/cmake/arduinobot_remoteConfig.cmake
[2.907s] -- Up-to-date: /home/adi/arduinobot_ws/install/arduinobot_remote/share/arduinobot_remote/cmake/arduinobot_remoteConfig-version.cmake
[2.907s] -- Installing: /home/adi/arduinobot_ws/install/arduinobot_remote/share/arduinobot_remote/package.xml
[2.908s] Invoked command in '/home/adi/arduinobot_ws/build/arduinobot_remote' returned '0': CMAKE_PREFIX_PATH=/home/adi/arduinobot_ws/install/arduinobot_msgs:/home/adi/arduinobot_ws/install/aruinobot_cpp_examples:/home/adi/arduinobot_ws/install/arduinobot_remote:/home/adi/arduinobot_ws/install/arduinobot_movit:/home/adi/arduinobot_ws/install/arduinobot_description:/home/adi/arduinobot_ws/install/arduinobot_controller:/home/adi/arduinobot_ws/install/arduinobot_utils:/home/adi/arduinobot_ws/install/arduinobot_py_examples:/opt/ros/humble:/home/adi/catkin_ws/devel:/opt/ros/noetic LD_LIBRARY_PATH=/home/adi/arduinobot_ws/install/arduinobot_msgs/lib:/home/adi/arduinobot_ws/install/arduinobot_remote/lib:/opt/ros/humble/opt/rviz_ogre_vendor/lib:/opt/ros/humble/lib/x86_64-linux-gnu:/opt/ros/humble/lib:/home/adi/catkin_ws/devel/lib:/opt/ros/noetic/lib /usr/bin/cmake --install /home/adi/arduinobot_ws/build/arduinobot_remote
