[0.033s] Invoking command in '/home/adi/arduinobot_ws/build/arduinobot_movit': CMAKE_PREFIX_PATH=/home/adi/arduinobot_ws/install/arduinobot_msgs:/home/adi/arduinobot_ws/install/arduinobot_description:/home/adi/arduinobot_ws/install/arduinobot_controller:/home/adi/arduinobot_ws/install/arduinobot_utils:/home/adi/arduinobot_ws/install/arduinobot_py_examples:/opt/ros/humble:/home/adi/catkin_ws/devel:/opt/ros/noetic /usr/bin/cmake /home/adi/arduinobot_ws/src/arduinobot_movit -DCMAKE_INSTALL_PREFIX=/home/adi/arduinobot_ws/install/arduinobot_movit
[0.086s] -- The C compiler identification is GNU 11.4.0
[0.132s] -- The CXX compiler identification is GNU 11.4.0
[0.138s] -- Detecting C compiler ABI info
[0.184s] -- Detecting C compiler ABI info - done
[0.190s] -- Check for working C compiler: /usr/bin/cc - skipped
[0.190s] -- Detecting C compile features
[0.191s] -- Detecting C compile features - done
[0.193s] -- Detecting CXX compiler ABI info
[0.245s] -- Detecting CXX compiler ABI info - done
[0.251s] -- Check for working CXX compiler: /usr/bin/c++ - skipped
[0.251s] -- Detecting CXX compile features
[0.252s] -- Detecting CXX compile features - done
[0.259s] -- Found ament_cmake: 1.3.8 (/opt/ros/humble/share/ament_cmake/cmake)
[0.366s] -- Found Python3: /usr/bin/python3 (found version "3.10.12") found components: Interpreter 
[0.449s] -- Found ament_lint_auto: 0.12.10 (/opt/ros/humble/share/ament_lint_auto/cmake)
[0.515s] -- Added test 'lint_cmake' to check CMake code style
[0.516s] -- Added test 'xmllint' to check XML markup files
[0.517s] -- Configuring done
[0.519s] -- Generating done
[0.520s] -- Build files have been written to: /home/adi/arduinobot_ws/build/arduinobot_movit
[0.872s] Invoked command in '/home/adi/arduinobot_ws/build/arduinobot_movit' returned '0': CMAKE_PREFIX_PATH=/home/adi/arduinobot_ws/install/arduinobot_msgs:/home/adi/arduinobot_ws/install/arduinobot_description:/home/adi/arduinobot_ws/install/arduinobot_controller:/home/adi/arduinobot_ws/install/arduinobot_utils:/home/adi/arduinobot_ws/install/arduinobot_py_examples:/opt/ros/humble:/home/adi/catkin_ws/devel:/opt/ros/noetic /usr/bin/cmake /home/adi/arduinobot_ws/src/arduinobot_movit -DCMAKE_INSTALL_PREFIX=/home/adi/arduinobot_ws/install/arduinobot_movit
[0.874s] Invoking command in '/home/adi/arduinobot_ws/build/arduinobot_movit': CMAKE_PREFIX_PATH=/home/adi/arduinobot_ws/install/arduinobot_msgs:/home/adi/arduinobot_ws/install/arduinobot_description:/home/adi/arduinobot_ws/install/arduinobot_controller:/home/adi/arduinobot_ws/install/arduinobot_utils:/home/adi/arduinobot_ws/install/arduinobot_py_examples:/opt/ros/humble:/home/adi/catkin_ws/devel:/opt/ros/noetic /usr/bin/cmake --build /home/adi/arduinobot_ws/build/arduinobot_movit -- -j12 -l12
[0.900s] Invoked command in '/home/adi/arduinobot_ws/build/arduinobot_movit' returned '0': CMAKE_PREFIX_PATH=/home/adi/arduinobot_ws/install/arduinobot_msgs:/home/adi/arduinobot_ws/install/arduinobot_description:/home/adi/arduinobot_ws/install/arduinobot_controller:/home/adi/arduinobot_ws/install/arduinobot_utils:/home/adi/arduinobot_ws/install/arduinobot_py_examples:/opt/ros/humble:/home/adi/catkin_ws/devel:/opt/ros/noetic /usr/bin/cmake --build /home/adi/arduinobot_ws/build/arduinobot_movit -- -j12 -l12
[0.914s] Invoking command in '/home/adi/arduinobot_ws/build/arduinobot_movit': CMAKE_PREFIX_PATH=/home/adi/arduinobot_ws/install/arduinobot_msgs:/home/adi/arduinobot_ws/install/arduinobot_description:/home/adi/arduinobot_ws/install/arduinobot_controller:/home/adi/arduinobot_ws/install/arduinobot_utils:/home/adi/arduinobot_ws/install/arduinobot_py_examples:/opt/ros/humble:/home/adi/catkin_ws/devel:/opt/ros/noetic /usr/bin/cmake --install /home/adi/arduinobot_ws/build/arduinobot_movit
[0.920s] -- Install configuration: ""
[0.920s] -- Installing: /home/adi/arduinobot_ws/install/arduinobot_movit/share/ament_index/resource_index/package_run_dependencies/arduinobot_movit
[0.921s] -- Installing: /home/adi/arduinobot_ws/install/arduinobot_movit/share/ament_index/resource_index/parent_prefix_path/arduinobot_movit
[0.921s] -- Installing: /home/adi/arduinobot_ws/install/arduinobot_movit/share/arduinobot_movit/environment/ament_prefix_path.sh
[0.921s] -- Installing: /home/adi/arduinobot_ws/install/arduinobot_movit/share/arduinobot_movit/environment/ament_prefix_path.dsv
[0.921s] -- Installing: /home/adi/arduinobot_ws/install/arduinobot_movit/share/arduinobot_movit/environment/path.sh
[0.921s] -- Installing: /home/adi/arduinobot_ws/install/arduinobot_movit/share/arduinobot_movit/environment/path.dsv
[0.921s] -- Installing: /home/adi/arduinobot_ws/install/arduinobot_movit/share/arduinobot_movit/local_setup.bash
[0.921s] -- Installing: /home/adi/arduinobot_ws/install/arduinobot_movit/share/arduinobot_movit/local_setup.sh
[0.921s] -- Installing: /home/adi/arduinobot_ws/install/arduinobot_movit/share/arduinobot_movit/local_setup.zsh
[0.921s] -- Installing: /home/adi/arduinobot_ws/install/arduinobot_movit/share/arduinobot_movit/local_setup.dsv
[0.921s] -- Installing: /home/adi/arduinobot_ws/install/arduinobot_movit/share/arduinobot_movit/package.dsv
[0.922s] -- Installing: /home/adi/arduinobot_ws/install/arduinobot_movit/share/ament_index/resource_index/packages/arduinobot_movit
[0.922s] -- Installing: /home/adi/arduinobot_ws/install/arduinobot_movit/share/arduinobot_movit/cmake/arduinobot_movitConfig.cmake
[0.922s] -- Installing: /home/adi/arduinobot_ws/install/arduinobot_movit/share/arduinobot_movit/cmake/arduinobot_movitConfig-version.cmake
[0.922s] -- Installing: /home/adi/arduinobot_ws/install/arduinobot_movit/share/arduinobot_movit/package.xml
[0.923s] Invoked command in '/home/adi/arduinobot_ws/build/arduinobot_movit' returned '0': CMAKE_PREFIX_PATH=/home/adi/arduinobot_ws/install/arduinobot_msgs:/home/adi/arduinobot_ws/install/arduinobot_description:/home/adi/arduinobot_ws/install/arduinobot_controller:/home/adi/arduinobot_ws/install/arduinobot_utils:/home/adi/arduinobot_ws/install/arduinobot_py_examples:/opt/ros/humble:/home/adi/catkin_ws/devel:/opt/ros/noetic /usr/bin/cmake --install /home/adi/arduinobot_ws/build/arduinobot_movit
