[0.011s] Invoking command in '/home/adi/arduinobot_ws/build/arduinobot_description': CMAKE_PREFIX_PATH=/home/adi/arduinobot_ws/install/arduinobot_description:/home/adi/arduinobot_ws/install/arduinobot_py_examples:/opt/ros/humble:/home/adi/catkin_ws/devel:/opt/ros/noetic /usr/bin/cmake --build /home/adi/arduinobot_ws/build/arduinobot_description -- -j12 -l12
[0.256s] Invoked command in '/home/adi/arduinobot_ws/build/arduinobot_description' returned '0': CMAKE_PREFIX_PATH=/home/adi/arduinobot_ws/install/arduinobot_description:/home/adi/arduinobot_ws/install/arduinobot_py_examples:/opt/ros/humble:/home/adi/catkin_ws/devel:/opt/ros/noetic /usr/bin/cmake --build /home/adi/arduinobot_ws/build/arduinobot_description -- -j12 -l12
[0.281s] Invoking command in '/home/adi/arduinobot_ws/build/arduinobot_description': CMAKE_PREFIX_PATH=/home/adi/arduinobot_ws/install/arduinobot_description:/home/adi/arduinobot_ws/install/arduinobot_py_examples:/opt/ros/humble:/home/adi/catkin_ws/devel:/opt/ros/noetic /usr/bin/cmake --install /home/adi/arduinobot_ws/build/arduinobot_description
[0.288s] -- Install configuration: ""
[0.289s] -- Up-to-date: /home/adi/arduinobot_ws/install/arduinobot_description/share/arduinobot_description/meshes
[0.289s] -- Up-to-date: /home/adi/arduinobot_ws/install/arduinobot_description/share/arduinobot_description/meshes/claw_support.STL
[0.289s] -- Up-to-date: /home/adi/arduinobot_ws/install/arduinobot_description/share/arduinobot_description/meshes/basement.STL
[0.289s] -- Up-to-date: /home/adi/arduinobot_ws/install/arduinobot_description/share/arduinobot_description/meshes/pi_camera.STL
[0.289s] -- Up-to-date: /home/adi/arduinobot_ws/install/arduinobot_description/share/arduinobot_description/meshes/forward_drive_arm.STL
[0.289s] -- Up-to-date: /home/adi/arduinobot_ws/install/arduinobot_description/share/arduinobot_description/meshes/plate.STL
[0.289s] -- Up-to-date: /home/adi/arduinobot_ws/install/arduinobot_description/share/arduinobot_description/meshes/base_plate.STL
[0.289s] -- Up-to-date: /home/adi/arduinobot_ws/install/arduinobot_description/share/arduinobot_description/meshes/right_finger.STL
[0.290s] -- Up-to-date: /home/adi/arduinobot_ws/install/arduinobot_description/share/arduinobot_description/meshes/servo_plate.STL
[0.290s] -- Up-to-date: /home/adi/arduinobot_ws/install/arduinobot_description/share/arduinobot_description/meshes/round_plate.STL
[0.290s] -- Up-to-date: /home/adi/arduinobot_ws/install/arduinobot_description/share/arduinobot_description/meshes/left_finger.STL
[0.290s] -- Up-to-date: /home/adi/arduinobot_ws/install/arduinobot_description/share/arduinobot_description/meshes/triangular_link.STL
[0.290s] -- Up-to-date: /home/adi/arduinobot_ws/install/arduinobot_description/share/arduinobot_description/meshes/link.STL
[0.290s] -- Up-to-date: /home/adi/arduinobot_ws/install/arduinobot_description/share/arduinobot_description/meshes/vertical_drive_arm.STL
[0.290s] -- Up-to-date: /home/adi/arduinobot_ws/install/arduinobot_description/share/arduinobot_description/meshes/horizontal_arm.STL
[0.290s] -- Up-to-date: /home/adi/arduinobot_ws/install/arduinobot_description/share/arduinobot_description/urdf
[0.291s] -- Installing: /home/adi/arduinobot_ws/install/arduinobot_description/share/arduinobot_description/urdf/arduinobot.urdf.xacro
[0.291s] -- Up-to-date: /home/adi/arduinobot_ws/install/arduinobot_description/share/arduinobot_description/launch
[0.291s] -- Up-to-date: /home/adi/arduinobot_ws/install/arduinobot_description/share/arduinobot_description/launch/display.launch.py
[0.291s] -- Up-to-date: /home/adi/arduinobot_ws/install/arduinobot_description/share/arduinobot_description/rviz
[0.291s] -- Up-to-date: /home/adi/arduinobot_ws/install/arduinobot_description/share/arduinobot_description/rviz/display_rviz.rviz
[0.291s] -- Up-to-date: /home/adi/arduinobot_ws/install/arduinobot_description/share/ament_index/resource_index/package_run_dependencies/arduinobot_description
[0.291s] -- Up-to-date: /home/adi/arduinobot_ws/install/arduinobot_description/share/ament_index/resource_index/parent_prefix_path/arduinobot_description
[0.291s] -- Up-to-date: /home/adi/arduinobot_ws/install/arduinobot_description/share/arduinobot_description/environment/ament_prefix_path.sh
[0.291s] -- Up-to-date: /home/adi/arduinobot_ws/install/arduinobot_description/share/arduinobot_description/environment/ament_prefix_path.dsv
[0.291s] -- Up-to-date: /home/adi/arduinobot_ws/install/arduinobot_description/share/arduinobot_description/environment/path.sh
[0.291s] -- Up-to-date: /home/adi/arduinobot_ws/install/arduinobot_description/share/arduinobot_description/environment/path.dsv
[0.291s] -- Up-to-date: /home/adi/arduinobot_ws/install/arduinobot_description/share/arduinobot_description/local_setup.bash
[0.292s] -- Up-to-date: /home/adi/arduinobot_ws/install/arduinobot_description/share/arduinobot_description/local_setup.sh
[0.292s] -- Up-to-date: /home/adi/arduinobot_ws/install/arduinobot_description/share/arduinobot_description/local_setup.zsh
[0.292s] -- Up-to-date: /home/adi/arduinobot_ws/install/arduinobot_description/share/arduinobot_description/local_setup.dsv
[0.292s] -- Installing: /home/adi/arduinobot_ws/install/arduinobot_description/share/arduinobot_description/package.dsv
[0.292s] -- Up-to-date: /home/adi/arduinobot_ws/install/arduinobot_description/share/ament_index/resource_index/packages/arduinobot_description
[0.292s] -- Up-to-date: /home/adi/arduinobot_ws/install/arduinobot_description/share/arduinobot_description/cmake/arduinobot_descriptionConfig.cmake
[0.293s] -- Up-to-date: /home/adi/arduinobot_ws/install/arduinobot_description/share/arduinobot_description/cmake/arduinobot_descriptionConfig-version.cmake
[0.293s] -- Up-to-date: /home/adi/arduinobot_ws/install/arduinobot_description/share/arduinobot_description/package.xml
[0.293s] Invoked command in '/home/adi/arduinobot_ws/build/arduinobot_description' returned '0': CMAKE_PREFIX_PATH=/home/adi/arduinobot_ws/install/arduinobot_description:/home/adi/arduinobot_ws/install/arduinobot_py_examples:/opt/ros/humble:/home/adi/catkin_ws/devel:/opt/ros/noetic /usr/bin/cmake --install /home/adi/arduinobot_ws/build/arduinobot_description
