[35m[1mConsolidate compiler generated dependencies of target simple_moveit_interface[0m
[ 50%] [32mBuilding CXX object CMakeFiles/simple_moveit_interface.dir/src/simple_moveit_interface.cpp.o[0m
[100%] [32m[1mLinking CXX executable simple_moveit_interface[0m
[100%] Built target simple_moveit_interface
-- Install configuration: ""
-- Installing: /home/adi/arduinobot_ws/install/aruinobot_cpp_examples/lib/aruinobot_cpp_examples/simple_moveit_interface
-- Set runtime path of "/home/adi/arduinobot_ws/install/aruinobot_cpp_examples/lib/aruinobot_cpp_examples/simple_moveit_interface" to ""
-- Up-to-date: /home/adi/arduinobot_ws/install/aruinobot_cpp_examples/share/ament_index/resource_index/package_run_dependencies/aruinobot_cpp_examples
-- Up-to-date: /home/adi/arduinobot_ws/install/aruinobot_cpp_examples/share/ament_index/resource_index/parent_prefix_path/aruinobot_cpp_examples
-- Up-to-date: /home/adi/arduinobot_ws/install/aruinobot_cpp_examples/share/aruinobot_cpp_examples/environment/ament_prefix_path.sh
-- Up-to-date: /home/adi/arduinobot_ws/install/aruinobot_cpp_examples/share/aruinobot_cpp_examples/environment/ament_prefix_path.dsv
-- Up-to-date: /home/adi/arduinobot_ws/install/aruinobot_cpp_examples/share/aruinobot_cpp_examples/environment/path.sh
-- Up-to-date: /home/adi/arduinobot_ws/install/aruinobot_cpp_examples/share/aruinobot_cpp_examples/environment/path.dsv
-- Up-to-date: /home/adi/arduinobot_ws/install/aruinobot_cpp_examples/share/aruinobot_cpp_examples/local_setup.bash
-- Up-to-date: /home/adi/arduinobot_ws/install/aruinobot_cpp_examples/share/aruinobot_cpp_examples/local_setup.sh
-- Up-to-date: /home/adi/arduinobot_ws/install/aruinobot_cpp_examples/share/aruinobot_cpp_examples/local_setup.zsh
-- Up-to-date: /home/adi/arduinobot_ws/install/aruinobot_cpp_examples/share/aruinobot_cpp_examples/local_setup.dsv
-- Installing: /home/adi/arduinobot_ws/install/aruinobot_cpp_examples/share/aruinobot_cpp_examples/package.dsv
-- Up-to-date: /home/adi/arduinobot_ws/install/aruinobot_cpp_examples/share/ament_index/resource_index/packages/aruinobot_cpp_examples
-- Up-to-date: /home/adi/arduinobot_ws/install/aruinobot_cpp_examples/share/aruinobot_cpp_examples/cmake/aruinobot_cpp_examplesConfig.cmake
-- Up-to-date: /home/adi/arduinobot_ws/install/aruinobot_cpp_examples/share/aruinobot_cpp_examples/cmake/aruinobot_cpp_examplesConfig-version.cmake
-- Up-to-date: /home/adi/arduinobot_ws/install/aruinobot_cpp_examples/share/aruinobot_cpp_examples/package.xml
