[0.015s] Invoking command in '/home/adi/arduinobot_ws/build/arduinobot_msgs': CMAKE_PREFIX_PATH=/home/adi/arduinobot_ws/install/arduinobot_msgs:/home/adi/arduinobot_ws/install/arduinobot_description:/home/adi/arduinobot_ws/install/arduinobot_controller:/home/adi/arduinobot_ws/install/arduinobot_py_examples:/opt/ros/humble:/home/adi/catkin_ws/devel:/opt/ros/noetic /usr/bin/cmake --build /home/adi/arduinobot_ws/build/arduinobot_msgs -- -j12 -l12
[0.035s] -- Found ament_cmake: 1.3.8 (/opt/ros/humble/share/ament_cmake/cmake)
[0.137s] -- Found std_msgs: 4.2.3 (/opt/ros/humble/share/std_msgs/cmake)
[0.156s] -- Found rosidl_generator_c: 3.1.5 (/opt/ros/humble/share/rosidl_generator_c/cmake)
[0.157s] -- Found rosidl_adapter: 3.1.5 (/opt/ros/humble/share/rosidl_adapter/cmake)
[0.162s] -- Found rosidl_generator_cpp: 3.1.5 (/opt/ros/humble/share/rosidl_generator_cpp/cmake)
[0.171s] -- Using all available rosidl_typesupport_c: rosidl_typesupport_fastrtps_c;rosidl_typesupport_introspection_c
[0.183s] -- Using all available rosidl_typesupport_cpp: rosidl_typesupport_fastrtps_cpp;rosidl_typesupport_introspection_cpp
[0.221s] -- Found rosidl_default_generators: 1.2.0 (/opt/ros/humble/share/rosidl_default_generators/cmake)
[0.408s] [31mCMake Error at /opt/ros/humble/share/rosidl_cmake/cmake/rosidl_generate_interfaces.cmake:229 (message):
[0.409s]   Packages installing interfaces must include
[0.409s]   '<member_of_group>rosidl_interface_packages</member_of_group>' in their
[0.409s]   package.xml
[0.409s] Call Stack (most recent call first):
[0.409s]   CMakeLists.txt:16 (rosidl_generate_interfaces)
[0.409s] 
[0.409s] [0m
[0.409s] -- Configuring incomplete, errors occurred!
[0.409s] See also "/home/adi/arduinobot_ws/build/arduinobot_msgs/CMakeFiles/CMakeOutput.log".
[0.417s] gmake: *** [Makefile:226: cmake_check_build_system] Error 1
[0.419s] Invoked command in '/home/adi/arduinobot_ws/build/arduinobot_msgs' returned '2': CMAKE_PREFIX_PATH=/home/adi/arduinobot_ws/install/arduinobot_msgs:/home/adi/arduinobot_ws/install/arduinobot_description:/home/adi/arduinobot_ws/install/arduinobot_controller:/home/adi/arduinobot_ws/install/arduinobot_py_examples:/opt/ros/humble:/home/adi/catkin_ws/devel:/opt/ros/noetic /usr/bin/cmake --build /home/adi/arduinobot_ws/build/arduinobot_msgs -- -j12 -l12
