running egg_info
creating ../../build/arduinobot_utils/arduinobot_utils.egg-info
writing ../../build/arduinobot_utils/arduinobot_utils.egg-info/PKG-INFO
writing dependency_links to ../../build/arduinobot_utils/arduinobot_utils.egg-info/dependency_links.txt
writing entry points to ../../build/arduinobot_utils/arduinobot_utils.egg-info/entry_points.txt
writing requirements to ../../build/arduinobot_utils/arduinobot_utils.egg-info/requires.txt
writing top-level names to ../../build/arduinobot_utils/arduinobot_utils.egg-info/top_level.txt
writing manifest file '../../build/arduinobot_utils/arduinobot_utils.egg-info/SOURCES.txt'
reading manifest file '../../build/arduinobot_utils/arduinobot_utils.egg-info/SOURCES.txt'
writing manifest file '../../build/arduinobot_utils/arduinobot_utils.egg-info/SOURCES.txt'
running build
running build_py
creating /home/adi/arduinobot_ws/build/arduinobot_utils/build
creating /home/adi/arduinobot_ws/build/arduinobot_utils/build/lib
creating /home/adi/arduinobot_ws/build/arduinobot_utils/build/lib/arduinobot_utils
copying arduinobot_utils/__init__.py -> /home/adi/arduinobot_ws/build/arduinobot_utils/build/lib/arduinobot_utils
copying arduinobot_utils/angle_conversion.py -> /home/adi/arduinobot_ws/build/arduinobot_utils/build/lib/arduinobot_utils
running install
running install_lib
creating /home/adi/arduinobot_ws/install/arduinobot_utils/lib/python3.10/site-packages/arduinobot_utils
copying /home/adi/arduinobot_ws/build/arduinobot_utils/build/lib/arduinobot_utils/__init__.py -> /home/adi/arduinobot_ws/install/arduinobot_utils/lib/python3.10/site-packages/arduinobot_utils
copying /home/adi/arduinobot_ws/build/arduinobot_utils/build/lib/arduinobot_utils/angle_conversion.py -> /home/adi/arduinobot_ws/install/arduinobot_utils/lib/python3.10/site-packages/arduinobot_utils
byte-compiling /home/adi/arduinobot_ws/install/arduinobot_utils/lib/python3.10/site-packages/arduinobot_utils/__init__.py to __init__.cpython-310.pyc
byte-compiling /home/adi/arduinobot_ws/install/arduinobot_utils/lib/python3.10/site-packages/arduinobot_utils/angle_conversion.py to angle_conversion.cpython-310.pyc
running install_data
creating /home/adi/arduinobot_ws/install/arduinobot_utils/share/ament_index
creating /home/adi/arduinobot_ws/install/arduinobot_utils/share/ament_index/resource_index
creating /home/adi/arduinobot_ws/install/arduinobot_utils/share/ament_index/resource_index/packages
copying resource/arduinobot_utils -> /home/adi/arduinobot_ws/install/arduinobot_utils/share/ament_index/resource_index/packages
copying package.xml -> /home/adi/arduinobot_ws/install/arduinobot_utils/share/arduinobot_utils
running install_egg_info
Copying ../../build/arduinobot_utils/arduinobot_utils.egg-info to /home/adi/arduinobot_ws/install/arduinobot_utils/lib/python3.10/site-packages/arduinobot_utils-0.0.0-py3.10.egg-info
running install_scripts
writing list of installed files to '/home/adi/arduinobot_ws/build/arduinobot_utils/install.log'
