[0.833s] Invoking command in '/home/adi/arduinobot_ws/src/arduinobot_utils': PYTHONPATH=/home/adi/arduinobot_ws/build/arduinobot_utils/prefix_override:/home/adi/arduinobot_ws/install/arduinobot_utils/lib/python3.10/site-packages:${PYTHONPATH} /usr/bin/python3 -W ignore:setup.py install is deprecated setup.py egg_info --egg-base ../../build/arduinobot_utils build --build-base /home/adi/arduinobot_ws/build/arduinobot_utils/build install --record /home/adi/arduinobot_ws/build/arduinobot_utils/install.log --single-version-externally-managed install_data
[1.061s] running egg_info
[1.062s] creating ../../build/arduinobot_utils/arduinobot_utils.egg-info
[1.062s] writing ../../build/arduinobot_utils/arduinobot_utils.egg-info/PKG-INFO
[1.063s] writing dependency_links to ../../build/arduinobot_utils/arduinobot_utils.egg-info/dependency_links.txt
[1.063s] writing entry points to ../../build/arduinobot_utils/arduinobot_utils.egg-info/entry_points.txt
[1.063s] writing requirements to ../../build/arduinobot_utils/arduinobot_utils.egg-info/requires.txt
[1.063s] writing top-level names to ../../build/arduinobot_utils/arduinobot_utils.egg-info/top_level.txt
[1.066s] writing manifest file '../../build/arduinobot_utils/arduinobot_utils.egg-info/SOURCES.txt'
[1.072s] reading manifest file '../../build/arduinobot_utils/arduinobot_utils.egg-info/SOURCES.txt'
[1.072s] writing manifest file '../../build/arduinobot_utils/arduinobot_utils.egg-info/SOURCES.txt'
[1.072s] running build
[1.073s] running build_py
[1.073s] creating /home/adi/arduinobot_ws/build/arduinobot_utils/build
[1.073s] creating /home/adi/arduinobot_ws/build/arduinobot_utils/build/lib
[1.073s] creating /home/adi/arduinobot_ws/build/arduinobot_utils/build/lib/arduinobot_utils
[1.073s] copying arduinobot_utils/__init__.py -> /home/adi/arduinobot_ws/build/arduinobot_utils/build/lib/arduinobot_utils
[1.073s] copying arduinobot_utils/angle_conversion.py -> /home/adi/arduinobot_ws/build/arduinobot_utils/build/lib/arduinobot_utils
[1.074s] running install
[1.074s] running install_lib
[1.075s] creating /home/adi/arduinobot_ws/install/arduinobot_utils/lib/python3.10/site-packages/arduinobot_utils
[1.075s] copying /home/adi/arduinobot_ws/build/arduinobot_utils/build/lib/arduinobot_utils/__init__.py -> /home/adi/arduinobot_ws/install/arduinobot_utils/lib/python3.10/site-packages/arduinobot_utils
[1.075s] copying /home/adi/arduinobot_ws/build/arduinobot_utils/build/lib/arduinobot_utils/angle_conversion.py -> /home/adi/arduinobot_ws/install/arduinobot_utils/lib/python3.10/site-packages/arduinobot_utils
[1.076s] byte-compiling /home/adi/arduinobot_ws/install/arduinobot_utils/lib/python3.10/site-packages/arduinobot_utils/__init__.py to __init__.cpython-310.pyc
[1.076s] byte-compiling /home/adi/arduinobot_ws/install/arduinobot_utils/lib/python3.10/site-packages/arduinobot_utils/angle_conversion.py to angle_conversion.cpython-310.pyc
[1.077s] running install_data
[1.077s]   File "/home/adi/arduinobot_ws/install/arduinobot_utils/lib/python3.10/site-packages/arduinobot_utils/angle_conversion.py", line 14
[1.077s]     def 
[1.077s]         ^
[1.077s] SyntaxError: invalid syntax
[1.077s] 
[1.077s] creating /home/adi/arduinobot_ws/install/arduinobot_utils/share/ament_index
[1.077s] creating /home/adi/arduinobot_ws/install/arduinobot_utils/share/ament_index/resource_index
[1.078s] creating /home/adi/arduinobot_ws/install/arduinobot_utils/share/ament_index/resource_index/packages
[1.078s] copying resource/arduinobot_utils -> /home/adi/arduinobot_ws/install/arduinobot_utils/share/ament_index/resource_index/packages
[1.078s] copying package.xml -> /home/adi/arduinobot_ws/install/arduinobot_utils/share/arduinobot_utils
[1.078s] running install_egg_info
[1.080s] Copying ../../build/arduinobot_utils/arduinobot_utils.egg-info to /home/adi/arduinobot_ws/install/arduinobot_utils/lib/python3.10/site-packages/arduinobot_utils-0.0.0-py3.10.egg-info
[1.081s] running install_scripts
[1.121s] writing list of installed files to '/home/adi/arduinobot_ws/build/arduinobot_utils/install.log'
[1.252s] Invoked command in '/home/adi/arduinobot_ws/src/arduinobot_utils' returned '0': PYTHONPATH=/home/adi/arduinobot_ws/build/arduinobot_utils/prefix_override:/home/adi/arduinobot_ws/install/arduinobot_utils/lib/python3.10/site-packages:${PYTHONPATH} /usr/bin/python3 -W ignore:setup.py install is deprecated setup.py egg_info --egg-base ../../build/arduinobot_utils build --build-base /home/adi/arduinobot_ws/build/arduinobot_utils/build install --record /home/adi/arduinobot_ws/build/arduinobot_utils/install.log --single-version-externally-managed install_data
