[0.150s] DEBUG:colcon:Command line arguments: ['/usr/bin/colcon', 'build']
[0.150s] DEBUG:colcon:Parsed command line arguments: Namespace(log_base=None, log_level=None, verb_name='build', build_base='build', install_base='install', merge_install=False, symlink_install=False, test_result_base=None, continue_on_error=False, executor='parallel', parallel_workers=12, event_handlers=None, ignore_user_meta=False, metas=['./colcon.meta'], base_paths=['.'], packages_ignore=None, packages_ignore_regex=None, paths=None, packages_up_to=None, packages_up_to_regex=None, packages_above=None, packages_above_and_dependencies=None, packages_above_depth=None, packages_select_by_dep=None, packages_skip_by_dep=None, packages_skip_up_to=None, packages_select_build_failed=False, packages_skip_build_finished=False, packages_select_test_failures=False, packages_skip_test_passed=False, packages_select=None, packages_skip=None, packages_select_regex=None, packages_skip_regex=None, packages_start=None, packages_end=None, allow_overriding=[], cmake_args=None, cmake_target=None, cmake_target_skip_unavailable=False, cmake_clean_cache=False, cmake_clean_first=False, cmake_force_configure=False, ament_cmake_args=None, catkin_cmake_args=None, catkin_skip_building_tests=False, verb_parser=<colcon_defaults.argument_parser.defaults.DefaultArgumentsDecorator object at 0x7f2629bfd5d0>, verb_extension=<colcon_core.verb.build.BuildVerb object at 0x7f2629bfd060>, main=<bound method BuildVerb.main of <colcon_core.verb.build.BuildVerb object at 0x7f2629bfd060>>)
[0.397s] Level 1:colcon.colcon_core.package_discovery:discover_packages(colcon_meta) check parameters
[0.397s] Level 1:colcon.colcon_core.package_discovery:discover_packages(recursive) check parameters
[0.397s] Level 1:colcon.colcon_core.package_discovery:discover_packages(ignore) check parameters
[0.397s] Level 1:colcon.colcon_core.package_discovery:discover_packages(path) check parameters
[0.397s] Level 1:colcon.colcon_core.package_discovery:discover_packages(colcon_meta) discover
[0.397s] Level 1:colcon.colcon_core.package_discovery:discover_packages(recursive) discover
[0.397s] INFO:colcon.colcon_core.package_discovery:Crawling recursively for packages in '/home/adi/arduinobot_ws'
[0.397s] Level 1:colcon.colcon_core.package_identification:_identify(.) by extensions ['ignore', 'ignore_ament_install']
[0.398s] Level 1:colcon.colcon_core.package_identification:_identify(.) by extension 'ignore'
[0.398s] Level 1:colcon.colcon_core.package_identification:_identify(.) by extension 'ignore_ament_install'
[0.398s] Level 1:colcon.colcon_core.package_identification:_identify(.) by extensions ['colcon_pkg']
[0.398s] Level 1:colcon.colcon_core.package_identification:_identify(.) by extension 'colcon_pkg'
[0.398s] Level 1:colcon.colcon_core.package_identification:_identify(.) by extensions ['colcon_meta']
[0.398s] Level 1:colcon.colcon_core.package_identification:_identify(.) by extension 'colcon_meta'
[0.398s] Level 1:colcon.colcon_core.package_identification:_identify(.) by extensions ['ros']
[0.398s] Level 1:colcon.colcon_core.package_identification:_identify(.) by extension 'ros'
[0.411s] Level 1:colcon.colcon_core.package_identification:_identify(.) by extensions ['cmake', 'python']
[0.411s] Level 1:colcon.colcon_core.package_identification:_identify(.) by extension 'cmake'
[0.411s] Level 1:colcon.colcon_core.package_identification:_identify(.) by extension 'python'
[0.411s] Level 1:colcon.colcon_core.package_identification:_identify(.) by extensions ['python_setup_py']
[0.411s] Level 1:colcon.colcon_core.package_identification:_identify(.) by extension 'python_setup_py'
[0.412s] Level 1:colcon.colcon_core.package_identification:_identify(build) by extensions ['ignore', 'ignore_ament_install']
[0.412s] Level 1:colcon.colcon_core.package_identification:_identify(build) by extension 'ignore'
[0.412s] Level 1:colcon.colcon_core.package_identification:_identify(build) ignored
[0.412s] Level 1:colcon.colcon_core.package_identification:_identify(install) by extensions ['ignore', 'ignore_ament_install']
[0.412s] Level 1:colcon.colcon_core.package_identification:_identify(install) by extension 'ignore'
[0.412s] Level 1:colcon.colcon_core.package_identification:_identify(install) ignored
[0.412s] Level 1:colcon.colcon_core.package_identification:_identify(log) by extensions ['ignore', 'ignore_ament_install']
[0.412s] Level 1:colcon.colcon_core.package_identification:_identify(log) by extension 'ignore'
[0.412s] Level 1:colcon.colcon_core.package_identification:_identify(log) ignored
[0.412s] Level 1:colcon.colcon_core.package_identification:_identify(src) by extensions ['ignore', 'ignore_ament_install']
[0.412s] Level 1:colcon.colcon_core.package_identification:_identify(src) by extension 'ignore'
[0.412s] Level 1:colcon.colcon_core.package_identification:_identify(src) by extension 'ignore_ament_install'
[0.412s] Level 1:colcon.colcon_core.package_identification:_identify(src) by extensions ['colcon_pkg']
[0.412s] Level 1:colcon.colcon_core.package_identification:_identify(src) by extension 'colcon_pkg'
[0.412s] Level 1:colcon.colcon_core.package_identification:_identify(src) by extensions ['colcon_meta']
[0.413s] Level 1:colcon.colcon_core.package_identification:_identify(src) by extension 'colcon_meta'
[0.413s] Level 1:colcon.colcon_core.package_identification:_identify(src) by extensions ['ros']
[0.413s] Level 1:colcon.colcon_core.package_identification:_identify(src) by extension 'ros'
[0.413s] Level 1:colcon.colcon_core.package_identification:_identify(src) by extensions ['cmake', 'python']
[0.413s] Level 1:colcon.colcon_core.package_identification:_identify(src) by extension 'cmake'
[0.413s] Level 1:colcon.colcon_core.package_identification:_identify(src) by extension 'python'
[0.413s] Level 1:colcon.colcon_core.package_identification:_identify(src) by extensions ['python_setup_py']
[0.413s] Level 1:colcon.colcon_core.package_identification:_identify(src) by extension 'python_setup_py'
[0.413s] Level 1:colcon.colcon_core.package_identification:_identify(src/arduinobot_controller) by extensions ['ignore', 'ignore_ament_install']
[0.413s] Level 1:colcon.colcon_core.package_identification:_identify(src/arduinobot_controller) by extension 'ignore'
[0.413s] Level 1:colcon.colcon_core.package_identification:_identify(src/arduinobot_controller) by extension 'ignore_ament_install'
[0.413s] Level 1:colcon.colcon_core.package_identification:_identify(src/arduinobot_controller) by extensions ['colcon_pkg']
[0.413s] Level 1:colcon.colcon_core.package_identification:_identify(src/arduinobot_controller) by extension 'colcon_pkg'
[0.413s] Level 1:colcon.colcon_core.package_identification:_identify(src/arduinobot_controller) by extensions ['colcon_meta']
[0.413s] Level 1:colcon.colcon_core.package_identification:_identify(src/arduinobot_controller) by extension 'colcon_meta'
[0.413s] Level 1:colcon.colcon_core.package_identification:_identify(src/arduinobot_controller) by extensions ['ros']
[0.413s] Level 1:colcon.colcon_core.package_identification:_identify(src/arduinobot_controller) by extension 'ros'
[0.415s] DEBUG:colcon.colcon_core.package_identification:Package 'src/arduinobot_controller' with type 'ros.ament_cmake' and name 'arduinobot_controller'
[0.416s] Level 1:colcon.colcon_core.package_identification:_identify(src/arduinobot_description) by extensions ['ignore', 'ignore_ament_install']
[0.416s] Level 1:colcon.colcon_core.package_identification:_identify(src/arduinobot_description) by extension 'ignore'
[0.416s] Level 1:colcon.colcon_core.package_identification:_identify(src/arduinobot_description) by extension 'ignore_ament_install'
[0.416s] Level 1:colcon.colcon_core.package_identification:_identify(src/arduinobot_description) by extensions ['colcon_pkg']
[0.416s] Level 1:colcon.colcon_core.package_identification:_identify(src/arduinobot_description) by extension 'colcon_pkg'
[0.416s] Level 1:colcon.colcon_core.package_identification:_identify(src/arduinobot_description) by extensions ['colcon_meta']
[0.416s] Level 1:colcon.colcon_core.package_identification:_identify(src/arduinobot_description) by extension 'colcon_meta'
[0.416s] Level 1:colcon.colcon_core.package_identification:_identify(src/arduinobot_description) by extensions ['ros']
[0.416s] Level 1:colcon.colcon_core.package_identification:_identify(src/arduinobot_description) by extension 'ros'
[0.417s] DEBUG:colcon.colcon_core.package_identification:Package 'src/arduinobot_description' with type 'ros.ament_cmake' and name 'arduinobot_description'
[0.417s] Level 1:colcon.colcon_core.package_identification:_identify(src/arduinobot_movit) by extensions ['ignore', 'ignore_ament_install']
[0.417s] Level 1:colcon.colcon_core.package_identification:_identify(src/arduinobot_movit) by extension 'ignore'
[0.417s] Level 1:colcon.colcon_core.package_identification:_identify(src/arduinobot_movit) by extension 'ignore_ament_install'
[0.417s] Level 1:colcon.colcon_core.package_identification:_identify(src/arduinobot_movit) by extensions ['colcon_pkg']
[0.417s] Level 1:colcon.colcon_core.package_identification:_identify(src/arduinobot_movit) by extension 'colcon_pkg'
[0.417s] Level 1:colcon.colcon_core.package_identification:_identify(src/arduinobot_movit) by extensions ['colcon_meta']
[0.417s] Level 1:colcon.colcon_core.package_identification:_identify(src/arduinobot_movit) by extension 'colcon_meta'
[0.417s] Level 1:colcon.colcon_core.package_identification:_identify(src/arduinobot_movit) by extensions ['ros']
[0.417s] Level 1:colcon.colcon_core.package_identification:_identify(src/arduinobot_movit) by extension 'ros'
[0.418s] DEBUG:colcon.colcon_core.package_identification:Package 'src/arduinobot_movit' with type 'ros.ament_cmake' and name 'arduinobot_movit'
[0.418s] Level 1:colcon.colcon_core.package_identification:_identify(src/arduinobot_msgs) by extensions ['ignore', 'ignore_ament_install']
[0.418s] Level 1:colcon.colcon_core.package_identification:_identify(src/arduinobot_msgs) by extension 'ignore'
[0.418s] Level 1:colcon.colcon_core.package_identification:_identify(src/arduinobot_msgs) by extension 'ignore_ament_install'
[0.418s] Level 1:colcon.colcon_core.package_identification:_identify(src/arduinobot_msgs) by extensions ['colcon_pkg']
[0.418s] Level 1:colcon.colcon_core.package_identification:_identify(src/arduinobot_msgs) by extension 'colcon_pkg'
[0.418s] Level 1:colcon.colcon_core.package_identification:_identify(src/arduinobot_msgs) by extensions ['colcon_meta']
[0.418s] Level 1:colcon.colcon_core.package_identification:_identify(src/arduinobot_msgs) by extension 'colcon_meta'
[0.418s] Level 1:colcon.colcon_core.package_identification:_identify(src/arduinobot_msgs) by extensions ['ros']
[0.418s] Level 1:colcon.colcon_core.package_identification:_identify(src/arduinobot_msgs) by extension 'ros'
[0.419s] DEBUG:colcon.colcon_core.package_identification:Package 'src/arduinobot_msgs' with type 'ros.ament_cmake' and name 'arduinobot_msgs'
[0.419s] Level 1:colcon.colcon_core.package_identification:_identify(src/arduinobot_py_examples) by extensions ['ignore', 'ignore_ament_install']
[0.419s] Level 1:colcon.colcon_core.package_identification:_identify(src/arduinobot_py_examples) by extension 'ignore'
[0.419s] Level 1:colcon.colcon_core.package_identification:_identify(src/arduinobot_py_examples) by extension 'ignore_ament_install'
[0.419s] Level 1:colcon.colcon_core.package_identification:_identify(src/arduinobot_py_examples) by extensions ['colcon_pkg']
[0.419s] Level 1:colcon.colcon_core.package_identification:_identify(src/arduinobot_py_examples) by extension 'colcon_pkg'
[0.419s] Level 1:colcon.colcon_core.package_identification:_identify(src/arduinobot_py_examples) by extensions ['colcon_meta']
[0.419s] Level 1:colcon.colcon_core.package_identification:_identify(src/arduinobot_py_examples) by extension 'colcon_meta'
[0.419s] Level 1:colcon.colcon_core.package_identification:_identify(src/arduinobot_py_examples) by extensions ['ros']
[0.419s] Level 1:colcon.colcon_core.package_identification:_identify(src/arduinobot_py_examples) by extension 'ros'
[0.420s] DEBUG:colcon.colcon_core.package_identification:Package 'src/arduinobot_py_examples' with type 'ros.ament_python' and name 'arduinobot_py_examples'
[0.420s] Level 1:colcon.colcon_core.package_identification:_identify(src/arduinobot_utils) by extensions ['ignore', 'ignore_ament_install']
[0.420s] Level 1:colcon.colcon_core.package_identification:_identify(src/arduinobot_utils) by extension 'ignore'
[0.420s] Level 1:colcon.colcon_core.package_identification:_identify(src/arduinobot_utils) by extension 'ignore_ament_install'
[0.420s] Level 1:colcon.colcon_core.package_identification:_identify(src/arduinobot_utils) by extensions ['colcon_pkg']
[0.420s] Level 1:colcon.colcon_core.package_identification:_identify(src/arduinobot_utils) by extension 'colcon_pkg'
[0.420s] Level 1:colcon.colcon_core.package_identification:_identify(src/arduinobot_utils) by extensions ['colcon_meta']
[0.420s] Level 1:colcon.colcon_core.package_identification:_identify(src/arduinobot_utils) by extension 'colcon_meta'
[0.420s] Level 1:colcon.colcon_core.package_identification:_identify(src/arduinobot_utils) by extensions ['ros']
[0.420s] Level 1:colcon.colcon_core.package_identification:_identify(src/arduinobot_utils) by extension 'ros'
[0.421s] DEBUG:colcon.colcon_core.package_identification:Package 'src/arduinobot_utils' with type 'ros.ament_python' and name 'arduinobot_utils'
[0.421s] Level 1:colcon.colcon_core.package_identification:_identify(src/aruinobot_cpp_examples) by extensions ['ignore', 'ignore_ament_install']
[0.421s] Level 1:colcon.colcon_core.package_identification:_identify(src/aruinobot_cpp_examples) by extension 'ignore'
[0.421s] Level 1:colcon.colcon_core.package_identification:_identify(src/aruinobot_cpp_examples) by extension 'ignore_ament_install'
[0.421s] Level 1:colcon.colcon_core.package_identification:_identify(src/aruinobot_cpp_examples) by extensions ['colcon_pkg']
[0.421s] Level 1:colcon.colcon_core.package_identification:_identify(src/aruinobot_cpp_examples) by extension 'colcon_pkg'
[0.421s] Level 1:colcon.colcon_core.package_identification:_identify(src/aruinobot_cpp_examples) by extensions ['colcon_meta']
[0.421s] Level 1:colcon.colcon_core.package_identification:_identify(src/aruinobot_cpp_examples) by extension 'colcon_meta'
[0.421s] Level 1:colcon.colcon_core.package_identification:_identify(src/aruinobot_cpp_examples) by extensions ['ros']
[0.421s] Level 1:colcon.colcon_core.package_identification:_identify(src/aruinobot_cpp_examples) by extension 'ros'
[0.422s] DEBUG:colcon.colcon_core.package_identification:Package 'src/aruinobot_cpp_examples' with type 'ros.ament_cmake' and name 'aruinobot_cpp_examples'
[0.422s] Level 1:colcon.colcon_core.package_identification:_identify(src/build) by extensions ['ignore', 'ignore_ament_install']
[0.422s] Level 1:colcon.colcon_core.package_identification:_identify(src/build) by extension 'ignore'
[0.422s] Level 1:colcon.colcon_core.package_identification:_identify(src/build) ignored
[0.422s] Level 1:colcon.colcon_core.package_identification:_identify(src/install) by extensions ['ignore', 'ignore_ament_install']
[0.422s] Level 1:colcon.colcon_core.package_identification:_identify(src/install) by extension 'ignore'
[0.422s] Level 1:colcon.colcon_core.package_identification:_identify(src/install) ignored
[0.422s] Level 1:colcon.colcon_core.package_identification:_identify(src/log) by extensions ['ignore', 'ignore_ament_install']
[0.422s] Level 1:colcon.colcon_core.package_identification:_identify(src/log) by extension 'ignore'
[0.423s] Level 1:colcon.colcon_core.package_identification:_identify(src/log) ignored
[0.423s] Level 1:colcon.colcon_core.package_discovery:discover_packages(recursive) using defaults
[0.423s] Level 1:colcon.colcon_core.package_discovery:discover_packages(ignore) discover
[0.423s] Level 1:colcon.colcon_core.package_discovery:discover_packages(ignore) using defaults
[0.423s] Level 1:colcon.colcon_core.package_discovery:discover_packages(path) discover
[0.423s] Level 1:colcon.colcon_core.package_discovery:discover_packages(path) using defaults
[0.475s] Level 1:colcon.colcon_core.package_discovery:discover_packages(prefix_path) check parameters
[0.476s] Level 1:colcon.colcon_core.package_discovery:discover_packages(prefix_path) discover
[0.479s] DEBUG:colcon.colcon_installed_package_information.package_discovery:Found 7 installed packages in /home/adi/arduinobot_ws/install
[0.480s] DEBUG:colcon.colcon_installed_package_information.package_discovery:Found 356 installed packages in /opt/ros/humble
[0.482s] Level 1:colcon.colcon_core.package_discovery:discover_packages(prefix_path) using defaults
[0.534s] Level 5:colcon.colcon_core.verb:set package 'arduinobot_controller' build argument 'cmake_args' from command line to 'None'
[0.535s] Level 5:colcon.colcon_core.verb:set package 'arduinobot_controller' build argument 'cmake_target' from command line to 'None'
[0.535s] Level 5:colcon.colcon_core.verb:set package 'arduinobot_controller' build argument 'cmake_target_skip_unavailable' from command line to 'False'
[0.535s] Level 5:colcon.colcon_core.verb:set package 'arduinobot_controller' build argument 'cmake_clean_cache' from command line to 'False'
[0.535s] Level 5:colcon.colcon_core.verb:set package 'arduinobot_controller' build argument 'cmake_clean_first' from command line to 'False'
[0.535s] Level 5:colcon.colcon_core.verb:set package 'arduinobot_controller' build argument 'cmake_force_configure' from command line to 'False'
[0.535s] Level 5:colcon.colcon_core.verb:set package 'arduinobot_controller' build argument 'ament_cmake_args' from command line to 'None'
[0.535s] Level 5:colcon.colcon_core.verb:set package 'arduinobot_controller' build argument 'catkin_cmake_args' from command line to 'None'
[0.535s] Level 5:colcon.colcon_core.verb:set package 'arduinobot_controller' build argument 'catkin_skip_building_tests' from command line to 'False'
[0.535s] DEBUG:colcon.colcon_core.verb:Building package 'arduinobot_controller' with the following arguments: {'ament_cmake_args': None, 'build_base': '/home/adi/arduinobot_ws/build/arduinobot_controller', 'catkin_cmake_args': None, 'catkin_skip_building_tests': False, 'cmake_args': None, 'cmake_clean_cache': False, 'cmake_clean_first': False, 'cmake_force_configure': False, 'cmake_target': None, 'cmake_target_skip_unavailable': False, 'install_base': '/home/adi/arduinobot_ws/install/arduinobot_controller', 'merge_install': False, 'path': '/home/adi/arduinobot_ws/src/arduinobot_controller', 'symlink_install': False, 'test_result_base': None}
[0.535s] Level 5:colcon.colcon_core.verb:set package 'arduinobot_description' build argument 'cmake_args' from command line to 'None'
[0.535s] Level 5:colcon.colcon_core.verb:set package 'arduinobot_description' build argument 'cmake_target' from command line to 'None'
[0.535s] Level 5:colcon.colcon_core.verb:set package 'arduinobot_description' build argument 'cmake_target_skip_unavailable' from command line to 'False'
[0.535s] Level 5:colcon.colcon_core.verb:set package 'arduinobot_description' build argument 'cmake_clean_cache' from command line to 'False'
[0.535s] Level 5:colcon.colcon_core.verb:set package 'arduinobot_description' build argument 'cmake_clean_first' from command line to 'False'
[0.535s] Level 5:colcon.colcon_core.verb:set package 'arduinobot_description' build argument 'cmake_force_configure' from command line to 'False'
[0.535s] Level 5:colcon.colcon_core.verb:set package 'arduinobot_description' build argument 'ament_cmake_args' from command line to 'None'
[0.535s] Level 5:colcon.colcon_core.verb:set package 'arduinobot_description' build argument 'catkin_cmake_args' from command line to 'None'
[0.535s] Level 5:colcon.colcon_core.verb:set package 'arduinobot_description' build argument 'catkin_skip_building_tests' from command line to 'False'
[0.535s] DEBUG:colcon.colcon_core.verb:Building package 'arduinobot_description' with the following arguments: {'ament_cmake_args': None, 'build_base': '/home/adi/arduinobot_ws/build/arduinobot_description', 'catkin_cmake_args': None, 'catkin_skip_building_tests': False, 'cmake_args': None, 'cmake_clean_cache': False, 'cmake_clean_first': False, 'cmake_force_configure': False, 'cmake_target': None, 'cmake_target_skip_unavailable': False, 'install_base': '/home/adi/arduinobot_ws/install/arduinobot_description', 'merge_install': False, 'path': '/home/adi/arduinobot_ws/src/arduinobot_description', 'symlink_install': False, 'test_result_base': None}
[0.536s] Level 5:colcon.colcon_core.verb:set package 'arduinobot_movit' build argument 'cmake_args' from command line to 'None'
[0.536s] Level 5:colcon.colcon_core.verb:set package 'arduinobot_movit' build argument 'cmake_target' from command line to 'None'
[0.536s] Level 5:colcon.colcon_core.verb:set package 'arduinobot_movit' build argument 'cmake_target_skip_unavailable' from command line to 'False'
[0.536s] Level 5:colcon.colcon_core.verb:set package 'arduinobot_movit' build argument 'cmake_clean_cache' from command line to 'False'
[0.536s] Level 5:colcon.colcon_core.verb:set package 'arduinobot_movit' build argument 'cmake_clean_first' from command line to 'False'
[0.536s] Level 5:colcon.colcon_core.verb:set package 'arduinobot_movit' build argument 'cmake_force_configure' from command line to 'False'
[0.536s] Level 5:colcon.colcon_core.verb:set package 'arduinobot_movit' build argument 'ament_cmake_args' from command line to 'None'
[0.536s] Level 5:colcon.colcon_core.verb:set package 'arduinobot_movit' build argument 'catkin_cmake_args' from command line to 'None'
[0.536s] Level 5:colcon.colcon_core.verb:set package 'arduinobot_movit' build argument 'catkin_skip_building_tests' from command line to 'False'
[0.536s] DEBUG:colcon.colcon_core.verb:Building package 'arduinobot_movit' with the following arguments: {'ament_cmake_args': None, 'build_base': '/home/adi/arduinobot_ws/build/arduinobot_movit', 'catkin_cmake_args': None, 'catkin_skip_building_tests': False, 'cmake_args': None, 'cmake_clean_cache': False, 'cmake_clean_first': False, 'cmake_force_configure': False, 'cmake_target': None, 'cmake_target_skip_unavailable': False, 'install_base': '/home/adi/arduinobot_ws/install/arduinobot_movit', 'merge_install': False, 'path': '/home/adi/arduinobot_ws/src/arduinobot_movit', 'symlink_install': False, 'test_result_base': None}
[0.536s] Level 5:colcon.colcon_core.verb:set package 'arduinobot_msgs' build argument 'cmake_args' from command line to 'None'
[0.536s] Level 5:colcon.colcon_core.verb:set package 'arduinobot_msgs' build argument 'cmake_target' from command line to 'None'
[0.536s] Level 5:colcon.colcon_core.verb:set package 'arduinobot_msgs' build argument 'cmake_target_skip_unavailable' from command line to 'False'
[0.536s] Level 5:colcon.colcon_core.verb:set package 'arduinobot_msgs' build argument 'cmake_clean_cache' from command line to 'False'
[0.536s] Level 5:colcon.colcon_core.verb:set package 'arduinobot_msgs' build argument 'cmake_clean_first' from command line to 'False'
[0.536s] Level 5:colcon.colcon_core.verb:set package 'arduinobot_msgs' build argument 'cmake_force_configure' from command line to 'False'
[0.536s] Level 5:colcon.colcon_core.verb:set package 'arduinobot_msgs' build argument 'ament_cmake_args' from command line to 'None'
[0.536s] Level 5:colcon.colcon_core.verb:set package 'arduinobot_msgs' build argument 'catkin_cmake_args' from command line to 'None'
[0.536s] Level 5:colcon.colcon_core.verb:set package 'arduinobot_msgs' build argument 'catkin_skip_building_tests' from command line to 'False'
[0.536s] DEBUG:colcon.colcon_core.verb:Building package 'arduinobot_msgs' with the following arguments: {'ament_cmake_args': None, 'build_base': '/home/adi/arduinobot_ws/build/arduinobot_msgs', 'catkin_cmake_args': None, 'catkin_skip_building_tests': False, 'cmake_args': None, 'cmake_clean_cache': False, 'cmake_clean_first': False, 'cmake_force_configure': False, 'cmake_target': None, 'cmake_target_skip_unavailable': False, 'install_base': '/home/adi/arduinobot_ws/install/arduinobot_msgs', 'merge_install': False, 'path': '/home/adi/arduinobot_ws/src/arduinobot_msgs', 'symlink_install': False, 'test_result_base': None}
[0.536s] Level 5:colcon.colcon_core.verb:set package 'arduinobot_py_examples' build argument 'cmake_args' from command line to 'None'
[0.536s] Level 5:colcon.colcon_core.verb:set package 'arduinobot_py_examples' build argument 'cmake_target' from command line to 'None'
[0.537s] Level 5:colcon.colcon_core.verb:set package 'arduinobot_py_examples' build argument 'cmake_target_skip_unavailable' from command line to 'False'
[0.537s] Level 5:colcon.colcon_core.verb:set package 'arduinobot_py_examples' build argument 'cmake_clean_cache' from command line to 'False'
[0.537s] Level 5:colcon.colcon_core.verb:set package 'arduinobot_py_examples' build argument 'cmake_clean_first' from command line to 'False'
[0.537s] Level 5:colcon.colcon_core.verb:set package 'arduinobot_py_examples' build argument 'cmake_force_configure' from command line to 'False'
[0.537s] Level 5:colcon.colcon_core.verb:set package 'arduinobot_py_examples' build argument 'ament_cmake_args' from command line to 'None'
[0.537s] Level 5:colcon.colcon_core.verb:set package 'arduinobot_py_examples' build argument 'catkin_cmake_args' from command line to 'None'
[0.537s] Level 5:colcon.colcon_core.verb:set package 'arduinobot_py_examples' build argument 'catkin_skip_building_tests' from command line to 'False'
[0.537s] DEBUG:colcon.colcon_core.verb:Building package 'arduinobot_py_examples' with the following arguments: {'ament_cmake_args': None, 'build_base': '/home/adi/arduinobot_ws/build/arduinobot_py_examples', 'catkin_cmake_args': None, 'catkin_skip_building_tests': False, 'cmake_args': None, 'cmake_clean_cache': False, 'cmake_clean_first': False, 'cmake_force_configure': False, 'cmake_target': None, 'cmake_target_skip_unavailable': False, 'install_base': '/home/adi/arduinobot_ws/install/arduinobot_py_examples', 'merge_install': False, 'path': '/home/adi/arduinobot_ws/src/arduinobot_py_examples', 'symlink_install': False, 'test_result_base': None}
[0.537s] Level 5:colcon.colcon_core.verb:set package 'arduinobot_utils' build argument 'cmake_args' from command line to 'None'
[0.537s] Level 5:colcon.colcon_core.verb:set package 'arduinobot_utils' build argument 'cmake_target' from command line to 'None'
[0.537s] Level 5:colcon.colcon_core.verb:set package 'arduinobot_utils' build argument 'cmake_target_skip_unavailable' from command line to 'False'
[0.537s] Level 5:colcon.colcon_core.verb:set package 'arduinobot_utils' build argument 'cmake_clean_cache' from command line to 'False'
[0.537s] Level 5:colcon.colcon_core.verb:set package 'arduinobot_utils' build argument 'cmake_clean_first' from command line to 'False'
[0.537s] Level 5:colcon.colcon_core.verb:set package 'arduinobot_utils' build argument 'cmake_force_configure' from command line to 'False'
[0.537s] Level 5:colcon.colcon_core.verb:set package 'arduinobot_utils' build argument 'ament_cmake_args' from command line to 'None'
[0.537s] Level 5:colcon.colcon_core.verb:set package 'arduinobot_utils' build argument 'catkin_cmake_args' from command line to 'None'
[0.537s] Level 5:colcon.colcon_core.verb:set package 'arduinobot_utils' build argument 'catkin_skip_building_tests' from command line to 'False'
[0.537s] DEBUG:colcon.colcon_core.verb:Building package 'arduinobot_utils' with the following arguments: {'ament_cmake_args': None, 'build_base': '/home/adi/arduinobot_ws/build/arduinobot_utils', 'catkin_cmake_args': None, 'catkin_skip_building_tests': False, 'cmake_args': None, 'cmake_clean_cache': False, 'cmake_clean_first': False, 'cmake_force_configure': False, 'cmake_target': None, 'cmake_target_skip_unavailable': False, 'install_base': '/home/adi/arduinobot_ws/install/arduinobot_utils', 'merge_install': False, 'path': '/home/adi/arduinobot_ws/src/arduinobot_utils', 'symlink_install': False, 'test_result_base': None}
[0.537s] Level 5:colcon.colcon_core.verb:set package 'aruinobot_cpp_examples' build argument 'cmake_args' from command line to 'None'
[0.537s] Level 5:colcon.colcon_core.verb:set package 'aruinobot_cpp_examples' build argument 'cmake_target' from command line to 'None'
[0.537s] Level 5:colcon.colcon_core.verb:set package 'aruinobot_cpp_examples' build argument 'cmake_target_skip_unavailable' from command line to 'False'
[0.537s] Level 5:colcon.colcon_core.verb:set package 'aruinobot_cpp_examples' build argument 'cmake_clean_cache' from command line to 'False'
[0.537s] Level 5:colcon.colcon_core.verb:set package 'aruinobot_cpp_examples' build argument 'cmake_clean_first' from command line to 'False'
[0.537s] Level 5:colcon.colcon_core.verb:set package 'aruinobot_cpp_examples' build argument 'cmake_force_configure' from command line to 'False'
[0.537s] Level 5:colcon.colcon_core.verb:set package 'aruinobot_cpp_examples' build argument 'ament_cmake_args' from command line to 'None'
[0.537s] Level 5:colcon.colcon_core.verb:set package 'aruinobot_cpp_examples' build argument 'catkin_cmake_args' from command line to 'None'
[0.537s] Level 5:colcon.colcon_core.verb:set package 'aruinobot_cpp_examples' build argument 'catkin_skip_building_tests' from command line to 'False'
[0.537s] DEBUG:colcon.colcon_core.verb:Building package 'aruinobot_cpp_examples' with the following arguments: {'ament_cmake_args': None, 'build_base': '/home/adi/arduinobot_ws/build/aruinobot_cpp_examples', 'catkin_cmake_args': None, 'catkin_skip_building_tests': False, 'cmake_args': None, 'cmake_clean_cache': False, 'cmake_clean_first': False, 'cmake_force_configure': False, 'cmake_target': None, 'cmake_target_skip_unavailable': False, 'install_base': '/home/adi/arduinobot_ws/install/aruinobot_cpp_examples', 'merge_install': False, 'path': '/home/adi/arduinobot_ws/src/aruinobot_cpp_examples', 'symlink_install': False, 'test_result_base': None}
[0.538s] INFO:colcon.colcon_core.executor:Executing jobs using 'parallel' executor
[0.539s] DEBUG:colcon.colcon_parallel_executor.executor.parallel:run_until_complete
[0.539s] INFO:colcon.colcon_ros.task.ament_cmake.build:Building ROS package in '/home/adi/arduinobot_ws/src/arduinobot_msgs' with build type 'ament_cmake'
[0.539s] INFO:colcon.colcon_cmake.task.cmake.build:Building CMake package in '/home/adi/arduinobot_ws/src/arduinobot_msgs'
[0.544s] INFO:colcon.colcon_core.plugin_system:Skipping extension 'colcon_core.shell.bat': Not used on non-Windows systems
[0.544s] INFO:colcon.colcon_core.shell:Skip shell extension 'powershell' for command environment: Not usable outside of PowerShell
[0.544s] DEBUG:colcon.colcon_core.shell:Skip shell extension 'dsv' for command environment
[0.546s] DEBUG:colcon.colcon_core.shell:Ignoring prefix path '/home/adi/catkin_ws/devel'
[0.547s] INFO:colcon.colcon_ros.task.ament_cmake.build:Building ROS package in '/home/adi/arduinobot_ws/src/arduinobot_controller' with build type 'ament_cmake'
[0.547s] INFO:colcon.colcon_cmake.task.cmake.build:Building CMake package in '/home/adi/arduinobot_ws/src/arduinobot_controller'
[0.547s] INFO:colcon.colcon_core.shell:Skip shell extension 'powershell' for command environment: Not usable outside of PowerShell
[0.547s] DEBUG:colcon.colcon_core.shell:Skip shell extension 'dsv' for command environment
[0.550s] DEBUG:colcon.colcon_core.shell:Ignoring prefix path '/home/adi/catkin_ws/devel'
[0.550s] INFO:colcon.colcon_ros.task.ament_cmake.build:Building ROS package in '/home/adi/arduinobot_ws/src/arduinobot_description' with build type 'ament_cmake'
[0.550s] INFO:colcon.colcon_cmake.task.cmake.build:Building CMake package in '/home/adi/arduinobot_ws/src/arduinobot_description'
[0.551s] INFO:colcon.colcon_core.shell:Skip shell extension 'powershell' for command environment: Not usable outside of PowerShell
[0.551s] DEBUG:colcon.colcon_core.shell:Skip shell extension 'dsv' for command environment
[0.553s] DEBUG:colcon.colcon_core.shell:Ignoring prefix path '/home/adi/catkin_ws/devel'
[0.555s] INFO:colcon.colcon_ros.task.ament_cmake.build:Building ROS package in '/home/adi/arduinobot_ws/src/arduinobot_movit' with build type 'ament_cmake'
[0.555s] INFO:colcon.colcon_cmake.task.cmake.build:Building CMake package in '/home/adi/arduinobot_ws/src/arduinobot_movit'
[0.555s] INFO:colcon.colcon_core.shell:Skip shell extension 'powershell' for command environment: Not usable outside of PowerShell
[0.555s] DEBUG:colcon.colcon_core.shell:Skip shell extension 'dsv' for command environment
[0.558s] DEBUG:colcon.colcon_core.shell:Ignoring prefix path '/home/adi/catkin_ws/devel'
[0.564s] DEBUG:colcon.colcon_core.event_handler.log_command:Invoking command in '/home/adi/arduinobot_ws/build/arduinobot_msgs': CMAKE_PREFIX_PATH=/home/adi/arduinobot_ws/install/arduinobot_msgs:/home/adi/arduinobot_ws/install/arduinobot_movit:/home/adi/arduinobot_ws/install/arduinobot_description:/home/adi/arduinobot_ws/install/arduinobot_controller:/home/adi/arduinobot_ws/install/arduinobot_utils:/home/adi/arduinobot_ws/install/arduinobot_py_examples:/opt/ros/humble:/home/adi/catkin_ws/devel:/opt/ros/noetic /usr/bin/cmake --build /home/adi/arduinobot_ws/build/arduinobot_msgs -- -j12 -l12
[0.571s] DEBUG:colcon.colcon_core.event_handler.log_command:Invoking command in '/home/adi/arduinobot_ws/build/arduinobot_controller': CMAKE_PREFIX_PATH=/home/adi/arduinobot_ws/install/arduinobot_msgs:/home/adi/arduinobot_ws/install/arduinobot_movit:/home/adi/arduinobot_ws/install/arduinobot_description:/home/adi/arduinobot_ws/install/arduinobot_controller:/home/adi/arduinobot_ws/install/arduinobot_utils:/home/adi/arduinobot_ws/install/arduinobot_py_examples:/opt/ros/humble:/home/adi/catkin_ws/devel:/opt/ros/noetic /usr/bin/cmake --build /home/adi/arduinobot_ws/build/arduinobot_controller -- -j12 -l12
[0.576s] DEBUG:colcon.colcon_core.event_handler.log_command:Invoking command in '/home/adi/arduinobot_ws/build/arduinobot_description': CMAKE_PREFIX_PATH=/home/adi/arduinobot_ws/install/arduinobot_msgs:/home/adi/arduinobot_ws/install/arduinobot_movit:/home/adi/arduinobot_ws/install/arduinobot_description:/home/adi/arduinobot_ws/install/arduinobot_controller:/home/adi/arduinobot_ws/install/arduinobot_utils:/home/adi/arduinobot_ws/install/arduinobot_py_examples:/opt/ros/humble:/home/adi/catkin_ws/devel:/opt/ros/noetic /usr/bin/cmake --build /home/adi/arduinobot_ws/build/arduinobot_description -- -j12 -l12
[0.580s] DEBUG:colcon.colcon_core.event_handler.log_command:Invoking command in '/home/adi/arduinobot_ws/build/arduinobot_movit': CMAKE_PREFIX_PATH=/home/adi/arduinobot_ws/install/arduinobot_msgs:/home/adi/arduinobot_ws/install/arduinobot_movit:/home/adi/arduinobot_ws/install/arduinobot_description:/home/adi/arduinobot_ws/install/arduinobot_controller:/home/adi/arduinobot_ws/install/arduinobot_utils:/home/adi/arduinobot_ws/install/arduinobot_py_examples:/opt/ros/humble:/home/adi/catkin_ws/devel:/opt/ros/noetic /usr/bin/cmake --build /home/adi/arduinobot_ws/build/arduinobot_movit -- -j12 -l12
[0.641s] DEBUG:colcon.colcon_core.event_handler.log_command:Invoked command in '/home/adi/arduinobot_ws/build/arduinobot_controller' returned '0': CMAKE_PREFIX_PATH=/home/adi/arduinobot_ws/install/arduinobot_msgs:/home/adi/arduinobot_ws/install/arduinobot_movit:/home/adi/arduinobot_ws/install/arduinobot_description:/home/adi/arduinobot_ws/install/arduinobot_controller:/home/adi/arduinobot_ws/install/arduinobot_utils:/home/adi/arduinobot_ws/install/arduinobot_py_examples:/opt/ros/humble:/home/adi/catkin_ws/devel:/opt/ros/noetic /usr/bin/cmake --build /home/adi/arduinobot_ws/build/arduinobot_controller -- -j12 -l12
[0.643s] DEBUG:colcon.colcon_core.event_handler.log_command:Invoked command in '/home/adi/arduinobot_ws/build/arduinobot_description' returned '0': CMAKE_PREFIX_PATH=/home/adi/arduinobot_ws/install/arduinobot_msgs:/home/adi/arduinobot_ws/install/arduinobot_movit:/home/adi/arduinobot_ws/install/arduinobot_description:/home/adi/arduinobot_ws/install/arduinobot_controller:/home/adi/arduinobot_ws/install/arduinobot_utils:/home/adi/arduinobot_ws/install/arduinobot_py_examples:/opt/ros/humble:/home/adi/catkin_ws/devel:/opt/ros/noetic /usr/bin/cmake --build /home/adi/arduinobot_ws/build/arduinobot_description -- -j12 -l12
[0.644s] DEBUG:colcon.colcon_core.event_handler.log_command:Invoked command in '/home/adi/arduinobot_ws/build/arduinobot_movit' returned '0': CMAKE_PREFIX_PATH=/home/adi/arduinobot_ws/install/arduinobot_msgs:/home/adi/arduinobot_ws/install/arduinobot_movit:/home/adi/arduinobot_ws/install/arduinobot_description:/home/adi/arduinobot_ws/install/arduinobot_controller:/home/adi/arduinobot_ws/install/arduinobot_utils:/home/adi/arduinobot_ws/install/arduinobot_py_examples:/opt/ros/humble:/home/adi/catkin_ws/devel:/opt/ros/noetic /usr/bin/cmake --build /home/adi/arduinobot_ws/build/arduinobot_movit -- -j12 -l12
[0.677s] DEBUG:colcon.colcon_core.event_handler.log_command:Invoking command in '/home/adi/arduinobot_ws/build/arduinobot_controller': CMAKE_PREFIX_PATH=/home/adi/arduinobot_ws/install/arduinobot_msgs:/home/adi/arduinobot_ws/install/arduinobot_movit:/home/adi/arduinobot_ws/install/arduinobot_description:/home/adi/arduinobot_ws/install/arduinobot_controller:/home/adi/arduinobot_ws/install/arduinobot_utils:/home/adi/arduinobot_ws/install/arduinobot_py_examples:/opt/ros/humble:/home/adi/catkin_ws/devel:/opt/ros/noetic /usr/bin/cmake --install /home/adi/arduinobot_ws/build/arduinobot_controller
[0.682s] DEBUG:colcon.colcon_core.event_handler.log_command:Invoking command in '/home/adi/arduinobot_ws/build/arduinobot_description': CMAKE_PREFIX_PATH=/home/adi/arduinobot_ws/install/arduinobot_msgs:/home/adi/arduinobot_ws/install/arduinobot_movit:/home/adi/arduinobot_ws/install/arduinobot_description:/home/adi/arduinobot_ws/install/arduinobot_controller:/home/adi/arduinobot_ws/install/arduinobot_utils:/home/adi/arduinobot_ws/install/arduinobot_py_examples:/opt/ros/humble:/home/adi/catkin_ws/devel:/opt/ros/noetic /usr/bin/cmake --install /home/adi/arduinobot_ws/build/arduinobot_description
[0.687s] DEBUG:colcon.colcon_core.event_handler.log_command:Invoking command in '/home/adi/arduinobot_ws/build/arduinobot_movit': CMAKE_PREFIX_PATH=/home/adi/arduinobot_ws/install/arduinobot_msgs:/home/adi/arduinobot_ws/install/arduinobot_movit:/home/adi/arduinobot_ws/install/arduinobot_description:/home/adi/arduinobot_ws/install/arduinobot_controller:/home/adi/arduinobot_ws/install/arduinobot_utils:/home/adi/arduinobot_ws/install/arduinobot_py_examples:/opt/ros/humble:/home/adi/catkin_ws/devel:/opt/ros/noetic /usr/bin/cmake --install /home/adi/arduinobot_ws/build/arduinobot_movit
[0.694s] Level 1:colcon.colcon_core.environment:create_environment_scripts_only(arduinobot_controller)
[0.697s] DEBUG:colcon.colcon_core.event_handler.log_command:Invoked command in '/home/adi/arduinobot_ws/build/arduinobot_controller' returned '0': CMAKE_PREFIX_PATH=/home/adi/arduinobot_ws/install/arduinobot_msgs:/home/adi/arduinobot_ws/install/arduinobot_movit:/home/adi/arduinobot_ws/install/arduinobot_description:/home/adi/arduinobot_ws/install/arduinobot_controller:/home/adi/arduinobot_ws/install/arduinobot_utils:/home/adi/arduinobot_ws/install/arduinobot_py_examples:/opt/ros/humble:/home/adi/catkin_ws/devel:/opt/ros/noetic /usr/bin/cmake --install /home/adi/arduinobot_ws/build/arduinobot_controller
[0.705s] Level 1:colcon.colcon_core.environment:checking '/home/adi/arduinobot_ws/install/arduinobot_controller' for CMake module files
[0.706s] Level 1:colcon.colcon_core.environment:checking '/home/adi/arduinobot_ws/install/arduinobot_controller' for CMake config files
[0.708s] Level 1:colcon.colcon_core.shell:create_environment_hook('arduinobot_controller', 'cmake_prefix_path')
[0.708s] INFO:colcon.colcon_core.shell:Creating environment hook '/home/adi/arduinobot_ws/install/arduinobot_controller/share/arduinobot_controller/hook/cmake_prefix_path.ps1'
[0.709s] INFO:colcon.colcon_core.shell:Creating environment descriptor '/home/adi/arduinobot_ws/install/arduinobot_controller/share/arduinobot_controller/hook/cmake_prefix_path.dsv'
[0.709s] INFO:colcon.colcon_core.shell:Creating environment hook '/home/adi/arduinobot_ws/install/arduinobot_controller/share/arduinobot_controller/hook/cmake_prefix_path.sh'
[0.710s] Level 1:colcon.colcon_core.environment:checking '/home/adi/arduinobot_ws/install/arduinobot_controller/bin'
[0.710s] Level 1:colcon.colcon_core.environment:checking '/home/adi/arduinobot_ws/install/arduinobot_controller/lib/pkgconfig/arduinobot_controller.pc'
[0.710s] Level 1:colcon.colcon_core.environment:checking '/home/adi/arduinobot_ws/install/arduinobot_controller/lib/python3.10/site-packages'
[0.710s] Level 1:colcon.colcon_core.environment:checking '/home/adi/arduinobot_ws/install/arduinobot_controller/bin'
[0.711s] INFO:colcon.colcon_core.shell:Creating package script '/home/adi/arduinobot_ws/install/arduinobot_controller/share/arduinobot_controller/package.ps1'
[0.711s] INFO:colcon.colcon_core.shell:Creating package descriptor '/home/adi/arduinobot_ws/install/arduinobot_controller/share/arduinobot_controller/package.dsv'
[0.712s] INFO:colcon.colcon_core.shell:Creating package script '/home/adi/arduinobot_ws/install/arduinobot_controller/share/arduinobot_controller/package.sh'
[0.713s] INFO:colcon.colcon_core.shell:Creating package script '/home/adi/arduinobot_ws/install/arduinobot_controller/share/arduinobot_controller/package.bash'
[0.714s] INFO:colcon.colcon_core.shell:Creating package script '/home/adi/arduinobot_ws/install/arduinobot_controller/share/arduinobot_controller/package.zsh'
[0.714s] Level 1:colcon.colcon_core.environment:create_file_with_runtime_dependencies(/home/adi/arduinobot_ws/install/arduinobot_controller/share/colcon-core/packages/arduinobot_controller)
[0.716s] Level 1:colcon.colcon_core.environment:create_environment_scripts_only(arduinobot_movit)
[0.717s] Level 1:colcon.colcon_core.environment:checking '/home/adi/arduinobot_ws/install/arduinobot_movit' for CMake module files
[0.717s] DEBUG:colcon.colcon_core.event_handler.log_command:Invoked command in '/home/adi/arduinobot_ws/build/arduinobot_movit' returned '0': CMAKE_PREFIX_PATH=/home/adi/arduinobot_ws/install/arduinobot_msgs:/home/adi/arduinobot_ws/install/arduinobot_movit:/home/adi/arduinobot_ws/install/arduinobot_description:/home/adi/arduinobot_ws/install/arduinobot_controller:/home/adi/arduinobot_ws/install/arduinobot_utils:/home/adi/arduinobot_ws/install/arduinobot_py_examples:/opt/ros/humble:/home/adi/catkin_ws/devel:/opt/ros/noetic /usr/bin/cmake --install /home/adi/arduinobot_ws/build/arduinobot_movit
[0.717s] Level 1:colcon.colcon_core.environment:checking '/home/adi/arduinobot_ws/install/arduinobot_movit' for CMake config files
[0.718s] Level 1:colcon.colcon_core.shell:create_environment_hook('arduinobot_movit', 'cmake_prefix_path')
[0.719s] INFO:colcon.colcon_core.shell:Creating environment hook '/home/adi/arduinobot_ws/install/arduinobot_movit/share/arduinobot_movit/hook/cmake_prefix_path.ps1'
[0.719s] INFO:colcon.colcon_core.shell:Creating environment descriptor '/home/adi/arduinobot_ws/install/arduinobot_movit/share/arduinobot_movit/hook/cmake_prefix_path.dsv'
[0.719s] INFO:colcon.colcon_core.shell:Creating environment hook '/home/adi/arduinobot_ws/install/arduinobot_movit/share/arduinobot_movit/hook/cmake_prefix_path.sh'
[0.720s] Level 1:colcon.colcon_core.environment:checking '/home/adi/arduinobot_ws/install/arduinobot_movit/bin'
[0.720s] Level 1:colcon.colcon_core.environment:checking '/home/adi/arduinobot_ws/install/arduinobot_movit/lib/pkgconfig/arduinobot_movit.pc'
[0.720s] Level 1:colcon.colcon_core.environment:checking '/home/adi/arduinobot_ws/install/arduinobot_movit/lib/python3.10/site-packages'
[0.720s] Level 1:colcon.colcon_core.environment:checking '/home/adi/arduinobot_ws/install/arduinobot_movit/bin'
[0.721s] INFO:colcon.colcon_core.shell:Creating package script '/home/adi/arduinobot_ws/install/arduinobot_movit/share/arduinobot_movit/package.ps1'
[0.721s] INFO:colcon.colcon_core.shell:Creating package descriptor '/home/adi/arduinobot_ws/install/arduinobot_movit/share/arduinobot_movit/package.dsv'
[0.721s] INFO:colcon.colcon_core.shell:Creating package script '/home/adi/arduinobot_ws/install/arduinobot_movit/share/arduinobot_movit/package.sh'
[0.722s] INFO:colcon.colcon_core.shell:Creating package script '/home/adi/arduinobot_ws/install/arduinobot_movit/share/arduinobot_movit/package.bash'
[0.722s] INFO:colcon.colcon_core.shell:Creating package script '/home/adi/arduinobot_ws/install/arduinobot_movit/share/arduinobot_movit/package.zsh'
[0.722s] Level 1:colcon.colcon_core.environment:create_file_with_runtime_dependencies(/home/adi/arduinobot_ws/install/arduinobot_movit/share/colcon-core/packages/arduinobot_movit)
[0.723s] Level 1:colcon.colcon_core.environment:create_environment_scripts_only(arduinobot_description)
[0.724s] Level 1:colcon.colcon_core.environment:checking '/home/adi/arduinobot_ws/install/arduinobot_description' for CMake module files
[0.724s] DEBUG:colcon.colcon_core.event_handler.log_command:Invoked command in '/home/adi/arduinobot_ws/build/arduinobot_description' returned '0': CMAKE_PREFIX_PATH=/home/adi/arduinobot_ws/install/arduinobot_msgs:/home/adi/arduinobot_ws/install/arduinobot_movit:/home/adi/arduinobot_ws/install/arduinobot_description:/home/adi/arduinobot_ws/install/arduinobot_controller:/home/adi/arduinobot_ws/install/arduinobot_utils:/home/adi/arduinobot_ws/install/arduinobot_py_examples:/opt/ros/humble:/home/adi/catkin_ws/devel:/opt/ros/noetic /usr/bin/cmake --install /home/adi/arduinobot_ws/build/arduinobot_description
[0.725s] Level 1:colcon.colcon_core.environment:checking '/home/adi/arduinobot_ws/install/arduinobot_description' for CMake config files
[0.727s] Level 1:colcon.colcon_core.shell:create_environment_hook('arduinobot_description', 'cmake_prefix_path')
[0.728s] INFO:colcon.colcon_core.shell:Creating environment hook '/home/adi/arduinobot_ws/install/arduinobot_description/share/arduinobot_description/hook/cmake_prefix_path.ps1'
[0.728s] INFO:colcon.colcon_core.shell:Creating environment descriptor '/home/adi/arduinobot_ws/install/arduinobot_description/share/arduinobot_description/hook/cmake_prefix_path.dsv'
[0.729s] INFO:colcon.colcon_core.shell:Creating environment hook '/home/adi/arduinobot_ws/install/arduinobot_description/share/arduinobot_description/hook/cmake_prefix_path.sh'
[0.730s] Level 1:colcon.colcon_core.environment:checking '/home/adi/arduinobot_ws/install/arduinobot_description/bin'
[0.730s] Level 1:colcon.colcon_core.environment:checking '/home/adi/arduinobot_ws/install/arduinobot_description/lib/pkgconfig/arduinobot_description.pc'
[0.730s] Level 1:colcon.colcon_core.environment:checking '/home/adi/arduinobot_ws/install/arduinobot_description/lib/python3.10/site-packages'
[0.731s] Level 1:colcon.colcon_core.environment:checking '/home/adi/arduinobot_ws/install/arduinobot_description/bin'
[0.731s] INFO:colcon.colcon_core.shell:Creating package script '/home/adi/arduinobot_ws/install/arduinobot_description/share/arduinobot_description/package.ps1'
[0.732s] INFO:colcon.colcon_core.shell:Creating package descriptor '/home/adi/arduinobot_ws/install/arduinobot_description/share/arduinobot_description/package.dsv'
[0.732s] INFO:colcon.colcon_core.shell:Creating package script '/home/adi/arduinobot_ws/install/arduinobot_description/share/arduinobot_description/package.sh'
[0.733s] INFO:colcon.colcon_core.shell:Creating package script '/home/adi/arduinobot_ws/install/arduinobot_description/share/arduinobot_description/package.bash'
[0.733s] INFO:colcon.colcon_core.shell:Creating package script '/home/adi/arduinobot_ws/install/arduinobot_description/share/arduinobot_description/package.zsh'
[0.734s] Level 1:colcon.colcon_core.environment:create_file_with_runtime_dependencies(/home/adi/arduinobot_ws/install/arduinobot_description/share/colcon-core/packages/arduinobot_description)
[0.737s] Level 1:colcon.colcon_core.environment:create_environment_scripts_only(arduinobot_controller)
[0.738s] Level 1:colcon.colcon_core.environment:checking '/home/adi/arduinobot_ws/install/arduinobot_controller' for CMake module files
[0.739s] Level 1:colcon.colcon_core.environment:checking '/home/adi/arduinobot_ws/install/arduinobot_controller' for CMake config files
[0.740s] Level 1:colcon.colcon_core.shell:create_environment_hook('arduinobot_controller', 'cmake_prefix_path')
[0.740s] INFO:colcon.colcon_core.shell:Creating environment hook '/home/adi/arduinobot_ws/install/arduinobot_controller/share/arduinobot_controller/hook/cmake_prefix_path.ps1'
[0.741s] INFO:colcon.colcon_core.shell:Creating environment descriptor '/home/adi/arduinobot_ws/install/arduinobot_controller/share/arduinobot_controller/hook/cmake_prefix_path.dsv'
[0.742s] INFO:colcon.colcon_core.shell:Creating environment hook '/home/adi/arduinobot_ws/install/arduinobot_controller/share/arduinobot_controller/hook/cmake_prefix_path.sh'
[0.743s] Level 1:colcon.colcon_core.environment:checking '/home/adi/arduinobot_ws/install/arduinobot_controller/bin'
[0.743s] Level 1:colcon.colcon_core.environment:checking '/home/adi/arduinobot_ws/install/arduinobot_controller/lib/pkgconfig/arduinobot_controller.pc'
[0.743s] Level 1:colcon.colcon_core.environment:checking '/home/adi/arduinobot_ws/install/arduinobot_controller/lib/python3.10/site-packages'
[0.743s] Level 1:colcon.colcon_core.environment:checking '/home/adi/arduinobot_ws/install/arduinobot_controller/bin'
[0.744s] INFO:colcon.colcon_core.shell:Creating package script '/home/adi/arduinobot_ws/install/arduinobot_controller/share/arduinobot_controller/package.ps1'
[0.745s] INFO:colcon.colcon_core.shell:Creating package descriptor '/home/adi/arduinobot_ws/install/arduinobot_controller/share/arduinobot_controller/package.dsv'
[0.746s] INFO:colcon.colcon_core.shell:Creating package script '/home/adi/arduinobot_ws/install/arduinobot_controller/share/arduinobot_controller/package.sh'
[0.746s] INFO:colcon.colcon_core.shell:Creating package script '/home/adi/arduinobot_ws/install/arduinobot_controller/share/arduinobot_controller/package.bash'
[0.747s] INFO:colcon.colcon_core.shell:Creating package script '/home/adi/arduinobot_ws/install/arduinobot_controller/share/arduinobot_controller/package.zsh'
[0.747s] Level 1:colcon.colcon_core.environment:create_file_with_runtime_dependencies(/home/adi/arduinobot_ws/install/arduinobot_controller/share/colcon-core/packages/arduinobot_controller)
[0.750s] Level 1:colcon.colcon_core.environment:create_environment_scripts_only(arduinobot_movit)
[0.750s] Level 1:colcon.colcon_core.environment:checking '/home/adi/arduinobot_ws/install/arduinobot_movit' for CMake module files
[0.751s] Level 1:colcon.colcon_core.environment:checking '/home/adi/arduinobot_ws/install/arduinobot_movit' for CMake config files
[0.752s] Level 1:colcon.colcon_core.shell:create_environment_hook('arduinobot_movit', 'cmake_prefix_path')
[0.752s] INFO:colcon.colcon_core.shell:Creating environment hook '/home/adi/arduinobot_ws/install/arduinobot_movit/share/arduinobot_movit/hook/cmake_prefix_path.ps1'
[0.753s] INFO:colcon.colcon_core.shell:Creating environment descriptor '/home/adi/arduinobot_ws/install/arduinobot_movit/share/arduinobot_movit/hook/cmake_prefix_path.dsv'
[0.753s] INFO:colcon.colcon_core.shell:Creating environment hook '/home/adi/arduinobot_ws/install/arduinobot_movit/share/arduinobot_movit/hook/cmake_prefix_path.sh'
[0.754s] Level 1:colcon.colcon_core.environment:checking '/home/adi/arduinobot_ws/install/arduinobot_movit/bin'
[0.754s] Level 1:colcon.colcon_core.environment:checking '/home/adi/arduinobot_ws/install/arduinobot_movit/lib/pkgconfig/arduinobot_movit.pc'
[0.755s] Level 1:colcon.colcon_core.environment:checking '/home/adi/arduinobot_ws/install/arduinobot_movit/lib/python3.10/site-packages'
[0.755s] Level 1:colcon.colcon_core.environment:checking '/home/adi/arduinobot_ws/install/arduinobot_movit/bin'
[0.755s] INFO:colcon.colcon_core.shell:Creating package script '/home/adi/arduinobot_ws/install/arduinobot_movit/share/arduinobot_movit/package.ps1'
[0.756s] INFO:colcon.colcon_core.shell:Creating package descriptor '/home/adi/arduinobot_ws/install/arduinobot_movit/share/arduinobot_movit/package.dsv'
[0.757s] INFO:colcon.colcon_core.shell:Creating package script '/home/adi/arduinobot_ws/install/arduinobot_movit/share/arduinobot_movit/package.sh'
[0.757s] INFO:colcon.colcon_core.shell:Creating package script '/home/adi/arduinobot_ws/install/arduinobot_movit/share/arduinobot_movit/package.bash'
[0.758s] INFO:colcon.colcon_core.shell:Creating package script '/home/adi/arduinobot_ws/install/arduinobot_movit/share/arduinobot_movit/package.zsh'
[0.758s] Level 1:colcon.colcon_core.environment:create_file_with_runtime_dependencies(/home/adi/arduinobot_ws/install/arduinobot_movit/share/colcon-core/packages/arduinobot_movit)
[0.760s] Level 1:colcon.colcon_core.environment:create_environment_scripts_only(arduinobot_description)
[0.760s] Level 1:colcon.colcon_core.environment:checking '/home/adi/arduinobot_ws/install/arduinobot_description' for CMake module files
[0.761s] Level 1:colcon.colcon_core.environment:checking '/home/adi/arduinobot_ws/install/arduinobot_description' for CMake config files
[0.761s] Level 1:colcon.colcon_core.shell:create_environment_hook('arduinobot_description', 'cmake_prefix_path')
[0.762s] INFO:colcon.colcon_core.shell:Creating environment hook '/home/adi/arduinobot_ws/install/arduinobot_description/share/arduinobot_description/hook/cmake_prefix_path.ps1'
[0.762s] INFO:colcon.colcon_core.shell:Creating environment descriptor '/home/adi/arduinobot_ws/install/arduinobot_description/share/arduinobot_description/hook/cmake_prefix_path.dsv'
[0.763s] INFO:colcon.colcon_core.shell:Creating environment hook '/home/adi/arduinobot_ws/install/arduinobot_description/share/arduinobot_description/hook/cmake_prefix_path.sh'
[0.763s] Level 1:colcon.colcon_core.environment:checking '/home/adi/arduinobot_ws/install/arduinobot_description/bin'
[0.763s] Level 1:colcon.colcon_core.environment:checking '/home/adi/arduinobot_ws/install/arduinobot_description/lib/pkgconfig/arduinobot_description.pc'
[0.764s] Level 1:colcon.colcon_core.environment:checking '/home/adi/arduinobot_ws/install/arduinobot_description/lib/python3.10/site-packages'
[0.764s] Level 1:colcon.colcon_core.environment:checking '/home/adi/arduinobot_ws/install/arduinobot_description/bin'
[0.765s] INFO:colcon.colcon_core.shell:Creating package script '/home/adi/arduinobot_ws/install/arduinobot_description/share/arduinobot_description/package.ps1'
[0.765s] INFO:colcon.colcon_core.shell:Creating package descriptor '/home/adi/arduinobot_ws/install/arduinobot_description/share/arduinobot_description/package.dsv'
[0.766s] INFO:colcon.colcon_core.shell:Creating package script '/home/adi/arduinobot_ws/install/arduinobot_description/share/arduinobot_description/package.sh'
[0.766s] INFO:colcon.colcon_core.shell:Creating package script '/home/adi/arduinobot_ws/install/arduinobot_description/share/arduinobot_description/package.bash'
[0.767s] INFO:colcon.colcon_core.shell:Creating package script '/home/adi/arduinobot_ws/install/arduinobot_description/share/arduinobot_description/package.zsh'
[0.767s] Level 1:colcon.colcon_core.environment:create_file_with_runtime_dependencies(/home/adi/arduinobot_ws/install/arduinobot_description/share/colcon-core/packages/arduinobot_description)
[0.996s] DEBUG:colcon.colcon_core.event_handler.log_command:Invoked command in '/home/adi/arduinobot_ws/build/arduinobot_msgs' returned '0': CMAKE_PREFIX_PATH=/home/adi/arduinobot_ws/install/arduinobot_msgs:/home/adi/arduinobot_ws/install/arduinobot_movit:/home/adi/arduinobot_ws/install/arduinobot_description:/home/adi/arduinobot_ws/install/arduinobot_controller:/home/adi/arduinobot_ws/install/arduinobot_utils:/home/adi/arduinobot_ws/install/arduinobot_py_examples:/opt/ros/humble:/home/adi/catkin_ws/devel:/opt/ros/noetic /usr/bin/cmake --build /home/adi/arduinobot_ws/build/arduinobot_msgs -- -j12 -l12
[1.074s] DEBUG:colcon.colcon_core.event_handler.log_command:Invoking command in '/home/adi/arduinobot_ws/build/arduinobot_msgs': CMAKE_PREFIX_PATH=/home/adi/arduinobot_ws/install/arduinobot_msgs:/home/adi/arduinobot_ws/install/arduinobot_movit:/home/adi/arduinobot_ws/install/arduinobot_description:/home/adi/arduinobot_ws/install/arduinobot_controller:/home/adi/arduinobot_ws/install/arduinobot_utils:/home/adi/arduinobot_ws/install/arduinobot_py_examples:/opt/ros/humble:/home/adi/catkin_ws/devel:/opt/ros/noetic /usr/bin/cmake --install /home/adi/arduinobot_ws/build/arduinobot_msgs
[1.141s] Level 1:colcon.colcon_core.environment:create_environment_scripts_only(arduinobot_msgs)
[1.141s] Level 1:colcon.colcon_core.environment:checking '/home/adi/arduinobot_ws/install/arduinobot_msgs' for CMake module files
[1.142s] DEBUG:colcon.colcon_core.event_handler.log_command:Invoked command in '/home/adi/arduinobot_ws/build/arduinobot_msgs' returned '0': CMAKE_PREFIX_PATH=/home/adi/arduinobot_ws/install/arduinobot_msgs:/home/adi/arduinobot_ws/install/arduinobot_movit:/home/adi/arduinobot_ws/install/arduinobot_description:/home/adi/arduinobot_ws/install/arduinobot_controller:/home/adi/arduinobot_ws/install/arduinobot_utils:/home/adi/arduinobot_ws/install/arduinobot_py_examples:/opt/ros/humble:/home/adi/catkin_ws/devel:/opt/ros/noetic /usr/bin/cmake --install /home/adi/arduinobot_ws/build/arduinobot_msgs
[1.142s] Level 1:colcon.colcon_core.environment:checking '/home/adi/arduinobot_ws/install/arduinobot_msgs' for CMake config files
[1.144s] Level 1:colcon.colcon_core.shell:create_environment_hook('arduinobot_msgs', 'cmake_prefix_path')
[1.145s] INFO:colcon.colcon_core.shell:Creating environment hook '/home/adi/arduinobot_ws/install/arduinobot_msgs/share/arduinobot_msgs/hook/cmake_prefix_path.ps1'
[1.145s] INFO:colcon.colcon_core.shell:Creating environment descriptor '/home/adi/arduinobot_ws/install/arduinobot_msgs/share/arduinobot_msgs/hook/cmake_prefix_path.dsv'
[1.145s] INFO:colcon.colcon_core.shell:Creating environment hook '/home/adi/arduinobot_ws/install/arduinobot_msgs/share/arduinobot_msgs/hook/cmake_prefix_path.sh'
[1.146s] Level 1:colcon.colcon_core.environment:checking '/home/adi/arduinobot_ws/install/arduinobot_msgs/lib'
[1.146s] Level 1:colcon.colcon_core.shell:create_environment_hook('arduinobot_msgs', 'ld_library_path_lib')
[1.146s] INFO:colcon.colcon_core.shell:Creating environment hook '/home/adi/arduinobot_ws/install/arduinobot_msgs/share/arduinobot_msgs/hook/ld_library_path_lib.ps1'
[1.147s] INFO:colcon.colcon_core.shell:Creating environment descriptor '/home/adi/arduinobot_ws/install/arduinobot_msgs/share/arduinobot_msgs/hook/ld_library_path_lib.dsv'
[1.147s] INFO:colcon.colcon_core.shell:Creating environment hook '/home/adi/arduinobot_ws/install/arduinobot_msgs/share/arduinobot_msgs/hook/ld_library_path_lib.sh'
[1.147s] Level 1:colcon.colcon_core.environment:checking '/home/adi/arduinobot_ws/install/arduinobot_msgs/bin'
[1.147s] Level 1:colcon.colcon_core.environment:checking '/home/adi/arduinobot_ws/install/arduinobot_msgs/lib/pkgconfig/arduinobot_msgs.pc'
[1.147s] Level 1:colcon.colcon_core.environment:checking '/home/adi/arduinobot_ws/install/arduinobot_msgs/lib/python3.10/site-packages'
[1.147s] Level 1:colcon.colcon_core.environment:checking '/home/adi/arduinobot_ws/install/arduinobot_msgs/bin'
[1.148s] INFO:colcon.colcon_core.shell:Creating package script '/home/adi/arduinobot_ws/install/arduinobot_msgs/share/arduinobot_msgs/package.ps1'
[1.148s] INFO:colcon.colcon_core.shell:Creating package descriptor '/home/adi/arduinobot_ws/install/arduinobot_msgs/share/arduinobot_msgs/package.dsv'
[1.148s] INFO:colcon.colcon_core.shell:Creating package script '/home/adi/arduinobot_ws/install/arduinobot_msgs/share/arduinobot_msgs/package.sh'
[1.149s] INFO:colcon.colcon_core.shell:Creating package script '/home/adi/arduinobot_ws/install/arduinobot_msgs/share/arduinobot_msgs/package.bash'
[1.149s] INFO:colcon.colcon_core.shell:Creating package script '/home/adi/arduinobot_ws/install/arduinobot_msgs/share/arduinobot_msgs/package.zsh'
[1.149s] Level 1:colcon.colcon_core.environment:create_file_with_runtime_dependencies(/home/adi/arduinobot_ws/install/arduinobot_msgs/share/colcon-core/packages/arduinobot_msgs)
[1.231s] Level 1:colcon.colcon_core.environment:create_environment_scripts_only(arduinobot_msgs)
[1.232s] Level 1:colcon.colcon_core.environment:checking '/home/adi/arduinobot_ws/install/arduinobot_msgs' for CMake module files
[1.232s] Level 1:colcon.colcon_core.environment:checking '/home/adi/arduinobot_ws/install/arduinobot_msgs' for CMake config files
[1.233s] Level 1:colcon.colcon_core.shell:create_environment_hook('arduinobot_msgs', 'cmake_prefix_path')
[1.233s] INFO:colcon.colcon_core.shell:Creating environment hook '/home/adi/arduinobot_ws/install/arduinobot_msgs/share/arduinobot_msgs/hook/cmake_prefix_path.ps1'
[1.234s] INFO:colcon.colcon_core.shell:Creating environment descriptor '/home/adi/arduinobot_ws/install/arduinobot_msgs/share/arduinobot_msgs/hook/cmake_prefix_path.dsv'
[1.234s] INFO:colcon.colcon_core.shell:Creating environment hook '/home/adi/arduinobot_ws/install/arduinobot_msgs/share/arduinobot_msgs/hook/cmake_prefix_path.sh'
[1.235s] Level 1:colcon.colcon_core.environment:checking '/home/adi/arduinobot_ws/install/arduinobot_msgs/lib'
[1.235s] Level 1:colcon.colcon_core.shell:create_environment_hook('arduinobot_msgs', 'ld_library_path_lib')
[1.235s] INFO:colcon.colcon_core.shell:Creating environment hook '/home/adi/arduinobot_ws/install/arduinobot_msgs/share/arduinobot_msgs/hook/ld_library_path_lib.ps1'
[1.236s] INFO:colcon.colcon_core.shell:Creating environment descriptor '/home/adi/arduinobot_ws/install/arduinobot_msgs/share/arduinobot_msgs/hook/ld_library_path_lib.dsv'
[1.236s] INFO:colcon.colcon_core.shell:Creating environment hook '/home/adi/arduinobot_ws/install/arduinobot_msgs/share/arduinobot_msgs/hook/ld_library_path_lib.sh'
[1.237s] Level 1:colcon.colcon_core.environment:checking '/home/adi/arduinobot_ws/install/arduinobot_msgs/bin'
[1.237s] Level 1:colcon.colcon_core.environment:checking '/home/adi/arduinobot_ws/install/arduinobot_msgs/lib/pkgconfig/arduinobot_msgs.pc'
[1.237s] Level 1:colcon.colcon_core.environment:checking '/home/adi/arduinobot_ws/install/arduinobot_msgs/lib/python3.10/site-packages'
[1.237s] Level 1:colcon.colcon_core.environment:checking '/home/adi/arduinobot_ws/install/arduinobot_msgs/bin'
[1.237s] INFO:colcon.colcon_core.shell:Creating package script '/home/adi/arduinobot_ws/install/arduinobot_msgs/share/arduinobot_msgs/package.ps1'
[1.238s] INFO:colcon.colcon_core.shell:Creating package descriptor '/home/adi/arduinobot_ws/install/arduinobot_msgs/share/arduinobot_msgs/package.dsv'
[1.238s] INFO:colcon.colcon_core.shell:Creating package script '/home/adi/arduinobot_ws/install/arduinobot_msgs/share/arduinobot_msgs/package.sh'
[1.239s] INFO:colcon.colcon_core.shell:Creating package script '/home/adi/arduinobot_ws/install/arduinobot_msgs/share/arduinobot_msgs/package.bash'
[1.239s] INFO:colcon.colcon_core.shell:Creating package script '/home/adi/arduinobot_ws/install/arduinobot_msgs/share/arduinobot_msgs/package.zsh'
[1.239s] Level 1:colcon.colcon_core.environment:create_file_with_runtime_dependencies(/home/adi/arduinobot_ws/install/arduinobot_msgs/share/colcon-core/packages/arduinobot_msgs)
[1.240s] INFO:colcon.colcon_ros.task.ament_python.build:Building ROS package in '/home/adi/arduinobot_ws/src/arduinobot_py_examples' with build type 'ament_python'
[1.240s] Level 1:colcon.colcon_core.shell:create_environment_hook('arduinobot_py_examples', 'ament_prefix_path')
[1.240s] INFO:colcon.colcon_core.shell:Creating environment hook '/home/adi/arduinobot_ws/install/arduinobot_py_examples/share/arduinobot_py_examples/hook/ament_prefix_path.ps1'
[1.241s] INFO:colcon.colcon_core.shell:Creating environment descriptor '/home/adi/arduinobot_ws/install/arduinobot_py_examples/share/arduinobot_py_examples/hook/ament_prefix_path.dsv'
[1.242s] INFO:colcon.colcon_core.shell:Creating environment hook '/home/adi/arduinobot_ws/install/arduinobot_py_examples/share/arduinobot_py_examples/hook/ament_prefix_path.sh'
[1.242s] INFO:colcon.colcon_core.shell:Skip shell extension 'powershell' for command environment: Not usable outside of PowerShell
[1.242s] DEBUG:colcon.colcon_core.shell:Skip shell extension 'dsv' for command environment
[1.245s] DEBUG:colcon.colcon_core.shell:Ignoring prefix path '/home/adi/catkin_ws/devel'
[1.246s] INFO:colcon.colcon_ros.task.ament_python.build:Building ROS package in '/home/adi/arduinobot_ws/src/arduinobot_utils' with build type 'ament_python'
[1.246s] Level 1:colcon.colcon_core.shell:create_environment_hook('arduinobot_utils', 'ament_prefix_path')
[1.246s] INFO:colcon.colcon_core.shell:Creating environment hook '/home/adi/arduinobot_ws/install/arduinobot_utils/share/arduinobot_utils/hook/ament_prefix_path.ps1'
[1.247s] INFO:colcon.colcon_core.shell:Creating environment descriptor '/home/adi/arduinobot_ws/install/arduinobot_utils/share/arduinobot_utils/hook/ament_prefix_path.dsv'
[1.247s] INFO:colcon.colcon_core.shell:Creating environment hook '/home/adi/arduinobot_ws/install/arduinobot_utils/share/arduinobot_utils/hook/ament_prefix_path.sh'
[1.247s] INFO:colcon.colcon_core.shell:Skip shell extension 'powershell' for command environment: Not usable outside of PowerShell
[1.247s] DEBUG:colcon.colcon_core.shell:Skip shell extension 'dsv' for command environment
[1.250s] DEBUG:colcon.colcon_core.shell:Ignoring prefix path '/home/adi/catkin_ws/devel'
[1.252s] INFO:colcon.colcon_ros.task.ament_cmake.build:Building ROS package in '/home/adi/arduinobot_ws/src/aruinobot_cpp_examples' with build type 'ament_cmake'
[1.252s] INFO:colcon.colcon_cmake.task.cmake.build:Building CMake package in '/home/adi/arduinobot_ws/src/aruinobot_cpp_examples'
[1.252s] INFO:colcon.colcon_core.shell:Skip shell extension 'powershell' for command environment: Not usable outside of PowerShell
[1.252s] DEBUG:colcon.colcon_core.shell:Skip shell extension 'dsv' for command environment
[1.255s] DEBUG:colcon.colcon_core.shell:Ignoring prefix path '/home/adi/catkin_ws/devel'
[1.517s] INFO:colcon.colcon_core.task.python.build:Building Python package in '/home/adi/arduinobot_ws/src/arduinobot_py_examples'
[1.517s] INFO:colcon.colcon_core.shell:Skip shell extension 'powershell' for command environment: Not usable outside of PowerShell
[1.517s] DEBUG:colcon.colcon_core.shell:Skip shell extension 'dsv' for command environment
[1.519s] DEBUG:colcon.colcon_core.shell:Ignoring prefix path '/home/adi/catkin_ws/devel'
[1.755s] INFO:colcon.colcon_core.task.python.build:Building Python package in '/home/adi/arduinobot_ws/src/arduinobot_utils'
[1.756s] INFO:colcon.colcon_core.shell:Skip shell extension 'powershell' for command environment: Not usable outside of PowerShell
[1.756s] DEBUG:colcon.colcon_core.shell:Skip shell extension 'dsv' for command environment
[1.758s] DEBUG:colcon.colcon_core.shell:Ignoring prefix path '/home/adi/catkin_ws/devel'
[1.764s] DEBUG:colcon.colcon_core.event_handler.log_command:Invoking command in '/home/adi/arduinobot_ws/build/aruinobot_cpp_examples': CMAKE_PREFIX_PATH=/home/adi/arduinobot_ws/install/arduinobot_msgs:/home/adi/arduinobot_ws/install/arduinobot_movit:/home/adi/arduinobot_ws/install/arduinobot_description:/home/adi/arduinobot_ws/install/arduinobot_controller:/home/adi/arduinobot_ws/install/arduinobot_utils:/home/adi/arduinobot_ws/install/arduinobot_py_examples:/opt/ros/humble:/home/adi/catkin_ws/devel:/opt/ros/noetic /usr/bin/cmake --build /home/adi/arduinobot_ws/build/aruinobot_cpp_examples -- -j12 -l12
[2.373s] DEBUG:colcon.colcon_core.event_handler.log_command:Invoking command in '/home/adi/arduinobot_ws/src/arduinobot_utils': PYTHONPATH=/home/adi/arduinobot_ws/build/arduinobot_utils/prefix_override:/home/adi/arduinobot_ws/install/arduinobot_utils/lib/python3.10/site-packages:${PYTHONPATH} /usr/bin/python3 -W ignore:setup.py install is deprecated setup.py egg_info --egg-base ../../build/arduinobot_utils build --build-base /home/adi/arduinobot_ws/build/arduinobot_utils/build install --record /home/adi/arduinobot_ws/build/arduinobot_utils/install.log --single-version-externally-managed install_data
[2.374s] DEBUG:colcon.colcon_core.event_handler.log_command:Invoking command in '/home/adi/arduinobot_ws/src/arduinobot_py_examples': PYTHONPATH=/home/adi/arduinobot_ws/build/arduinobot_py_examples/prefix_override:/home/adi/arduinobot_ws/install/arduinobot_py_examples/lib/python3.10/site-packages:${PYTHONPATH} /usr/bin/python3 -W ignore:setup.py install is deprecated setup.py egg_info --egg-base ../../build/arduinobot_py_examples build --build-base /home/adi/arduinobot_ws/build/arduinobot_py_examples/build install --record /home/adi/arduinobot_ws/build/arduinobot_py_examples/install.log --single-version-externally-managed install_data
[2.675s] Level 1:colcon.colcon_core.environment:checking '/home/adi/arduinobot_ws/install/arduinobot_utils' for CMake module files
[2.675s] DEBUG:colcon.colcon_core.event_handler.log_command:Invoked command in '/home/adi/arduinobot_ws/src/arduinobot_utils' returned '0': PYTHONPATH=/home/adi/arduinobot_ws/build/arduinobot_utils/prefix_override:/home/adi/arduinobot_ws/install/arduinobot_utils/lib/python3.10/site-packages:${PYTHONPATH} /usr/bin/python3 -W ignore:setup.py install is deprecated setup.py egg_info --egg-base ../../build/arduinobot_utils build --build-base /home/adi/arduinobot_ws/build/arduinobot_utils/build install --record /home/adi/arduinobot_ws/build/arduinobot_utils/install.log --single-version-externally-managed install_data
[2.676s] Level 1:colcon.colcon_core.environment:checking '/home/adi/arduinobot_ws/install/arduinobot_utils' for CMake config files
[2.677s] Level 1:colcon.colcon_core.environment:checking '/home/adi/arduinobot_ws/install/arduinobot_utils/lib'
[2.678s] Level 1:colcon.colcon_core.environment:checking '/home/adi/arduinobot_ws/install/arduinobot_utils/bin'
[2.678s] Level 1:colcon.colcon_core.environment:checking '/home/adi/arduinobot_ws/install/arduinobot_utils/lib/pkgconfig/arduinobot_utils.pc'
[2.678s] Level 1:colcon.colcon_core.environment:checking '/home/adi/arduinobot_ws/install/arduinobot_utils/lib/python3.10/site-packages'
[2.678s] Level 1:colcon.colcon_core.shell:create_environment_hook('arduinobot_utils', 'pythonpath')
[2.678s] INFO:colcon.colcon_core.shell:Creating environment hook '/home/adi/arduinobot_ws/install/arduinobot_utils/share/arduinobot_utils/hook/pythonpath.ps1'
[2.679s] INFO:colcon.colcon_core.shell:Creating environment descriptor '/home/adi/arduinobot_ws/install/arduinobot_utils/share/arduinobot_utils/hook/pythonpath.dsv'
[2.679s] INFO:colcon.colcon_core.shell:Creating environment hook '/home/adi/arduinobot_ws/install/arduinobot_utils/share/arduinobot_utils/hook/pythonpath.sh'
[2.680s] Level 1:colcon.colcon_core.environment:checking '/home/adi/arduinobot_ws/install/arduinobot_utils/bin'
[2.680s] Level 1:colcon.colcon_core.environment:create_environment_scripts_only(arduinobot_utils)
[2.680s] INFO:colcon.colcon_core.shell:Creating package script '/home/adi/arduinobot_ws/install/arduinobot_utils/share/arduinobot_utils/package.ps1'
[2.681s] INFO:colcon.colcon_core.shell:Creating package descriptor '/home/adi/arduinobot_ws/install/arduinobot_utils/share/arduinobot_utils/package.dsv'
[2.681s] INFO:colcon.colcon_core.shell:Creating package script '/home/adi/arduinobot_ws/install/arduinobot_utils/share/arduinobot_utils/package.sh'
[2.682s] INFO:colcon.colcon_core.shell:Creating package script '/home/adi/arduinobot_ws/install/arduinobot_utils/share/arduinobot_utils/package.bash'
[2.682s] INFO:colcon.colcon_core.shell:Creating package script '/home/adi/arduinobot_ws/install/arduinobot_utils/share/arduinobot_utils/package.zsh'
[2.683s] Level 1:colcon.colcon_core.environment:create_file_with_runtime_dependencies(/home/adi/arduinobot_ws/install/arduinobot_utils/share/colcon-core/packages/arduinobot_utils)
[2.684s] Level 1:colcon.colcon_core.environment:checking '/home/adi/arduinobot_ws/install/arduinobot_py_examples' for CMake module files
[2.685s] DEBUG:colcon.colcon_core.event_handler.log_command:Invoked command in '/home/adi/arduinobot_ws/src/arduinobot_py_examples' returned '0': PYTHONPATH=/home/adi/arduinobot_ws/build/arduinobot_py_examples/prefix_override:/home/adi/arduinobot_ws/install/arduinobot_py_examples/lib/python3.10/site-packages:${PYTHONPATH} /usr/bin/python3 -W ignore:setup.py install is deprecated setup.py egg_info --egg-base ../../build/arduinobot_py_examples build --build-base /home/adi/arduinobot_ws/build/arduinobot_py_examples/build install --record /home/adi/arduinobot_ws/build/arduinobot_py_examples/install.log --single-version-externally-managed install_data
[2.685s] Level 1:colcon.colcon_core.environment:checking '/home/adi/arduinobot_ws/install/arduinobot_py_examples' for CMake config files
[2.687s] Level 1:colcon.colcon_core.environment:checking '/home/adi/arduinobot_ws/install/arduinobot_py_examples/lib'
[2.687s] Level 1:colcon.colcon_core.environment:checking '/home/adi/arduinobot_ws/install/arduinobot_py_examples/bin'
[2.687s] Level 1:colcon.colcon_core.environment:checking '/home/adi/arduinobot_ws/install/arduinobot_py_examples/lib/pkgconfig/arduinobot_py_examples.pc'
[2.687s] Level 1:colcon.colcon_core.environment:checking '/home/adi/arduinobot_ws/install/arduinobot_py_examples/lib/python3.10/site-packages'
[2.687s] Level 1:colcon.colcon_core.shell:create_environment_hook('arduinobot_py_examples', 'pythonpath')
[2.688s] INFO:colcon.colcon_core.shell:Creating environment hook '/home/adi/arduinobot_ws/install/arduinobot_py_examples/share/arduinobot_py_examples/hook/pythonpath.ps1'
[2.688s] INFO:colcon.colcon_core.shell:Creating environment descriptor '/home/adi/arduinobot_ws/install/arduinobot_py_examples/share/arduinobot_py_examples/hook/pythonpath.dsv'
[2.688s] INFO:colcon.colcon_core.shell:Creating environment hook '/home/adi/arduinobot_ws/install/arduinobot_py_examples/share/arduinobot_py_examples/hook/pythonpath.sh'
[2.689s] Level 1:colcon.colcon_core.environment:checking '/home/adi/arduinobot_ws/install/arduinobot_py_examples/bin'
[2.689s] Level 1:colcon.colcon_core.environment:create_environment_scripts_only(arduinobot_py_examples)
[2.689s] INFO:colcon.colcon_core.shell:Creating package script '/home/adi/arduinobot_ws/install/arduinobot_py_examples/share/arduinobot_py_examples/package.ps1'
[2.690s] INFO:colcon.colcon_core.shell:Creating package descriptor '/home/adi/arduinobot_ws/install/arduinobot_py_examples/share/arduinobot_py_examples/package.dsv'
[2.691s] INFO:colcon.colcon_core.shell:Creating package script '/home/adi/arduinobot_ws/install/arduinobot_py_examples/share/arduinobot_py_examples/package.sh'
[2.691s] INFO:colcon.colcon_core.shell:Creating package script '/home/adi/arduinobot_ws/install/arduinobot_py_examples/share/arduinobot_py_examples/package.bash'
[2.691s] INFO:colcon.colcon_core.shell:Creating package script '/home/adi/arduinobot_ws/install/arduinobot_py_examples/share/arduinobot_py_examples/package.zsh'
[2.692s] Level 1:colcon.colcon_core.environment:create_file_with_runtime_dependencies(/home/adi/arduinobot_ws/install/arduinobot_py_examples/share/colcon-core/packages/arduinobot_py_examples)
[8.344s] DEBUG:colcon.colcon_core.event_handler.log_command:Invoked command in '/home/adi/arduinobot_ws/build/aruinobot_cpp_examples' returned '0': CMAKE_PREFIX_PATH=/home/adi/arduinobot_ws/install/arduinobot_msgs:/home/adi/arduinobot_ws/install/arduinobot_movit:/home/adi/arduinobot_ws/install/arduinobot_description:/home/adi/arduinobot_ws/install/arduinobot_controller:/home/adi/arduinobot_ws/install/arduinobot_utils:/home/adi/arduinobot_ws/install/arduinobot_py_examples:/opt/ros/humble:/home/adi/catkin_ws/devel:/opt/ros/noetic /usr/bin/cmake --build /home/adi/arduinobot_ws/build/aruinobot_cpp_examples -- -j12 -l12
[8.362s] DEBUG:colcon.colcon_core.event_handler.log_command:Invoking command in '/home/adi/arduinobot_ws/build/aruinobot_cpp_examples': CMAKE_PREFIX_PATH=/home/adi/arduinobot_ws/install/arduinobot_msgs:/home/adi/arduinobot_ws/install/arduinobot_movit:/home/adi/arduinobot_ws/install/arduinobot_description:/home/adi/arduinobot_ws/install/arduinobot_controller:/home/adi/arduinobot_ws/install/arduinobot_utils:/home/adi/arduinobot_ws/install/arduinobot_py_examples:/opt/ros/humble:/home/adi/catkin_ws/devel:/opt/ros/noetic /usr/bin/cmake --install /home/adi/arduinobot_ws/build/aruinobot_cpp_examples
[8.369s] Level 1:colcon.colcon_core.environment:create_environment_scripts_only(aruinobot_cpp_examples)
[8.370s] Level 1:colcon.colcon_core.environment:checking '/home/adi/arduinobot_ws/install/aruinobot_cpp_examples' for CMake module files
[8.370s] DEBUG:colcon.colcon_core.event_handler.log_command:Invoked command in '/home/adi/arduinobot_ws/build/aruinobot_cpp_examples' returned '0': CMAKE_PREFIX_PATH=/home/adi/arduinobot_ws/install/arduinobot_msgs:/home/adi/arduinobot_ws/install/arduinobot_movit:/home/adi/arduinobot_ws/install/arduinobot_description:/home/adi/arduinobot_ws/install/arduinobot_controller:/home/adi/arduinobot_ws/install/arduinobot_utils:/home/adi/arduinobot_ws/install/arduinobot_py_examples:/opt/ros/humble:/home/adi/catkin_ws/devel:/opt/ros/noetic /usr/bin/cmake --install /home/adi/arduinobot_ws/build/aruinobot_cpp_examples
[8.371s] Level 1:colcon.colcon_core.environment:checking '/home/adi/arduinobot_ws/install/aruinobot_cpp_examples' for CMake config files
[8.371s] Level 1:colcon.colcon_core.shell:create_environment_hook('aruinobot_cpp_examples', 'cmake_prefix_path')
[8.371s] INFO:colcon.colcon_core.shell:Creating environment hook '/home/adi/arduinobot_ws/install/aruinobot_cpp_examples/share/aruinobot_cpp_examples/hook/cmake_prefix_path.ps1'
[8.372s] INFO:colcon.colcon_core.shell:Creating environment descriptor '/home/adi/arduinobot_ws/install/aruinobot_cpp_examples/share/aruinobot_cpp_examples/hook/cmake_prefix_path.dsv'
[8.372s] INFO:colcon.colcon_core.shell:Creating environment hook '/home/adi/arduinobot_ws/install/aruinobot_cpp_examples/share/aruinobot_cpp_examples/hook/cmake_prefix_path.sh'
[8.372s] Level 1:colcon.colcon_core.environment:checking '/home/adi/arduinobot_ws/install/aruinobot_cpp_examples/lib'
[8.373s] Level 1:colcon.colcon_core.environment:checking '/home/adi/arduinobot_ws/install/aruinobot_cpp_examples/bin'
[8.373s] Level 1:colcon.colcon_core.environment:checking '/home/adi/arduinobot_ws/install/aruinobot_cpp_examples/lib/pkgconfig/aruinobot_cpp_examples.pc'
[8.373s] Level 1:colcon.colcon_core.environment:checking '/home/adi/arduinobot_ws/install/aruinobot_cpp_examples/lib/python3.10/site-packages'
[8.373s] Level 1:colcon.colcon_core.environment:checking '/home/adi/arduinobot_ws/install/aruinobot_cpp_examples/bin'
[8.373s] INFO:colcon.colcon_core.shell:Creating package script '/home/adi/arduinobot_ws/install/aruinobot_cpp_examples/share/aruinobot_cpp_examples/package.ps1'
[8.374s] INFO:colcon.colcon_core.shell:Creating package descriptor '/home/adi/arduinobot_ws/install/aruinobot_cpp_examples/share/aruinobot_cpp_examples/package.dsv'
[8.374s] INFO:colcon.colcon_core.shell:Creating package script '/home/adi/arduinobot_ws/install/aruinobot_cpp_examples/share/aruinobot_cpp_examples/package.sh'
[8.374s] INFO:colcon.colcon_core.shell:Creating package script '/home/adi/arduinobot_ws/install/aruinobot_cpp_examples/share/aruinobot_cpp_examples/package.bash'
[8.375s] INFO:colcon.colcon_core.shell:Creating package script '/home/adi/arduinobot_ws/install/aruinobot_cpp_examples/share/aruinobot_cpp_examples/package.zsh'
[8.375s] Level 1:colcon.colcon_core.environment:create_file_with_runtime_dependencies(/home/adi/arduinobot_ws/install/aruinobot_cpp_examples/share/colcon-core/packages/aruinobot_cpp_examples)
[8.394s] Level 1:colcon.colcon_core.environment:create_environment_scripts_only(aruinobot_cpp_examples)
[8.394s] Level 1:colcon.colcon_core.environment:checking '/home/adi/arduinobot_ws/install/aruinobot_cpp_examples' for CMake module files
[8.395s] Level 1:colcon.colcon_core.environment:checking '/home/adi/arduinobot_ws/install/aruinobot_cpp_examples' for CMake config files
[8.395s] Level 1:colcon.colcon_core.shell:create_environment_hook('aruinobot_cpp_examples', 'cmake_prefix_path')
[8.395s] INFO:colcon.colcon_core.shell:Creating environment hook '/home/adi/arduinobot_ws/install/aruinobot_cpp_examples/share/aruinobot_cpp_examples/hook/cmake_prefix_path.ps1'
[8.396s] INFO:colcon.colcon_core.shell:Creating environment descriptor '/home/adi/arduinobot_ws/install/aruinobot_cpp_examples/share/aruinobot_cpp_examples/hook/cmake_prefix_path.dsv'
[8.396s] INFO:colcon.colcon_core.shell:Creating environment hook '/home/adi/arduinobot_ws/install/aruinobot_cpp_examples/share/aruinobot_cpp_examples/hook/cmake_prefix_path.sh'
[8.397s] Level 1:colcon.colcon_core.environment:checking '/home/adi/arduinobot_ws/install/aruinobot_cpp_examples/lib'
[8.397s] Level 1:colcon.colcon_core.environment:checking '/home/adi/arduinobot_ws/install/aruinobot_cpp_examples/bin'
[8.397s] Level 1:colcon.colcon_core.environment:checking '/home/adi/arduinobot_ws/install/aruinobot_cpp_examples/lib/pkgconfig/aruinobot_cpp_examples.pc'
[8.397s] Level 1:colcon.colcon_core.environment:checking '/home/adi/arduinobot_ws/install/aruinobot_cpp_examples/lib/python3.10/site-packages'
[8.397s] Level 1:colcon.colcon_core.environment:checking '/home/adi/arduinobot_ws/install/aruinobot_cpp_examples/bin'
[8.398s] INFO:colcon.colcon_core.shell:Creating package script '/home/adi/arduinobot_ws/install/aruinobot_cpp_examples/share/aruinobot_cpp_examples/package.ps1'
[8.398s] INFO:colcon.colcon_core.shell:Creating package descriptor '/home/adi/arduinobot_ws/install/aruinobot_cpp_examples/share/aruinobot_cpp_examples/package.dsv'
[8.398s] INFO:colcon.colcon_core.shell:Creating package script '/home/adi/arduinobot_ws/install/aruinobot_cpp_examples/share/aruinobot_cpp_examples/package.sh'
[8.399s] INFO:colcon.colcon_core.shell:Creating package script '/home/adi/arduinobot_ws/install/aruinobot_cpp_examples/share/aruinobot_cpp_examples/package.bash'
[8.400s] INFO:colcon.colcon_core.shell:Creating package script '/home/adi/arduinobot_ws/install/aruinobot_cpp_examples/share/aruinobot_cpp_examples/package.zsh'
[8.400s] Level 1:colcon.colcon_core.environment:create_file_with_runtime_dependencies(/home/adi/arduinobot_ws/install/aruinobot_cpp_examples/share/colcon-core/packages/aruinobot_cpp_examples)
[8.400s] DEBUG:colcon.colcon_parallel_executor.executor.parallel:closing loop
[8.401s] DEBUG:colcon.colcon_parallel_executor.executor.parallel:loop closed
[8.401s] DEBUG:colcon.colcon_parallel_executor.executor.parallel:run_until_complete finished with '0'
[8.401s] DEBUG:colcon.colcon_core.event_reactor:joining thread
[8.407s] INFO:colcon.colcon_core.plugin_system:Skipping extension 'colcon_notification.desktop_notification.terminal_notifier': Not used on non-Darwin systems
[8.407s] INFO:colcon.colcon_core.plugin_system:Skipping extension 'colcon_notification.desktop_notification.win32': Not used on non-Windows systems
[8.408s] INFO:colcon.colcon_notification.desktop_notification:Sending desktop notification using 'notify2'
[8.418s] DEBUG:colcon.colcon_core.event_reactor:joined thread
[8.419s] INFO:colcon.colcon_core.shell:Creating prefix script '/home/adi/arduinobot_ws/install/local_setup.ps1'
[8.420s] INFO:colcon.colcon_core.shell:Creating prefix util module '/home/adi/arduinobot_ws/install/_local_setup_util_ps1.py'
[8.421s] INFO:colcon.colcon_core.shell:Creating prefix chain script '/home/adi/arduinobot_ws/install/setup.ps1'
[8.422s] INFO:colcon.colcon_core.shell:Creating prefix script '/home/adi/arduinobot_ws/install/local_setup.sh'
[8.423s] INFO:colcon.colcon_core.shell:Creating prefix util module '/home/adi/arduinobot_ws/install/_local_setup_util_sh.py'
[8.424s] INFO:colcon.colcon_core.shell:Creating prefix chain script '/home/adi/arduinobot_ws/install/setup.sh'
[8.425s] INFO:colcon.colcon_core.shell:Creating prefix script '/home/adi/arduinobot_ws/install/local_setup.bash'
[8.426s] INFO:colcon.colcon_core.shell:Creating prefix chain script '/home/adi/arduinobot_ws/install/setup.bash'
[8.427s] INFO:colcon.colcon_core.shell:Creating prefix script '/home/adi/arduinobot_ws/install/local_setup.zsh'
[8.428s] INFO:colcon.colcon_core.shell:Creating prefix chain script '/home/adi/arduinobot_ws/install/setup.zsh'
