[0.901s] Invoking command in '/home/adi/arduinobot_ws/src/arduinobot_utils': CMAKE_PREFIX_PATH=/home/adi/arduinobot_ws/install/arduinobot_msgs:/home/adi/turtlebot3_ws/install/turtlebot3_simulations:/home/adi/turtlebot3_ws/install/turtlebot3_gazebo:/home/adi/turtlebot3_ws/install/turtlebot3_fake_node:/home/adi/arduinobot_ws/install/aruinobot_cpp_examples:/home/adi/arduinobot_ws/install/arduinobot_remote:/home/adi/arduinobot_ws/install/arduinobot_movit:/home/adi/arduinobot_ws/install/arduinobot_description:/home/adi/arduinobot_ws/install/arduinobot_controller:/home/adi/catkin_ws/devel:/opt/ros/noetic LD_LIBRARY_PATH=/home/adi/arduinobot_ws/install/arduinobot_msgs/lib:/home/adi/arduinobot_ws/install/arduinobot_remote/lib:/usr/lib/x86_64-linux-gnu/gazebo-11/plugins:/opt/ros/humble/opt/rviz_ogre_vendor/lib:/opt/ros/humble/lib/x86_64-linux-gnu:/opt/ros/humble/lib:/home/adi/catkin_ws/devel/lib:/opt/ros/noetic/lib PYTHONPATH=/home/adi/arduinobot_ws/build/arduinobot_utils/prefix_override:/home/adi/arduinobot_ws/install/arduinobot_utils/lib/python3.10/site-packages:${PYTHONPATH} /usr/bin/python3 -W ignore:setup.py install is deprecated setup.py egg_info --egg-base ../../build/arduinobot_utils build --build-base /home/adi/arduinobot_ws/build/arduinobot_utils/build install --record /home/adi/arduinobot_ws/build/arduinobot_utils/install.log --single-version-externally-managed install_data
[1.093s] running egg_info
[1.094s] writing ../../build/arduinobot_utils/arduinobot_utils.egg-info/PKG-INFO
[1.094s] writing dependency_links to ../../build/arduinobot_utils/arduinobot_utils.egg-info/dependency_links.txt
[1.094s] writing entry points to ../../build/arduinobot_utils/arduinobot_utils.egg-info/entry_points.txt
[1.094s] writing requirements to ../../build/arduinobot_utils/arduinobot_utils.egg-info/requires.txt
[1.094s] writing top-level names to ../../build/arduinobot_utils/arduinobot_utils.egg-info/top_level.txt
[1.096s] reading manifest file '../../build/arduinobot_utils/arduinobot_utils.egg-info/SOURCES.txt'
[1.097s] writing manifest file '../../build/arduinobot_utils/arduinobot_utils.egg-info/SOURCES.txt'
[1.097s] running build
[1.097s] running build_py
[1.097s] running install
[1.097s] running install_lib
[1.098s] running install_data
[1.098s] running install_egg_info
[1.100s] removing '/home/adi/arduinobot_ws/install/arduinobot_utils/lib/python3.10/site-packages/arduinobot_utils-0.0.0-py3.10.egg-info' (and everything under it)
[1.100s] Copying ../../build/arduinobot_utils/arduinobot_utils.egg-info to /home/adi/arduinobot_ws/install/arduinobot_utils/lib/python3.10/site-packages/arduinobot_utils-0.0.0-py3.10.egg-info
[1.101s] running install_scripts
[1.116s] Installing angle_conversion script to /home/adi/arduinobot_ws/install/arduinobot_utils/lib/arduinobot_utils
[1.116s] writing list of installed files to '/home/adi/arduinobot_ws/build/arduinobot_utils/install.log'
[1.137s] Invoked command in '/home/adi/arduinobot_ws/src/arduinobot_utils' returned '0': CMAKE_PREFIX_PATH=/home/adi/arduinobot_ws/install/arduinobot_msgs:/home/adi/turtlebot3_ws/install/turtlebot3_simulations:/home/adi/turtlebot3_ws/install/turtlebot3_gazebo:/home/adi/turtlebot3_ws/install/turtlebot3_fake_node:/home/adi/arduinobot_ws/install/aruinobot_cpp_examples:/home/adi/arduinobot_ws/install/arduinobot_remote:/home/adi/arduinobot_ws/install/arduinobot_movit:/home/adi/arduinobot_ws/install/arduinobot_description:/home/adi/arduinobot_ws/install/arduinobot_controller:/home/adi/catkin_ws/devel:/opt/ros/noetic LD_LIBRARY_PATH=/home/adi/arduinobot_ws/install/arduinobot_msgs/lib:/home/adi/arduinobot_ws/install/arduinobot_remote/lib:/usr/lib/x86_64-linux-gnu/gazebo-11/plugins:/opt/ros/humble/opt/rviz_ogre_vendor/lib:/opt/ros/humble/lib/x86_64-linux-gnu:/opt/ros/humble/lib:/home/adi/catkin_ws/devel/lib:/opt/ros/noetic/lib PYTHONPATH=/home/adi/arduinobot_ws/build/arduinobot_utils/prefix_override:/home/adi/arduinobot_ws/install/arduinobot_utils/lib/python3.10/site-packages:${PYTHONPATH} /usr/bin/python3 -W ignore:setup.py install is deprecated setup.py egg_info --egg-base ../../build/arduinobot_utils build --build-base /home/adi/arduinobot_ws/build/arduinobot_utils/build install --record /home/adi/arduinobot_ws/build/arduinobot_utils/install.log --single-version-externally-managed install_data
