[0.078s] DEBUG:colcon:Command line arguments: ['/usr/bin/colcon', 'build']
[0.078s] DEBUG:colcon:Parsed command line arguments: Namespace(log_base=None, log_level=None, verb_name='build', build_base='build', install_base='install', merge_install=False, symlink_install=False, test_result_base=None, continue_on_error=False, executor='parallel', parallel_workers=12, event_handlers=None, ignore_user_meta=False, metas=['./colcon.meta'], base_paths=['.'], packages_ignore=None, packages_ignore_regex=None, paths=None, packages_up_to=None, packages_up_to_regex=None, packages_above=None, packages_above_and_dependencies=None, packages_above_depth=None, packages_select_by_dep=None, packages_skip_by_dep=None, packages_skip_up_to=None, packages_select_build_failed=False, packages_skip_build_finished=False, packages_select_test_failures=False, packages_skip_test_passed=False, packages_select=None, packages_skip=None, packages_select_regex=None, packages_skip_regex=None, packages_start=None, packages_end=None, allow_overriding=[], cmake_args=None, cmake_target=None, cmake_target_skip_unavailable=False, cmake_clean_cache=False, cmake_clean_first=False, cmake_force_configure=False, ament_cmake_args=None, catkin_cmake_args=None, catkin_skip_building_tests=False, verb_parser=<colcon_defaults.argument_parser.defaults.DefaultArgumentsDecorator object at 0x7f2e14d61570>, verb_extension=<colcon_core.verb.build.BuildVerb object at 0x7f2e14d61000>, main=<bound method BuildVerb.main of <colcon_core.verb.build.BuildVerb object at 0x7f2e14d61000>>)
[0.215s] Level 1:colcon.colcon_core.package_discovery:discover_packages(colcon_meta) check parameters
[0.215s] Level 1:colcon.colcon_core.package_discovery:discover_packages(recursive) check parameters
[0.215s] Level 1:colcon.colcon_core.package_discovery:discover_packages(ignore) check parameters
[0.215s] Level 1:colcon.colcon_core.package_discovery:discover_packages(path) check parameters
[0.215s] Level 1:colcon.colcon_core.package_discovery:discover_packages(colcon_meta) discover
[0.215s] Level 1:colcon.colcon_core.package_discovery:discover_packages(recursive) discover
[0.215s] INFO:colcon.colcon_core.package_discovery:Crawling recursively for packages in '/home/adi/arduinobot_ws'
[0.216s] Level 1:colcon.colcon_core.package_identification:_identify(.) by extensions ['ignore', 'ignore_ament_install']
[0.216s] Level 1:colcon.colcon_core.package_identification:_identify(.) by extension 'ignore'
[0.216s] Level 1:colcon.colcon_core.package_identification:_identify(.) by extension 'ignore_ament_install'
[0.216s] Level 1:colcon.colcon_core.package_identification:_identify(.) by extensions ['colcon_pkg']
[0.216s] Level 1:colcon.colcon_core.package_identification:_identify(.) by extension 'colcon_pkg'
[0.216s] Level 1:colcon.colcon_core.package_identification:_identify(.) by extensions ['colcon_meta']
[0.216s] Level 1:colcon.colcon_core.package_identification:_identify(.) by extension 'colcon_meta'
[0.216s] Level 1:colcon.colcon_core.package_identification:_identify(.) by extensions ['ros']
[0.216s] Level 1:colcon.colcon_core.package_identification:_identify(.) by extension 'ros'
[0.228s] Level 1:colcon.colcon_core.package_identification:_identify(.) by extensions ['cmake', 'python']
[0.228s] Level 1:colcon.colcon_core.package_identification:_identify(.) by extension 'cmake'
[0.228s] Level 1:colcon.colcon_core.package_identification:_identify(.) by extension 'python'
[0.228s] Level 1:colcon.colcon_core.package_identification:_identify(.) by extensions ['python_setup_py']
[0.228s] Level 1:colcon.colcon_core.package_identification:_identify(.) by extension 'python_setup_py'
[0.228s] Level 1:colcon.colcon_core.package_identification:_identify(build) by extensions ['ignore', 'ignore_ament_install']
[0.228s] Level 1:colcon.colcon_core.package_identification:_identify(build) by extension 'ignore'
[0.228s] Level 1:colcon.colcon_core.package_identification:_identify(build) ignored
[0.228s] Level 1:colcon.colcon_core.package_identification:_identify(install) by extensions ['ignore', 'ignore_ament_install']
[0.228s] Level 1:colcon.colcon_core.package_identification:_identify(install) by extension 'ignore'
[0.228s] Level 1:colcon.colcon_core.package_identification:_identify(install) ignored
[0.228s] Level 1:colcon.colcon_core.package_identification:_identify(log) by extensions ['ignore', 'ignore_ament_install']
[0.228s] Level 1:colcon.colcon_core.package_identification:_identify(log) by extension 'ignore'
[0.228s] Level 1:colcon.colcon_core.package_identification:_identify(log) ignored
[0.228s] Level 1:colcon.colcon_core.package_identification:_identify(src) by extensions ['ignore', 'ignore_ament_install']
[0.229s] Level 1:colcon.colcon_core.package_identification:_identify(src) by extension 'ignore'
[0.229s] Level 1:colcon.colcon_core.package_identification:_identify(src) by extension 'ignore_ament_install'
[0.229s] Level 1:colcon.colcon_core.package_identification:_identify(src) by extensions ['colcon_pkg']
[0.229s] Level 1:colcon.colcon_core.package_identification:_identify(src) by extension 'colcon_pkg'
[0.229s] Level 1:colcon.colcon_core.package_identification:_identify(src) by extensions ['colcon_meta']
[0.229s] Level 1:colcon.colcon_core.package_identification:_identify(src) by extension 'colcon_meta'
[0.229s] Level 1:colcon.colcon_core.package_identification:_identify(src) by extensions ['ros']
[0.229s] Level 1:colcon.colcon_core.package_identification:_identify(src) by extension 'ros'
[0.229s] Level 1:colcon.colcon_core.package_identification:_identify(src) by extensions ['cmake', 'python']
[0.229s] Level 1:colcon.colcon_core.package_identification:_identify(src) by extension 'cmake'
[0.229s] Level 1:colcon.colcon_core.package_identification:_identify(src) by extension 'python'
[0.229s] Level 1:colcon.colcon_core.package_identification:_identify(src) by extensions ['python_setup_py']
[0.229s] Level 1:colcon.colcon_core.package_identification:_identify(src) by extension 'python_setup_py'
[0.229s] Level 1:colcon.colcon_core.package_identification:_identify(src/arduinobot_controller) by extensions ['ignore', 'ignore_ament_install']
[0.229s] Level 1:colcon.colcon_core.package_identification:_identify(src/arduinobot_controller) by extension 'ignore'
[0.229s] Level 1:colcon.colcon_core.package_identification:_identify(src/arduinobot_controller) by extension 'ignore_ament_install'
[0.229s] Level 1:colcon.colcon_core.package_identification:_identify(src/arduinobot_controller) by extensions ['colcon_pkg']
[0.229s] Level 1:colcon.colcon_core.package_identification:_identify(src/arduinobot_controller) by extension 'colcon_pkg'
[0.229s] Level 1:colcon.colcon_core.package_identification:_identify(src/arduinobot_controller) by extensions ['colcon_meta']
[0.229s] Level 1:colcon.colcon_core.package_identification:_identify(src/arduinobot_controller) by extension 'colcon_meta'
[0.229s] Level 1:colcon.colcon_core.package_identification:_identify(src/arduinobot_controller) by extensions ['ros']
[0.229s] Level 1:colcon.colcon_core.package_identification:_identify(src/arduinobot_controller) by extension 'ros'
[0.231s] DEBUG:colcon.colcon_core.package_identification:Package 'src/arduinobot_controller' with type 'ros.ament_cmake' and name 'arduinobot_controller'
[0.231s] Level 1:colcon.colcon_core.package_identification:_identify(src/arduinobot_description) by extensions ['ignore', 'ignore_ament_install']
[0.231s] Level 1:colcon.colcon_core.package_identification:_identify(src/arduinobot_description) by extension 'ignore'
[0.231s] Level 1:colcon.colcon_core.package_identification:_identify(src/arduinobot_description) by extension 'ignore_ament_install'
[0.232s] Level 1:colcon.colcon_core.package_identification:_identify(src/arduinobot_description) by extensions ['colcon_pkg']
[0.232s] Level 1:colcon.colcon_core.package_identification:_identify(src/arduinobot_description) by extension 'colcon_pkg'
[0.232s] Level 1:colcon.colcon_core.package_identification:_identify(src/arduinobot_description) by extensions ['colcon_meta']
[0.232s] Level 1:colcon.colcon_core.package_identification:_identify(src/arduinobot_description) by extension 'colcon_meta'
[0.232s] Level 1:colcon.colcon_core.package_identification:_identify(src/arduinobot_description) by extensions ['ros']
[0.232s] Level 1:colcon.colcon_core.package_identification:_identify(src/arduinobot_description) by extension 'ros'
[0.232s] DEBUG:colcon.colcon_core.package_identification:Package 'src/arduinobot_description' with type 'ros.ament_cmake' and name 'arduinobot_description'
[0.232s] Level 1:colcon.colcon_core.package_identification:_identify(src/arduinobot_msgs) by extensions ['ignore', 'ignore_ament_install']
[0.232s] Level 1:colcon.colcon_core.package_identification:_identify(src/arduinobot_msgs) by extension 'ignore'
[0.232s] Level 1:colcon.colcon_core.package_identification:_identify(src/arduinobot_msgs) by extension 'ignore_ament_install'
[0.232s] Level 1:colcon.colcon_core.package_identification:_identify(src/arduinobot_msgs) by extensions ['colcon_pkg']
[0.232s] Level 1:colcon.colcon_core.package_identification:_identify(src/arduinobot_msgs) by extension 'colcon_pkg'
[0.232s] Level 1:colcon.colcon_core.package_identification:_identify(src/arduinobot_msgs) by extensions ['colcon_meta']
[0.233s] Level 1:colcon.colcon_core.package_identification:_identify(src/arduinobot_msgs) by extension 'colcon_meta'
[0.233s] Level 1:colcon.colcon_core.package_identification:_identify(src/arduinobot_msgs) by extensions ['ros']
[0.233s] Level 1:colcon.colcon_core.package_identification:_identify(src/arduinobot_msgs) by extension 'ros'
[0.233s] DEBUG:colcon.colcon_core.package_identification:Package 'src/arduinobot_msgs' with type 'ros.ament_cmake' and name 'arduinobot_msgs'
[0.233s] Level 1:colcon.colcon_core.package_identification:_identify(src/arduinobot_py_examples) by extensions ['ignore', 'ignore_ament_install']
[0.233s] Level 1:colcon.colcon_core.package_identification:_identify(src/arduinobot_py_examples) by extension 'ignore'
[0.233s] Level 1:colcon.colcon_core.package_identification:_identify(src/arduinobot_py_examples) by extension 'ignore_ament_install'
[0.233s] Level 1:colcon.colcon_core.package_identification:_identify(src/arduinobot_py_examples) by extensions ['colcon_pkg']
[0.233s] Level 1:colcon.colcon_core.package_identification:_identify(src/arduinobot_py_examples) by extension 'colcon_pkg'
[0.233s] Level 1:colcon.colcon_core.package_identification:_identify(src/arduinobot_py_examples) by extensions ['colcon_meta']
[0.233s] Level 1:colcon.colcon_core.package_identification:_identify(src/arduinobot_py_examples) by extension 'colcon_meta'
[0.233s] Level 1:colcon.colcon_core.package_identification:_identify(src/arduinobot_py_examples) by extensions ['ros']
[0.233s] Level 1:colcon.colcon_core.package_identification:_identify(src/arduinobot_py_examples) by extension 'ros'
[0.234s] DEBUG:colcon.colcon_core.package_identification:Package 'src/arduinobot_py_examples' with type 'ros.ament_python' and name 'arduinobot_py_examples'
[0.234s] Level 1:colcon.colcon_core.package_identification:_identify(src/arduinobot_utils) by extensions ['ignore', 'ignore_ament_install']
[0.234s] Level 1:colcon.colcon_core.package_identification:_identify(src/arduinobot_utils) by extension 'ignore'
[0.234s] Level 1:colcon.colcon_core.package_identification:_identify(src/arduinobot_utils) by extension 'ignore_ament_install'
[0.234s] Level 1:colcon.colcon_core.package_identification:_identify(src/arduinobot_utils) by extensions ['colcon_pkg']
[0.234s] Level 1:colcon.colcon_core.package_identification:_identify(src/arduinobot_utils) by extension 'colcon_pkg'
[0.234s] Level 1:colcon.colcon_core.package_identification:_identify(src/arduinobot_utils) by extensions ['colcon_meta']
[0.234s] Level 1:colcon.colcon_core.package_identification:_identify(src/arduinobot_utils) by extension 'colcon_meta'
[0.234s] Level 1:colcon.colcon_core.package_identification:_identify(src/arduinobot_utils) by extensions ['ros']
[0.234s] Level 1:colcon.colcon_core.package_identification:_identify(src/arduinobot_utils) by extension 'ros'
[0.234s] DEBUG:colcon.colcon_core.package_identification:Package 'src/arduinobot_utils' with type 'ros.ament_python' and name 'arduinobot_utils'
[0.234s] Level 1:colcon.colcon_core.package_identification:_identify(src/build) by extensions ['ignore', 'ignore_ament_install']
[0.234s] Level 1:colcon.colcon_core.package_identification:_identify(src/build) by extension 'ignore'
[0.235s] Level 1:colcon.colcon_core.package_identification:_identify(src/build) ignored
[0.235s] Level 1:colcon.colcon_core.package_identification:_identify(src/install) by extensions ['ignore', 'ignore_ament_install']
[0.235s] Level 1:colcon.colcon_core.package_identification:_identify(src/install) by extension 'ignore'
[0.235s] Level 1:colcon.colcon_core.package_identification:_identify(src/install) ignored
[0.235s] Level 1:colcon.colcon_core.package_identification:_identify(src/log) by extensions ['ignore', 'ignore_ament_install']
[0.235s] Level 1:colcon.colcon_core.package_identification:_identify(src/log) by extension 'ignore'
[0.235s] Level 1:colcon.colcon_core.package_identification:_identify(src/log) ignored
[0.235s] Level 1:colcon.colcon_core.package_discovery:discover_packages(recursive) using defaults
[0.235s] Level 1:colcon.colcon_core.package_discovery:discover_packages(ignore) discover
[0.235s] Level 1:colcon.colcon_core.package_discovery:discover_packages(ignore) using defaults
[0.235s] Level 1:colcon.colcon_core.package_discovery:discover_packages(path) discover
[0.235s] Level 1:colcon.colcon_core.package_discovery:discover_packages(path) using defaults
[0.264s] Level 1:colcon.colcon_core.package_discovery:discover_packages(prefix_path) check parameters
[0.264s] Level 1:colcon.colcon_core.package_discovery:discover_packages(prefix_path) discover
[0.265s] DEBUG:colcon.colcon_installed_package_information.package_discovery:Found 5 installed packages in /home/adi/arduinobot_ws/install
[0.266s] DEBUG:colcon.colcon_installed_package_information.package_discovery:Found 355 installed packages in /opt/ros/humble
[0.268s] Level 1:colcon.colcon_core.package_discovery:discover_packages(prefix_path) using defaults
[0.301s] Level 5:colcon.colcon_core.verb:set package 'arduinobot_controller' build argument 'cmake_args' from command line to 'None'
[0.301s] Level 5:colcon.colcon_core.verb:set package 'arduinobot_controller' build argument 'cmake_target' from command line to 'None'
[0.301s] Level 5:colcon.colcon_core.verb:set package 'arduinobot_controller' build argument 'cmake_target_skip_unavailable' from command line to 'False'
[0.301s] Level 5:colcon.colcon_core.verb:set package 'arduinobot_controller' build argument 'cmake_clean_cache' from command line to 'False'
[0.301s] Level 5:colcon.colcon_core.verb:set package 'arduinobot_controller' build argument 'cmake_clean_first' from command line to 'False'
[0.301s] Level 5:colcon.colcon_core.verb:set package 'arduinobot_controller' build argument 'cmake_force_configure' from command line to 'False'
[0.301s] Level 5:colcon.colcon_core.verb:set package 'arduinobot_controller' build argument 'ament_cmake_args' from command line to 'None'
[0.301s] Level 5:colcon.colcon_core.verb:set package 'arduinobot_controller' build argument 'catkin_cmake_args' from command line to 'None'
[0.301s] Level 5:colcon.colcon_core.verb:set package 'arduinobot_controller' build argument 'catkin_skip_building_tests' from command line to 'False'
[0.301s] DEBUG:colcon.colcon_core.verb:Building package 'arduinobot_controller' with the following arguments: {'ament_cmake_args': None, 'build_base': '/home/adi/arduinobot_ws/build/arduinobot_controller', 'catkin_cmake_args': None, 'catkin_skip_building_tests': False, 'cmake_args': None, 'cmake_clean_cache': False, 'cmake_clean_first': False, 'cmake_force_configure': False, 'cmake_target': None, 'cmake_target_skip_unavailable': False, 'install_base': '/home/adi/arduinobot_ws/install/arduinobot_controller', 'merge_install': False, 'path': '/home/adi/arduinobot_ws/src/arduinobot_controller', 'symlink_install': False, 'test_result_base': None}
[0.301s] Level 5:colcon.colcon_core.verb:set package 'arduinobot_description' build argument 'cmake_args' from command line to 'None'
[0.301s] Level 5:colcon.colcon_core.verb:set package 'arduinobot_description' build argument 'cmake_target' from command line to 'None'
[0.301s] Level 5:colcon.colcon_core.verb:set package 'arduinobot_description' build argument 'cmake_target_skip_unavailable' from command line to 'False'
[0.301s] Level 5:colcon.colcon_core.verb:set package 'arduinobot_description' build argument 'cmake_clean_cache' from command line to 'False'
[0.301s] Level 5:colcon.colcon_core.verb:set package 'arduinobot_description' build argument 'cmake_clean_first' from command line to 'False'
[0.301s] Level 5:colcon.colcon_core.verb:set package 'arduinobot_description' build argument 'cmake_force_configure' from command line to 'False'
[0.301s] Level 5:colcon.colcon_core.verb:set package 'arduinobot_description' build argument 'ament_cmake_args' from command line to 'None'
[0.302s] Level 5:colcon.colcon_core.verb:set package 'arduinobot_description' build argument 'catkin_cmake_args' from command line to 'None'
[0.302s] Level 5:colcon.colcon_core.verb:set package 'arduinobot_description' build argument 'catkin_skip_building_tests' from command line to 'False'
[0.302s] DEBUG:colcon.colcon_core.verb:Building package 'arduinobot_description' with the following arguments: {'ament_cmake_args': None, 'build_base': '/home/adi/arduinobot_ws/build/arduinobot_description', 'catkin_cmake_args': None, 'catkin_skip_building_tests': False, 'cmake_args': None, 'cmake_clean_cache': False, 'cmake_clean_first': False, 'cmake_force_configure': False, 'cmake_target': None, 'cmake_target_skip_unavailable': False, 'install_base': '/home/adi/arduinobot_ws/install/arduinobot_description', 'merge_install': False, 'path': '/home/adi/arduinobot_ws/src/arduinobot_description', 'symlink_install': False, 'test_result_base': None}
[0.302s] Level 5:colcon.colcon_core.verb:set package 'arduinobot_msgs' build argument 'cmake_args' from command line to 'None'
[0.302s] Level 5:colcon.colcon_core.verb:set package 'arduinobot_msgs' build argument 'cmake_target' from command line to 'None'
[0.302s] Level 5:colcon.colcon_core.verb:set package 'arduinobot_msgs' build argument 'cmake_target_skip_unavailable' from command line to 'False'
[0.302s] Level 5:colcon.colcon_core.verb:set package 'arduinobot_msgs' build argument 'cmake_clean_cache' from command line to 'False'
[0.302s] Level 5:colcon.colcon_core.verb:set package 'arduinobot_msgs' build argument 'cmake_clean_first' from command line to 'False'
[0.302s] Level 5:colcon.colcon_core.verb:set package 'arduinobot_msgs' build argument 'cmake_force_configure' from command line to 'False'
[0.302s] Level 5:colcon.colcon_core.verb:set package 'arduinobot_msgs' build argument 'ament_cmake_args' from command line to 'None'
[0.302s] Level 5:colcon.colcon_core.verb:set package 'arduinobot_msgs' build argument 'catkin_cmake_args' from command line to 'None'
[0.302s] Level 5:colcon.colcon_core.verb:set package 'arduinobot_msgs' build argument 'catkin_skip_building_tests' from command line to 'False'
[0.302s] DEBUG:colcon.colcon_core.verb:Building package 'arduinobot_msgs' with the following arguments: {'ament_cmake_args': None, 'build_base': '/home/adi/arduinobot_ws/build/arduinobot_msgs', 'catkin_cmake_args': None, 'catkin_skip_building_tests': False, 'cmake_args': None, 'cmake_clean_cache': False, 'cmake_clean_first': False, 'cmake_force_configure': False, 'cmake_target': None, 'cmake_target_skip_unavailable': False, 'install_base': '/home/adi/arduinobot_ws/install/arduinobot_msgs', 'merge_install': False, 'path': '/home/adi/arduinobot_ws/src/arduinobot_msgs', 'symlink_install': False, 'test_result_base': None}
[0.302s] Level 5:colcon.colcon_core.verb:set package 'arduinobot_py_examples' build argument 'cmake_args' from command line to 'None'
[0.302s] Level 5:colcon.colcon_core.verb:set package 'arduinobot_py_examples' build argument 'cmake_target' from command line to 'None'
[0.302s] Level 5:colcon.colcon_core.verb:set package 'arduinobot_py_examples' build argument 'cmake_target_skip_unavailable' from command line to 'False'
[0.302s] Level 5:colcon.colcon_core.verb:set package 'arduinobot_py_examples' build argument 'cmake_clean_cache' from command line to 'False'
[0.302s] Level 5:colcon.colcon_core.verb:set package 'arduinobot_py_examples' build argument 'cmake_clean_first' from command line to 'False'
[0.302s] Level 5:colcon.colcon_core.verb:set package 'arduinobot_py_examples' build argument 'cmake_force_configure' from command line to 'False'
[0.302s] Level 5:colcon.colcon_core.verb:set package 'arduinobot_py_examples' build argument 'ament_cmake_args' from command line to 'None'
[0.302s] Level 5:colcon.colcon_core.verb:set package 'arduinobot_py_examples' build argument 'catkin_cmake_args' from command line to 'None'
[0.302s] Level 5:colcon.colcon_core.verb:set package 'arduinobot_py_examples' build argument 'catkin_skip_building_tests' from command line to 'False'
[0.302s] DEBUG:colcon.colcon_core.verb:Building package 'arduinobot_py_examples' with the following arguments: {'ament_cmake_args': None, 'build_base': '/home/adi/arduinobot_ws/build/arduinobot_py_examples', 'catkin_cmake_args': None, 'catkin_skip_building_tests': False, 'cmake_args': None, 'cmake_clean_cache': False, 'cmake_clean_first': False, 'cmake_force_configure': False, 'cmake_target': None, 'cmake_target_skip_unavailable': False, 'install_base': '/home/adi/arduinobot_ws/install/arduinobot_py_examples', 'merge_install': False, 'path': '/home/adi/arduinobot_ws/src/arduinobot_py_examples', 'symlink_install': False, 'test_result_base': None}
[0.303s] Level 5:colcon.colcon_core.verb:set package 'arduinobot_utils' build argument 'cmake_args' from command line to 'None'
[0.303s] Level 5:colcon.colcon_core.verb:set package 'arduinobot_utils' build argument 'cmake_target' from command line to 'None'
[0.303s] Level 5:colcon.colcon_core.verb:set package 'arduinobot_utils' build argument 'cmake_target_skip_unavailable' from command line to 'False'
[0.303s] Level 5:colcon.colcon_core.verb:set package 'arduinobot_utils' build argument 'cmake_clean_cache' from command line to 'False'
[0.303s] Level 5:colcon.colcon_core.verb:set package 'arduinobot_utils' build argument 'cmake_clean_first' from command line to 'False'
[0.303s] Level 5:colcon.colcon_core.verb:set package 'arduinobot_utils' build argument 'cmake_force_configure' from command line to 'False'
[0.303s] Level 5:colcon.colcon_core.verb:set package 'arduinobot_utils' build argument 'ament_cmake_args' from command line to 'None'
[0.303s] Level 5:colcon.colcon_core.verb:set package 'arduinobot_utils' build argument 'catkin_cmake_args' from command line to 'None'
[0.303s] Level 5:colcon.colcon_core.verb:set package 'arduinobot_utils' build argument 'catkin_skip_building_tests' from command line to 'False'
[0.303s] DEBUG:colcon.colcon_core.verb:Building package 'arduinobot_utils' with the following arguments: {'ament_cmake_args': None, 'build_base': '/home/adi/arduinobot_ws/build/arduinobot_utils', 'catkin_cmake_args': None, 'catkin_skip_building_tests': False, 'cmake_args': None, 'cmake_clean_cache': False, 'cmake_clean_first': False, 'cmake_force_configure': False, 'cmake_target': None, 'cmake_target_skip_unavailable': False, 'install_base': '/home/adi/arduinobot_ws/install/arduinobot_utils', 'merge_install': False, 'path': '/home/adi/arduinobot_ws/src/arduinobot_utils', 'symlink_install': False, 'test_result_base': None}
[0.303s] INFO:colcon.colcon_core.executor:Executing jobs using 'parallel' executor
[0.304s] DEBUG:colcon.colcon_parallel_executor.executor.parallel:run_until_complete
[0.304s] INFO:colcon.colcon_ros.task.ament_cmake.build:Building ROS package in '/home/adi/arduinobot_ws/src/arduinobot_msgs' with build type 'ament_cmake'
[0.304s] INFO:colcon.colcon_cmake.task.cmake.build:Building CMake package in '/home/adi/arduinobot_ws/src/arduinobot_msgs'
[0.306s] INFO:colcon.colcon_core.plugin_system:Skipping extension 'colcon_core.shell.bat': Not used on non-Windows systems
[0.306s] INFO:colcon.colcon_core.shell:Skip shell extension 'powershell' for command environment: Not usable outside of PowerShell
[0.306s] DEBUG:colcon.colcon_core.shell:Skip shell extension 'dsv' for command environment
[0.308s] DEBUG:colcon.colcon_core.shell:Ignoring prefix path '/home/adi/catkin_ws/devel'
[0.309s] INFO:colcon.colcon_ros.task.ament_cmake.build:Building ROS package in '/home/adi/arduinobot_ws/src/arduinobot_controller' with build type 'ament_cmake'
[0.309s] INFO:colcon.colcon_cmake.task.cmake.build:Building CMake package in '/home/adi/arduinobot_ws/src/arduinobot_controller'
[0.309s] INFO:colcon.colcon_core.shell:Skip shell extension 'powershell' for command environment: Not usable outside of PowerShell
[0.309s] DEBUG:colcon.colcon_core.shell:Skip shell extension 'dsv' for command environment
[0.311s] DEBUG:colcon.colcon_core.shell:Ignoring prefix path '/home/adi/catkin_ws/devel'
[0.312s] INFO:colcon.colcon_ros.task.ament_cmake.build:Building ROS package in '/home/adi/arduinobot_ws/src/arduinobot_description' with build type 'ament_cmake'
[0.312s] INFO:colcon.colcon_cmake.task.cmake.build:Building CMake package in '/home/adi/arduinobot_ws/src/arduinobot_description'
[0.312s] INFO:colcon.colcon_core.shell:Skip shell extension 'powershell' for command environment: Not usable outside of PowerShell
[0.312s] DEBUG:colcon.colcon_core.shell:Skip shell extension 'dsv' for command environment
[0.314s] DEBUG:colcon.colcon_core.shell:Ignoring prefix path '/home/adi/catkin_ws/devel'
[0.319s] DEBUG:colcon.colcon_core.event_handler.log_command:Invoking command in '/home/adi/arduinobot_ws/build/arduinobot_msgs': CMAKE_PREFIX_PATH=/home/adi/arduinobot_ws/install/arduinobot_msgs:/home/adi/arduinobot_ws/install/arduinobot_description:/home/adi/arduinobot_ws/install/arduinobot_controller:/home/adi/arduinobot_ws/install/arduinobot_utils:/home/adi/arduinobot_ws/install/arduinobot_py_examples:/opt/ros/humble:/home/adi/catkin_ws/devel:/opt/ros/noetic /usr/bin/cmake --build /home/adi/arduinobot_ws/build/arduinobot_msgs -- -j12 -l12
[0.321s] DEBUG:colcon.colcon_core.event_handler.log_command:Invoking command in '/home/adi/arduinobot_ws/build/arduinobot_controller': CMAKE_PREFIX_PATH=/home/adi/arduinobot_ws/install/arduinobot_msgs:/home/adi/arduinobot_ws/install/arduinobot_description:/home/adi/arduinobot_ws/install/arduinobot_controller:/home/adi/arduinobot_ws/install/arduinobot_utils:/home/adi/arduinobot_ws/install/arduinobot_py_examples:/opt/ros/humble:/home/adi/catkin_ws/devel:/opt/ros/noetic /usr/bin/cmake --build /home/adi/arduinobot_ws/build/arduinobot_controller -- -j12 -l12
[0.345s] DEBUG:colcon.colcon_core.event_handler.log_command:Invoking command in '/home/adi/arduinobot_ws/build/arduinobot_description': CMAKE_PREFIX_PATH=/home/adi/arduinobot_ws/install/arduinobot_msgs:/home/adi/arduinobot_ws/install/arduinobot_description:/home/adi/arduinobot_ws/install/arduinobot_controller:/home/adi/arduinobot_ws/install/arduinobot_utils:/home/adi/arduinobot_ws/install/arduinobot_py_examples:/opt/ros/humble:/home/adi/catkin_ws/devel:/opt/ros/noetic /usr/bin/cmake --build /home/adi/arduinobot_ws/build/arduinobot_description -- -j12 -l12
[0.361s] DEBUG:colcon.colcon_core.event_handler.log_command:Invoked command in '/home/adi/arduinobot_ws/build/arduinobot_controller' returned '0': CMAKE_PREFIX_PATH=/home/adi/arduinobot_ws/install/arduinobot_msgs:/home/adi/arduinobot_ws/install/arduinobot_description:/home/adi/arduinobot_ws/install/arduinobot_controller:/home/adi/arduinobot_ws/install/arduinobot_utils:/home/adi/arduinobot_ws/install/arduinobot_py_examples:/opt/ros/humble:/home/adi/catkin_ws/devel:/opt/ros/noetic /usr/bin/cmake --build /home/adi/arduinobot_ws/build/arduinobot_controller -- -j12 -l12
[0.398s] DEBUG:colcon.colcon_core.event_handler.log_command:Invoking command in '/home/adi/arduinobot_ws/build/arduinobot_controller': CMAKE_PREFIX_PATH=/home/adi/arduinobot_ws/install/arduinobot_msgs:/home/adi/arduinobot_ws/install/arduinobot_description:/home/adi/arduinobot_ws/install/arduinobot_controller:/home/adi/arduinobot_ws/install/arduinobot_utils:/home/adi/arduinobot_ws/install/arduinobot_py_examples:/opt/ros/humble:/home/adi/catkin_ws/devel:/opt/ros/noetic /usr/bin/cmake --install /home/adi/arduinobot_ws/build/arduinobot_controller
[0.400s] DEBUG:colcon.colcon_core.event_handler.log_command:Invoked command in '/home/adi/arduinobot_ws/build/arduinobot_description' returned '0': CMAKE_PREFIX_PATH=/home/adi/arduinobot_ws/install/arduinobot_msgs:/home/adi/arduinobot_ws/install/arduinobot_description:/home/adi/arduinobot_ws/install/arduinobot_controller:/home/adi/arduinobot_ws/install/arduinobot_utils:/home/adi/arduinobot_ws/install/arduinobot_py_examples:/opt/ros/humble:/home/adi/catkin_ws/devel:/opt/ros/noetic /usr/bin/cmake --build /home/adi/arduinobot_ws/build/arduinobot_description -- -j12 -l12
[0.409s] Level 1:colcon.colcon_core.environment:create_environment_scripts_only(arduinobot_controller)
[0.410s] DEBUG:colcon.colcon_core.event_handler.log_command:Invoked command in '/home/adi/arduinobot_ws/build/arduinobot_controller' returned '0': CMAKE_PREFIX_PATH=/home/adi/arduinobot_ws/install/arduinobot_msgs:/home/adi/arduinobot_ws/install/arduinobot_description:/home/adi/arduinobot_ws/install/arduinobot_controller:/home/adi/arduinobot_ws/install/arduinobot_utils:/home/adi/arduinobot_ws/install/arduinobot_py_examples:/opt/ros/humble:/home/adi/catkin_ws/devel:/opt/ros/noetic /usr/bin/cmake --install /home/adi/arduinobot_ws/build/arduinobot_controller
[0.412s] Level 1:colcon.colcon_core.environment:checking '/home/adi/arduinobot_ws/install/arduinobot_controller' for CMake module files
[0.412s] Level 1:colcon.colcon_core.environment:checking '/home/adi/arduinobot_ws/install/arduinobot_controller' for CMake config files
[0.413s] Level 1:colcon.colcon_core.shell:create_environment_hook('arduinobot_controller', 'cmake_prefix_path')
[0.413s] INFO:colcon.colcon_core.shell:Creating environment hook '/home/adi/arduinobot_ws/install/arduinobot_controller/share/arduinobot_controller/hook/cmake_prefix_path.ps1'
[0.414s] INFO:colcon.colcon_core.shell:Creating environment descriptor '/home/adi/arduinobot_ws/install/arduinobot_controller/share/arduinobot_controller/hook/cmake_prefix_path.dsv'
[0.414s] INFO:colcon.colcon_core.shell:Creating environment hook '/home/adi/arduinobot_ws/install/arduinobot_controller/share/arduinobot_controller/hook/cmake_prefix_path.sh'
[0.415s] Level 1:colcon.colcon_core.environment:checking '/home/adi/arduinobot_ws/install/arduinobot_controller/bin'
[0.415s] Level 1:colcon.colcon_core.environment:checking '/home/adi/arduinobot_ws/install/arduinobot_controller/lib/pkgconfig/arduinobot_controller.pc'
[0.416s] Level 1:colcon.colcon_core.environment:checking '/home/adi/arduinobot_ws/install/arduinobot_controller/lib/python3.10/site-packages'
[0.416s] Level 1:colcon.colcon_core.environment:checking '/home/adi/arduinobot_ws/install/arduinobot_controller/bin'
[0.416s] INFO:colcon.colcon_core.shell:Creating package script '/home/adi/arduinobot_ws/install/arduinobot_controller/share/arduinobot_controller/package.ps1'
[0.418s] INFO:colcon.colcon_core.shell:Creating package descriptor '/home/adi/arduinobot_ws/install/arduinobot_controller/share/arduinobot_controller/package.dsv'
[0.419s] INFO:colcon.colcon_core.shell:Creating package script '/home/adi/arduinobot_ws/install/arduinobot_controller/share/arduinobot_controller/package.sh'
[0.420s] INFO:colcon.colcon_core.shell:Creating package script '/home/adi/arduinobot_ws/install/arduinobot_controller/share/arduinobot_controller/package.bash'
[0.421s] INFO:colcon.colcon_core.shell:Creating package script '/home/adi/arduinobot_ws/install/arduinobot_controller/share/arduinobot_controller/package.zsh'
[0.422s] Level 1:colcon.colcon_core.environment:create_file_with_runtime_dependencies(/home/adi/arduinobot_ws/install/arduinobot_controller/share/colcon-core/packages/arduinobot_controller)
[0.425s] DEBUG:colcon.colcon_core.event_handler.log_command:Invoking command in '/home/adi/arduinobot_ws/build/arduinobot_description': CMAKE_PREFIX_PATH=/home/adi/arduinobot_ws/install/arduinobot_msgs:/home/adi/arduinobot_ws/install/arduinobot_description:/home/adi/arduinobot_ws/install/arduinobot_controller:/home/adi/arduinobot_ws/install/arduinobot_utils:/home/adi/arduinobot_ws/install/arduinobot_py_examples:/opt/ros/humble:/home/adi/catkin_ws/devel:/opt/ros/noetic /usr/bin/cmake --install /home/adi/arduinobot_ws/build/arduinobot_description
[0.435s] Level 1:colcon.colcon_core.environment:create_environment_scripts_only(arduinobot_description)
[0.436s] Level 1:colcon.colcon_core.environment:checking '/home/adi/arduinobot_ws/install/arduinobot_description' for CMake module files
[0.438s] DEBUG:colcon.colcon_core.event_handler.log_command:Invoked command in '/home/adi/arduinobot_ws/build/arduinobot_description' returned '0': CMAKE_PREFIX_PATH=/home/adi/arduinobot_ws/install/arduinobot_msgs:/home/adi/arduinobot_ws/install/arduinobot_description:/home/adi/arduinobot_ws/install/arduinobot_controller:/home/adi/arduinobot_ws/install/arduinobot_utils:/home/adi/arduinobot_ws/install/arduinobot_py_examples:/opt/ros/humble:/home/adi/catkin_ws/devel:/opt/ros/noetic /usr/bin/cmake --install /home/adi/arduinobot_ws/build/arduinobot_description
[0.438s] Level 1:colcon.colcon_core.environment:checking '/home/adi/arduinobot_ws/install/arduinobot_description' for CMake config files
[0.439s] Level 1:colcon.colcon_core.shell:create_environment_hook('arduinobot_description', 'cmake_prefix_path')
[0.439s] INFO:colcon.colcon_core.shell:Creating environment hook '/home/adi/arduinobot_ws/install/arduinobot_description/share/arduinobot_description/hook/cmake_prefix_path.ps1'
[0.440s] INFO:colcon.colcon_core.shell:Creating environment descriptor '/home/adi/arduinobot_ws/install/arduinobot_description/share/arduinobot_description/hook/cmake_prefix_path.dsv'
[0.441s] INFO:colcon.colcon_core.shell:Creating environment hook '/home/adi/arduinobot_ws/install/arduinobot_description/share/arduinobot_description/hook/cmake_prefix_path.sh'
[0.441s] Level 1:colcon.colcon_core.environment:checking '/home/adi/arduinobot_ws/install/arduinobot_description/bin'
[0.441s] Level 1:colcon.colcon_core.environment:checking '/home/adi/arduinobot_ws/install/arduinobot_description/lib/pkgconfig/arduinobot_description.pc'
[0.442s] Level 1:colcon.colcon_core.environment:checking '/home/adi/arduinobot_ws/install/arduinobot_description/lib/python3.10/site-packages'
[0.442s] Level 1:colcon.colcon_core.environment:checking '/home/adi/arduinobot_ws/install/arduinobot_description/bin'
[0.442s] INFO:colcon.colcon_core.shell:Creating package script '/home/adi/arduinobot_ws/install/arduinobot_description/share/arduinobot_description/package.ps1'
[0.443s] INFO:colcon.colcon_core.shell:Creating package descriptor '/home/adi/arduinobot_ws/install/arduinobot_description/share/arduinobot_description/package.dsv'
[0.443s] INFO:colcon.colcon_core.shell:Creating package script '/home/adi/arduinobot_ws/install/arduinobot_description/share/arduinobot_description/package.sh'
[0.443s] INFO:colcon.colcon_core.shell:Creating package script '/home/adi/arduinobot_ws/install/arduinobot_description/share/arduinobot_description/package.bash'
[0.443s] INFO:colcon.colcon_core.shell:Creating package script '/home/adi/arduinobot_ws/install/arduinobot_description/share/arduinobot_description/package.zsh'
[0.444s] Level 1:colcon.colcon_core.environment:create_file_with_runtime_dependencies(/home/adi/arduinobot_ws/install/arduinobot_description/share/colcon-core/packages/arduinobot_description)
[0.446s] Level 1:colcon.colcon_core.environment:create_environment_scripts_only(arduinobot_controller)
[0.446s] Level 1:colcon.colcon_core.environment:checking '/home/adi/arduinobot_ws/install/arduinobot_controller' for CMake module files
[0.446s] Level 1:colcon.colcon_core.environment:checking '/home/adi/arduinobot_ws/install/arduinobot_controller' for CMake config files
[0.446s] Level 1:colcon.colcon_core.shell:create_environment_hook('arduinobot_controller', 'cmake_prefix_path')
[0.447s] INFO:colcon.colcon_core.shell:Creating environment hook '/home/adi/arduinobot_ws/install/arduinobot_controller/share/arduinobot_controller/hook/cmake_prefix_path.ps1'
[0.447s] INFO:colcon.colcon_core.shell:Creating environment descriptor '/home/adi/arduinobot_ws/install/arduinobot_controller/share/arduinobot_controller/hook/cmake_prefix_path.dsv'
[0.447s] INFO:colcon.colcon_core.shell:Creating environment hook '/home/adi/arduinobot_ws/install/arduinobot_controller/share/arduinobot_controller/hook/cmake_prefix_path.sh'
[0.448s] Level 1:colcon.colcon_core.environment:checking '/home/adi/arduinobot_ws/install/arduinobot_controller/bin'
[0.448s] Level 1:colcon.colcon_core.environment:checking '/home/adi/arduinobot_ws/install/arduinobot_controller/lib/pkgconfig/arduinobot_controller.pc'
[0.448s] Level 1:colcon.colcon_core.environment:checking '/home/adi/arduinobot_ws/install/arduinobot_controller/lib/python3.10/site-packages'
[0.448s] Level 1:colcon.colcon_core.environment:checking '/home/adi/arduinobot_ws/install/arduinobot_controller/bin'
[0.449s] INFO:colcon.colcon_core.shell:Creating package script '/home/adi/arduinobot_ws/install/arduinobot_controller/share/arduinobot_controller/package.ps1'
[0.449s] INFO:colcon.colcon_core.shell:Creating package descriptor '/home/adi/arduinobot_ws/install/arduinobot_controller/share/arduinobot_controller/package.dsv'
[0.450s] INFO:colcon.colcon_core.shell:Creating package script '/home/adi/arduinobot_ws/install/arduinobot_controller/share/arduinobot_controller/package.sh'
[0.450s] INFO:colcon.colcon_core.shell:Creating package script '/home/adi/arduinobot_ws/install/arduinobot_controller/share/arduinobot_controller/package.bash'
[0.450s] INFO:colcon.colcon_core.shell:Creating package script '/home/adi/arduinobot_ws/install/arduinobot_controller/share/arduinobot_controller/package.zsh'
[0.451s] Level 1:colcon.colcon_core.environment:create_file_with_runtime_dependencies(/home/adi/arduinobot_ws/install/arduinobot_controller/share/colcon-core/packages/arduinobot_controller)
[0.460s] Level 1:colcon.colcon_core.environment:create_environment_scripts_only(arduinobot_description)
[0.461s] Level 1:colcon.colcon_core.environment:checking '/home/adi/arduinobot_ws/install/arduinobot_description' for CMake module files
[0.462s] Level 1:colcon.colcon_core.environment:checking '/home/adi/arduinobot_ws/install/arduinobot_description' for CMake config files
[0.462s] Level 1:colcon.colcon_core.shell:create_environment_hook('arduinobot_description', 'cmake_prefix_path')
[0.462s] INFO:colcon.colcon_core.shell:Creating environment hook '/home/adi/arduinobot_ws/install/arduinobot_description/share/arduinobot_description/hook/cmake_prefix_path.ps1'
[0.463s] INFO:colcon.colcon_core.shell:Creating environment descriptor '/home/adi/arduinobot_ws/install/arduinobot_description/share/arduinobot_description/hook/cmake_prefix_path.dsv'
[0.464s] INFO:colcon.colcon_core.shell:Creating environment hook '/home/adi/arduinobot_ws/install/arduinobot_description/share/arduinobot_description/hook/cmake_prefix_path.sh'
[0.465s] Level 1:colcon.colcon_core.environment:checking '/home/adi/arduinobot_ws/install/arduinobot_description/bin'
[0.465s] Level 1:colcon.colcon_core.environment:checking '/home/adi/arduinobot_ws/install/arduinobot_description/lib/pkgconfig/arduinobot_description.pc'
[0.465s] Level 1:colcon.colcon_core.environment:checking '/home/adi/arduinobot_ws/install/arduinobot_description/lib/python3.10/site-packages'
[0.466s] Level 1:colcon.colcon_core.environment:checking '/home/adi/arduinobot_ws/install/arduinobot_description/bin'
[0.466s] INFO:colcon.colcon_core.shell:Creating package script '/home/adi/arduinobot_ws/install/arduinobot_description/share/arduinobot_description/package.ps1'
[0.467s] INFO:colcon.colcon_core.shell:Creating package descriptor '/home/adi/arduinobot_ws/install/arduinobot_description/share/arduinobot_description/package.dsv'
[0.467s] INFO:colcon.colcon_core.shell:Creating package script '/home/adi/arduinobot_ws/install/arduinobot_description/share/arduinobot_description/package.sh'
[0.468s] INFO:colcon.colcon_core.shell:Creating package script '/home/adi/arduinobot_ws/install/arduinobot_description/share/arduinobot_description/package.bash'
[0.468s] INFO:colcon.colcon_core.shell:Creating package script '/home/adi/arduinobot_ws/install/arduinobot_description/share/arduinobot_description/package.zsh'
[0.469s] Level 1:colcon.colcon_core.environment:create_file_with_runtime_dependencies(/home/adi/arduinobot_ws/install/arduinobot_description/share/colcon-core/packages/arduinobot_description)
[0.664s] DEBUG:colcon.colcon_core.event_handler.log_command:Invoked command in '/home/adi/arduinobot_ws/build/arduinobot_msgs' returned '0': CMAKE_PREFIX_PATH=/home/adi/arduinobot_ws/install/arduinobot_msgs:/home/adi/arduinobot_ws/install/arduinobot_description:/home/adi/arduinobot_ws/install/arduinobot_controller:/home/adi/arduinobot_ws/install/arduinobot_utils:/home/adi/arduinobot_ws/install/arduinobot_py_examples:/opt/ros/humble:/home/adi/catkin_ws/devel:/opt/ros/noetic /usr/bin/cmake --build /home/adi/arduinobot_ws/build/arduinobot_msgs -- -j12 -l12
[0.724s] DEBUG:colcon.colcon_core.event_handler.log_command:Invoking command in '/home/adi/arduinobot_ws/build/arduinobot_msgs': CMAKE_PREFIX_PATH=/home/adi/arduinobot_ws/install/arduinobot_msgs:/home/adi/arduinobot_ws/install/arduinobot_description:/home/adi/arduinobot_ws/install/arduinobot_controller:/home/adi/arduinobot_ws/install/arduinobot_utils:/home/adi/arduinobot_ws/install/arduinobot_py_examples:/opt/ros/humble:/home/adi/catkin_ws/devel:/opt/ros/noetic /usr/bin/cmake --install /home/adi/arduinobot_ws/build/arduinobot_msgs
[0.778s] Level 1:colcon.colcon_core.environment:create_environment_scripts_only(arduinobot_msgs)
[0.779s] Level 1:colcon.colcon_core.environment:checking '/home/adi/arduinobot_ws/install/arduinobot_msgs' for CMake module files
[0.779s] DEBUG:colcon.colcon_core.event_handler.log_command:Invoked command in '/home/adi/arduinobot_ws/build/arduinobot_msgs' returned '0': CMAKE_PREFIX_PATH=/home/adi/arduinobot_ws/install/arduinobot_msgs:/home/adi/arduinobot_ws/install/arduinobot_description:/home/adi/arduinobot_ws/install/arduinobot_controller:/home/adi/arduinobot_ws/install/arduinobot_utils:/home/adi/arduinobot_ws/install/arduinobot_py_examples:/opt/ros/humble:/home/adi/catkin_ws/devel:/opt/ros/noetic /usr/bin/cmake --install /home/adi/arduinobot_ws/build/arduinobot_msgs
[0.780s] Level 1:colcon.colcon_core.environment:checking '/home/adi/arduinobot_ws/install/arduinobot_msgs' for CMake config files
[0.780s] Level 1:colcon.colcon_core.shell:create_environment_hook('arduinobot_msgs', 'cmake_prefix_path')
[0.780s] INFO:colcon.colcon_core.shell:Creating environment hook '/home/adi/arduinobot_ws/install/arduinobot_msgs/share/arduinobot_msgs/hook/cmake_prefix_path.ps1'
[0.781s] INFO:colcon.colcon_core.shell:Creating environment descriptor '/home/adi/arduinobot_ws/install/arduinobot_msgs/share/arduinobot_msgs/hook/cmake_prefix_path.dsv'
[0.781s] INFO:colcon.colcon_core.shell:Creating environment hook '/home/adi/arduinobot_ws/install/arduinobot_msgs/share/arduinobot_msgs/hook/cmake_prefix_path.sh'
[0.781s] Level 1:colcon.colcon_core.environment:checking '/home/adi/arduinobot_ws/install/arduinobot_msgs/lib'
[0.781s] Level 1:colcon.colcon_core.shell:create_environment_hook('arduinobot_msgs', 'ld_library_path_lib')
[0.782s] INFO:colcon.colcon_core.shell:Creating environment hook '/home/adi/arduinobot_ws/install/arduinobot_msgs/share/arduinobot_msgs/hook/ld_library_path_lib.ps1'
[0.782s] INFO:colcon.colcon_core.shell:Creating environment descriptor '/home/adi/arduinobot_ws/install/arduinobot_msgs/share/arduinobot_msgs/hook/ld_library_path_lib.dsv'
[0.782s] INFO:colcon.colcon_core.shell:Creating environment hook '/home/adi/arduinobot_ws/install/arduinobot_msgs/share/arduinobot_msgs/hook/ld_library_path_lib.sh'
[0.782s] Level 1:colcon.colcon_core.environment:checking '/home/adi/arduinobot_ws/install/arduinobot_msgs/bin'
[0.782s] Level 1:colcon.colcon_core.environment:checking '/home/adi/arduinobot_ws/install/arduinobot_msgs/lib/pkgconfig/arduinobot_msgs.pc'
[0.783s] Level 1:colcon.colcon_core.environment:checking '/home/adi/arduinobot_ws/install/arduinobot_msgs/lib/python3.10/site-packages'
[0.783s] Level 1:colcon.colcon_core.environment:checking '/home/adi/arduinobot_ws/install/arduinobot_msgs/bin'
[0.783s] INFO:colcon.colcon_core.shell:Creating package script '/home/adi/arduinobot_ws/install/arduinobot_msgs/share/arduinobot_msgs/package.ps1'
[0.783s] INFO:colcon.colcon_core.shell:Creating package descriptor '/home/adi/arduinobot_ws/install/arduinobot_msgs/share/arduinobot_msgs/package.dsv'
[0.784s] INFO:colcon.colcon_core.shell:Creating package script '/home/adi/arduinobot_ws/install/arduinobot_msgs/share/arduinobot_msgs/package.sh'
[0.784s] INFO:colcon.colcon_core.shell:Creating package script '/home/adi/arduinobot_ws/install/arduinobot_msgs/share/arduinobot_msgs/package.bash'
[0.784s] INFO:colcon.colcon_core.shell:Creating package script '/home/adi/arduinobot_ws/install/arduinobot_msgs/share/arduinobot_msgs/package.zsh'
[0.785s] Level 1:colcon.colcon_core.environment:create_file_with_runtime_dependencies(/home/adi/arduinobot_ws/install/arduinobot_msgs/share/colcon-core/packages/arduinobot_msgs)
[0.846s] Level 1:colcon.colcon_core.environment:create_environment_scripts_only(arduinobot_msgs)
[0.846s] Level 1:colcon.colcon_core.environment:checking '/home/adi/arduinobot_ws/install/arduinobot_msgs' for CMake module files
[0.846s] Level 1:colcon.colcon_core.environment:checking '/home/adi/arduinobot_ws/install/arduinobot_msgs' for CMake config files
[0.847s] Level 1:colcon.colcon_core.shell:create_environment_hook('arduinobot_msgs', 'cmake_prefix_path')
[0.847s] INFO:colcon.colcon_core.shell:Creating environment hook '/home/adi/arduinobot_ws/install/arduinobot_msgs/share/arduinobot_msgs/hook/cmake_prefix_path.ps1'
[0.847s] INFO:colcon.colcon_core.shell:Creating environment descriptor '/home/adi/arduinobot_ws/install/arduinobot_msgs/share/arduinobot_msgs/hook/cmake_prefix_path.dsv'
[0.848s] INFO:colcon.colcon_core.shell:Creating environment hook '/home/adi/arduinobot_ws/install/arduinobot_msgs/share/arduinobot_msgs/hook/cmake_prefix_path.sh'
[0.848s] Level 1:colcon.colcon_core.environment:checking '/home/adi/arduinobot_ws/install/arduinobot_msgs/lib'
[0.848s] Level 1:colcon.colcon_core.shell:create_environment_hook('arduinobot_msgs', 'ld_library_path_lib')
[0.849s] INFO:colcon.colcon_core.shell:Creating environment hook '/home/adi/arduinobot_ws/install/arduinobot_msgs/share/arduinobot_msgs/hook/ld_library_path_lib.ps1'
[0.849s] INFO:colcon.colcon_core.shell:Creating environment descriptor '/home/adi/arduinobot_ws/install/arduinobot_msgs/share/arduinobot_msgs/hook/ld_library_path_lib.dsv'
[0.849s] INFO:colcon.colcon_core.shell:Creating environment hook '/home/adi/arduinobot_ws/install/arduinobot_msgs/share/arduinobot_msgs/hook/ld_library_path_lib.sh'
[0.850s] Level 1:colcon.colcon_core.environment:checking '/home/adi/arduinobot_ws/install/arduinobot_msgs/bin'
[0.850s] Level 1:colcon.colcon_core.environment:checking '/home/adi/arduinobot_ws/install/arduinobot_msgs/lib/pkgconfig/arduinobot_msgs.pc'
[0.850s] Level 1:colcon.colcon_core.environment:checking '/home/adi/arduinobot_ws/install/arduinobot_msgs/lib/python3.10/site-packages'
[0.850s] Level 1:colcon.colcon_core.environment:checking '/home/adi/arduinobot_ws/install/arduinobot_msgs/bin'
[0.850s] INFO:colcon.colcon_core.shell:Creating package script '/home/adi/arduinobot_ws/install/arduinobot_msgs/share/arduinobot_msgs/package.ps1'
[0.851s] INFO:colcon.colcon_core.shell:Creating package descriptor '/home/adi/arduinobot_ws/install/arduinobot_msgs/share/arduinobot_msgs/package.dsv'
[0.851s] INFO:colcon.colcon_core.shell:Creating package script '/home/adi/arduinobot_ws/install/arduinobot_msgs/share/arduinobot_msgs/package.sh'
[0.852s] INFO:colcon.colcon_core.shell:Creating package script '/home/adi/arduinobot_ws/install/arduinobot_msgs/share/arduinobot_msgs/package.bash'
[0.852s] INFO:colcon.colcon_core.shell:Creating package script '/home/adi/arduinobot_ws/install/arduinobot_msgs/share/arduinobot_msgs/package.zsh'
[0.852s] Level 1:colcon.colcon_core.environment:create_file_with_runtime_dependencies(/home/adi/arduinobot_ws/install/arduinobot_msgs/share/colcon-core/packages/arduinobot_msgs)
[0.853s] INFO:colcon.colcon_ros.task.ament_python.build:Building ROS package in '/home/adi/arduinobot_ws/src/arduinobot_py_examples' with build type 'ament_python'
[0.853s] Level 1:colcon.colcon_core.shell:create_environment_hook('arduinobot_py_examples', 'ament_prefix_path')
[0.853s] INFO:colcon.colcon_core.shell:Creating environment hook '/home/adi/arduinobot_ws/install/arduinobot_py_examples/share/arduinobot_py_examples/hook/ament_prefix_path.ps1'
[0.854s] INFO:colcon.colcon_core.shell:Creating environment descriptor '/home/adi/arduinobot_ws/install/arduinobot_py_examples/share/arduinobot_py_examples/hook/ament_prefix_path.dsv'
[0.854s] INFO:colcon.colcon_core.shell:Creating environment hook '/home/adi/arduinobot_ws/install/arduinobot_py_examples/share/arduinobot_py_examples/hook/ament_prefix_path.sh'
[0.855s] INFO:colcon.colcon_core.shell:Skip shell extension 'powershell' for command environment: Not usable outside of PowerShell
[0.855s] DEBUG:colcon.colcon_core.shell:Skip shell extension 'dsv' for command environment
[0.857s] DEBUG:colcon.colcon_core.shell:Ignoring prefix path '/home/adi/catkin_ws/devel'
[0.857s] INFO:colcon.colcon_ros.task.ament_python.build:Building ROS package in '/home/adi/arduinobot_ws/src/arduinobot_utils' with build type 'ament_python'
[0.858s] Level 1:colcon.colcon_core.shell:create_environment_hook('arduinobot_utils', 'ament_prefix_path')
[0.858s] INFO:colcon.colcon_core.shell:Creating environment hook '/home/adi/arduinobot_ws/install/arduinobot_utils/share/arduinobot_utils/hook/ament_prefix_path.ps1'
[0.858s] INFO:colcon.colcon_core.shell:Creating environment descriptor '/home/adi/arduinobot_ws/install/arduinobot_utils/share/arduinobot_utils/hook/ament_prefix_path.dsv'
[0.858s] INFO:colcon.colcon_core.shell:Creating environment hook '/home/adi/arduinobot_ws/install/arduinobot_utils/share/arduinobot_utils/hook/ament_prefix_path.sh'
[0.859s] INFO:colcon.colcon_core.shell:Skip shell extension 'powershell' for command environment: Not usable outside of PowerShell
[0.859s] DEBUG:colcon.colcon_core.shell:Skip shell extension 'dsv' for command environment
[0.861s] DEBUG:colcon.colcon_core.shell:Ignoring prefix path '/home/adi/catkin_ws/devel'
[1.134s] INFO:colcon.colcon_core.task.python.build:Building Python package in '/home/adi/arduinobot_ws/src/arduinobot_py_examples'
[1.135s] INFO:colcon.colcon_core.shell:Skip shell extension 'powershell' for command environment: Not usable outside of PowerShell
[1.135s] DEBUG:colcon.colcon_core.shell:Skip shell extension 'dsv' for command environment
[1.138s] DEBUG:colcon.colcon_core.shell:Ignoring prefix path '/home/adi/catkin_ws/devel'
[1.435s] INFO:colcon.colcon_core.task.python.build:Building Python package in '/home/adi/arduinobot_ws/src/arduinobot_utils'
[1.436s] INFO:colcon.colcon_core.shell:Skip shell extension 'powershell' for command environment: Not usable outside of PowerShell
[1.436s] DEBUG:colcon.colcon_core.shell:Skip shell extension 'dsv' for command environment
[1.438s] DEBUG:colcon.colcon_core.shell:Ignoring prefix path '/home/adi/catkin_ws/devel'
[2.040s] DEBUG:colcon.colcon_core.event_handler.log_command:Invoking command in '/home/adi/arduinobot_ws/src/arduinobot_py_examples': PYTHONPATH=/home/adi/arduinobot_ws/build/arduinobot_py_examples/prefix_override:/home/adi/arduinobot_ws/install/arduinobot_py_examples/lib/python3.10/site-packages:${PYTHONPATH} /usr/bin/python3 -W ignore:setup.py install is deprecated setup.py egg_info --egg-base ../../build/arduinobot_py_examples build --build-base /home/adi/arduinobot_ws/build/arduinobot_py_examples/build install --record /home/adi/arduinobot_ws/build/arduinobot_py_examples/install.log --single-version-externally-managed install_data
[2.060s] DEBUG:colcon.colcon_core.event_handler.log_command:Invoking command in '/home/adi/arduinobot_ws/src/arduinobot_utils': PYTHONPATH=/home/adi/arduinobot_ws/build/arduinobot_utils/prefix_override:/home/adi/arduinobot_ws/install/arduinobot_utils/lib/python3.10/site-packages:${PYTHONPATH} /usr/bin/python3 -W ignore:setup.py install is deprecated setup.py egg_info --egg-base ../../build/arduinobot_utils build --build-base /home/adi/arduinobot_ws/build/arduinobot_utils/build install --record /home/adi/arduinobot_ws/build/arduinobot_utils/install.log --single-version-externally-managed install_data
[2.320s] Level 1:colcon.colcon_core.environment:checking '/home/adi/arduinobot_ws/install/arduinobot_py_examples' for CMake module files
[2.321s] DEBUG:colcon.colcon_core.event_handler.log_command:Invoked command in '/home/adi/arduinobot_ws/src/arduinobot_py_examples' returned '0': PYTHONPATH=/home/adi/arduinobot_ws/build/arduinobot_py_examples/prefix_override:/home/adi/arduinobot_ws/install/arduinobot_py_examples/lib/python3.10/site-packages:${PYTHONPATH} /usr/bin/python3 -W ignore:setup.py install is deprecated setup.py egg_info --egg-base ../../build/arduinobot_py_examples build --build-base /home/adi/arduinobot_ws/build/arduinobot_py_examples/build install --record /home/adi/arduinobot_ws/build/arduinobot_py_examples/install.log --single-version-externally-managed install_data
[2.321s] Level 1:colcon.colcon_core.environment:checking '/home/adi/arduinobot_ws/install/arduinobot_py_examples' for CMake config files
[2.322s] Level 1:colcon.colcon_core.environment:checking '/home/adi/arduinobot_ws/install/arduinobot_py_examples/lib'
[2.322s] Level 1:colcon.colcon_core.environment:checking '/home/adi/arduinobot_ws/install/arduinobot_py_examples/bin'
[2.322s] Level 1:colcon.colcon_core.environment:checking '/home/adi/arduinobot_ws/install/arduinobot_py_examples/lib/pkgconfig/arduinobot_py_examples.pc'
[2.322s] Level 1:colcon.colcon_core.environment:checking '/home/adi/arduinobot_ws/install/arduinobot_py_examples/lib/python3.10/site-packages'
[2.322s] Level 1:colcon.colcon_core.shell:create_environment_hook('arduinobot_py_examples', 'pythonpath')
[2.322s] INFO:colcon.colcon_core.shell:Creating environment hook '/home/adi/arduinobot_ws/install/arduinobot_py_examples/share/arduinobot_py_examples/hook/pythonpath.ps1'
[2.323s] INFO:colcon.colcon_core.shell:Creating environment descriptor '/home/adi/arduinobot_ws/install/arduinobot_py_examples/share/arduinobot_py_examples/hook/pythonpath.dsv'
[2.323s] INFO:colcon.colcon_core.shell:Creating environment hook '/home/adi/arduinobot_ws/install/arduinobot_py_examples/share/arduinobot_py_examples/hook/pythonpath.sh'
[2.324s] Level 1:colcon.colcon_core.environment:checking '/home/adi/arduinobot_ws/install/arduinobot_py_examples/bin'
[2.324s] Level 1:colcon.colcon_core.environment:create_environment_scripts_only(arduinobot_py_examples)
[2.324s] INFO:colcon.colcon_core.shell:Creating package script '/home/adi/arduinobot_ws/install/arduinobot_py_examples/share/arduinobot_py_examples/package.ps1'
[2.324s] INFO:colcon.colcon_core.shell:Creating package descriptor '/home/adi/arduinobot_ws/install/arduinobot_py_examples/share/arduinobot_py_examples/package.dsv'
[2.325s] INFO:colcon.colcon_core.shell:Creating package script '/home/adi/arduinobot_ws/install/arduinobot_py_examples/share/arduinobot_py_examples/package.sh'
[2.325s] INFO:colcon.colcon_core.shell:Creating package script '/home/adi/arduinobot_ws/install/arduinobot_py_examples/share/arduinobot_py_examples/package.bash'
[2.326s] INFO:colcon.colcon_core.shell:Creating package script '/home/adi/arduinobot_ws/install/arduinobot_py_examples/share/arduinobot_py_examples/package.zsh'
[2.326s] Level 1:colcon.colcon_core.environment:create_file_with_runtime_dependencies(/home/adi/arduinobot_ws/install/arduinobot_py_examples/share/colcon-core/packages/arduinobot_py_examples)
[2.358s] Level 1:colcon.colcon_core.environment:checking '/home/adi/arduinobot_ws/install/arduinobot_utils' for CMake module files
[2.359s] DEBUG:colcon.colcon_core.event_handler.log_command:Invoked command in '/home/adi/arduinobot_ws/src/arduinobot_utils' returned '0': PYTHONPATH=/home/adi/arduinobot_ws/build/arduinobot_utils/prefix_override:/home/adi/arduinobot_ws/install/arduinobot_utils/lib/python3.10/site-packages:${PYTHONPATH} /usr/bin/python3 -W ignore:setup.py install is deprecated setup.py egg_info --egg-base ../../build/arduinobot_utils build --build-base /home/adi/arduinobot_ws/build/arduinobot_utils/build install --record /home/adi/arduinobot_ws/build/arduinobot_utils/install.log --single-version-externally-managed install_data
[2.359s] Level 1:colcon.colcon_core.environment:checking '/home/adi/arduinobot_ws/install/arduinobot_utils' for CMake config files
[2.360s] Level 1:colcon.colcon_core.environment:checking '/home/adi/arduinobot_ws/install/arduinobot_utils/lib'
[2.360s] Level 1:colcon.colcon_core.environment:checking '/home/adi/arduinobot_ws/install/arduinobot_utils/bin'
[2.360s] Level 1:colcon.colcon_core.environment:checking '/home/adi/arduinobot_ws/install/arduinobot_utils/lib/pkgconfig/arduinobot_utils.pc'
[2.360s] Level 1:colcon.colcon_core.environment:checking '/home/adi/arduinobot_ws/install/arduinobot_utils/lib/python3.10/site-packages'
[2.360s] Level 1:colcon.colcon_core.shell:create_environment_hook('arduinobot_utils', 'pythonpath')
[2.360s] INFO:colcon.colcon_core.shell:Creating environment hook '/home/adi/arduinobot_ws/install/arduinobot_utils/share/arduinobot_utils/hook/pythonpath.ps1'
[2.361s] INFO:colcon.colcon_core.shell:Creating environment descriptor '/home/adi/arduinobot_ws/install/arduinobot_utils/share/arduinobot_utils/hook/pythonpath.dsv'
[2.361s] INFO:colcon.colcon_core.shell:Creating environment hook '/home/adi/arduinobot_ws/install/arduinobot_utils/share/arduinobot_utils/hook/pythonpath.sh'
[2.361s] Level 1:colcon.colcon_core.environment:checking '/home/adi/arduinobot_ws/install/arduinobot_utils/bin'
[2.361s] Level 1:colcon.colcon_core.environment:create_environment_scripts_only(arduinobot_utils)
[2.362s] INFO:colcon.colcon_core.shell:Creating package script '/home/adi/arduinobot_ws/install/arduinobot_utils/share/arduinobot_utils/package.ps1'
[2.362s] INFO:colcon.colcon_core.shell:Creating package descriptor '/home/adi/arduinobot_ws/install/arduinobot_utils/share/arduinobot_utils/package.dsv'
[2.362s] INFO:colcon.colcon_core.shell:Creating package script '/home/adi/arduinobot_ws/install/arduinobot_utils/share/arduinobot_utils/package.sh'
[2.363s] INFO:colcon.colcon_core.shell:Creating package script '/home/adi/arduinobot_ws/install/arduinobot_utils/share/arduinobot_utils/package.bash'
[2.363s] INFO:colcon.colcon_core.shell:Creating package script '/home/adi/arduinobot_ws/install/arduinobot_utils/share/arduinobot_utils/package.zsh'
[2.363s] Level 1:colcon.colcon_core.environment:create_file_with_runtime_dependencies(/home/adi/arduinobot_ws/install/arduinobot_utils/share/colcon-core/packages/arduinobot_utils)
[2.364s] DEBUG:colcon.colcon_parallel_executor.executor.parallel:closing loop
[2.364s] DEBUG:colcon.colcon_parallel_executor.executor.parallel:loop closed
[2.364s] DEBUG:colcon.colcon_parallel_executor.executor.parallel:run_until_complete finished with '0'
[2.364s] DEBUG:colcon.colcon_core.event_reactor:joining thread
[2.372s] INFO:colcon.colcon_core.plugin_system:Skipping extension 'colcon_notification.desktop_notification.terminal_notifier': Not used on non-Darwin systems
[2.372s] INFO:colcon.colcon_core.plugin_system:Skipping extension 'colcon_notification.desktop_notification.win32': Not used on non-Windows systems
[2.372s] INFO:colcon.colcon_notification.desktop_notification:Sending desktop notification using 'notify2'
[2.385s] DEBUG:colcon.colcon_core.event_reactor:joined thread
[2.385s] INFO:colcon.colcon_core.shell:Creating prefix script '/home/adi/arduinobot_ws/install/local_setup.ps1'
[2.386s] INFO:colcon.colcon_core.shell:Creating prefix util module '/home/adi/arduinobot_ws/install/_local_setup_util_ps1.py'
[2.388s] INFO:colcon.colcon_core.shell:Creating prefix chain script '/home/adi/arduinobot_ws/install/setup.ps1'
[2.389s] INFO:colcon.colcon_core.shell:Creating prefix script '/home/adi/arduinobot_ws/install/local_setup.sh'
[2.390s] INFO:colcon.colcon_core.shell:Creating prefix util module '/home/adi/arduinobot_ws/install/_local_setup_util_sh.py'
[2.390s] INFO:colcon.colcon_core.shell:Creating prefix chain script '/home/adi/arduinobot_ws/install/setup.sh'
[2.391s] INFO:colcon.colcon_core.shell:Creating prefix script '/home/adi/arduinobot_ws/install/local_setup.bash'
[2.392s] INFO:colcon.colcon_core.shell:Creating prefix chain script '/home/adi/arduinobot_ws/install/setup.bash'
[2.393s] INFO:colcon.colcon_core.shell:Creating prefix script '/home/adi/arduinobot_ws/install/local_setup.zsh'
[2.393s] INFO:colcon.colcon_core.shell:Creating prefix chain script '/home/adi/arduinobot_ws/install/setup.zsh'
