[0.557s] Invoking command in '/home/adi/arduinobot_ws/build/aruinobot_cpp_examples': CMAKE_PREFIX_PATH=/home/adi/arduinobot_ws/install/arduinobot_msgs:/home/adi/arduinobot_ws/install/arduinobot_movit:/home/adi/arduinobot_ws/install/arduinobot_description:/home/adi/arduinobot_ws/install/arduinobot_controller:/home/adi/arduinobot_ws/install/arduinobot_utils:/home/adi/arduinobot_ws/install/arduinobot_py_examples:/opt/ros/humble:/home/adi/catkin_ws/devel:/opt/ros/noetic /usr/bin/cmake --build /home/adi/arduinobot_ws/build/aruinobot_cpp_examples -- -j12 -l12
[0.588s] -- Found ament_cmake: 1.3.8 (/opt/ros/humble/share/ament_cmake/cmake)
[0.765s] -- Found rclcpp: 16.0.8 (/opt/ros/humble/share/rclcpp/cmake)
[0.858s] -- Found rosidl_generator_c: 3.1.5 (/opt/ros/humble/share/rosidl_generator_c/cmake)
[0.866s] -- Found rosidl_adapter: 3.1.5 (/opt/ros/humble/share/rosidl_adapter/cmake)
[0.879s] -- Found rosidl_generator_cpp: 3.1.5 (/opt/ros/humble/share/rosidl_generator_cpp/cmake)
[0.904s] -- Using all available rosidl_typesupport_c: rosidl_typesupport_fastrtps_c;rosidl_typesupport_introspection_c
[0.936s] -- Using all available rosidl_typesupport_cpp: rosidl_typesupport_fastrtps_cpp;rosidl_typesupport_introspection_cpp
[1.032s] -- Found rmw_implementation_cmake: 6.1.1 (/opt/ros/humble/share/rmw_implementation_cmake/cmake)
[1.037s] -- Found rmw_cyclonedds_cpp: 1.3.4 (/opt/ros/humble/share/rmw_cyclonedds_cpp/cmake)
[1.090s] -- Using RMW implementation 'rmw_cyclonedds_cpp' as default
[1.107s] -- Looking for pthread.h
[1.243s] -- Looking for pthread.h - found
[1.244s] -- Performing Test CMAKE_HAVE_LIBC_PTHREAD
[1.317s] -- Performing Test CMAKE_HAVE_LIBC_PTHREAD - Success
[1.318s] -- Found Threads: TRUE  
[1.496s] -- Found arduinobot_msgs: 0.0.0 (/home/adi/arduinobot_ws/install/arduinobot_msgs/share/arduinobot_msgs/cmake)
[1.626s] -- Found rclcpp_action: 16.0.8 (/opt/ros/humble/share/rclcpp_action/cmake)
[1.653s] -- Found rclcpp_components: 16.0.8 (/opt/ros/humble/share/rclcpp_components/cmake)
[1.715s] -- Found moveit_ros_planning_interface: 2.5.5 (/opt/ros/humble/share/moveit_ros_planning_interface/cmake)
[1.748s] -- Found Boost: /usr/lib/x86_64-linux-gnu/cmake/Boost-1.74.0/BoostConfig.cmake (found version "1.74.0") found components: date_time filesystem program_options system thread 
[2.549s] -- Found Boost: /usr/lib/x86_64-linux-gnu/cmake/Boost-1.74.0/BoostConfig.cmake (found version "1.74.0") found components: chrono date_time filesystem iostreams program_options regex serialization system thread 
[2.564s] -- Found parameter_traits: 0.3.8 (/opt/ros/humble/share/parameter_traits/cmake)
[2.587s] -- Found rclcpp_lifecycle: 16.0.8 (/opt/ros/humble/share/rclcpp_lifecycle/cmake)
[2.635s] -- Found Boost: /usr/lib/x86_64-linux-gnu/cmake/Boost-1.74.0/BoostConfig.cmake (found version "1.74.0") found components: filesystem 
[2.703s] -- library: /usr/lib/x86_64-linux-gnu/libcurl.so
[2.836s] -- Found Eigen3: TRUE (found version "3.4.0") 
[2.836s] -- Ensuring Eigen3 include directory is part of orocos-kdl CMake target
[3.208s] -- Found Boost: /usr/lib/x86_64-linux-gnu/cmake/Boost-1.74.0/BoostConfig.cmake (found version "1.74.0") found components: system filesystem date_time program_options thread chrono 
[3.636s] -- Found Boost: /usr/lib/x86_64-linux-gnu/cmake/Boost-1.74.0/BoostConfig.cmake (found version "1.74.0") found components: thread system filesystem regex date_time program_options 
[3.866s] -- Found Boost: /usr/lib/x86_64-linux-gnu/cmake/Boost-1.74.0/BoostConfig.cmake (found version "1.74.0") found components: system filesystem date_time program_options thread 
[4.203s] -- Found ament_lint_auto: 0.12.10 (/opt/ros/humble/share/ament_lint_auto/cmake)
[4.269s] -- Added test 'cppcheck' to perform static code analysis on C / C++ code
[4.269s] -- Configured cppcheck include dirs: 
[4.269s] -- Configured cppcheck exclude dirs and/or files: 
[4.270s] -- Added test 'lint_cmake' to check CMake code style
[4.270s] -- Added test 'uncrustify' to check C / C++ code style
[4.271s] -- Configured uncrustify additional arguments: 
[4.271s] -- Added test 'xmllint' to check XML markup files
[4.272s] -- Configuring done
[4.311s] -- Generating done
[4.313s] -- Build files have been written to: /home/adi/arduinobot_ws/build/aruinobot_cpp_examples
[4.342s] [ 50%] [32mBuilding CXX object CMakeFiles/simple_moveit_interface.dir/src/simple_moveit_interface.cpp.o[0m
[9.975s] [100%] [32m[1mLinking CXX executable simple_moveit_interface[0m
[10.379s] [100%] Built target simple_moveit_interface
[10.387s] Invoked command in '/home/adi/arduinobot_ws/build/aruinobot_cpp_examples' returned '0': CMAKE_PREFIX_PATH=/home/adi/arduinobot_ws/install/arduinobot_msgs:/home/adi/arduinobot_ws/install/arduinobot_movit:/home/adi/arduinobot_ws/install/arduinobot_description:/home/adi/arduinobot_ws/install/arduinobot_controller:/home/adi/arduinobot_ws/install/arduinobot_utils:/home/adi/arduinobot_ws/install/arduinobot_py_examples:/opt/ros/humble:/home/adi/catkin_ws/devel:/opt/ros/noetic /usr/bin/cmake --build /home/adi/arduinobot_ws/build/aruinobot_cpp_examples -- -j12 -l12
[10.404s] Invoking command in '/home/adi/arduinobot_ws/build/aruinobot_cpp_examples': CMAKE_PREFIX_PATH=/home/adi/arduinobot_ws/install/arduinobot_msgs:/home/adi/arduinobot_ws/install/arduinobot_movit:/home/adi/arduinobot_ws/install/arduinobot_description:/home/adi/arduinobot_ws/install/arduinobot_controller:/home/adi/arduinobot_ws/install/arduinobot_utils:/home/adi/arduinobot_ws/install/arduinobot_py_examples:/opt/ros/humble:/home/adi/catkin_ws/devel:/opt/ros/noetic /usr/bin/cmake --install /home/adi/arduinobot_ws/build/aruinobot_cpp_examples
[10.410s] -- Install configuration: ""
[10.410s] -- Installing: /home/adi/arduinobot_ws/install/aruinobot_cpp_examples/lib/aruinobot_cpp_examples/simple_moveit_interface
[10.410s] -- Set runtime path of "/home/adi/arduinobot_ws/install/aruinobot_cpp_examples/lib/aruinobot_cpp_examples/simple_moveit_interface" to ""
[10.410s] -- Installing: /home/adi/arduinobot_ws/install/aruinobot_cpp_examples/share/ament_index/resource_index/package_run_dependencies/aruinobot_cpp_examples
[10.410s] -- Up-to-date: /home/adi/arduinobot_ws/install/aruinobot_cpp_examples/share/ament_index/resource_index/parent_prefix_path/aruinobot_cpp_examples
[10.410s] -- Up-to-date: /home/adi/arduinobot_ws/install/aruinobot_cpp_examples/share/aruinobot_cpp_examples/environment/ament_prefix_path.sh
[10.411s] -- Installing: /home/adi/arduinobot_ws/install/aruinobot_cpp_examples/share/aruinobot_cpp_examples/environment/ament_prefix_path.dsv
[10.411s] -- Up-to-date: /home/adi/arduinobot_ws/install/aruinobot_cpp_examples/share/aruinobot_cpp_examples/environment/path.sh
[10.411s] -- Installing: /home/adi/arduinobot_ws/install/aruinobot_cpp_examples/share/aruinobot_cpp_examples/environment/path.dsv
[10.411s] -- Up-to-date: /home/adi/arduinobot_ws/install/aruinobot_cpp_examples/share/aruinobot_cpp_examples/local_setup.bash
[10.411s] -- Up-to-date: /home/adi/arduinobot_ws/install/aruinobot_cpp_examples/share/aruinobot_cpp_examples/local_setup.sh
[10.411s] -- Up-to-date: /home/adi/arduinobot_ws/install/aruinobot_cpp_examples/share/aruinobot_cpp_examples/local_setup.zsh
[10.411s] -- Installing: /home/adi/arduinobot_ws/install/aruinobot_cpp_examples/share/aruinobot_cpp_examples/local_setup.dsv
[10.412s] -- Installing: /home/adi/arduinobot_ws/install/aruinobot_cpp_examples/share/aruinobot_cpp_examples/package.dsv
[10.412s] -- Up-to-date: /home/adi/arduinobot_ws/install/aruinobot_cpp_examples/share/ament_index/resource_index/packages/aruinobot_cpp_examples
[10.412s] -- Up-to-date: /home/adi/arduinobot_ws/install/aruinobot_cpp_examples/share/aruinobot_cpp_examples/cmake/aruinobot_cpp_examplesConfig.cmake
[10.412s] -- Up-to-date: /home/adi/arduinobot_ws/install/aruinobot_cpp_examples/share/aruinobot_cpp_examples/cmake/aruinobot_cpp_examplesConfig-version.cmake
[10.412s] -- Installing: /home/adi/arduinobot_ws/install/aruinobot_cpp_examples/share/aruinobot_cpp_examples/package.xml
[10.414s] Invoked command in '/home/adi/arduinobot_ws/build/aruinobot_cpp_examples' returned '0': CMAKE_PREFIX_PATH=/home/adi/arduinobot_ws/install/arduinobot_msgs:/home/adi/arduinobot_ws/install/arduinobot_movit:/home/adi/arduinobot_ws/install/arduinobot_description:/home/adi/arduinobot_ws/install/arduinobot_controller:/home/adi/arduinobot_ws/install/arduinobot_utils:/home/adi/arduinobot_ws/install/arduinobot_py_examples:/opt/ros/humble:/home/adi/catkin_ws/devel:/opt/ros/noetic /usr/bin/cmake --install /home/adi/arduinobot_ws/build/aruinobot_cpp_examples
