[0.250s] Invoking command in '/home/adi/arduinobot_ws/build/arduinobot_remote': CMAKE_PREFIX_PATH=/home/adi/arduinobot_ws/install/arduinobot_msgs:/home/adi/turtlebot3_ws/install/turtlebot3_simulations:/home/adi/turtlebot3_ws/install/turtlebot3_gazebo:/home/adi/turtlebot3_ws/install/turtlebot3_fake_node:/home/adi/arduinobot_ws/install/aruinobot_cpp_examples:/home/adi/arduinobot_ws/install/arduinobot_remote:/home/adi/arduinobot_ws/install/arduinobot_movit:/home/adi/arduinobot_ws/install/arduinobot_description:/home/adi/arduinobot_ws/install/arduinobot_controller:/home/adi/arduinobot_ws/install/arduinobot_utils:/home/adi/arduinobot_ws/install/arduinobot_py_examples:/opt/ros/humble:/home/adi/catkin_ws/devel:/opt/ros/noetic LD_LIBRARY_PATH=/home/adi/arduinobot_ws/install/arduinobot_msgs/lib:/home/adi/arduinobot_ws/install/arduinobot_remote/lib:/usr/lib/x86_64-linux-gnu/gazebo-11/plugins:/opt/ros/humble/opt/rviz_ogre_vendor/lib:/opt/ros/humble/lib/x86_64-linux-gnu:/opt/ros/humble/lib:/home/adi/catkin_ws/devel/lib:/opt/ros/noetic/lib /usr/bin/cmake --build /home/adi/arduinobot_ws/build/arduinobot_remote -- -j12 -l12
[0.463s] [ 50%] Built target task_server_node
[0.463s] [100%] Built target task_server
[0.471s] Invoked command in '/home/adi/arduinobot_ws/build/arduinobot_remote' returned '0': CMAKE_PREFIX_PATH=/home/adi/arduinobot_ws/install/arduinobot_msgs:/home/adi/turtlebot3_ws/install/turtlebot3_simulations:/home/adi/turtlebot3_ws/install/turtlebot3_gazebo:/home/adi/turtlebot3_ws/install/turtlebot3_fake_node:/home/adi/arduinobot_ws/install/aruinobot_cpp_examples:/home/adi/arduinobot_ws/install/arduinobot_remote:/home/adi/arduinobot_ws/install/arduinobot_movit:/home/adi/arduinobot_ws/install/arduinobot_description:/home/adi/arduinobot_ws/install/arduinobot_controller:/home/adi/arduinobot_ws/install/arduinobot_utils:/home/adi/arduinobot_ws/install/arduinobot_py_examples:/opt/ros/humble:/home/adi/catkin_ws/devel:/opt/ros/noetic LD_LIBRARY_PATH=/home/adi/arduinobot_ws/install/arduinobot_msgs/lib:/home/adi/arduinobot_ws/install/arduinobot_remote/lib:/usr/lib/x86_64-linux-gnu/gazebo-11/plugins:/opt/ros/humble/opt/rviz_ogre_vendor/lib:/opt/ros/humble/lib/x86_64-linux-gnu:/opt/ros/humble/lib:/home/adi/catkin_ws/devel/lib:/opt/ros/noetic/lib /usr/bin/cmake --build /home/adi/arduinobot_ws/build/arduinobot_remote -- -j12 -l12
[0.495s] Invoking command in '/home/adi/arduinobot_ws/build/arduinobot_remote': CMAKE_PREFIX_PATH=/home/adi/arduinobot_ws/install/arduinobot_msgs:/home/adi/turtlebot3_ws/install/turtlebot3_simulations:/home/adi/turtlebot3_ws/install/turtlebot3_gazebo:/home/adi/turtlebot3_ws/install/turtlebot3_fake_node:/home/adi/arduinobot_ws/install/aruinobot_cpp_examples:/home/adi/arduinobot_ws/install/arduinobot_remote:/home/adi/arduinobot_ws/install/arduinobot_movit:/home/adi/arduinobot_ws/install/arduinobot_description:/home/adi/arduinobot_ws/install/arduinobot_controller:/home/adi/arduinobot_ws/install/arduinobot_utils:/home/adi/arduinobot_ws/install/arduinobot_py_examples:/opt/ros/humble:/home/adi/catkin_ws/devel:/opt/ros/noetic LD_LIBRARY_PATH=/home/adi/arduinobot_ws/install/arduinobot_msgs/lib:/home/adi/arduinobot_ws/install/arduinobot_remote/lib:/usr/lib/x86_64-linux-gnu/gazebo-11/plugins:/opt/ros/humble/opt/rviz_ogre_vendor/lib:/opt/ros/humble/lib/x86_64-linux-gnu:/opt/ros/humble/lib:/home/adi/catkin_ws/devel/lib:/opt/ros/noetic/lib /usr/bin/cmake --install /home/adi/arduinobot_ws/build/arduinobot_remote
[0.501s] -- Install configuration: ""
[0.501s] -- Up-to-date: /home/adi/arduinobot_ws/install/arduinobot_remote/lib/arduinobot_remote/task_server_node
[0.502s] -- Up-to-date: /home/adi/arduinobot_ws/install/arduinobot_remote/lib/libtask_server.so
[0.502s] -- Up-to-date: /home/adi/arduinobot_ws/install/arduinobot_remote/share/ament_index/resource_index/package_run_dependencies/arduinobot_remote
[0.502s] -- Up-to-date: /home/adi/arduinobot_ws/install/arduinobot_remote/share/ament_index/resource_index/parent_prefix_path/arduinobot_remote
[0.502s] -- Up-to-date: /home/adi/arduinobot_ws/install/arduinobot_remote/share/arduinobot_remote/environment/ament_prefix_path.sh
[0.502s] -- Up-to-date: /home/adi/arduinobot_ws/install/arduinobot_remote/share/arduinobot_remote/environment/ament_prefix_path.dsv
[0.502s] -- Up-to-date: /home/adi/arduinobot_ws/install/arduinobot_remote/share/arduinobot_remote/environment/path.sh
[0.502s] -- Up-to-date: /home/adi/arduinobot_ws/install/arduinobot_remote/share/arduinobot_remote/environment/path.dsv
[0.502s] -- Up-to-date: /home/adi/arduinobot_ws/install/arduinobot_remote/share/arduinobot_remote/local_setup.bash
[0.503s] -- Up-to-date: /home/adi/arduinobot_ws/install/arduinobot_remote/share/arduinobot_remote/local_setup.sh
[0.503s] -- Up-to-date: /home/adi/arduinobot_ws/install/arduinobot_remote/share/arduinobot_remote/local_setup.zsh
[0.503s] -- Up-to-date: /home/adi/arduinobot_ws/install/arduinobot_remote/share/arduinobot_remote/local_setup.dsv
[0.503s] -- Installing: /home/adi/arduinobot_ws/install/arduinobot_remote/share/arduinobot_remote/package.dsv
[0.503s] -- Up-to-date: /home/adi/arduinobot_ws/install/arduinobot_remote/share/ament_index/resource_index/packages/arduinobot_remote
[0.503s] -- Up-to-date: /home/adi/arduinobot_ws/install/arduinobot_remote/share/ament_index/resource_index/rclcpp_components/arduinobot_remote
[0.503s] -- Up-to-date: /home/adi/arduinobot_ws/install/arduinobot_remote/share/arduinobot_remote/cmake/arduinobot_remoteConfig.cmake
[0.503s] -- Up-to-date: /home/adi/arduinobot_ws/install/arduinobot_remote/share/arduinobot_remote/cmake/arduinobot_remoteConfig-version.cmake
[0.503s] -- Up-to-date: /home/adi/arduinobot_ws/install/arduinobot_remote/share/arduinobot_remote/package.xml
[0.505s] Invoked command in '/home/adi/arduinobot_ws/build/arduinobot_remote' returned '0': CMAKE_PREFIX_PATH=/home/adi/arduinobot_ws/install/arduinobot_msgs:/home/adi/turtlebot3_ws/install/turtlebot3_simulations:/home/adi/turtlebot3_ws/install/turtlebot3_gazebo:/home/adi/turtlebot3_ws/install/turtlebot3_fake_node:/home/adi/arduinobot_ws/install/aruinobot_cpp_examples:/home/adi/arduinobot_ws/install/arduinobot_remote:/home/adi/arduinobot_ws/install/arduinobot_movit:/home/adi/arduinobot_ws/install/arduinobot_description:/home/adi/arduinobot_ws/install/arduinobot_controller:/home/adi/arduinobot_ws/install/arduinobot_utils:/home/adi/arduinobot_ws/install/arduinobot_py_examples:/opt/ros/humble:/home/adi/catkin_ws/devel:/opt/ros/noetic LD_LIBRARY_PATH=/home/adi/arduinobot_ws/install/arduinobot_msgs/lib:/home/adi/arduinobot_ws/install/arduinobot_remote/lib:/usr/lib/x86_64-linux-gnu/gazebo-11/plugins:/opt/ros/humble/opt/rviz_ogre_vendor/lib:/opt/ros/humble/lib/x86_64-linux-gnu:/opt/ros/humble/lib:/home/adi/catkin_ws/devel/lib:/opt/ros/noetic/lib /usr/bin/cmake --install /home/adi/arduinobot_ws/build/arduinobot_remote
