[0.125s] DEBUG:colcon:Command line arguments: ['/usr/bin/colcon', 'list', '-p', '--base-paths', '/home/adi/arduinobot_ws']
[0.125s] DEBUG:colcon:Parsed command line arguments: Namespace(log_base=None, log_level=None, verb_name='list', build_base='build', ignore_user_meta=False, metas=['./colcon.meta'], base_paths=['/home/adi/arduinobot_ws'], packages_ignore=None, packages_ignore_regex=None, paths=None, packages_up_to=None, packages_up_to_regex=None, packages_above=None, packages_above_and_dependencies=None, packages_above_depth=None, packages_select_by_dep=None, packages_skip_by_dep=None, packages_skip_up_to=None, packages_select_build_failed=False, packages_skip_build_finished=False, packages_select_test_failures=False, packages_skip_test_passed=False, packages_select=None, packages_skip=None, packages_select_regex=None, packages_skip_regex=None, packages_start=None, packages_end=None, allow_overriding=[], topological_order=False, names_only=False, paths_only=True, topological_graph=False, topological_graph_dot=False, topological_graph_density=False, topological_graph_legend=False, topological_graph_dot_cluster=False, topological_graph_dot_include_skipped=False, verb_parser=<colcon_defaults.argument_parser.defaults.DefaultArgumentsDecorator object at 0x7f4ebb30ea40>, verb_extension=<colcon_package_information.verb.list.ListVerb object at 0x7f4ebb30dc00>, main=<bound method ListVerb.main of <colcon_package_information.verb.list.ListVerb object at 0x7f4ebb30dc00>>)
[0.456s] Level 1:colcon.colcon_core.package_discovery:discover_packages(colcon_meta) check parameters
[0.456s] Level 1:colcon.colcon_core.package_discovery:discover_packages(recursive) check parameters
[0.456s] Level 1:colcon.colcon_core.package_discovery:discover_packages(ignore) check parameters
[0.456s] Level 1:colcon.colcon_core.package_discovery:discover_packages(path) check parameters
[0.456s] Level 1:colcon.colcon_core.package_discovery:discover_packages(recursive) discover
[0.456s] INFO:colcon.colcon_core.package_discovery:Crawling recursively for packages in '/home/adi/arduinobot_ws'
[0.457s] Level 1:colcon.colcon_core.package_identification:_identify(/home/adi/arduinobot_ws) by extensions ['ignore', 'ignore_ament_install']
[0.457s] Level 1:colcon.colcon_core.package_identification:_identify(/home/adi/arduinobot_ws) by extension 'ignore'
[0.457s] Level 1:colcon.colcon_core.package_identification:_identify(/home/adi/arduinobot_ws) by extension 'ignore_ament_install'
[0.457s] Level 1:colcon.colcon_core.package_identification:_identify(/home/adi/arduinobot_ws) by extensions ['colcon_pkg']
[0.457s] Level 1:colcon.colcon_core.package_identification:_identify(/home/adi/arduinobot_ws) by extension 'colcon_pkg'
[0.457s] Level 1:colcon.colcon_core.package_identification:_identify(/home/adi/arduinobot_ws) by extensions ['colcon_meta']
[0.457s] Level 1:colcon.colcon_core.package_identification:_identify(/home/adi/arduinobot_ws) by extension 'colcon_meta'
[0.457s] Level 1:colcon.colcon_core.package_identification:_identify(/home/adi/arduinobot_ws) by extensions ['ros']
[0.457s] Level 1:colcon.colcon_core.package_identification:_identify(/home/adi/arduinobot_ws) by extension 'ros'
[0.491s] Level 1:colcon.colcon_core.package_identification:_identify(/home/adi/arduinobot_ws) by extensions ['cmake', 'python']
[0.492s] Level 1:colcon.colcon_core.package_identification:_identify(/home/adi/arduinobot_ws) by extension 'cmake'
[0.492s] Level 1:colcon.colcon_core.package_identification:_identify(/home/adi/arduinobot_ws) by extension 'python'
[0.492s] Level 1:colcon.colcon_core.package_identification:_identify(/home/adi/arduinobot_ws) by extensions ['python_setup_py']
[0.492s] Level 1:colcon.colcon_core.package_identification:_identify(/home/adi/arduinobot_ws) by extension 'python_setup_py'
[0.492s] Level 1:colcon.colcon_core.package_identification:_identify(/home/adi/arduinobot_ws/build) by extensions ['ignore', 'ignore_ament_install']
[0.492s] Level 1:colcon.colcon_core.package_identification:_identify(/home/adi/arduinobot_ws/build) by extension 'ignore'
[0.493s] Level 1:colcon.colcon_core.package_identification:_identify(/home/adi/arduinobot_ws/build) ignored
[0.493s] Level 1:colcon.colcon_core.package_identification:_identify(/home/adi/arduinobot_ws/install) by extensions ['ignore', 'ignore_ament_install']
[0.493s] Level 1:colcon.colcon_core.package_identification:_identify(/home/adi/arduinobot_ws/install) by extension 'ignore'
[0.493s] Level 1:colcon.colcon_core.package_identification:_identify(/home/adi/arduinobot_ws/install) ignored
[0.494s] Level 1:colcon.colcon_core.package_identification:_identify(/home/adi/arduinobot_ws/log) by extensions ['ignore', 'ignore_ament_install']
[0.494s] Level 1:colcon.colcon_core.package_identification:_identify(/home/adi/arduinobot_ws/log) by extension 'ignore'
[0.494s] Level 1:colcon.colcon_core.package_identification:_identify(/home/adi/arduinobot_ws/log) ignored
[0.494s] Level 1:colcon.colcon_core.package_identification:_identify(/home/adi/arduinobot_ws/src) by extensions ['ignore', 'ignore_ament_install']
[0.494s] Level 1:colcon.colcon_core.package_identification:_identify(/home/adi/arduinobot_ws/src) by extension 'ignore'
[0.494s] Level 1:colcon.colcon_core.package_identification:_identify(/home/adi/arduinobot_ws/src) by extension 'ignore_ament_install'
[0.494s] Level 1:colcon.colcon_core.package_identification:_identify(/home/adi/arduinobot_ws/src) by extensions ['colcon_pkg']
[0.495s] Level 1:colcon.colcon_core.package_identification:_identify(/home/adi/arduinobot_ws/src) by extension 'colcon_pkg'
[0.495s] Level 1:colcon.colcon_core.package_identification:_identify(/home/adi/arduinobot_ws/src) by extensions ['colcon_meta']
[0.495s] Level 1:colcon.colcon_core.package_identification:_identify(/home/adi/arduinobot_ws/src) by extension 'colcon_meta'
[0.495s] Level 1:colcon.colcon_core.package_identification:_identify(/home/adi/arduinobot_ws/src) by extensions ['ros']
[0.495s] Level 1:colcon.colcon_core.package_identification:_identify(/home/adi/arduinobot_ws/src) by extension 'ros'
[0.495s] Level 1:colcon.colcon_core.package_identification:_identify(/home/adi/arduinobot_ws/src) by extensions ['cmake', 'python']
[0.495s] Level 1:colcon.colcon_core.package_identification:_identify(/home/adi/arduinobot_ws/src) by extension 'cmake'
[0.495s] Level 1:colcon.colcon_core.package_identification:_identify(/home/adi/arduinobot_ws/src) by extension 'python'
[0.495s] Level 1:colcon.colcon_core.package_identification:_identify(/home/adi/arduinobot_ws/src) by extensions ['python_setup_py']
[0.495s] Level 1:colcon.colcon_core.package_identification:_identify(/home/adi/arduinobot_ws/src) by extension 'python_setup_py'
[0.496s] Level 1:colcon.colcon_core.package_identification:_identify(/home/adi/arduinobot_ws/src/arduinobot_controller) by extensions ['ignore', 'ignore_ament_install']
[0.496s] Level 1:colcon.colcon_core.package_identification:_identify(/home/adi/arduinobot_ws/src/arduinobot_controller) by extension 'ignore'
[0.496s] Level 1:colcon.colcon_core.package_identification:_identify(/home/adi/arduinobot_ws/src/arduinobot_controller) by extension 'ignore_ament_install'
[0.496s] Level 1:colcon.colcon_core.package_identification:_identify(/home/adi/arduinobot_ws/src/arduinobot_controller) by extensions ['colcon_pkg']
[0.496s] Level 1:colcon.colcon_core.package_identification:_identify(/home/adi/arduinobot_ws/src/arduinobot_controller) by extension 'colcon_pkg'
[0.496s] Level 1:colcon.colcon_core.package_identification:_identify(/home/adi/arduinobot_ws/src/arduinobot_controller) by extensions ['colcon_meta']
[0.496s] Level 1:colcon.colcon_core.package_identification:_identify(/home/adi/arduinobot_ws/src/arduinobot_controller) by extension 'colcon_meta'
[0.496s] Level 1:colcon.colcon_core.package_identification:_identify(/home/adi/arduinobot_ws/src/arduinobot_controller) by extensions ['ros']
[0.496s] Level 1:colcon.colcon_core.package_identification:_identify(/home/adi/arduinobot_ws/src/arduinobot_controller) by extension 'ros'
[0.502s] DEBUG:colcon.colcon_core.package_identification:Package '/home/adi/arduinobot_ws/src/arduinobot_controller' with type 'ros.ament_cmake' and name 'arduinobot_controller'
[0.502s] Level 1:colcon.colcon_core.package_identification:_identify(/home/adi/arduinobot_ws/src/arduinobot_description) by extensions ['ignore', 'ignore_ament_install']
[0.502s] Level 1:colcon.colcon_core.package_identification:_identify(/home/adi/arduinobot_ws/src/arduinobot_description) by extension 'ignore'
[0.503s] Level 1:colcon.colcon_core.package_identification:_identify(/home/adi/arduinobot_ws/src/arduinobot_description) by extension 'ignore_ament_install'
[0.503s] Level 1:colcon.colcon_core.package_identification:_identify(/home/adi/arduinobot_ws/src/arduinobot_description) by extensions ['colcon_pkg']
[0.503s] Level 1:colcon.colcon_core.package_identification:_identify(/home/adi/arduinobot_ws/src/arduinobot_description) by extension 'colcon_pkg'
[0.503s] Level 1:colcon.colcon_core.package_identification:_identify(/home/adi/arduinobot_ws/src/arduinobot_description) by extensions ['colcon_meta']
[0.503s] Level 1:colcon.colcon_core.package_identification:_identify(/home/adi/arduinobot_ws/src/arduinobot_description) by extension 'colcon_meta'
[0.503s] Level 1:colcon.colcon_core.package_identification:_identify(/home/adi/arduinobot_ws/src/arduinobot_description) by extensions ['ros']
[0.503s] Level 1:colcon.colcon_core.package_identification:_identify(/home/adi/arduinobot_ws/src/arduinobot_description) by extension 'ros'
[0.504s] DEBUG:colcon.colcon_core.package_identification:Package '/home/adi/arduinobot_ws/src/arduinobot_description' with type 'ros.ament_cmake' and name 'arduinobot_description'
[0.505s] Level 1:colcon.colcon_core.package_identification:_identify(/home/adi/arduinobot_ws/src/arduinobot_movit) by extensions ['ignore', 'ignore_ament_install']
[0.505s] Level 1:colcon.colcon_core.package_identification:_identify(/home/adi/arduinobot_ws/src/arduinobot_movit) by extension 'ignore'
[0.505s] Level 1:colcon.colcon_core.package_identification:_identify(/home/adi/arduinobot_ws/src/arduinobot_movit) by extension 'ignore_ament_install'
[0.505s] Level 1:colcon.colcon_core.package_identification:_identify(/home/adi/arduinobot_ws/src/arduinobot_movit) by extensions ['colcon_pkg']
[0.505s] Level 1:colcon.colcon_core.package_identification:_identify(/home/adi/arduinobot_ws/src/arduinobot_movit) by extension 'colcon_pkg'
[0.505s] Level 1:colcon.colcon_core.package_identification:_identify(/home/adi/arduinobot_ws/src/arduinobot_movit) by extensions ['colcon_meta']
[0.505s] Level 1:colcon.colcon_core.package_identification:_identify(/home/adi/arduinobot_ws/src/arduinobot_movit) by extension 'colcon_meta'
[0.505s] Level 1:colcon.colcon_core.package_identification:_identify(/home/adi/arduinobot_ws/src/arduinobot_movit) by extensions ['ros']
[0.505s] Level 1:colcon.colcon_core.package_identification:_identify(/home/adi/arduinobot_ws/src/arduinobot_movit) by extension 'ros'
[0.506s] DEBUG:colcon.colcon_core.package_identification:Package '/home/adi/arduinobot_ws/src/arduinobot_movit' with type 'ros.ament_cmake' and name 'arduinobot_movit'
[0.506s] Level 1:colcon.colcon_core.package_identification:_identify(/home/adi/arduinobot_ws/src/arduinobot_msgs) by extensions ['ignore', 'ignore_ament_install']
[0.507s] Level 1:colcon.colcon_core.package_identification:_identify(/home/adi/arduinobot_ws/src/arduinobot_msgs) by extension 'ignore'
[0.507s] Level 1:colcon.colcon_core.package_identification:_identify(/home/adi/arduinobot_ws/src/arduinobot_msgs) by extension 'ignore_ament_install'
[0.507s] Level 1:colcon.colcon_core.package_identification:_identify(/home/adi/arduinobot_ws/src/arduinobot_msgs) by extensions ['colcon_pkg']
[0.507s] Level 1:colcon.colcon_core.package_identification:_identify(/home/adi/arduinobot_ws/src/arduinobot_msgs) by extension 'colcon_pkg'
[0.507s] Level 1:colcon.colcon_core.package_identification:_identify(/home/adi/arduinobot_ws/src/arduinobot_msgs) by extensions ['colcon_meta']
[0.507s] Level 1:colcon.colcon_core.package_identification:_identify(/home/adi/arduinobot_ws/src/arduinobot_msgs) by extension 'colcon_meta'
[0.507s] Level 1:colcon.colcon_core.package_identification:_identify(/home/adi/arduinobot_ws/src/arduinobot_msgs) by extensions ['ros']
[0.507s] Level 1:colcon.colcon_core.package_identification:_identify(/home/adi/arduinobot_ws/src/arduinobot_msgs) by extension 'ros'
[0.509s] DEBUG:colcon.colcon_core.package_identification:Package '/home/adi/arduinobot_ws/src/arduinobot_msgs' with type 'ros.ament_cmake' and name 'arduinobot_msgs'
[0.509s] Level 1:colcon.colcon_core.package_identification:_identify(/home/adi/arduinobot_ws/src/arduinobot_py_examples) by extensions ['ignore', 'ignore_ament_install']
[0.509s] Level 1:colcon.colcon_core.package_identification:_identify(/home/adi/arduinobot_ws/src/arduinobot_py_examples) by extension 'ignore'
[0.509s] Level 1:colcon.colcon_core.package_identification:_identify(/home/adi/arduinobot_ws/src/arduinobot_py_examples) by extension 'ignore_ament_install'
[0.509s] Level 1:colcon.colcon_core.package_identification:_identify(/home/adi/arduinobot_ws/src/arduinobot_py_examples) by extensions ['colcon_pkg']
[0.509s] Level 1:colcon.colcon_core.package_identification:_identify(/home/adi/arduinobot_ws/src/arduinobot_py_examples) by extension 'colcon_pkg'
[0.509s] Level 1:colcon.colcon_core.package_identification:_identify(/home/adi/arduinobot_ws/src/arduinobot_py_examples) by extensions ['colcon_meta']
[0.509s] Level 1:colcon.colcon_core.package_identification:_identify(/home/adi/arduinobot_ws/src/arduinobot_py_examples) by extension 'colcon_meta'
[0.510s] Level 1:colcon.colcon_core.package_identification:_identify(/home/adi/arduinobot_ws/src/arduinobot_py_examples) by extensions ['ros']
[0.510s] Level 1:colcon.colcon_core.package_identification:_identify(/home/adi/arduinobot_ws/src/arduinobot_py_examples) by extension 'ros'
[0.511s] DEBUG:colcon.colcon_core.package_identification:Package '/home/adi/arduinobot_ws/src/arduinobot_py_examples' with type 'ros.ament_python' and name 'arduinobot_py_examples'
[0.511s] Level 1:colcon.colcon_core.package_identification:_identify(/home/adi/arduinobot_ws/src/arduinobot_remote) by extensions ['ignore', 'ignore_ament_install']
[0.511s] Level 1:colcon.colcon_core.package_identification:_identify(/home/adi/arduinobot_ws/src/arduinobot_remote) by extension 'ignore'
[0.511s] Level 1:colcon.colcon_core.package_identification:_identify(/home/adi/arduinobot_ws/src/arduinobot_remote) by extension 'ignore_ament_install'
[0.511s] Level 1:colcon.colcon_core.package_identification:_identify(/home/adi/arduinobot_ws/src/arduinobot_remote) by extensions ['colcon_pkg']
[0.511s] Level 1:colcon.colcon_core.package_identification:_identify(/home/adi/arduinobot_ws/src/arduinobot_remote) by extension 'colcon_pkg'
[0.511s] Level 1:colcon.colcon_core.package_identification:_identify(/home/adi/arduinobot_ws/src/arduinobot_remote) by extensions ['colcon_meta']
[0.512s] Level 1:colcon.colcon_core.package_identification:_identify(/home/adi/arduinobot_ws/src/arduinobot_remote) by extension 'colcon_meta'
[0.512s] Level 1:colcon.colcon_core.package_identification:_identify(/home/adi/arduinobot_ws/src/arduinobot_remote) by extensions ['ros']
[0.512s] Level 1:colcon.colcon_core.package_identification:_identify(/home/adi/arduinobot_ws/src/arduinobot_remote) by extension 'ros'
[0.513s] DEBUG:colcon.colcon_core.package_identification:Package '/home/adi/arduinobot_ws/src/arduinobot_remote' with type 'ros.ament_cmake' and name 'arduinobot_remote'
[0.514s] Level 1:colcon.colcon_core.package_identification:_identify(/home/adi/arduinobot_ws/src/arduinobot_utils) by extensions ['ignore', 'ignore_ament_install']
[0.514s] Level 1:colcon.colcon_core.package_identification:_identify(/home/adi/arduinobot_ws/src/arduinobot_utils) by extension 'ignore'
[0.514s] Level 1:colcon.colcon_core.package_identification:_identify(/home/adi/arduinobot_ws/src/arduinobot_utils) by extension 'ignore_ament_install'
[0.514s] Level 1:colcon.colcon_core.package_identification:_identify(/home/adi/arduinobot_ws/src/arduinobot_utils) by extensions ['colcon_pkg']
[0.514s] Level 1:colcon.colcon_core.package_identification:_identify(/home/adi/arduinobot_ws/src/arduinobot_utils) by extension 'colcon_pkg'
[0.514s] Level 1:colcon.colcon_core.package_identification:_identify(/home/adi/arduinobot_ws/src/arduinobot_utils) by extensions ['colcon_meta']
[0.514s] Level 1:colcon.colcon_core.package_identification:_identify(/home/adi/arduinobot_ws/src/arduinobot_utils) by extension 'colcon_meta'
[0.514s] Level 1:colcon.colcon_core.package_identification:_identify(/home/adi/arduinobot_ws/src/arduinobot_utils) by extensions ['ros']
[0.514s] Level 1:colcon.colcon_core.package_identification:_identify(/home/adi/arduinobot_ws/src/arduinobot_utils) by extension 'ros'
[0.515s] DEBUG:colcon.colcon_core.package_identification:Package '/home/adi/arduinobot_ws/src/arduinobot_utils' with type 'ros.ament_python' and name 'arduinobot_utils'
[0.516s] Level 1:colcon.colcon_core.package_identification:_identify(/home/adi/arduinobot_ws/src/aruinobot_cpp_examples) by extensions ['ignore', 'ignore_ament_install']
[0.516s] Level 1:colcon.colcon_core.package_identification:_identify(/home/adi/arduinobot_ws/src/aruinobot_cpp_examples) by extension 'ignore'
[0.516s] Level 1:colcon.colcon_core.package_identification:_identify(/home/adi/arduinobot_ws/src/aruinobot_cpp_examples) by extension 'ignore_ament_install'
[0.516s] Level 1:colcon.colcon_core.package_identification:_identify(/home/adi/arduinobot_ws/src/aruinobot_cpp_examples) by extensions ['colcon_pkg']
[0.516s] Level 1:colcon.colcon_core.package_identification:_identify(/home/adi/arduinobot_ws/src/aruinobot_cpp_examples) by extension 'colcon_pkg'
[0.516s] Level 1:colcon.colcon_core.package_identification:_identify(/home/adi/arduinobot_ws/src/aruinobot_cpp_examples) by extensions ['colcon_meta']
[0.516s] Level 1:colcon.colcon_core.package_identification:_identify(/home/adi/arduinobot_ws/src/aruinobot_cpp_examples) by extension 'colcon_meta'
[0.516s] Level 1:colcon.colcon_core.package_identification:_identify(/home/adi/arduinobot_ws/src/aruinobot_cpp_examples) by extensions ['ros']
[0.516s] Level 1:colcon.colcon_core.package_identification:_identify(/home/adi/arduinobot_ws/src/aruinobot_cpp_examples) by extension 'ros'
[0.519s] DEBUG:colcon.colcon_core.package_identification:Package '/home/adi/arduinobot_ws/src/aruinobot_cpp_examples' with type 'ros.ament_cmake' and name 'aruinobot_cpp_examples'
[0.519s] Level 1:colcon.colcon_core.package_identification:_identify(/home/adi/arduinobot_ws/src/build) by extensions ['ignore', 'ignore_ament_install']
[0.519s] Level 1:colcon.colcon_core.package_identification:_identify(/home/adi/arduinobot_ws/src/build) by extension 'ignore'
[0.519s] Level 1:colcon.colcon_core.package_identification:_identify(/home/adi/arduinobot_ws/src/build) ignored
[0.519s] Level 1:colcon.colcon_core.package_identification:_identify(/home/adi/arduinobot_ws/src/install) by extensions ['ignore', 'ignore_ament_install']
[0.520s] Level 1:colcon.colcon_core.package_identification:_identify(/home/adi/arduinobot_ws/src/install) by extension 'ignore'
[0.520s] Level 1:colcon.colcon_core.package_identification:_identify(/home/adi/arduinobot_ws/src/install) ignored
[0.520s] Level 1:colcon.colcon_core.package_identification:_identify(/home/adi/arduinobot_ws/src/log) by extensions ['ignore', 'ignore_ament_install']
[0.520s] Level 1:colcon.colcon_core.package_identification:_identify(/home/adi/arduinobot_ws/src/log) by extension 'ignore'
[0.520s] Level 1:colcon.colcon_core.package_identification:_identify(/home/adi/arduinobot_ws/src/log) ignored
[0.520s] Level 1:colcon.colcon_core.package_discovery:discover_packages(recursive) using defaults
