[0.779s] Invoking command in '/home/adi/arduinobot_ws/src/arduinobot_utils': CMAKE_PREFIX_PATH=/home/adi/arduinobot_ws/install/arduinobot_msgs:/home/adi/arduinobot_ws/install/aruinobot_cpp_examples:/home/adi/arduinobot_ws/install/arduinobot_remote:/home/adi/arduinobot_ws/install/arduinobot_movit:/home/adi/arduinobot_ws/install/arduinobot_description:/home/adi/arduinobot_ws/install/arduinobot_controller:/home/adi/catkin_ws/devel:/opt/ros/noetic LD_LIBRARY_PATH=/home/adi/arduinobot_ws/install/arduinobot_msgs/lib:/home/adi/arduinobot_ws/install/arduinobot_remote/lib:/opt/ros/humble/opt/rviz_ogre_vendor/lib:/opt/ros/humble/lib/x86_64-linux-gnu:/opt/ros/humble/lib:/home/adi/catkin_ws/devel/lib:/opt/ros/noetic/lib PYTHONPATH=/home/adi/arduinobot_ws/build/arduinobot_utils/prefix_override:/home/adi/arduinobot_ws/install/arduinobot_utils/lib/python3.10/site-packages:${PYTHONPATH} /usr/bin/python3 -W ignore:setup.py install is deprecated setup.py egg_info --egg-base ../../build/arduinobot_utils build --build-base /home/adi/arduinobot_ws/build/arduinobot_utils/build install --record /home/adi/arduinobot_ws/build/arduinobot_utils/install.log --single-version-externally-managed install_data
[0.961s] running egg_info
[0.961s] writing ../../build/arduinobot_utils/arduinobot_utils.egg-info/PKG-INFO
[0.961s] writing dependency_links to ../../build/arduinobot_utils/arduinobot_utils.egg-info/dependency_links.txt
[0.962s] writing entry points to ../../build/arduinobot_utils/arduinobot_utils.egg-info/entry_points.txt
[0.962s] writing requirements to ../../build/arduinobot_utils/arduinobot_utils.egg-info/requires.txt
[0.962s] writing top-level names to ../../build/arduinobot_utils/arduinobot_utils.egg-info/top_level.txt
[0.964s] reading manifest file '../../build/arduinobot_utils/arduinobot_utils.egg-info/SOURCES.txt'
[0.965s] writing manifest file '../../build/arduinobot_utils/arduinobot_utils.egg-info/SOURCES.txt'
[0.965s] running build
[0.965s] running build_py
[0.965s] running install
[0.965s] running install_lib
[0.966s] running install_data
[0.966s] running install_egg_info
[0.967s] removing '/home/adi/arduinobot_ws/install/arduinobot_utils/lib/python3.10/site-packages/arduinobot_utils-0.0.0-py3.10.egg-info' (and everything under it)
[0.967s] Copying ../../build/arduinobot_utils/arduinobot_utils.egg-info to /home/adi/arduinobot_ws/install/arduinobot_utils/lib/python3.10/site-packages/arduinobot_utils-0.0.0-py3.10.egg-info
[0.968s] running install_scripts
[0.983s] Installing angle_conversion script to /home/adi/arduinobot_ws/install/arduinobot_utils/lib/arduinobot_utils
[0.983s] writing list of installed files to '/home/adi/arduinobot_ws/build/arduinobot_utils/install.log'
[1.006s] Invoked command in '/home/adi/arduinobot_ws/src/arduinobot_utils' returned '0': CMAKE_PREFIX_PATH=/home/adi/arduinobot_ws/install/arduinobot_msgs:/home/adi/arduinobot_ws/install/aruinobot_cpp_examples:/home/adi/arduinobot_ws/install/arduinobot_remote:/home/adi/arduinobot_ws/install/arduinobot_movit:/home/adi/arduinobot_ws/install/arduinobot_description:/home/adi/arduinobot_ws/install/arduinobot_controller:/home/adi/catkin_ws/devel:/opt/ros/noetic LD_LIBRARY_PATH=/home/adi/arduinobot_ws/install/arduinobot_msgs/lib:/home/adi/arduinobot_ws/install/arduinobot_remote/lib:/opt/ros/humble/opt/rviz_ogre_vendor/lib:/opt/ros/humble/lib/x86_64-linux-gnu:/opt/ros/humble/lib:/home/adi/catkin_ws/devel/lib:/opt/ros/noetic/lib PYTHONPATH=/home/adi/arduinobot_ws/build/arduinobot_utils/prefix_override:/home/adi/arduinobot_ws/install/arduinobot_utils/lib/python3.10/site-packages:${PYTHONPATH} /usr/bin/python3 -W ignore:setup.py install is deprecated setup.py egg_info --egg-base ../../build/arduinobot_utils build --build-base /home/adi/arduinobot_ws/build/arduinobot_utils/build install --record /home/adi/arduinobot_ws/build/arduinobot_utils/install.log --single-version-externally-managed install_data
