[0.084s] DEBUG:colcon:Command line arguments: ['/usr/bin/colcon', 'build']
[0.084s] DEBUG:colcon:Parsed command line arguments: Namespace(log_base=None, log_level=None, verb_name='build', build_base='build', install_base='install', merge_install=False, symlink_install=False, test_result_base=None, continue_on_error=False, executor='parallel', parallel_workers=12, event_handlers=None, ignore_user_meta=False, metas=['./colcon.meta'], base_paths=['.'], packages_ignore=None, packages_ignore_regex=None, paths=None, packages_up_to=None, packages_up_to_regex=None, packages_above=None, packages_above_and_dependencies=None, packages_above_depth=None, packages_select_by_dep=None, packages_skip_by_dep=None, packages_skip_up_to=None, packages_select_build_failed=False, packages_skip_build_finished=False, packages_select_test_failures=False, packages_skip_test_passed=False, packages_select=None, packages_skip=None, packages_select_regex=None, packages_skip_regex=None, packages_start=None, packages_end=None, allow_overriding=[], cmake_args=None, cmake_target=None, cmake_target_skip_unavailable=False, cmake_clean_cache=False, cmake_clean_first=False, cmake_force_configure=False, ament_cmake_args=None, catkin_cmake_args=None, catkin_skip_building_tests=False, verb_parser=<colcon_defaults.argument_parser.defaults.DefaultArgumentsDecorator object at 0x7f16cfced570>, verb_extension=<colcon_core.verb.build.BuildVerb object at 0x7f16cfced000>, main=<bound method BuildVerb.main of <colcon_core.verb.build.BuildVerb object at 0x7f16cfced000>>)
[0.217s] Level 1:colcon.colcon_core.package_discovery:discover_packages(colcon_meta) check parameters
[0.217s] Level 1:colcon.colcon_core.package_discovery:discover_packages(recursive) check parameters
[0.217s] Level 1:colcon.colcon_core.package_discovery:discover_packages(ignore) check parameters
[0.217s] Level 1:colcon.colcon_core.package_discovery:discover_packages(path) check parameters
[0.217s] Level 1:colcon.colcon_core.package_discovery:discover_packages(colcon_meta) discover
[0.217s] Level 1:colcon.colcon_core.package_discovery:discover_packages(recursive) discover
[0.217s] INFO:colcon.colcon_core.package_discovery:Crawling recursively for packages in '/home/adi/arduinobot_ws'
[0.217s] Level 1:colcon.colcon_core.package_identification:_identify(.) by extensions ['ignore', 'ignore_ament_install']
[0.217s] Level 1:colcon.colcon_core.package_identification:_identify(.) by extension 'ignore'
[0.218s] Level 1:colcon.colcon_core.package_identification:_identify(.) by extension 'ignore_ament_install'
[0.218s] Level 1:colcon.colcon_core.package_identification:_identify(.) by extensions ['colcon_pkg']
[0.218s] Level 1:colcon.colcon_core.package_identification:_identify(.) by extension 'colcon_pkg'
[0.218s] Level 1:colcon.colcon_core.package_identification:_identify(.) by extensions ['colcon_meta']
[0.218s] Level 1:colcon.colcon_core.package_identification:_identify(.) by extension 'colcon_meta'
[0.218s] Level 1:colcon.colcon_core.package_identification:_identify(.) by extensions ['ros']
[0.218s] Level 1:colcon.colcon_core.package_identification:_identify(.) by extension 'ros'
[0.228s] Level 1:colcon.colcon_core.package_identification:_identify(.) by extensions ['cmake', 'python']
[0.229s] Level 1:colcon.colcon_core.package_identification:_identify(.) by extension 'cmake'
[0.229s] Level 1:colcon.colcon_core.package_identification:_identify(.) by extension 'python'
[0.229s] Level 1:colcon.colcon_core.package_identification:_identify(.) by extensions ['python_setup_py']
[0.229s] Level 1:colcon.colcon_core.package_identification:_identify(.) by extension 'python_setup_py'
[0.229s] Level 1:colcon.colcon_core.package_identification:_identify(build) by extensions ['ignore', 'ignore_ament_install']
[0.229s] Level 1:colcon.colcon_core.package_identification:_identify(build) by extension 'ignore'
[0.229s] Level 1:colcon.colcon_core.package_identification:_identify(build) ignored
[0.229s] Level 1:colcon.colcon_core.package_identification:_identify(install) by extensions ['ignore', 'ignore_ament_install']
[0.229s] Level 1:colcon.colcon_core.package_identification:_identify(install) by extension 'ignore'
[0.229s] Level 1:colcon.colcon_core.package_identification:_identify(install) ignored
[0.229s] Level 1:colcon.colcon_core.package_identification:_identify(log) by extensions ['ignore', 'ignore_ament_install']
[0.229s] Level 1:colcon.colcon_core.package_identification:_identify(log) by extension 'ignore'
[0.229s] Level 1:colcon.colcon_core.package_identification:_identify(log) ignored
[0.229s] Level 1:colcon.colcon_core.package_identification:_identify(src) by extensions ['ignore', 'ignore_ament_install']
[0.229s] Level 1:colcon.colcon_core.package_identification:_identify(src) by extension 'ignore'
[0.229s] Level 1:colcon.colcon_core.package_identification:_identify(src) by extension 'ignore_ament_install'
[0.230s] Level 1:colcon.colcon_core.package_identification:_identify(src) by extensions ['colcon_pkg']
[0.230s] Level 1:colcon.colcon_core.package_identification:_identify(src) by extension 'colcon_pkg'
[0.230s] Level 1:colcon.colcon_core.package_identification:_identify(src) by extensions ['colcon_meta']
[0.230s] Level 1:colcon.colcon_core.package_identification:_identify(src) by extension 'colcon_meta'
[0.230s] Level 1:colcon.colcon_core.package_identification:_identify(src) by extensions ['ros']
[0.230s] Level 1:colcon.colcon_core.package_identification:_identify(src) by extension 'ros'
[0.230s] Level 1:colcon.colcon_core.package_identification:_identify(src) by extensions ['cmake', 'python']
[0.230s] Level 1:colcon.colcon_core.package_identification:_identify(src) by extension 'cmake'
[0.230s] Level 1:colcon.colcon_core.package_identification:_identify(src) by extension 'python'
[0.230s] Level 1:colcon.colcon_core.package_identification:_identify(src) by extensions ['python_setup_py']
[0.230s] Level 1:colcon.colcon_core.package_identification:_identify(src) by extension 'python_setup_py'
[0.230s] Level 1:colcon.colcon_core.package_identification:_identify(src/arduinobot_controller) by extensions ['ignore', 'ignore_ament_install']
[0.230s] Level 1:colcon.colcon_core.package_identification:_identify(src/arduinobot_controller) by extension 'ignore'
[0.230s] Level 1:colcon.colcon_core.package_identification:_identify(src/arduinobot_controller) by extension 'ignore_ament_install'
[0.230s] Level 1:colcon.colcon_core.package_identification:_identify(src/arduinobot_controller) by extensions ['colcon_pkg']
[0.230s] Level 1:colcon.colcon_core.package_identification:_identify(src/arduinobot_controller) by extension 'colcon_pkg'
[0.230s] Level 1:colcon.colcon_core.package_identification:_identify(src/arduinobot_controller) by extensions ['colcon_meta']
[0.230s] Level 1:colcon.colcon_core.package_identification:_identify(src/arduinobot_controller) by extension 'colcon_meta'
[0.230s] Level 1:colcon.colcon_core.package_identification:_identify(src/arduinobot_controller) by extensions ['ros']
[0.230s] Level 1:colcon.colcon_core.package_identification:_identify(src/arduinobot_controller) by extension 'ros'
[0.232s] DEBUG:colcon.colcon_core.package_identification:Package 'src/arduinobot_controller' with type 'ros.ament_cmake' and name 'arduinobot_controller'
[0.232s] Level 1:colcon.colcon_core.package_identification:_identify(src/arduinobot_description) by extensions ['ignore', 'ignore_ament_install']
[0.232s] Level 1:colcon.colcon_core.package_identification:_identify(src/arduinobot_description) by extension 'ignore'
[0.232s] Level 1:colcon.colcon_core.package_identification:_identify(src/arduinobot_description) by extension 'ignore_ament_install'
[0.232s] Level 1:colcon.colcon_core.package_identification:_identify(src/arduinobot_description) by extensions ['colcon_pkg']
[0.232s] Level 1:colcon.colcon_core.package_identification:_identify(src/arduinobot_description) by extension 'colcon_pkg'
[0.232s] Level 1:colcon.colcon_core.package_identification:_identify(src/arduinobot_description) by extensions ['colcon_meta']
[0.232s] Level 1:colcon.colcon_core.package_identification:_identify(src/arduinobot_description) by extension 'colcon_meta'
[0.232s] Level 1:colcon.colcon_core.package_identification:_identify(src/arduinobot_description) by extensions ['ros']
[0.233s] Level 1:colcon.colcon_core.package_identification:_identify(src/arduinobot_description) by extension 'ros'
[0.233s] DEBUG:colcon.colcon_core.package_identification:Package 'src/arduinobot_description' with type 'ros.ament_cmake' and name 'arduinobot_description'
[0.233s] Level 1:colcon.colcon_core.package_identification:_identify(src/arduinobot_movit) by extensions ['ignore', 'ignore_ament_install']
[0.233s] Level 1:colcon.colcon_core.package_identification:_identify(src/arduinobot_movit) by extension 'ignore'
[0.233s] Level 1:colcon.colcon_core.package_identification:_identify(src/arduinobot_movit) by extension 'ignore_ament_install'
[0.233s] Level 1:colcon.colcon_core.package_identification:_identify(src/arduinobot_movit) by extensions ['colcon_pkg']
[0.233s] Level 1:colcon.colcon_core.package_identification:_identify(src/arduinobot_movit) by extension 'colcon_pkg'
[0.233s] Level 1:colcon.colcon_core.package_identification:_identify(src/arduinobot_movit) by extensions ['colcon_meta']
[0.233s] Level 1:colcon.colcon_core.package_identification:_identify(src/arduinobot_movit) by extension 'colcon_meta'
[0.233s] Level 1:colcon.colcon_core.package_identification:_identify(src/arduinobot_movit) by extensions ['ros']
[0.233s] Level 1:colcon.colcon_core.package_identification:_identify(src/arduinobot_movit) by extension 'ros'
[0.234s] DEBUG:colcon.colcon_core.package_identification:Package 'src/arduinobot_movit' with type 'ros.ament_cmake' and name 'arduinobot_movit'
[0.234s] Level 1:colcon.colcon_core.package_identification:_identify(src/arduinobot_msgs) by extensions ['ignore', 'ignore_ament_install']
[0.234s] Level 1:colcon.colcon_core.package_identification:_identify(src/arduinobot_msgs) by extension 'ignore'
[0.234s] Level 1:colcon.colcon_core.package_identification:_identify(src/arduinobot_msgs) by extension 'ignore_ament_install'
[0.234s] Level 1:colcon.colcon_core.package_identification:_identify(src/arduinobot_msgs) by extensions ['colcon_pkg']
[0.234s] Level 1:colcon.colcon_core.package_identification:_identify(src/arduinobot_msgs) by extension 'colcon_pkg'
[0.234s] Level 1:colcon.colcon_core.package_identification:_identify(src/arduinobot_msgs) by extensions ['colcon_meta']
[0.234s] Level 1:colcon.colcon_core.package_identification:_identify(src/arduinobot_msgs) by extension 'colcon_meta'
[0.234s] Level 1:colcon.colcon_core.package_identification:_identify(src/arduinobot_msgs) by extensions ['ros']
[0.234s] Level 1:colcon.colcon_core.package_identification:_identify(src/arduinobot_msgs) by extension 'ros'
[0.234s] DEBUG:colcon.colcon_core.package_identification:Package 'src/arduinobot_msgs' with type 'ros.ament_cmake' and name 'arduinobot_msgs'
[0.235s] Level 1:colcon.colcon_core.package_identification:_identify(src/arduinobot_py_examples) by extensions ['ignore', 'ignore_ament_install']
[0.235s] Level 1:colcon.colcon_core.package_identification:_identify(src/arduinobot_py_examples) by extension 'ignore'
[0.235s] Level 1:colcon.colcon_core.package_identification:_identify(src/arduinobot_py_examples) by extension 'ignore_ament_install'
[0.235s] Level 1:colcon.colcon_core.package_identification:_identify(src/arduinobot_py_examples) by extensions ['colcon_pkg']
[0.235s] Level 1:colcon.colcon_core.package_identification:_identify(src/arduinobot_py_examples) by extension 'colcon_pkg'
[0.235s] Level 1:colcon.colcon_core.package_identification:_identify(src/arduinobot_py_examples) by extensions ['colcon_meta']
[0.235s] Level 1:colcon.colcon_core.package_identification:_identify(src/arduinobot_py_examples) by extension 'colcon_meta'
[0.235s] Level 1:colcon.colcon_core.package_identification:_identify(src/arduinobot_py_examples) by extensions ['ros']
[0.235s] Level 1:colcon.colcon_core.package_identification:_identify(src/arduinobot_py_examples) by extension 'ros'
[0.235s] DEBUG:colcon.colcon_core.package_identification:Package 'src/arduinobot_py_examples' with type 'ros.ament_python' and name 'arduinobot_py_examples'
[0.235s] Level 1:colcon.colcon_core.package_identification:_identify(src/arduinobot_utils) by extensions ['ignore', 'ignore_ament_install']
[0.235s] Level 1:colcon.colcon_core.package_identification:_identify(src/arduinobot_utils) by extension 'ignore'
[0.235s] Level 1:colcon.colcon_core.package_identification:_identify(src/arduinobot_utils) by extension 'ignore_ament_install'
[0.235s] Level 1:colcon.colcon_core.package_identification:_identify(src/arduinobot_utils) by extensions ['colcon_pkg']
[0.235s] Level 1:colcon.colcon_core.package_identification:_identify(src/arduinobot_utils) by extension 'colcon_pkg'
[0.235s] Level 1:colcon.colcon_core.package_identification:_identify(src/arduinobot_utils) by extensions ['colcon_meta']
[0.235s] Level 1:colcon.colcon_core.package_identification:_identify(src/arduinobot_utils) by extension 'colcon_meta'
[0.236s] Level 1:colcon.colcon_core.package_identification:_identify(src/arduinobot_utils) by extensions ['ros']
[0.236s] Level 1:colcon.colcon_core.package_identification:_identify(src/arduinobot_utils) by extension 'ros'
[0.236s] DEBUG:colcon.colcon_core.package_identification:Package 'src/arduinobot_utils' with type 'ros.ament_python' and name 'arduinobot_utils'
[0.236s] Level 1:colcon.colcon_core.package_identification:_identify(src/build) by extensions ['ignore', 'ignore_ament_install']
[0.236s] Level 1:colcon.colcon_core.package_identification:_identify(src/build) by extension 'ignore'
[0.236s] Level 1:colcon.colcon_core.package_identification:_identify(src/build) ignored
[0.236s] Level 1:colcon.colcon_core.package_identification:_identify(src/install) by extensions ['ignore', 'ignore_ament_install']
[0.236s] Level 1:colcon.colcon_core.package_identification:_identify(src/install) by extension 'ignore'
[0.236s] Level 1:colcon.colcon_core.package_identification:_identify(src/install) ignored
[0.236s] Level 1:colcon.colcon_core.package_identification:_identify(src/log) by extensions ['ignore', 'ignore_ament_install']
[0.236s] Level 1:colcon.colcon_core.package_identification:_identify(src/log) by extension 'ignore'
[0.236s] Level 1:colcon.colcon_core.package_identification:_identify(src/log) ignored
[0.236s] Level 1:colcon.colcon_core.package_discovery:discover_packages(recursive) using defaults
[0.236s] Level 1:colcon.colcon_core.package_discovery:discover_packages(ignore) discover
[0.236s] Level 1:colcon.colcon_core.package_discovery:discover_packages(ignore) using defaults
[0.236s] Level 1:colcon.colcon_core.package_discovery:discover_packages(path) discover
[0.236s] Level 1:colcon.colcon_core.package_discovery:discover_packages(path) using defaults
[0.259s] Level 1:colcon.colcon_core.package_discovery:discover_packages(prefix_path) check parameters
[0.259s] Level 1:colcon.colcon_core.package_discovery:discover_packages(prefix_path) discover
[0.261s] DEBUG:colcon.colcon_installed_package_information.package_discovery:Found 6 installed packages in /home/adi/arduinobot_ws/install
[0.262s] DEBUG:colcon.colcon_installed_package_information.package_discovery:Found 356 installed packages in /opt/ros/humble
[0.263s] Level 1:colcon.colcon_core.package_discovery:discover_packages(prefix_path) using defaults
[0.296s] Level 5:colcon.colcon_core.verb:set package 'arduinobot_controller' build argument 'cmake_args' from command line to 'None'
[0.296s] Level 5:colcon.colcon_core.verb:set package 'arduinobot_controller' build argument 'cmake_target' from command line to 'None'
[0.296s] Level 5:colcon.colcon_core.verb:set package 'arduinobot_controller' build argument 'cmake_target_skip_unavailable' from command line to 'False'
[0.296s] Level 5:colcon.colcon_core.verb:set package 'arduinobot_controller' build argument 'cmake_clean_cache' from command line to 'False'
[0.296s] Level 5:colcon.colcon_core.verb:set package 'arduinobot_controller' build argument 'cmake_clean_first' from command line to 'False'
[0.296s] Level 5:colcon.colcon_core.verb:set package 'arduinobot_controller' build argument 'cmake_force_configure' from command line to 'False'
[0.296s] Level 5:colcon.colcon_core.verb:set package 'arduinobot_controller' build argument 'ament_cmake_args' from command line to 'None'
[0.296s] Level 5:colcon.colcon_core.verb:set package 'arduinobot_controller' build argument 'catkin_cmake_args' from command line to 'None'
[0.296s] Level 5:colcon.colcon_core.verb:set package 'arduinobot_controller' build argument 'catkin_skip_building_tests' from command line to 'False'
[0.296s] DEBUG:colcon.colcon_core.verb:Building package 'arduinobot_controller' with the following arguments: {'ament_cmake_args': None, 'build_base': '/home/adi/arduinobot_ws/build/arduinobot_controller', 'catkin_cmake_args': None, 'catkin_skip_building_tests': False, 'cmake_args': None, 'cmake_clean_cache': False, 'cmake_clean_first': False, 'cmake_force_configure': False, 'cmake_target': None, 'cmake_target_skip_unavailable': False, 'install_base': '/home/adi/arduinobot_ws/install/arduinobot_controller', 'merge_install': False, 'path': '/home/adi/arduinobot_ws/src/arduinobot_controller', 'symlink_install': False, 'test_result_base': None}
[0.296s] Level 5:colcon.colcon_core.verb:set package 'arduinobot_description' build argument 'cmake_args' from command line to 'None'
[0.297s] Level 5:colcon.colcon_core.verb:set package 'arduinobot_description' build argument 'cmake_target' from command line to 'None'
[0.297s] Level 5:colcon.colcon_core.verb:set package 'arduinobot_description' build argument 'cmake_target_skip_unavailable' from command line to 'False'
[0.297s] Level 5:colcon.colcon_core.verb:set package 'arduinobot_description' build argument 'cmake_clean_cache' from command line to 'False'
[0.297s] Level 5:colcon.colcon_core.verb:set package 'arduinobot_description' build argument 'cmake_clean_first' from command line to 'False'
[0.297s] Level 5:colcon.colcon_core.verb:set package 'arduinobot_description' build argument 'cmake_force_configure' from command line to 'False'
[0.297s] Level 5:colcon.colcon_core.verb:set package 'arduinobot_description' build argument 'ament_cmake_args' from command line to 'None'
[0.297s] Level 5:colcon.colcon_core.verb:set package 'arduinobot_description' build argument 'catkin_cmake_args' from command line to 'None'
[0.297s] Level 5:colcon.colcon_core.verb:set package 'arduinobot_description' build argument 'catkin_skip_building_tests' from command line to 'False'
[0.297s] DEBUG:colcon.colcon_core.verb:Building package 'arduinobot_description' with the following arguments: {'ament_cmake_args': None, 'build_base': '/home/adi/arduinobot_ws/build/arduinobot_description', 'catkin_cmake_args': None, 'catkin_skip_building_tests': False, 'cmake_args': None, 'cmake_clean_cache': False, 'cmake_clean_first': False, 'cmake_force_configure': False, 'cmake_target': None, 'cmake_target_skip_unavailable': False, 'install_base': '/home/adi/arduinobot_ws/install/arduinobot_description', 'merge_install': False, 'path': '/home/adi/arduinobot_ws/src/arduinobot_description', 'symlink_install': False, 'test_result_base': None}
[0.297s] Level 5:colcon.colcon_core.verb:set package 'arduinobot_movit' build argument 'cmake_args' from command line to 'None'
[0.297s] Level 5:colcon.colcon_core.verb:set package 'arduinobot_movit' build argument 'cmake_target' from command line to 'None'
[0.297s] Level 5:colcon.colcon_core.verb:set package 'arduinobot_movit' build argument 'cmake_target_skip_unavailable' from command line to 'False'
[0.297s] Level 5:colcon.colcon_core.verb:set package 'arduinobot_movit' build argument 'cmake_clean_cache' from command line to 'False'
[0.297s] Level 5:colcon.colcon_core.verb:set package 'arduinobot_movit' build argument 'cmake_clean_first' from command line to 'False'
[0.297s] Level 5:colcon.colcon_core.verb:set package 'arduinobot_movit' build argument 'cmake_force_configure' from command line to 'False'
[0.297s] Level 5:colcon.colcon_core.verb:set package 'arduinobot_movit' build argument 'ament_cmake_args' from command line to 'None'
[0.297s] Level 5:colcon.colcon_core.verb:set package 'arduinobot_movit' build argument 'catkin_cmake_args' from command line to 'None'
[0.297s] Level 5:colcon.colcon_core.verb:set package 'arduinobot_movit' build argument 'catkin_skip_building_tests' from command line to 'False'
[0.297s] DEBUG:colcon.colcon_core.verb:Building package 'arduinobot_movit' with the following arguments: {'ament_cmake_args': None, 'build_base': '/home/adi/arduinobot_ws/build/arduinobot_movit', 'catkin_cmake_args': None, 'catkin_skip_building_tests': False, 'cmake_args': None, 'cmake_clean_cache': False, 'cmake_clean_first': False, 'cmake_force_configure': False, 'cmake_target': None, 'cmake_target_skip_unavailable': False, 'install_base': '/home/adi/arduinobot_ws/install/arduinobot_movit', 'merge_install': False, 'path': '/home/adi/arduinobot_ws/src/arduinobot_movit', 'symlink_install': False, 'test_result_base': None}
[0.297s] Level 5:colcon.colcon_core.verb:set package 'arduinobot_msgs' build argument 'cmake_args' from command line to 'None'
[0.297s] Level 5:colcon.colcon_core.verb:set package 'arduinobot_msgs' build argument 'cmake_target' from command line to 'None'
[0.297s] Level 5:colcon.colcon_core.verb:set package 'arduinobot_msgs' build argument 'cmake_target_skip_unavailable' from command line to 'False'
[0.297s] Level 5:colcon.colcon_core.verb:set package 'arduinobot_msgs' build argument 'cmake_clean_cache' from command line to 'False'
[0.297s] Level 5:colcon.colcon_core.verb:set package 'arduinobot_msgs' build argument 'cmake_clean_first' from command line to 'False'
[0.297s] Level 5:colcon.colcon_core.verb:set package 'arduinobot_msgs' build argument 'cmake_force_configure' from command line to 'False'
[0.297s] Level 5:colcon.colcon_core.verb:set package 'arduinobot_msgs' build argument 'ament_cmake_args' from command line to 'None'
[0.298s] Level 5:colcon.colcon_core.verb:set package 'arduinobot_msgs' build argument 'catkin_cmake_args' from command line to 'None'
[0.298s] Level 5:colcon.colcon_core.verb:set package 'arduinobot_msgs' build argument 'catkin_skip_building_tests' from command line to 'False'
[0.298s] DEBUG:colcon.colcon_core.verb:Building package 'arduinobot_msgs' with the following arguments: {'ament_cmake_args': None, 'build_base': '/home/adi/arduinobot_ws/build/arduinobot_msgs', 'catkin_cmake_args': None, 'catkin_skip_building_tests': False, 'cmake_args': None, 'cmake_clean_cache': False, 'cmake_clean_first': False, 'cmake_force_configure': False, 'cmake_target': None, 'cmake_target_skip_unavailable': False, 'install_base': '/home/adi/arduinobot_ws/install/arduinobot_msgs', 'merge_install': False, 'path': '/home/adi/arduinobot_ws/src/arduinobot_msgs', 'symlink_install': False, 'test_result_base': None}
[0.298s] Level 5:colcon.colcon_core.verb:set package 'arduinobot_py_examples' build argument 'cmake_args' from command line to 'None'
[0.298s] Level 5:colcon.colcon_core.verb:set package 'arduinobot_py_examples' build argument 'cmake_target' from command line to 'None'
[0.298s] Level 5:colcon.colcon_core.verb:set package 'arduinobot_py_examples' build argument 'cmake_target_skip_unavailable' from command line to 'False'
[0.298s] Level 5:colcon.colcon_core.verb:set package 'arduinobot_py_examples' build argument 'cmake_clean_cache' from command line to 'False'
[0.298s] Level 5:colcon.colcon_core.verb:set package 'arduinobot_py_examples' build argument 'cmake_clean_first' from command line to 'False'
[0.298s] Level 5:colcon.colcon_core.verb:set package 'arduinobot_py_examples' build argument 'cmake_force_configure' from command line to 'False'
[0.298s] Level 5:colcon.colcon_core.verb:set package 'arduinobot_py_examples' build argument 'ament_cmake_args' from command line to 'None'
[0.298s] Level 5:colcon.colcon_core.verb:set package 'arduinobot_py_examples' build argument 'catkin_cmake_args' from command line to 'None'
[0.298s] Level 5:colcon.colcon_core.verb:set package 'arduinobot_py_examples' build argument 'catkin_skip_building_tests' from command line to 'False'
[0.298s] DEBUG:colcon.colcon_core.verb:Building package 'arduinobot_py_examples' with the following arguments: {'ament_cmake_args': None, 'build_base': '/home/adi/arduinobot_ws/build/arduinobot_py_examples', 'catkin_cmake_args': None, 'catkin_skip_building_tests': False, 'cmake_args': None, 'cmake_clean_cache': False, 'cmake_clean_first': False, 'cmake_force_configure': False, 'cmake_target': None, 'cmake_target_skip_unavailable': False, 'install_base': '/home/adi/arduinobot_ws/install/arduinobot_py_examples', 'merge_install': False, 'path': '/home/adi/arduinobot_ws/src/arduinobot_py_examples', 'symlink_install': False, 'test_result_base': None}
[0.298s] Level 5:colcon.colcon_core.verb:set package 'arduinobot_utils' build argument 'cmake_args' from command line to 'None'
[0.298s] Level 5:colcon.colcon_core.verb:set package 'arduinobot_utils' build argument 'cmake_target' from command line to 'None'
[0.298s] Level 5:colcon.colcon_core.verb:set package 'arduinobot_utils' build argument 'cmake_target_skip_unavailable' from command line to 'False'
[0.298s] Level 5:colcon.colcon_core.verb:set package 'arduinobot_utils' build argument 'cmake_clean_cache' from command line to 'False'
[0.298s] Level 5:colcon.colcon_core.verb:set package 'arduinobot_utils' build argument 'cmake_clean_first' from command line to 'False'
[0.298s] Level 5:colcon.colcon_core.verb:set package 'arduinobot_utils' build argument 'cmake_force_configure' from command line to 'False'
[0.298s] Level 5:colcon.colcon_core.verb:set package 'arduinobot_utils' build argument 'ament_cmake_args' from command line to 'None'
[0.298s] Level 5:colcon.colcon_core.verb:set package 'arduinobot_utils' build argument 'catkin_cmake_args' from command line to 'None'
[0.298s] Level 5:colcon.colcon_core.verb:set package 'arduinobot_utils' build argument 'catkin_skip_building_tests' from command line to 'False'
[0.298s] DEBUG:colcon.colcon_core.verb:Building package 'arduinobot_utils' with the following arguments: {'ament_cmake_args': None, 'build_base': '/home/adi/arduinobot_ws/build/arduinobot_utils', 'catkin_cmake_args': None, 'catkin_skip_building_tests': False, 'cmake_args': None, 'cmake_clean_cache': False, 'cmake_clean_first': False, 'cmake_force_configure': False, 'cmake_target': None, 'cmake_target_skip_unavailable': False, 'install_base': '/home/adi/arduinobot_ws/install/arduinobot_utils', 'merge_install': False, 'path': '/home/adi/arduinobot_ws/src/arduinobot_utils', 'symlink_install': False, 'test_result_base': None}
[0.299s] INFO:colcon.colcon_core.executor:Executing jobs using 'parallel' executor
[0.299s] DEBUG:colcon.colcon_parallel_executor.executor.parallel:run_until_complete
[0.299s] INFO:colcon.colcon_ros.task.ament_cmake.build:Building ROS package in '/home/adi/arduinobot_ws/src/arduinobot_msgs' with build type 'ament_cmake'
[0.300s] INFO:colcon.colcon_cmake.task.cmake.build:Building CMake package in '/home/adi/arduinobot_ws/src/arduinobot_msgs'
[0.302s] INFO:colcon.colcon_core.plugin_system:Skipping extension 'colcon_core.shell.bat': Not used on non-Windows systems
[0.303s] INFO:colcon.colcon_core.shell:Skip shell extension 'powershell' for command environment: Not usable outside of PowerShell
[0.303s] DEBUG:colcon.colcon_core.shell:Skip shell extension 'dsv' for command environment
[0.304s] DEBUG:colcon.colcon_core.shell:Ignoring prefix path '/home/adi/catkin_ws/devel'
[0.305s] INFO:colcon.colcon_ros.task.ament_cmake.build:Building ROS package in '/home/adi/arduinobot_ws/src/arduinobot_controller' with build type 'ament_cmake'
[0.306s] INFO:colcon.colcon_cmake.task.cmake.build:Building CMake package in '/home/adi/arduinobot_ws/src/arduinobot_controller'
[0.306s] INFO:colcon.colcon_core.shell:Skip shell extension 'powershell' for command environment: Not usable outside of PowerShell
[0.306s] DEBUG:colcon.colcon_core.shell:Skip shell extension 'dsv' for command environment
[0.308s] DEBUG:colcon.colcon_core.shell:Ignoring prefix path '/home/adi/catkin_ws/devel'
[0.308s] INFO:colcon.colcon_ros.task.ament_cmake.build:Building ROS package in '/home/adi/arduinobot_ws/src/arduinobot_description' with build type 'ament_cmake'
[0.308s] INFO:colcon.colcon_cmake.task.cmake.build:Building CMake package in '/home/adi/arduinobot_ws/src/arduinobot_description'
[0.308s] INFO:colcon.colcon_core.shell:Skip shell extension 'powershell' for command environment: Not usable outside of PowerShell
[0.308s] DEBUG:colcon.colcon_core.shell:Skip shell extension 'dsv' for command environment
[0.310s] DEBUG:colcon.colcon_core.shell:Ignoring prefix path '/home/adi/catkin_ws/devel'
[0.311s] INFO:colcon.colcon_ros.task.ament_cmake.build:Building ROS package in '/home/adi/arduinobot_ws/src/arduinobot_movit' with build type 'ament_cmake'
[0.311s] INFO:colcon.colcon_cmake.task.cmake.build:Building CMake package in '/home/adi/arduinobot_ws/src/arduinobot_movit'
[0.311s] INFO:colcon.colcon_core.shell:Skip shell extension 'powershell' for command environment: Not usable outside of PowerShell
[0.311s] DEBUG:colcon.colcon_core.shell:Skip shell extension 'dsv' for command environment
[0.313s] DEBUG:colcon.colcon_core.shell:Ignoring prefix path '/home/adi/catkin_ws/devel'
[0.318s] DEBUG:colcon.colcon_core.event_handler.log_command:Invoking command in '/home/adi/arduinobot_ws/build/arduinobot_msgs': CMAKE_PREFIX_PATH=/home/adi/arduinobot_ws/install/arduinobot_msgs:/home/adi/arduinobot_ws/install/arduinobot_movit:/home/adi/arduinobot_ws/install/arduinobot_description:/home/adi/arduinobot_ws/install/arduinobot_controller:/home/adi/arduinobot_ws/install/arduinobot_utils:/home/adi/arduinobot_ws/install/arduinobot_py_examples:/opt/ros/humble:/home/adi/catkin_ws/devel:/opt/ros/noetic /usr/bin/cmake --build /home/adi/arduinobot_ws/build/arduinobot_msgs -- -j12 -l12
[0.320s] DEBUG:colcon.colcon_core.event_handler.log_command:Invoking command in '/home/adi/arduinobot_ws/build/arduinobot_controller': CMAKE_PREFIX_PATH=/home/adi/arduinobot_ws/install/arduinobot_msgs:/home/adi/arduinobot_ws/install/arduinobot_movit:/home/adi/arduinobot_ws/install/arduinobot_description:/home/adi/arduinobot_ws/install/arduinobot_controller:/home/adi/arduinobot_ws/install/arduinobot_utils:/home/adi/arduinobot_ws/install/arduinobot_py_examples:/opt/ros/humble:/home/adi/catkin_ws/devel:/opt/ros/noetic /usr/bin/cmake --build /home/adi/arduinobot_ws/build/arduinobot_controller -- -j12 -l12
[0.323s] DEBUG:colcon.colcon_core.event_handler.log_command:Invoking command in '/home/adi/arduinobot_ws/build/arduinobot_description': CMAKE_PREFIX_PATH=/home/adi/arduinobot_ws/install/arduinobot_msgs:/home/adi/arduinobot_ws/install/arduinobot_movit:/home/adi/arduinobot_ws/install/arduinobot_description:/home/adi/arduinobot_ws/install/arduinobot_controller:/home/adi/arduinobot_ws/install/arduinobot_utils:/home/adi/arduinobot_ws/install/arduinobot_py_examples:/opt/ros/humble:/home/adi/catkin_ws/devel:/opt/ros/noetic /usr/bin/cmake --build /home/adi/arduinobot_ws/build/arduinobot_description -- -j12 -l12
[0.325s] DEBUG:colcon.colcon_core.event_handler.log_command:Invoking command in '/home/adi/arduinobot_ws/build/arduinobot_movit': CMAKE_PREFIX_PATH=/home/adi/arduinobot_ws/install/arduinobot_msgs:/home/adi/arduinobot_ws/install/arduinobot_movit:/home/adi/arduinobot_ws/install/arduinobot_description:/home/adi/arduinobot_ws/install/arduinobot_controller:/home/adi/arduinobot_ws/install/arduinobot_utils:/home/adi/arduinobot_ws/install/arduinobot_py_examples:/opt/ros/humble:/home/adi/catkin_ws/devel:/opt/ros/noetic /usr/bin/cmake --build /home/adi/arduinobot_ws/build/arduinobot_movit -- -j12 -l12
[0.350s] DEBUG:colcon.colcon_core.event_handler.log_command:Invoked command in '/home/adi/arduinobot_ws/build/arduinobot_movit' returned '0': CMAKE_PREFIX_PATH=/home/adi/arduinobot_ws/install/arduinobot_msgs:/home/adi/arduinobot_ws/install/arduinobot_movit:/home/adi/arduinobot_ws/install/arduinobot_description:/home/adi/arduinobot_ws/install/arduinobot_controller:/home/adi/arduinobot_ws/install/arduinobot_utils:/home/adi/arduinobot_ws/install/arduinobot_py_examples:/opt/ros/humble:/home/adi/catkin_ws/devel:/opt/ros/noetic /usr/bin/cmake --build /home/adi/arduinobot_ws/build/arduinobot_movit -- -j12 -l12
[0.351s] DEBUG:colcon.colcon_core.event_handler.log_command:Invoked command in '/home/adi/arduinobot_ws/build/arduinobot_description' returned '0': CMAKE_PREFIX_PATH=/home/adi/arduinobot_ws/install/arduinobot_msgs:/home/adi/arduinobot_ws/install/arduinobot_movit:/home/adi/arduinobot_ws/install/arduinobot_description:/home/adi/arduinobot_ws/install/arduinobot_controller:/home/adi/arduinobot_ws/install/arduinobot_utils:/home/adi/arduinobot_ws/install/arduinobot_py_examples:/opt/ros/humble:/home/adi/catkin_ws/devel:/opt/ros/noetic /usr/bin/cmake --build /home/adi/arduinobot_ws/build/arduinobot_description -- -j12 -l12
[0.352s] DEBUG:colcon.colcon_core.event_handler.log_command:Invoked command in '/home/adi/arduinobot_ws/build/arduinobot_controller' returned '0': CMAKE_PREFIX_PATH=/home/adi/arduinobot_ws/install/arduinobot_msgs:/home/adi/arduinobot_ws/install/arduinobot_movit:/home/adi/arduinobot_ws/install/arduinobot_description:/home/adi/arduinobot_ws/install/arduinobot_controller:/home/adi/arduinobot_ws/install/arduinobot_utils:/home/adi/arduinobot_ws/install/arduinobot_py_examples:/opt/ros/humble:/home/adi/catkin_ws/devel:/opt/ros/noetic /usr/bin/cmake --build /home/adi/arduinobot_ws/build/arduinobot_controller -- -j12 -l12
[0.368s] DEBUG:colcon.colcon_core.event_handler.log_command:Invoking command in '/home/adi/arduinobot_ws/build/arduinobot_controller': CMAKE_PREFIX_PATH=/home/adi/arduinobot_ws/install/arduinobot_msgs:/home/adi/arduinobot_ws/install/arduinobot_movit:/home/adi/arduinobot_ws/install/arduinobot_description:/home/adi/arduinobot_ws/install/arduinobot_controller:/home/adi/arduinobot_ws/install/arduinobot_utils:/home/adi/arduinobot_ws/install/arduinobot_py_examples:/opt/ros/humble:/home/adi/catkin_ws/devel:/opt/ros/noetic /usr/bin/cmake --install /home/adi/arduinobot_ws/build/arduinobot_controller
[0.369s] DEBUG:colcon.colcon_core.event_handler.log_command:Invoking command in '/home/adi/arduinobot_ws/build/arduinobot_movit': CMAKE_PREFIX_PATH=/home/adi/arduinobot_ws/install/arduinobot_msgs:/home/adi/arduinobot_ws/install/arduinobot_movit:/home/adi/arduinobot_ws/install/arduinobot_description:/home/adi/arduinobot_ws/install/arduinobot_controller:/home/adi/arduinobot_ws/install/arduinobot_utils:/home/adi/arduinobot_ws/install/arduinobot_py_examples:/opt/ros/humble:/home/adi/catkin_ws/devel:/opt/ros/noetic /usr/bin/cmake --install /home/adi/arduinobot_ws/build/arduinobot_movit
[0.371s] DEBUG:colcon.colcon_core.event_handler.log_command:Invoking command in '/home/adi/arduinobot_ws/build/arduinobot_description': CMAKE_PREFIX_PATH=/home/adi/arduinobot_ws/install/arduinobot_msgs:/home/adi/arduinobot_ws/install/arduinobot_movit:/home/adi/arduinobot_ws/install/arduinobot_description:/home/adi/arduinobot_ws/install/arduinobot_controller:/home/adi/arduinobot_ws/install/arduinobot_utils:/home/adi/arduinobot_ws/install/arduinobot_py_examples:/opt/ros/humble:/home/adi/catkin_ws/devel:/opt/ros/noetic /usr/bin/cmake --install /home/adi/arduinobot_ws/build/arduinobot_description
[0.377s] Level 1:colcon.colcon_core.environment:create_environment_scripts_only(arduinobot_controller)
[0.382s] DEBUG:colcon.colcon_core.event_handler.log_command:Invoked command in '/home/adi/arduinobot_ws/build/arduinobot_controller' returned '0': CMAKE_PREFIX_PATH=/home/adi/arduinobot_ws/install/arduinobot_msgs:/home/adi/arduinobot_ws/install/arduinobot_movit:/home/adi/arduinobot_ws/install/arduinobot_description:/home/adi/arduinobot_ws/install/arduinobot_controller:/home/adi/arduinobot_ws/install/arduinobot_utils:/home/adi/arduinobot_ws/install/arduinobot_py_examples:/opt/ros/humble:/home/adi/catkin_ws/devel:/opt/ros/noetic /usr/bin/cmake --install /home/adi/arduinobot_ws/build/arduinobot_controller
[0.384s] Level 1:colcon.colcon_core.environment:checking '/home/adi/arduinobot_ws/install/arduinobot_controller' for CMake module files
[0.384s] Level 1:colcon.colcon_core.environment:checking '/home/adi/arduinobot_ws/install/arduinobot_controller' for CMake config files
[0.385s] Level 1:colcon.colcon_core.shell:create_environment_hook('arduinobot_controller', 'cmake_prefix_path')
[0.385s] INFO:colcon.colcon_core.shell:Creating environment hook '/home/adi/arduinobot_ws/install/arduinobot_controller/share/arduinobot_controller/hook/cmake_prefix_path.ps1'
[0.385s] INFO:colcon.colcon_core.shell:Creating environment descriptor '/home/adi/arduinobot_ws/install/arduinobot_controller/share/arduinobot_controller/hook/cmake_prefix_path.dsv'
[0.386s] INFO:colcon.colcon_core.shell:Creating environment hook '/home/adi/arduinobot_ws/install/arduinobot_controller/share/arduinobot_controller/hook/cmake_prefix_path.sh'
[0.387s] Level 1:colcon.colcon_core.environment:checking '/home/adi/arduinobot_ws/install/arduinobot_controller/bin'
[0.387s] Level 1:colcon.colcon_core.environment:checking '/home/adi/arduinobot_ws/install/arduinobot_controller/lib/pkgconfig/arduinobot_controller.pc'
[0.387s] Level 1:colcon.colcon_core.environment:checking '/home/adi/arduinobot_ws/install/arduinobot_controller/lib/python3.10/site-packages'
[0.387s] Level 1:colcon.colcon_core.environment:checking '/home/adi/arduinobot_ws/install/arduinobot_controller/bin'
[0.388s] INFO:colcon.colcon_core.shell:Creating package script '/home/adi/arduinobot_ws/install/arduinobot_controller/share/arduinobot_controller/package.ps1'
[0.388s] INFO:colcon.colcon_core.shell:Creating package descriptor '/home/adi/arduinobot_ws/install/arduinobot_controller/share/arduinobot_controller/package.dsv'
[0.389s] INFO:colcon.colcon_core.shell:Creating package script '/home/adi/arduinobot_ws/install/arduinobot_controller/share/arduinobot_controller/package.sh'
[0.389s] INFO:colcon.colcon_core.shell:Creating package script '/home/adi/arduinobot_ws/install/arduinobot_controller/share/arduinobot_controller/package.bash'
[0.390s] INFO:colcon.colcon_core.shell:Creating package script '/home/adi/arduinobot_ws/install/arduinobot_controller/share/arduinobot_controller/package.zsh'
[0.391s] Level 1:colcon.colcon_core.environment:create_file_with_runtime_dependencies(/home/adi/arduinobot_ws/install/arduinobot_controller/share/colcon-core/packages/arduinobot_controller)
[0.392s] Level 1:colcon.colcon_core.environment:create_environment_scripts_only(arduinobot_movit)
[0.392s] Level 1:colcon.colcon_core.environment:checking '/home/adi/arduinobot_ws/install/arduinobot_movit' for CMake module files
[0.392s] DEBUG:colcon.colcon_core.event_handler.log_command:Invoked command in '/home/adi/arduinobot_ws/build/arduinobot_movit' returned '0': CMAKE_PREFIX_PATH=/home/adi/arduinobot_ws/install/arduinobot_msgs:/home/adi/arduinobot_ws/install/arduinobot_movit:/home/adi/arduinobot_ws/install/arduinobot_description:/home/adi/arduinobot_ws/install/arduinobot_controller:/home/adi/arduinobot_ws/install/arduinobot_utils:/home/adi/arduinobot_ws/install/arduinobot_py_examples:/opt/ros/humble:/home/adi/catkin_ws/devel:/opt/ros/noetic /usr/bin/cmake --install /home/adi/arduinobot_ws/build/arduinobot_movit
[0.392s] Level 1:colcon.colcon_core.environment:checking '/home/adi/arduinobot_ws/install/arduinobot_movit' for CMake config files
[0.393s] Level 1:colcon.colcon_core.shell:create_environment_hook('arduinobot_movit', 'cmake_prefix_path')
[0.393s] INFO:colcon.colcon_core.shell:Creating environment hook '/home/adi/arduinobot_ws/install/arduinobot_movit/share/arduinobot_movit/hook/cmake_prefix_path.ps1'
[0.393s] INFO:colcon.colcon_core.shell:Creating environment descriptor '/home/adi/arduinobot_ws/install/arduinobot_movit/share/arduinobot_movit/hook/cmake_prefix_path.dsv'
[0.393s] INFO:colcon.colcon_core.shell:Creating environment hook '/home/adi/arduinobot_ws/install/arduinobot_movit/share/arduinobot_movit/hook/cmake_prefix_path.sh'
[0.394s] Level 1:colcon.colcon_core.environment:checking '/home/adi/arduinobot_ws/install/arduinobot_movit/bin'
[0.394s] Level 1:colcon.colcon_core.environment:checking '/home/adi/arduinobot_ws/install/arduinobot_movit/lib/pkgconfig/arduinobot_movit.pc'
[0.394s] Level 1:colcon.colcon_core.environment:checking '/home/adi/arduinobot_ws/install/arduinobot_movit/lib/python3.10/site-packages'
[0.394s] Level 1:colcon.colcon_core.environment:checking '/home/adi/arduinobot_ws/install/arduinobot_movit/bin'
[0.394s] INFO:colcon.colcon_core.shell:Creating package script '/home/adi/arduinobot_ws/install/arduinobot_movit/share/arduinobot_movit/package.ps1'
[0.395s] INFO:colcon.colcon_core.shell:Creating package descriptor '/home/adi/arduinobot_ws/install/arduinobot_movit/share/arduinobot_movit/package.dsv'
[0.395s] INFO:colcon.colcon_core.shell:Creating package script '/home/adi/arduinobot_ws/install/arduinobot_movit/share/arduinobot_movit/package.sh'
[0.395s] INFO:colcon.colcon_core.shell:Creating package script '/home/adi/arduinobot_ws/install/arduinobot_movit/share/arduinobot_movit/package.bash'
[0.395s] INFO:colcon.colcon_core.shell:Creating package script '/home/adi/arduinobot_ws/install/arduinobot_movit/share/arduinobot_movit/package.zsh'
[0.396s] Level 1:colcon.colcon_core.environment:create_file_with_runtime_dependencies(/home/adi/arduinobot_ws/install/arduinobot_movit/share/colcon-core/packages/arduinobot_movit)
[0.397s] Level 1:colcon.colcon_core.environment:create_environment_scripts_only(arduinobot_description)
[0.397s] Level 1:colcon.colcon_core.environment:checking '/home/adi/arduinobot_ws/install/arduinobot_description' for CMake module files
[0.398s] DEBUG:colcon.colcon_core.event_handler.log_command:Invoked command in '/home/adi/arduinobot_ws/build/arduinobot_description' returned '0': CMAKE_PREFIX_PATH=/home/adi/arduinobot_ws/install/arduinobot_msgs:/home/adi/arduinobot_ws/install/arduinobot_movit:/home/adi/arduinobot_ws/install/arduinobot_description:/home/adi/arduinobot_ws/install/arduinobot_controller:/home/adi/arduinobot_ws/install/arduinobot_utils:/home/adi/arduinobot_ws/install/arduinobot_py_examples:/opt/ros/humble:/home/adi/catkin_ws/devel:/opt/ros/noetic /usr/bin/cmake --install /home/adi/arduinobot_ws/build/arduinobot_description
[0.398s] Level 1:colcon.colcon_core.environment:checking '/home/adi/arduinobot_ws/install/arduinobot_description' for CMake config files
[0.398s] Level 1:colcon.colcon_core.shell:create_environment_hook('arduinobot_description', 'cmake_prefix_path')
[0.399s] INFO:colcon.colcon_core.shell:Creating environment hook '/home/adi/arduinobot_ws/install/arduinobot_description/share/arduinobot_description/hook/cmake_prefix_path.ps1'
[0.399s] INFO:colcon.colcon_core.shell:Creating environment descriptor '/home/adi/arduinobot_ws/install/arduinobot_description/share/arduinobot_description/hook/cmake_prefix_path.dsv'
[0.399s] INFO:colcon.colcon_core.shell:Creating environment hook '/home/adi/arduinobot_ws/install/arduinobot_description/share/arduinobot_description/hook/cmake_prefix_path.sh'
[0.400s] Level 1:colcon.colcon_core.environment:checking '/home/adi/arduinobot_ws/install/arduinobot_description/bin'
[0.400s] Level 1:colcon.colcon_core.environment:checking '/home/adi/arduinobot_ws/install/arduinobot_description/lib/pkgconfig/arduinobot_description.pc'
[0.400s] Level 1:colcon.colcon_core.environment:checking '/home/adi/arduinobot_ws/install/arduinobot_description/lib/python3.10/site-packages'
[0.400s] Level 1:colcon.colcon_core.environment:checking '/home/adi/arduinobot_ws/install/arduinobot_description/bin'
[0.401s] INFO:colcon.colcon_core.shell:Creating package script '/home/adi/arduinobot_ws/install/arduinobot_description/share/arduinobot_description/package.ps1'
[0.401s] INFO:colcon.colcon_core.shell:Creating package descriptor '/home/adi/arduinobot_ws/install/arduinobot_description/share/arduinobot_description/package.dsv'
[0.401s] INFO:colcon.colcon_core.shell:Creating package script '/home/adi/arduinobot_ws/install/arduinobot_description/share/arduinobot_description/package.sh'
[0.401s] INFO:colcon.colcon_core.shell:Creating package script '/home/adi/arduinobot_ws/install/arduinobot_description/share/arduinobot_description/package.bash'
[0.402s] INFO:colcon.colcon_core.shell:Creating package script '/home/adi/arduinobot_ws/install/arduinobot_description/share/arduinobot_description/package.zsh'
[0.402s] Level 1:colcon.colcon_core.environment:create_file_with_runtime_dependencies(/home/adi/arduinobot_ws/install/arduinobot_description/share/colcon-core/packages/arduinobot_description)
[0.404s] Level 1:colcon.colcon_core.environment:create_environment_scripts_only(arduinobot_controller)
[0.404s] Level 1:colcon.colcon_core.environment:checking '/home/adi/arduinobot_ws/install/arduinobot_controller' for CMake module files
[0.404s] Level 1:colcon.colcon_core.environment:checking '/home/adi/arduinobot_ws/install/arduinobot_controller' for CMake config files
[0.405s] Level 1:colcon.colcon_core.shell:create_environment_hook('arduinobot_controller', 'cmake_prefix_path')
[0.405s] INFO:colcon.colcon_core.shell:Creating environment hook '/home/adi/arduinobot_ws/install/arduinobot_controller/share/arduinobot_controller/hook/cmake_prefix_path.ps1'
[0.405s] INFO:colcon.colcon_core.shell:Creating environment descriptor '/home/adi/arduinobot_ws/install/arduinobot_controller/share/arduinobot_controller/hook/cmake_prefix_path.dsv'
[0.405s] INFO:colcon.colcon_core.shell:Creating environment hook '/home/adi/arduinobot_ws/install/arduinobot_controller/share/arduinobot_controller/hook/cmake_prefix_path.sh'
[0.406s] Level 1:colcon.colcon_core.environment:checking '/home/adi/arduinobot_ws/install/arduinobot_controller/bin'
[0.406s] Level 1:colcon.colcon_core.environment:checking '/home/adi/arduinobot_ws/install/arduinobot_controller/lib/pkgconfig/arduinobot_controller.pc'
[0.406s] Level 1:colcon.colcon_core.environment:checking '/home/adi/arduinobot_ws/install/arduinobot_controller/lib/python3.10/site-packages'
[0.406s] Level 1:colcon.colcon_core.environment:checking '/home/adi/arduinobot_ws/install/arduinobot_controller/bin'
[0.406s] INFO:colcon.colcon_core.shell:Creating package script '/home/adi/arduinobot_ws/install/arduinobot_controller/share/arduinobot_controller/package.ps1'
[0.407s] INFO:colcon.colcon_core.shell:Creating package descriptor '/home/adi/arduinobot_ws/install/arduinobot_controller/share/arduinobot_controller/package.dsv'
[0.407s] INFO:colcon.colcon_core.shell:Creating package script '/home/adi/arduinobot_ws/install/arduinobot_controller/share/arduinobot_controller/package.sh'
[0.407s] INFO:colcon.colcon_core.shell:Creating package script '/home/adi/arduinobot_ws/install/arduinobot_controller/share/arduinobot_controller/package.bash'
[0.407s] INFO:colcon.colcon_core.shell:Creating package script '/home/adi/arduinobot_ws/install/arduinobot_controller/share/arduinobot_controller/package.zsh'
[0.408s] Level 1:colcon.colcon_core.environment:create_file_with_runtime_dependencies(/home/adi/arduinobot_ws/install/arduinobot_controller/share/colcon-core/packages/arduinobot_controller)
[0.409s] Level 1:colcon.colcon_core.environment:create_environment_scripts_only(arduinobot_movit)
[0.409s] Level 1:colcon.colcon_core.environment:checking '/home/adi/arduinobot_ws/install/arduinobot_movit' for CMake module files
[0.409s] Level 1:colcon.colcon_core.environment:checking '/home/adi/arduinobot_ws/install/arduinobot_movit' for CMake config files
[0.409s] Level 1:colcon.colcon_core.shell:create_environment_hook('arduinobot_movit', 'cmake_prefix_path')
[0.410s] INFO:colcon.colcon_core.shell:Creating environment hook '/home/adi/arduinobot_ws/install/arduinobot_movit/share/arduinobot_movit/hook/cmake_prefix_path.ps1'
[0.410s] INFO:colcon.colcon_core.shell:Creating environment descriptor '/home/adi/arduinobot_ws/install/arduinobot_movit/share/arduinobot_movit/hook/cmake_prefix_path.dsv'
[0.410s] INFO:colcon.colcon_core.shell:Creating environment hook '/home/adi/arduinobot_ws/install/arduinobot_movit/share/arduinobot_movit/hook/cmake_prefix_path.sh'
[0.411s] Level 1:colcon.colcon_core.environment:checking '/home/adi/arduinobot_ws/install/arduinobot_movit/bin'
[0.411s] Level 1:colcon.colcon_core.environment:checking '/home/adi/arduinobot_ws/install/arduinobot_movit/lib/pkgconfig/arduinobot_movit.pc'
[0.411s] Level 1:colcon.colcon_core.environment:checking '/home/adi/arduinobot_ws/install/arduinobot_movit/lib/python3.10/site-packages'
[0.411s] Level 1:colcon.colcon_core.environment:checking '/home/adi/arduinobot_ws/install/arduinobot_movit/bin'
[0.411s] INFO:colcon.colcon_core.shell:Creating package script '/home/adi/arduinobot_ws/install/arduinobot_movit/share/arduinobot_movit/package.ps1'
[0.412s] INFO:colcon.colcon_core.shell:Creating package descriptor '/home/adi/arduinobot_ws/install/arduinobot_movit/share/arduinobot_movit/package.dsv'
[0.412s] INFO:colcon.colcon_core.shell:Creating package script '/home/adi/arduinobot_ws/install/arduinobot_movit/share/arduinobot_movit/package.sh'
[0.413s] INFO:colcon.colcon_core.shell:Creating package script '/home/adi/arduinobot_ws/install/arduinobot_movit/share/arduinobot_movit/package.bash'
[0.413s] INFO:colcon.colcon_core.shell:Creating package script '/home/adi/arduinobot_ws/install/arduinobot_movit/share/arduinobot_movit/package.zsh'
[0.413s] Level 1:colcon.colcon_core.environment:create_file_with_runtime_dependencies(/home/adi/arduinobot_ws/install/arduinobot_movit/share/colcon-core/packages/arduinobot_movit)
[0.415s] Level 1:colcon.colcon_core.environment:create_environment_scripts_only(arduinobot_description)
[0.415s] Level 1:colcon.colcon_core.environment:checking '/home/adi/arduinobot_ws/install/arduinobot_description' for CMake module files
[0.415s] Level 1:colcon.colcon_core.environment:checking '/home/adi/arduinobot_ws/install/arduinobot_description' for CMake config files
[0.416s] Level 1:colcon.colcon_core.shell:create_environment_hook('arduinobot_description', 'cmake_prefix_path')
[0.416s] INFO:colcon.colcon_core.shell:Creating environment hook '/home/adi/arduinobot_ws/install/arduinobot_description/share/arduinobot_description/hook/cmake_prefix_path.ps1'
[0.416s] INFO:colcon.colcon_core.shell:Creating environment descriptor '/home/adi/arduinobot_ws/install/arduinobot_description/share/arduinobot_description/hook/cmake_prefix_path.dsv'
[0.416s] INFO:colcon.colcon_core.shell:Creating environment hook '/home/adi/arduinobot_ws/install/arduinobot_description/share/arduinobot_description/hook/cmake_prefix_path.sh'
[0.417s] Level 1:colcon.colcon_core.environment:checking '/home/adi/arduinobot_ws/install/arduinobot_description/bin'
[0.417s] Level 1:colcon.colcon_core.environment:checking '/home/adi/arduinobot_ws/install/arduinobot_description/lib/pkgconfig/arduinobot_description.pc'
[0.417s] Level 1:colcon.colcon_core.environment:checking '/home/adi/arduinobot_ws/install/arduinobot_description/lib/python3.10/site-packages'
[0.417s] Level 1:colcon.colcon_core.environment:checking '/home/adi/arduinobot_ws/install/arduinobot_description/bin'
[0.417s] INFO:colcon.colcon_core.shell:Creating package script '/home/adi/arduinobot_ws/install/arduinobot_description/share/arduinobot_description/package.ps1'
[0.418s] INFO:colcon.colcon_core.shell:Creating package descriptor '/home/adi/arduinobot_ws/install/arduinobot_description/share/arduinobot_description/package.dsv'
[0.418s] INFO:colcon.colcon_core.shell:Creating package script '/home/adi/arduinobot_ws/install/arduinobot_description/share/arduinobot_description/package.sh'
[0.418s] INFO:colcon.colcon_core.shell:Creating package script '/home/adi/arduinobot_ws/install/arduinobot_description/share/arduinobot_description/package.bash'
[0.418s] INFO:colcon.colcon_core.shell:Creating package script '/home/adi/arduinobot_ws/install/arduinobot_description/share/arduinobot_description/package.zsh'
[0.419s] Level 1:colcon.colcon_core.environment:create_file_with_runtime_dependencies(/home/adi/arduinobot_ws/install/arduinobot_description/share/colcon-core/packages/arduinobot_description)
[5.232s] DEBUG:colcon.colcon_core.event_handler.log_command:Invoked command in '/home/adi/arduinobot_ws/build/arduinobot_msgs' returned '0': CMAKE_PREFIX_PATH=/home/adi/arduinobot_ws/install/arduinobot_msgs:/home/adi/arduinobot_ws/install/arduinobot_movit:/home/adi/arduinobot_ws/install/arduinobot_description:/home/adi/arduinobot_ws/install/arduinobot_controller:/home/adi/arduinobot_ws/install/arduinobot_utils:/home/adi/arduinobot_ws/install/arduinobot_py_examples:/opt/ros/humble:/home/adi/catkin_ws/devel:/opt/ros/noetic /usr/bin/cmake --build /home/adi/arduinobot_ws/build/arduinobot_msgs -- -j12 -l12
[5.291s] DEBUG:colcon.colcon_core.event_handler.log_command:Invoking command in '/home/adi/arduinobot_ws/build/arduinobot_msgs': CMAKE_PREFIX_PATH=/home/adi/arduinobot_ws/install/arduinobot_msgs:/home/adi/arduinobot_ws/install/arduinobot_movit:/home/adi/arduinobot_ws/install/arduinobot_description:/home/adi/arduinobot_ws/install/arduinobot_controller:/home/adi/arduinobot_ws/install/arduinobot_utils:/home/adi/arduinobot_ws/install/arduinobot_py_examples:/opt/ros/humble:/home/adi/catkin_ws/devel:/opt/ros/noetic /usr/bin/cmake --install /home/adi/arduinobot_ws/build/arduinobot_msgs
[5.364s] Level 1:colcon.colcon_core.environment:create_environment_scripts_only(arduinobot_msgs)
[5.364s] Level 1:colcon.colcon_core.environment:checking '/home/adi/arduinobot_ws/install/arduinobot_msgs' for CMake module files
[5.365s] DEBUG:colcon.colcon_core.event_handler.log_command:Invoked command in '/home/adi/arduinobot_ws/build/arduinobot_msgs' returned '0': CMAKE_PREFIX_PATH=/home/adi/arduinobot_ws/install/arduinobot_msgs:/home/adi/arduinobot_ws/install/arduinobot_movit:/home/adi/arduinobot_ws/install/arduinobot_description:/home/adi/arduinobot_ws/install/arduinobot_controller:/home/adi/arduinobot_ws/install/arduinobot_utils:/home/adi/arduinobot_ws/install/arduinobot_py_examples:/opt/ros/humble:/home/adi/catkin_ws/devel:/opt/ros/noetic /usr/bin/cmake --install /home/adi/arduinobot_ws/build/arduinobot_msgs
[5.365s] Level 1:colcon.colcon_core.environment:checking '/home/adi/arduinobot_ws/install/arduinobot_msgs' for CMake config files
[5.366s] Level 1:colcon.colcon_core.shell:create_environment_hook('arduinobot_msgs', 'cmake_prefix_path')
[5.366s] INFO:colcon.colcon_core.shell:Creating environment hook '/home/adi/arduinobot_ws/install/arduinobot_msgs/share/arduinobot_msgs/hook/cmake_prefix_path.ps1'
[5.366s] INFO:colcon.colcon_core.shell:Creating environment descriptor '/home/adi/arduinobot_ws/install/arduinobot_msgs/share/arduinobot_msgs/hook/cmake_prefix_path.dsv'
[5.367s] INFO:colcon.colcon_core.shell:Creating environment hook '/home/adi/arduinobot_ws/install/arduinobot_msgs/share/arduinobot_msgs/hook/cmake_prefix_path.sh'
[5.367s] Level 1:colcon.colcon_core.environment:checking '/home/adi/arduinobot_ws/install/arduinobot_msgs/lib'
[5.367s] Level 1:colcon.colcon_core.shell:create_environment_hook('arduinobot_msgs', 'ld_library_path_lib')
[5.368s] INFO:colcon.colcon_core.shell:Creating environment hook '/home/adi/arduinobot_ws/install/arduinobot_msgs/share/arduinobot_msgs/hook/ld_library_path_lib.ps1'
[5.368s] INFO:colcon.colcon_core.shell:Creating environment descriptor '/home/adi/arduinobot_ws/install/arduinobot_msgs/share/arduinobot_msgs/hook/ld_library_path_lib.dsv'
[5.368s] INFO:colcon.colcon_core.shell:Creating environment hook '/home/adi/arduinobot_ws/install/arduinobot_msgs/share/arduinobot_msgs/hook/ld_library_path_lib.sh'
[5.368s] Level 1:colcon.colcon_core.environment:checking '/home/adi/arduinobot_ws/install/arduinobot_msgs/bin'
[5.369s] Level 1:colcon.colcon_core.environment:checking '/home/adi/arduinobot_ws/install/arduinobot_msgs/lib/pkgconfig/arduinobot_msgs.pc'
[5.369s] Level 1:colcon.colcon_core.environment:checking '/home/adi/arduinobot_ws/install/arduinobot_msgs/lib/python3.10/site-packages'
[5.369s] Level 1:colcon.colcon_core.environment:checking '/home/adi/arduinobot_ws/install/arduinobot_msgs/bin'
[5.369s] INFO:colcon.colcon_core.shell:Creating package script '/home/adi/arduinobot_ws/install/arduinobot_msgs/share/arduinobot_msgs/package.ps1'
[5.370s] INFO:colcon.colcon_core.shell:Creating package descriptor '/home/adi/arduinobot_ws/install/arduinobot_msgs/share/arduinobot_msgs/package.dsv'
[5.370s] INFO:colcon.colcon_core.shell:Creating package script '/home/adi/arduinobot_ws/install/arduinobot_msgs/share/arduinobot_msgs/package.sh'
[5.370s] INFO:colcon.colcon_core.shell:Creating package script '/home/adi/arduinobot_ws/install/arduinobot_msgs/share/arduinobot_msgs/package.bash'
[5.371s] INFO:colcon.colcon_core.shell:Creating package script '/home/adi/arduinobot_ws/install/arduinobot_msgs/share/arduinobot_msgs/package.zsh'
[5.371s] Level 1:colcon.colcon_core.environment:create_file_with_runtime_dependencies(/home/adi/arduinobot_ws/install/arduinobot_msgs/share/colcon-core/packages/arduinobot_msgs)
[5.430s] Level 1:colcon.colcon_core.environment:create_environment_scripts_only(arduinobot_msgs)
[5.430s] Level 1:colcon.colcon_core.environment:checking '/home/adi/arduinobot_ws/install/arduinobot_msgs' for CMake module files
[5.431s] Level 1:colcon.colcon_core.environment:checking '/home/adi/arduinobot_ws/install/arduinobot_msgs' for CMake config files
[5.431s] Level 1:colcon.colcon_core.shell:create_environment_hook('arduinobot_msgs', 'cmake_prefix_path')
[5.431s] INFO:colcon.colcon_core.shell:Creating environment hook '/home/adi/arduinobot_ws/install/arduinobot_msgs/share/arduinobot_msgs/hook/cmake_prefix_path.ps1'
[5.432s] INFO:colcon.colcon_core.shell:Creating environment descriptor '/home/adi/arduinobot_ws/install/arduinobot_msgs/share/arduinobot_msgs/hook/cmake_prefix_path.dsv'
[5.432s] INFO:colcon.colcon_core.shell:Creating environment hook '/home/adi/arduinobot_ws/install/arduinobot_msgs/share/arduinobot_msgs/hook/cmake_prefix_path.sh'
[5.433s] Level 1:colcon.colcon_core.environment:checking '/home/adi/arduinobot_ws/install/arduinobot_msgs/lib'
[5.433s] Level 1:colcon.colcon_core.shell:create_environment_hook('arduinobot_msgs', 'ld_library_path_lib')
[5.433s] INFO:colcon.colcon_core.shell:Creating environment hook '/home/adi/arduinobot_ws/install/arduinobot_msgs/share/arduinobot_msgs/hook/ld_library_path_lib.ps1'
[5.433s] INFO:colcon.colcon_core.shell:Creating environment descriptor '/home/adi/arduinobot_ws/install/arduinobot_msgs/share/arduinobot_msgs/hook/ld_library_path_lib.dsv'
[5.433s] INFO:colcon.colcon_core.shell:Creating environment hook '/home/adi/arduinobot_ws/install/arduinobot_msgs/share/arduinobot_msgs/hook/ld_library_path_lib.sh'
[5.434s] Level 1:colcon.colcon_core.environment:checking '/home/adi/arduinobot_ws/install/arduinobot_msgs/bin'
[5.434s] Level 1:colcon.colcon_core.environment:checking '/home/adi/arduinobot_ws/install/arduinobot_msgs/lib/pkgconfig/arduinobot_msgs.pc'
[5.434s] Level 1:colcon.colcon_core.environment:checking '/home/adi/arduinobot_ws/install/arduinobot_msgs/lib/python3.10/site-packages'
[5.435s] Level 1:colcon.colcon_core.environment:checking '/home/adi/arduinobot_ws/install/arduinobot_msgs/bin'
[5.435s] INFO:colcon.colcon_core.shell:Creating package script '/home/adi/arduinobot_ws/install/arduinobot_msgs/share/arduinobot_msgs/package.ps1'
[5.435s] INFO:colcon.colcon_core.shell:Creating package descriptor '/home/adi/arduinobot_ws/install/arduinobot_msgs/share/arduinobot_msgs/package.dsv'
[5.436s] INFO:colcon.colcon_core.shell:Creating package script '/home/adi/arduinobot_ws/install/arduinobot_msgs/share/arduinobot_msgs/package.sh'
[5.436s] INFO:colcon.colcon_core.shell:Creating package script '/home/adi/arduinobot_ws/install/arduinobot_msgs/share/arduinobot_msgs/package.bash'
[5.437s] INFO:colcon.colcon_core.shell:Creating package script '/home/adi/arduinobot_ws/install/arduinobot_msgs/share/arduinobot_msgs/package.zsh'
[5.437s] Level 1:colcon.colcon_core.environment:create_file_with_runtime_dependencies(/home/adi/arduinobot_ws/install/arduinobot_msgs/share/colcon-core/packages/arduinobot_msgs)
[5.437s] INFO:colcon.colcon_ros.task.ament_python.build:Building ROS package in '/home/adi/arduinobot_ws/src/arduinobot_py_examples' with build type 'ament_python'
[5.437s] Level 1:colcon.colcon_core.shell:create_environment_hook('arduinobot_py_examples', 'ament_prefix_path')
[5.438s] INFO:colcon.colcon_core.shell:Creating environment hook '/home/adi/arduinobot_ws/install/arduinobot_py_examples/share/arduinobot_py_examples/hook/ament_prefix_path.ps1'
[5.438s] INFO:colcon.colcon_core.shell:Creating environment descriptor '/home/adi/arduinobot_ws/install/arduinobot_py_examples/share/arduinobot_py_examples/hook/ament_prefix_path.dsv'
[5.439s] INFO:colcon.colcon_core.shell:Creating environment hook '/home/adi/arduinobot_ws/install/arduinobot_py_examples/share/arduinobot_py_examples/hook/ament_prefix_path.sh'
[5.439s] INFO:colcon.colcon_core.shell:Skip shell extension 'powershell' for command environment: Not usable outside of PowerShell
[5.439s] DEBUG:colcon.colcon_core.shell:Skip shell extension 'dsv' for command environment
[5.442s] DEBUG:colcon.colcon_core.shell:Ignoring prefix path '/home/adi/catkin_ws/devel'
[5.443s] INFO:colcon.colcon_ros.task.ament_python.build:Building ROS package in '/home/adi/arduinobot_ws/src/arduinobot_utils' with build type 'ament_python'
[5.443s] Level 1:colcon.colcon_core.shell:create_environment_hook('arduinobot_utils', 'ament_prefix_path')
[5.443s] INFO:colcon.colcon_core.shell:Creating environment hook '/home/adi/arduinobot_ws/install/arduinobot_utils/share/arduinobot_utils/hook/ament_prefix_path.ps1'
[5.444s] INFO:colcon.colcon_core.shell:Creating environment descriptor '/home/adi/arduinobot_ws/install/arduinobot_utils/share/arduinobot_utils/hook/ament_prefix_path.dsv'
[5.444s] INFO:colcon.colcon_core.shell:Creating environment hook '/home/adi/arduinobot_ws/install/arduinobot_utils/share/arduinobot_utils/hook/ament_prefix_path.sh'
[5.444s] INFO:colcon.colcon_core.shell:Skip shell extension 'powershell' for command environment: Not usable outside of PowerShell
[5.445s] DEBUG:colcon.colcon_core.shell:Skip shell extension 'dsv' for command environment
[5.447s] DEBUG:colcon.colcon_core.shell:Ignoring prefix path '/home/adi/catkin_ws/devel'
[5.699s] INFO:colcon.colcon_core.task.python.build:Building Python package in '/home/adi/arduinobot_ws/src/arduinobot_py_examples'
[5.700s] INFO:colcon.colcon_core.shell:Skip shell extension 'powershell' for command environment: Not usable outside of PowerShell
[5.700s] DEBUG:colcon.colcon_core.shell:Skip shell extension 'dsv' for command environment
[5.703s] DEBUG:colcon.colcon_core.shell:Ignoring prefix path '/home/adi/catkin_ws/devel'
[5.929s] INFO:colcon.colcon_core.task.python.build:Building Python package in '/home/adi/arduinobot_ws/src/arduinobot_utils'
[5.930s] INFO:colcon.colcon_core.shell:Skip shell extension 'powershell' for command environment: Not usable outside of PowerShell
[5.930s] DEBUG:colcon.colcon_core.shell:Skip shell extension 'dsv' for command environment
[5.933s] DEBUG:colcon.colcon_core.shell:Ignoring prefix path '/home/adi/catkin_ws/devel'
[6.454s] DEBUG:colcon.colcon_core.event_handler.log_command:Invoking command in '/home/adi/arduinobot_ws/src/arduinobot_utils': PYTHONPATH=/home/adi/arduinobot_ws/build/arduinobot_utils/prefix_override:/home/adi/arduinobot_ws/install/arduinobot_utils/lib/python3.10/site-packages:${PYTHONPATH} /usr/bin/python3 -W ignore:setup.py install is deprecated setup.py egg_info --egg-base ../../build/arduinobot_utils build --build-base /home/adi/arduinobot_ws/build/arduinobot_utils/build install --record /home/adi/arduinobot_ws/build/arduinobot_utils/install.log --single-version-externally-managed install_data
[6.457s] DEBUG:colcon.colcon_core.event_handler.log_command:Invoking command in '/home/adi/arduinobot_ws/src/arduinobot_py_examples': PYTHONPATH=/home/adi/arduinobot_ws/build/arduinobot_py_examples/prefix_override:/home/adi/arduinobot_ws/install/arduinobot_py_examples/lib/python3.10/site-packages:${PYTHONPATH} /usr/bin/python3 -W ignore:setup.py install is deprecated setup.py egg_info --egg-base ../../build/arduinobot_py_examples build --build-base /home/adi/arduinobot_ws/build/arduinobot_py_examples/build install --record /home/adi/arduinobot_ws/build/arduinobot_py_examples/install.log --single-version-externally-managed install_data
[6.695s] Level 1:colcon.colcon_core.environment:checking '/home/adi/arduinobot_ws/install/arduinobot_utils' for CMake module files
[6.695s] DEBUG:colcon.colcon_core.event_handler.log_command:Invoked command in '/home/adi/arduinobot_ws/src/arduinobot_utils' returned '0': PYTHONPATH=/home/adi/arduinobot_ws/build/arduinobot_utils/prefix_override:/home/adi/arduinobot_ws/install/arduinobot_utils/lib/python3.10/site-packages:${PYTHONPATH} /usr/bin/python3 -W ignore:setup.py install is deprecated setup.py egg_info --egg-base ../../build/arduinobot_utils build --build-base /home/adi/arduinobot_ws/build/arduinobot_utils/build install --record /home/adi/arduinobot_ws/build/arduinobot_utils/install.log --single-version-externally-managed install_data
[6.696s] Level 1:colcon.colcon_core.environment:checking '/home/adi/arduinobot_ws/install/arduinobot_utils' for CMake config files
[6.696s] Level 1:colcon.colcon_core.environment:checking '/home/adi/arduinobot_ws/install/arduinobot_utils/lib'
[6.696s] Level 1:colcon.colcon_core.environment:checking '/home/adi/arduinobot_ws/install/arduinobot_utils/bin'
[6.696s] Level 1:colcon.colcon_core.environment:checking '/home/adi/arduinobot_ws/install/arduinobot_utils/lib/pkgconfig/arduinobot_utils.pc'
[6.696s] Level 1:colcon.colcon_core.environment:checking '/home/adi/arduinobot_ws/install/arduinobot_utils/lib/python3.10/site-packages'
[6.696s] Level 1:colcon.colcon_core.shell:create_environment_hook('arduinobot_utils', 'pythonpath')
[6.697s] INFO:colcon.colcon_core.shell:Creating environment hook '/home/adi/arduinobot_ws/install/arduinobot_utils/share/arduinobot_utils/hook/pythonpath.ps1'
[6.697s] INFO:colcon.colcon_core.shell:Creating environment descriptor '/home/adi/arduinobot_ws/install/arduinobot_utils/share/arduinobot_utils/hook/pythonpath.dsv'
[6.697s] INFO:colcon.colcon_core.shell:Creating environment hook '/home/adi/arduinobot_ws/install/arduinobot_utils/share/arduinobot_utils/hook/pythonpath.sh'
[6.698s] Level 1:colcon.colcon_core.environment:checking '/home/adi/arduinobot_ws/install/arduinobot_utils/bin'
[6.698s] Level 1:colcon.colcon_core.environment:create_environment_scripts_only(arduinobot_utils)
[6.698s] INFO:colcon.colcon_core.shell:Creating package script '/home/adi/arduinobot_ws/install/arduinobot_utils/share/arduinobot_utils/package.ps1'
[6.699s] INFO:colcon.colcon_core.shell:Creating package descriptor '/home/adi/arduinobot_ws/install/arduinobot_utils/share/arduinobot_utils/package.dsv'
[6.699s] INFO:colcon.colcon_core.shell:Creating package script '/home/adi/arduinobot_ws/install/arduinobot_utils/share/arduinobot_utils/package.sh'
[6.699s] INFO:colcon.colcon_core.shell:Creating package script '/home/adi/arduinobot_ws/install/arduinobot_utils/share/arduinobot_utils/package.bash'
[6.700s] INFO:colcon.colcon_core.shell:Creating package script '/home/adi/arduinobot_ws/install/arduinobot_utils/share/arduinobot_utils/package.zsh'
[6.700s] Level 1:colcon.colcon_core.environment:create_file_with_runtime_dependencies(/home/adi/arduinobot_ws/install/arduinobot_utils/share/colcon-core/packages/arduinobot_utils)
[6.710s] Level 1:colcon.colcon_core.environment:checking '/home/adi/arduinobot_ws/install/arduinobot_py_examples' for CMake module files
[6.711s] DEBUG:colcon.colcon_core.event_handler.log_command:Invoked command in '/home/adi/arduinobot_ws/src/arduinobot_py_examples' returned '0': PYTHONPATH=/home/adi/arduinobot_ws/build/arduinobot_py_examples/prefix_override:/home/adi/arduinobot_ws/install/arduinobot_py_examples/lib/python3.10/site-packages:${PYTHONPATH} /usr/bin/python3 -W ignore:setup.py install is deprecated setup.py egg_info --egg-base ../../build/arduinobot_py_examples build --build-base /home/adi/arduinobot_ws/build/arduinobot_py_examples/build install --record /home/adi/arduinobot_ws/build/arduinobot_py_examples/install.log --single-version-externally-managed install_data
[6.711s] Level 1:colcon.colcon_core.environment:checking '/home/adi/arduinobot_ws/install/arduinobot_py_examples' for CMake config files
[6.712s] Level 1:colcon.colcon_core.environment:checking '/home/adi/arduinobot_ws/install/arduinobot_py_examples/lib'
[6.712s] Level 1:colcon.colcon_core.environment:checking '/home/adi/arduinobot_ws/install/arduinobot_py_examples/bin'
[6.712s] Level 1:colcon.colcon_core.environment:checking '/home/adi/arduinobot_ws/install/arduinobot_py_examples/lib/pkgconfig/arduinobot_py_examples.pc'
[6.712s] Level 1:colcon.colcon_core.environment:checking '/home/adi/arduinobot_ws/install/arduinobot_py_examples/lib/python3.10/site-packages'
[6.712s] Level 1:colcon.colcon_core.shell:create_environment_hook('arduinobot_py_examples', 'pythonpath')
[6.712s] INFO:colcon.colcon_core.shell:Creating environment hook '/home/adi/arduinobot_ws/install/arduinobot_py_examples/share/arduinobot_py_examples/hook/pythonpath.ps1'
[6.713s] INFO:colcon.colcon_core.shell:Creating environment descriptor '/home/adi/arduinobot_ws/install/arduinobot_py_examples/share/arduinobot_py_examples/hook/pythonpath.dsv'
[6.713s] INFO:colcon.colcon_core.shell:Creating environment hook '/home/adi/arduinobot_ws/install/arduinobot_py_examples/share/arduinobot_py_examples/hook/pythonpath.sh'
[6.713s] Level 1:colcon.colcon_core.environment:checking '/home/adi/arduinobot_ws/install/arduinobot_py_examples/bin'
[6.713s] Level 1:colcon.colcon_core.environment:create_environment_scripts_only(arduinobot_py_examples)
[6.714s] INFO:colcon.colcon_core.shell:Creating package script '/home/adi/arduinobot_ws/install/arduinobot_py_examples/share/arduinobot_py_examples/package.ps1'
[6.714s] INFO:colcon.colcon_core.shell:Creating package descriptor '/home/adi/arduinobot_ws/install/arduinobot_py_examples/share/arduinobot_py_examples/package.dsv'
[6.714s] INFO:colcon.colcon_core.shell:Creating package script '/home/adi/arduinobot_ws/install/arduinobot_py_examples/share/arduinobot_py_examples/package.sh'
[6.715s] INFO:colcon.colcon_core.shell:Creating package script '/home/adi/arduinobot_ws/install/arduinobot_py_examples/share/arduinobot_py_examples/package.bash'
[6.715s] INFO:colcon.colcon_core.shell:Creating package script '/home/adi/arduinobot_ws/install/arduinobot_py_examples/share/arduinobot_py_examples/package.zsh'
[6.715s] Level 1:colcon.colcon_core.environment:create_file_with_runtime_dependencies(/home/adi/arduinobot_ws/install/arduinobot_py_examples/share/colcon-core/packages/arduinobot_py_examples)
[6.716s] DEBUG:colcon.colcon_parallel_executor.executor.parallel:closing loop
[6.716s] DEBUG:colcon.colcon_parallel_executor.executor.parallel:loop closed
[6.716s] DEBUG:colcon.colcon_parallel_executor.executor.parallel:run_until_complete finished with '0'
[6.716s] DEBUG:colcon.colcon_core.event_reactor:joining thread
[6.722s] INFO:colcon.colcon_core.plugin_system:Skipping extension 'colcon_notification.desktop_notification.terminal_notifier': Not used on non-Darwin systems
[6.722s] INFO:colcon.colcon_core.plugin_system:Skipping extension 'colcon_notification.desktop_notification.win32': Not used on non-Windows systems
[6.722s] INFO:colcon.colcon_notification.desktop_notification:Sending desktop notification using 'notify2'
[6.735s] DEBUG:colcon.colcon_core.event_reactor:joined thread
[6.735s] INFO:colcon.colcon_core.shell:Creating prefix script '/home/adi/arduinobot_ws/install/local_setup.ps1'
[6.736s] INFO:colcon.colcon_core.shell:Creating prefix util module '/home/adi/arduinobot_ws/install/_local_setup_util_ps1.py'
[6.737s] INFO:colcon.colcon_core.shell:Creating prefix chain script '/home/adi/arduinobot_ws/install/setup.ps1'
[6.738s] INFO:colcon.colcon_core.shell:Creating prefix script '/home/adi/arduinobot_ws/install/local_setup.sh'
[6.739s] INFO:colcon.colcon_core.shell:Creating prefix util module '/home/adi/arduinobot_ws/install/_local_setup_util_sh.py'
[6.739s] INFO:colcon.colcon_core.shell:Creating prefix chain script '/home/adi/arduinobot_ws/install/setup.sh'
[6.740s] INFO:colcon.colcon_core.shell:Creating prefix script '/home/adi/arduinobot_ws/install/local_setup.bash'
[6.740s] INFO:colcon.colcon_core.shell:Creating prefix chain script '/home/adi/arduinobot_ws/install/setup.bash'
[6.741s] INFO:colcon.colcon_core.shell:Creating prefix script '/home/adi/arduinobot_ws/install/local_setup.zsh'
[6.742s] INFO:colcon.colcon_core.shell:Creating prefix chain script '/home/adi/arduinobot_ws/install/setup.zsh'
