[0.429s] Invoking command in '/home/adi/arduinobot_ws/build/aruinobot_cpp_examples': CMAKE_PREFIX_PATH=/home/adi/arduinobot_ws/install/arduinobot_msgs:/home/adi/arduinobot_ws/install/aruinobot_cpp_examples:/home/adi/arduinobot_ws/install/arduinobot_remote:/home/adi/arduinobot_ws/install/arduinobot_movit:/home/adi/arduinobot_ws/install/arduinobot_description:/home/adi/arduinobot_ws/install/arduinobot_controller:/home/adi/arduinobot_ws/install/arduinobot_utils:/home/adi/arduinobot_ws/install/arduinobot_py_examples:/opt/ros/humble:/home/adi/catkin_ws/devel:/opt/ros/noetic LD_LIBRARY_PATH=/home/adi/arduinobot_ws/install/arduinobot_msgs/lib:/home/adi/arduinobot_ws/install/arduinobot_remote/lib:/opt/ros/humble/opt/rviz_ogre_vendor/lib:/opt/ros/humble/lib/x86_64-linux-gnu:/opt/ros/humble/lib:/home/adi/catkin_ws/devel/lib:/opt/ros/noetic/lib /usr/bin/cmake --build /home/adi/arduinobot_ws/build/aruinobot_cpp_examples -- -j12 -l12
[0.475s] [100%] Built target simple_moveit_interface
[0.483s] Invoked command in '/home/adi/arduinobot_ws/build/aruinobot_cpp_examples' returned '0': CMAKE_PREFIX_PATH=/home/adi/arduinobot_ws/install/arduinobot_msgs:/home/adi/arduinobot_ws/install/aruinobot_cpp_examples:/home/adi/arduinobot_ws/install/arduinobot_remote:/home/adi/arduinobot_ws/install/arduinobot_movit:/home/adi/arduinobot_ws/install/arduinobot_description:/home/adi/arduinobot_ws/install/arduinobot_controller:/home/adi/arduinobot_ws/install/arduinobot_utils:/home/adi/arduinobot_ws/install/arduinobot_py_examples:/opt/ros/humble:/home/adi/catkin_ws/devel:/opt/ros/noetic LD_LIBRARY_PATH=/home/adi/arduinobot_ws/install/arduinobot_msgs/lib:/home/adi/arduinobot_ws/install/arduinobot_remote/lib:/opt/ros/humble/opt/rviz_ogre_vendor/lib:/opt/ros/humble/lib/x86_64-linux-gnu:/opt/ros/humble/lib:/home/adi/catkin_ws/devel/lib:/opt/ros/noetic/lib /usr/bin/cmake --build /home/adi/arduinobot_ws/build/aruinobot_cpp_examples -- -j12 -l12
[0.499s] Invoking command in '/home/adi/arduinobot_ws/build/aruinobot_cpp_examples': CMAKE_PREFIX_PATH=/home/adi/arduinobot_ws/install/arduinobot_msgs:/home/adi/arduinobot_ws/install/aruinobot_cpp_examples:/home/adi/arduinobot_ws/install/arduinobot_remote:/home/adi/arduinobot_ws/install/arduinobot_movit:/home/adi/arduinobot_ws/install/arduinobot_description:/home/adi/arduinobot_ws/install/arduinobot_controller:/home/adi/arduinobot_ws/install/arduinobot_utils:/home/adi/arduinobot_ws/install/arduinobot_py_examples:/opt/ros/humble:/home/adi/catkin_ws/devel:/opt/ros/noetic LD_LIBRARY_PATH=/home/adi/arduinobot_ws/install/arduinobot_msgs/lib:/home/adi/arduinobot_ws/install/arduinobot_remote/lib:/opt/ros/humble/opt/rviz_ogre_vendor/lib:/opt/ros/humble/lib/x86_64-linux-gnu:/opt/ros/humble/lib:/home/adi/catkin_ws/devel/lib:/opt/ros/noetic/lib /usr/bin/cmake --install /home/adi/arduinobot_ws/build/aruinobot_cpp_examples
[0.504s] -- Install configuration: ""
[0.505s] -- Up-to-date: /home/adi/arduinobot_ws/install/aruinobot_cpp_examples/lib/aruinobot_cpp_examples/simple_moveit_interface
[0.505s] -- Up-to-date: /home/adi/arduinobot_ws/install/aruinobot_cpp_examples/share/ament_index/resource_index/package_run_dependencies/aruinobot_cpp_examples
[0.505s] -- Up-to-date: /home/adi/arduinobot_ws/install/aruinobot_cpp_examples/share/ament_index/resource_index/parent_prefix_path/aruinobot_cpp_examples
[0.505s] -- Up-to-date: /home/adi/arduinobot_ws/install/aruinobot_cpp_examples/share/aruinobot_cpp_examples/environment/ament_prefix_path.sh
[0.505s] -- Up-to-date: /home/adi/arduinobot_ws/install/aruinobot_cpp_examples/share/aruinobot_cpp_examples/environment/ament_prefix_path.dsv
[0.505s] -- Up-to-date: /home/adi/arduinobot_ws/install/aruinobot_cpp_examples/share/aruinobot_cpp_examples/environment/path.sh
[0.505s] -- Up-to-date: /home/adi/arduinobot_ws/install/aruinobot_cpp_examples/share/aruinobot_cpp_examples/environment/path.dsv
[0.506s] -- Up-to-date: /home/adi/arduinobot_ws/install/aruinobot_cpp_examples/share/aruinobot_cpp_examples/local_setup.bash
[0.506s] -- Up-to-date: /home/adi/arduinobot_ws/install/aruinobot_cpp_examples/share/aruinobot_cpp_examples/local_setup.sh
[0.506s] -- Up-to-date: /home/adi/arduinobot_ws/install/aruinobot_cpp_examples/share/aruinobot_cpp_examples/local_setup.zsh
[0.506s] -- Up-to-date: /home/adi/arduinobot_ws/install/aruinobot_cpp_examples/share/aruinobot_cpp_examples/local_setup.dsv
[0.506s] -- Installing: /home/adi/arduinobot_ws/install/aruinobot_cpp_examples/share/aruinobot_cpp_examples/package.dsv
[0.506s] -- Up-to-date: /home/adi/arduinobot_ws/install/aruinobot_cpp_examples/share/ament_index/resource_index/packages/aruinobot_cpp_examples
[0.506s] -- Up-to-date: /home/adi/arduinobot_ws/install/aruinobot_cpp_examples/share/aruinobot_cpp_examples/cmake/aruinobot_cpp_examplesConfig.cmake
[0.506s] -- Up-to-date: /home/adi/arduinobot_ws/install/aruinobot_cpp_examples/share/aruinobot_cpp_examples/cmake/aruinobot_cpp_examplesConfig-version.cmake
[0.506s] -- Up-to-date: /home/adi/arduinobot_ws/install/aruinobot_cpp_examples/share/aruinobot_cpp_examples/package.xml
[0.508s] Invoked command in '/home/adi/arduinobot_ws/build/aruinobot_cpp_examples' returned '0': CMAKE_PREFIX_PATH=/home/adi/arduinobot_ws/install/arduinobot_msgs:/home/adi/arduinobot_ws/install/aruinobot_cpp_examples:/home/adi/arduinobot_ws/install/arduinobot_remote:/home/adi/arduinobot_ws/install/arduinobot_movit:/home/adi/arduinobot_ws/install/arduinobot_description:/home/adi/arduinobot_ws/install/arduinobot_controller:/home/adi/arduinobot_ws/install/arduinobot_utils:/home/adi/arduinobot_ws/install/arduinobot_py_examples:/opt/ros/humble:/home/adi/catkin_ws/devel:/opt/ros/noetic LD_LIBRARY_PATH=/home/adi/arduinobot_ws/install/arduinobot_msgs/lib:/home/adi/arduinobot_ws/install/arduinobot_remote/lib:/opt/ros/humble/opt/rviz_ogre_vendor/lib:/opt/ros/humble/lib/x86_64-linux-gnu:/opt/ros/humble/lib:/home/adi/catkin_ws/devel/lib:/opt/ros/noetic/lib /usr/bin/cmake --install /home/adi/arduinobot_ws/build/aruinobot_cpp_examples
