[0.032s] Invoking command in '/home/adi/arduinobot_ws/build/arduinobot_description': CMAKE_PREFIX_PATH=/home/adi/turtlebot3_ws/install/turtlebot3_simulations:/home/adi/turtlebot3_ws/install/turtlebot3_gazebo:/home/adi/turtlebot3_ws/install/turtlebot3_fake_node:/home/adi/arduinobot_ws/install/aruinobot_cpp_examples:/home/adi/arduinobot_ws/install/arduinobot_remote:/home/adi/arduinobot_ws/install/arduinobot_msgs:/home/adi/arduinobot_ws/install/arduinobot_movit:/home/adi/arduinobot_ws/install/arduinobot_description:/home/adi/arduinobot_ws/install/arduinobot_controller:/home/adi/arduinobot_ws/install/arduinobot_utils:/home/adi/arduinobot_ws/install/arduinobot_py_examples:/opt/ros/humble:/home/adi/catkin_ws/devel:/opt/ros/noetic /usr/bin/cmake --build /home/adi/arduinobot_ws/build/arduinobot_description -- -j12 -l12
[0.074s] Invoked command in '/home/adi/arduinobot_ws/build/arduinobot_description' returned '0': CMAKE_PREFIX_PATH=/home/adi/turtlebot3_ws/install/turtlebot3_simulations:/home/adi/turtlebot3_ws/install/turtlebot3_gazebo:/home/adi/turtlebot3_ws/install/turtlebot3_fake_node:/home/adi/arduinobot_ws/install/aruinobot_cpp_examples:/home/adi/arduinobot_ws/install/arduinobot_remote:/home/adi/arduinobot_ws/install/arduinobot_msgs:/home/adi/arduinobot_ws/install/arduinobot_movit:/home/adi/arduinobot_ws/install/arduinobot_description:/home/adi/arduinobot_ws/install/arduinobot_controller:/home/adi/arduinobot_ws/install/arduinobot_utils:/home/adi/arduinobot_ws/install/arduinobot_py_examples:/opt/ros/humble:/home/adi/catkin_ws/devel:/opt/ros/noetic /usr/bin/cmake --build /home/adi/arduinobot_ws/build/arduinobot_description -- -j12 -l12
[0.094s] Invoking command in '/home/adi/arduinobot_ws/build/arduinobot_description': CMAKE_PREFIX_PATH=/home/adi/turtlebot3_ws/install/turtlebot3_simulations:/home/adi/turtlebot3_ws/install/turtlebot3_gazebo:/home/adi/turtlebot3_ws/install/turtlebot3_fake_node:/home/adi/arduinobot_ws/install/aruinobot_cpp_examples:/home/adi/arduinobot_ws/install/arduinobot_remote:/home/adi/arduinobot_ws/install/arduinobot_msgs:/home/adi/arduinobot_ws/install/arduinobot_movit:/home/adi/arduinobot_ws/install/arduinobot_description:/home/adi/arduinobot_ws/install/arduinobot_controller:/home/adi/arduinobot_ws/install/arduinobot_utils:/home/adi/arduinobot_ws/install/arduinobot_py_examples:/opt/ros/humble:/home/adi/catkin_ws/devel:/opt/ros/noetic /usr/bin/cmake --install /home/adi/arduinobot_ws/build/arduinobot_description
[0.100s] -- Install configuration: ""
[0.100s] -- Up-to-date: /home/adi/arduinobot_ws/install/arduinobot_description/share/arduinobot_description/launch
[0.100s] -- Up-to-date: /home/adi/arduinobot_ws/install/arduinobot_description/share/arduinobot_description/launch/gazebo.launch.py
[0.100s] -- Installing: /home/adi/arduinobot_ws/install/arduinobot_description/share/arduinobot_description/launch/display.launch.py
[0.100s] -- Up-to-date: /home/adi/arduinobot_ws/install/arduinobot_description/share/arduinobot_description/meshes
[0.101s] -- Up-to-date: /home/adi/arduinobot_ws/install/arduinobot_description/share/arduinobot_description/meshes/claw_support.STL
[0.101s] -- Up-to-date: /home/adi/arduinobot_ws/install/arduinobot_description/share/arduinobot_description/meshes/basement.STL
[0.101s] -- Up-to-date: /home/adi/arduinobot_ws/install/arduinobot_description/share/arduinobot_description/meshes/pi_camera.STL
[0.101s] -- Up-to-date: /home/adi/arduinobot_ws/install/arduinobot_description/share/arduinobot_description/meshes/forward_drive_arm.STL
[0.101s] -- Up-to-date: /home/adi/arduinobot_ws/install/arduinobot_description/share/arduinobot_description/meshes/plate.STL
[0.101s] -- Up-to-date: /home/adi/arduinobot_ws/install/arduinobot_description/share/arduinobot_description/meshes/base_plate.STL
[0.101s] -- Up-to-date: /home/adi/arduinobot_ws/install/arduinobot_description/share/arduinobot_description/meshes/right_finger.STL
[0.101s] -- Up-to-date: /home/adi/arduinobot_ws/install/arduinobot_description/share/arduinobot_description/meshes/servo_plate.STL
[0.101s] -- Up-to-date: /home/adi/arduinobot_ws/install/arduinobot_description/share/arduinobot_description/meshes/round_plate.STL
[0.101s] -- Up-to-date: /home/adi/arduinobot_ws/install/arduinobot_description/share/arduinobot_description/meshes/left_finger.STL
[0.101s] -- Up-to-date: /home/adi/arduinobot_ws/install/arduinobot_description/share/arduinobot_description/meshes/triangular_link.STL
[0.102s] -- Up-to-date: /home/adi/arduinobot_ws/install/arduinobot_description/share/arduinobot_description/meshes/link.STL
[0.102s] -- Up-to-date: /home/adi/arduinobot_ws/install/arduinobot_description/share/arduinobot_description/meshes/vertical_drive_arm.STL
[0.107s] -- Up-to-date: /home/adi/arduinobot_ws/install/arduinobot_description/share/arduinobot_description/meshes/horizontal_arm.STL
[0.107s] -- Up-to-date: /home/adi/arduinobot_ws/install/arduinobot_description/share/arduinobot_description/models
[0.107s] -- Up-to-date: /home/adi/arduinobot_ws/install/arduinobot_description/share/arduinobot_description/models/ground_plane
[0.107s] -- Up-to-date: /home/adi/arduinobot_ws/install/arduinobot_description/share/arduinobot_description/models/ground_plane/model-1_3.sdf
[0.107s] -- Up-to-date: /home/adi/arduinobot_ws/install/arduinobot_description/share/arduinobot_description/models/ground_plane/model.sdf
[0.107s] -- Up-to-date: /home/adi/arduinobot_ws/install/arduinobot_description/share/arduinobot_description/models/ground_plane/model-1_4.sdf
[0.107s] -- Up-to-date: /home/adi/arduinobot_ws/install/arduinobot_description/share/arduinobot_description/models/ground_plane/model.config
[0.108s] -- Up-to-date: /home/adi/arduinobot_ws/install/arduinobot_description/share/arduinobot_description/models/ground_plane/model-1_2.sdf
[0.108s] -- Up-to-date: /home/adi/arduinobot_ws/install/arduinobot_description/share/arduinobot_description/models/sun
[0.108s] -- Up-to-date: /home/adi/arduinobot_ws/install/arduinobot_description/share/arduinobot_description/models/sun/model-1_3.sdf
[0.108s] -- Up-to-date: /home/adi/arduinobot_ws/install/arduinobot_description/share/arduinobot_description/models/sun/model.sdf
[0.109s] -- Up-to-date: /home/adi/arduinobot_ws/install/arduinobot_description/share/arduinobot_description/models/sun/model-1_4.sdf
[0.109s] -- Up-to-date: /home/adi/arduinobot_ws/install/arduinobot_description/share/arduinobot_description/models/sun/model.config
[0.109s] -- Up-to-date: /home/adi/arduinobot_ws/install/arduinobot_description/share/arduinobot_description/models/sun/model-1_2.sdf
[0.109s] -- Up-to-date: /home/adi/arduinobot_ws/install/arduinobot_description/share/arduinobot_description/urdf
[0.109s] -- Up-to-date: /home/adi/arduinobot_ws/install/arduinobot_description/share/arduinobot_description/urdf/arduinobot_ros2_control.xacro
[0.110s] -- Up-to-date: /home/adi/arduinobot_ws/install/arduinobot_description/share/arduinobot_description/urdf/arduinobot_gazebo.xacro
[0.110s] -- Up-to-date: /home/adi/arduinobot_ws/install/arduinobot_description/share/arduinobot_description/urdf/my_robot.urdf
[0.110s] -- Up-to-date: /home/adi/arduinobot_ws/install/arduinobot_description/share/arduinobot_description/urdf/arduinobot.urdf.xacro
[0.110s] -- Up-to-date: /home/adi/arduinobot_ws/install/arduinobot_description/share/arduinobot_description/rviz
[0.111s] -- Up-to-date: /home/adi/arduinobot_ws/install/arduinobot_description/share/arduinobot_description/rviz/display_rviz.rviz
[0.112s] -- Up-to-date: /home/adi/arduinobot_ws/install/arduinobot_description/share/ament_index/resource_index/package_run_dependencies/arduinobot_description
[0.112s] -- Up-to-date: /home/adi/arduinobot_ws/install/arduinobot_description/share/ament_index/resource_index/parent_prefix_path/arduinobot_description
[0.112s] -- Up-to-date: /home/adi/arduinobot_ws/install/arduinobot_description/share/arduinobot_description/environment/ament_prefix_path.sh
[0.112s] -- Up-to-date: /home/adi/arduinobot_ws/install/arduinobot_description/share/arduinobot_description/environment/ament_prefix_path.dsv
[0.112s] -- Up-to-date: /home/adi/arduinobot_ws/install/arduinobot_description/share/arduinobot_description/environment/path.sh
[0.113s] -- Up-to-date: /home/adi/arduinobot_ws/install/arduinobot_description/share/arduinobot_description/environment/path.dsv
[0.113s] -- Up-to-date: /home/adi/arduinobot_ws/install/arduinobot_description/share/arduinobot_description/local_setup.bash
[0.113s] -- Up-to-date: /home/adi/arduinobot_ws/install/arduinobot_description/share/arduinobot_description/local_setup.sh
[0.113s] -- Up-to-date: /home/adi/arduinobot_ws/install/arduinobot_description/share/arduinobot_description/local_setup.zsh
[0.113s] -- Up-to-date: /home/adi/arduinobot_ws/install/arduinobot_description/share/arduinobot_description/local_setup.dsv
[0.114s] -- Installing: /home/adi/arduinobot_ws/install/arduinobot_description/share/arduinobot_description/package.dsv
[0.114s] -- Up-to-date: /home/adi/arduinobot_ws/install/arduinobot_description/share/ament_index/resource_index/packages/arduinobot_description
[0.114s] -- Up-to-date: /home/adi/arduinobot_ws/install/arduinobot_description/share/arduinobot_description/cmake/arduinobot_descriptionConfig.cmake
[0.114s] -- Up-to-date: /home/adi/arduinobot_ws/install/arduinobot_description/share/arduinobot_description/cmake/arduinobot_descriptionConfig-version.cmake
[0.114s] -- Up-to-date: /home/adi/arduinobot_ws/install/arduinobot_description/share/arduinobot_description/package.xml
[0.117s] Invoked command in '/home/adi/arduinobot_ws/build/arduinobot_description' returned '0': CMAKE_PREFIX_PATH=/home/adi/turtlebot3_ws/install/turtlebot3_simulations:/home/adi/turtlebot3_ws/install/turtlebot3_gazebo:/home/adi/turtlebot3_ws/install/turtlebot3_fake_node:/home/adi/arduinobot_ws/install/aruinobot_cpp_examples:/home/adi/arduinobot_ws/install/arduinobot_remote:/home/adi/arduinobot_ws/install/arduinobot_msgs:/home/adi/arduinobot_ws/install/arduinobot_movit:/home/adi/arduinobot_ws/install/arduinobot_description:/home/adi/arduinobot_ws/install/arduinobot_controller:/home/adi/arduinobot_ws/install/arduinobot_utils:/home/adi/arduinobot_ws/install/arduinobot_py_examples:/opt/ros/humble:/home/adi/catkin_ws/devel:/opt/ros/noetic /usr/bin/cmake --install /home/adi/arduinobot_ws/build/arduinobot_description
