[0.511s] Invoking command in '/home/adi/arduinobot_ws/build/aruinobot_cpp_examples': CMAKE_PREFIX_PATH=/home/adi/arduinobot_ws/install/arduinobot_msgs:/home/adi/arduinobot_ws/install/aruinobot_cpp_examples:/home/adi/arduinobot_ws/install/arduinobot_remote:/home/adi/arduinobot_ws/install/arduinobot_movit:/home/adi/arduinobot_ws/install/arduinobot_description:/home/adi/arduinobot_ws/install/arduinobot_controller:/home/adi/arduinobot_ws/install/arduinobot_utils:/home/adi/arduinobot_ws/install/arduinobot_py_examples:/opt/ros/humble:/home/adi/catkin_ws/devel:/opt/ros/noetic /usr/bin/cmake --build /home/adi/arduinobot_ws/build/aruinobot_cpp_examples -- -j12 -l12
[0.533s] -- Found ament_cmake: 1.3.8 (/opt/ros/humble/share/ament_cmake/cmake)
[0.663s] -- Found rclcpp: 16.0.8 (/opt/ros/humble/share/rclcpp/cmake)
[0.693s] -- Found rosidl_generator_c: 3.1.5 (/opt/ros/humble/share/rosidl_generator_c/cmake)
[0.696s] -- Found rosidl_adapter: 3.1.5 (/opt/ros/humble/share/rosidl_adapter/cmake)
[0.701s] -- Found rosidl_generator_cpp: 3.1.5 (/opt/ros/humble/share/rosidl_generator_cpp/cmake)
[0.711s] -- Using all available rosidl_typesupport_c: rosidl_typesupport_fastrtps_c;rosidl_typesupport_introspection_c
[0.725s] -- Using all available rosidl_typesupport_cpp: rosidl_typesupport_fastrtps_cpp;rosidl_typesupport_introspection_cpp
[0.787s] -- Found rmw_implementation_cmake: 6.1.1 (/opt/ros/humble/share/rmw_implementation_cmake/cmake)
[0.791s] -- Found rmw_cyclonedds_cpp: 1.3.4 (/opt/ros/humble/share/rmw_cyclonedds_cpp/cmake)
[0.826s] -- Using RMW implementation 'rmw_cyclonedds_cpp' as default
[0.979s] -- Found arduinobot_msgs: 0.0.0 (/home/adi/arduinobot_ws/install/arduinobot_msgs/share/arduinobot_msgs/cmake)
[1.100s] -- Found rclcpp_action: 16.0.8 (/opt/ros/humble/share/rclcpp_action/cmake)
[1.128s] -- Found rclcpp_components: 16.0.8 (/opt/ros/humble/share/rclcpp_components/cmake)
[1.194s] -- Found moveit_ros_planning_interface: 2.5.5 (/opt/ros/humble/share/moveit_ros_planning_interface/cmake)
[1.210s] -- Found Boost: /usr/lib/x86_64-linux-gnu/cmake/Boost-1.74.0/BoostConfig.cmake (found version "1.74.0") found components: date_time filesystem program_options system thread 
[1.852s] -- Found Boost: /usr/lib/x86_64-linux-gnu/cmake/Boost-1.74.0/BoostConfig.cmake (found version "1.74.0") found components: chrono date_time filesystem iostreams program_options regex serialization system thread 
[1.861s] -- Found parameter_traits: 0.3.8 (/opt/ros/humble/share/parameter_traits/cmake)
[1.873s] -- Found rclcpp_lifecycle: 16.0.8 (/opt/ros/humble/share/rclcpp_lifecycle/cmake)
[1.914s] -- Found Boost: /usr/lib/x86_64-linux-gnu/cmake/Boost-1.74.0/BoostConfig.cmake (found version "1.74.0") found components: filesystem 
[1.952s] -- library: /usr/lib/x86_64-linux-gnu/libcurl.so
[2.078s] -- Ensuring Eigen3 include directory is part of orocos-kdl CMake target
[2.425s] -- Found Boost: /usr/lib/x86_64-linux-gnu/cmake/Boost-1.74.0/BoostConfig.cmake (found version "1.74.0") found components: system filesystem date_time program_options thread chrono 
[2.851s] -- Found Boost: /usr/lib/x86_64-linux-gnu/cmake/Boost-1.74.0/BoostConfig.cmake (found version "1.74.0") found components: thread system filesystem regex date_time program_options 
[3.050s] -- Found Boost: /usr/lib/x86_64-linux-gnu/cmake/Boost-1.74.0/BoostConfig.cmake (found version "1.74.0") found components: system filesystem date_time program_options thread 
[3.386s] -- Found ament_lint_auto: 0.12.10 (/opt/ros/humble/share/ament_lint_auto/cmake)
[3.452s] -- Added test 'cppcheck' to perform static code analysis on C / C++ code
[3.452s] -- Configured cppcheck include dirs: 
[3.452s] -- Configured cppcheck exclude dirs and/or files: 
[3.452s] -- Added test 'lint_cmake' to check CMake code style
[3.453s] -- Added test 'uncrustify' to check C / C++ code style
[3.453s] -- Configured uncrustify additional arguments: 
[3.453s] -- Added test 'xmllint' to check XML markup files
[3.454s] -- Configuring done
[3.493s] -- Generating done
[3.495s] -- Build files have been written to: /home/adi/arduinobot_ws/build/aruinobot_cpp_examples
[3.517s] [35m[1mConsolidate compiler generated dependencies of target simple_moveit_interface[0m
[3.540s] [100%] Built target simple_moveit_interface
[3.548s] Invoked command in '/home/adi/arduinobot_ws/build/aruinobot_cpp_examples' returned '0': CMAKE_PREFIX_PATH=/home/adi/arduinobot_ws/install/arduinobot_msgs:/home/adi/arduinobot_ws/install/aruinobot_cpp_examples:/home/adi/arduinobot_ws/install/arduinobot_remote:/home/adi/arduinobot_ws/install/arduinobot_movit:/home/adi/arduinobot_ws/install/arduinobot_description:/home/adi/arduinobot_ws/install/arduinobot_controller:/home/adi/arduinobot_ws/install/arduinobot_utils:/home/adi/arduinobot_ws/install/arduinobot_py_examples:/opt/ros/humble:/home/adi/catkin_ws/devel:/opt/ros/noetic /usr/bin/cmake --build /home/adi/arduinobot_ws/build/aruinobot_cpp_examples -- -j12 -l12
[3.565s] Invoking command in '/home/adi/arduinobot_ws/build/aruinobot_cpp_examples': CMAKE_PREFIX_PATH=/home/adi/arduinobot_ws/install/arduinobot_msgs:/home/adi/arduinobot_ws/install/aruinobot_cpp_examples:/home/adi/arduinobot_ws/install/arduinobot_remote:/home/adi/arduinobot_ws/install/arduinobot_movit:/home/adi/arduinobot_ws/install/arduinobot_description:/home/adi/arduinobot_ws/install/arduinobot_controller:/home/adi/arduinobot_ws/install/arduinobot_utils:/home/adi/arduinobot_ws/install/arduinobot_py_examples:/opt/ros/humble:/home/adi/catkin_ws/devel:/opt/ros/noetic /usr/bin/cmake --install /home/adi/arduinobot_ws/build/aruinobot_cpp_examples
[3.570s] -- Install configuration: ""
[3.570s] -- Up-to-date: /home/adi/arduinobot_ws/install/aruinobot_cpp_examples/lib/aruinobot_cpp_examples/simple_moveit_interface
[3.570s] -- Up-to-date: /home/adi/arduinobot_ws/install/aruinobot_cpp_examples/share/ament_index/resource_index/package_run_dependencies/aruinobot_cpp_examples
[3.570s] -- Installing: /home/adi/arduinobot_ws/install/aruinobot_cpp_examples/share/ament_index/resource_index/parent_prefix_path/aruinobot_cpp_examples
[3.570s] -- Up-to-date: /home/adi/arduinobot_ws/install/aruinobot_cpp_examples/share/aruinobot_cpp_examples/environment/ament_prefix_path.sh
[3.570s] -- Installing: /home/adi/arduinobot_ws/install/aruinobot_cpp_examples/share/aruinobot_cpp_examples/environment/ament_prefix_path.dsv
[3.570s] -- Up-to-date: /home/adi/arduinobot_ws/install/aruinobot_cpp_examples/share/aruinobot_cpp_examples/environment/path.sh
[3.570s] -- Installing: /home/adi/arduinobot_ws/install/aruinobot_cpp_examples/share/aruinobot_cpp_examples/environment/path.dsv
[3.570s] -- Up-to-date: /home/adi/arduinobot_ws/install/aruinobot_cpp_examples/share/aruinobot_cpp_examples/local_setup.bash
[3.570s] -- Up-to-date: /home/adi/arduinobot_ws/install/aruinobot_cpp_examples/share/aruinobot_cpp_examples/local_setup.sh
[3.571s] -- Up-to-date: /home/adi/arduinobot_ws/install/aruinobot_cpp_examples/share/aruinobot_cpp_examples/local_setup.zsh
[3.571s] -- Installing: /home/adi/arduinobot_ws/install/aruinobot_cpp_examples/share/aruinobot_cpp_examples/local_setup.dsv
[3.571s] -- Installing: /home/adi/arduinobot_ws/install/aruinobot_cpp_examples/share/aruinobot_cpp_examples/package.dsv
[3.571s] -- Up-to-date: /home/adi/arduinobot_ws/install/aruinobot_cpp_examples/share/ament_index/resource_index/packages/aruinobot_cpp_examples
[3.571s] -- Up-to-date: /home/adi/arduinobot_ws/install/aruinobot_cpp_examples/share/aruinobot_cpp_examples/cmake/aruinobot_cpp_examplesConfig.cmake
[3.571s] -- Up-to-date: /home/adi/arduinobot_ws/install/aruinobot_cpp_examples/share/aruinobot_cpp_examples/cmake/aruinobot_cpp_examplesConfig-version.cmake
[3.571s] -- Up-to-date: /home/adi/arduinobot_ws/install/aruinobot_cpp_examples/share/aruinobot_cpp_examples/package.xml
[3.573s] Invoked command in '/home/adi/arduinobot_ws/build/aruinobot_cpp_examples' returned '0': CMAKE_PREFIX_PATH=/home/adi/arduinobot_ws/install/arduinobot_msgs:/home/adi/arduinobot_ws/install/aruinobot_cpp_examples:/home/adi/arduinobot_ws/install/arduinobot_remote:/home/adi/arduinobot_ws/install/arduinobot_movit:/home/adi/arduinobot_ws/install/arduinobot_description:/home/adi/arduinobot_ws/install/arduinobot_controller:/home/adi/arduinobot_ws/install/arduinobot_utils:/home/adi/arduinobot_ws/install/arduinobot_py_examples:/opt/ros/humble:/home/adi/catkin_ws/devel:/opt/ros/noetic /usr/bin/cmake --install /home/adi/arduinobot_ws/build/aruinobot_cpp_examples
