[0.011s] Invoking command in '/home/adi/arduinobot_ws/src/build/arduinobot_description': CMAKE_PREFIX_PATH=/home/adi/arduinobot_ws/install/arduinobot_description:/home/adi/arduinobot_ws/install/arduinobot_controller:/home/adi/arduinobot_ws/install/arduinobot_py_examples:/opt/ros/humble:/home/adi/catkin_ws/devel:/opt/ros/noetic /usr/bin/cmake /home/adi/arduinobot_ws/src/arduinobot_description -DCMAKE_INSTALL_PREFIX=/home/adi/arduinobot_ws/src/install/arduinobot_description
[0.050s] -- The C compiler identification is GNU 11.4.0
[0.085s] -- The CXX compiler identification is GNU 11.4.0
[0.090s] -- Detecting C compiler ABI info
[0.135s] -- Detecting C compiler ABI info - done
[0.140s] -- Check for working C compiler: /usr/bin/cc - skipped
[0.140s] -- Detecting C compile features
[0.140s] -- Detecting C compile features - done
[0.142s] -- Detecting CXX compiler ABI info
[0.191s] -- Detecting CXX compiler ABI info - done
[0.197s] -- Check for working CXX compiler: /usr/bin/c++ - skipped
[0.197s] -- Detecting CXX compile features
[0.197s] -- Detecting CXX compile features - done
[0.199s] -- Found ament_cmake: 1.3.8 (/opt/ros/humble/share/ament_cmake/cmake)
[0.306s] -- Found Python3: /usr/bin/python3 (found version "3.10.12") found components: Interpreter 
[0.371s] -- Found urdf: 2.6.0 (/opt/ros/humble/share/urdf/cmake)
[0.428s] -- Found ament_lint_auto: 0.12.10 (/opt/ros/humble/share/ament_lint_auto/cmake)
[0.497s] -- Added test 'copyright' to check source files copyright and LICENSE
[0.500s] -- Added test 'flake8' to check Python code syntax and style conventions
[0.501s] -- Added test 'lint_cmake' to check CMake code style
[0.502s] -- Added test 'pep257' to check Python code against some of the docstring style conventions in PEP 257
[0.503s] -- Added test 'xmllint' to check XML markup files
[0.504s] -- Configuring done
[0.506s] -- Generating done
[0.507s] -- Build files have been written to: /home/adi/arduinobot_ws/src/build/arduinobot_description
[0.514s] Invoked command in '/home/adi/arduinobot_ws/src/build/arduinobot_description' returned '0': CMAKE_PREFIX_PATH=/home/adi/arduinobot_ws/install/arduinobot_description:/home/adi/arduinobot_ws/install/arduinobot_controller:/home/adi/arduinobot_ws/install/arduinobot_py_examples:/opt/ros/humble:/home/adi/catkin_ws/devel:/opt/ros/noetic /usr/bin/cmake /home/adi/arduinobot_ws/src/arduinobot_description -DCMAKE_INSTALL_PREFIX=/home/adi/arduinobot_ws/src/install/arduinobot_description
[0.515s] Invoking command in '/home/adi/arduinobot_ws/src/build/arduinobot_description': CMAKE_PREFIX_PATH=/home/adi/arduinobot_ws/install/arduinobot_description:/home/adi/arduinobot_ws/install/arduinobot_controller:/home/adi/arduinobot_ws/install/arduinobot_py_examples:/opt/ros/humble:/home/adi/catkin_ws/devel:/opt/ros/noetic /usr/bin/cmake --build /home/adi/arduinobot_ws/src/build/arduinobot_description -- -j12 -l12
[0.543s] Invoked command in '/home/adi/arduinobot_ws/src/build/arduinobot_description' returned '0': CMAKE_PREFIX_PATH=/home/adi/arduinobot_ws/install/arduinobot_description:/home/adi/arduinobot_ws/install/arduinobot_controller:/home/adi/arduinobot_ws/install/arduinobot_py_examples:/opt/ros/humble:/home/adi/catkin_ws/devel:/opt/ros/noetic /usr/bin/cmake --build /home/adi/arduinobot_ws/src/build/arduinobot_description -- -j12 -l12
[0.556s] Invoking command in '/home/adi/arduinobot_ws/src/build/arduinobot_description': CMAKE_PREFIX_PATH=/home/adi/arduinobot_ws/install/arduinobot_description:/home/adi/arduinobot_ws/install/arduinobot_controller:/home/adi/arduinobot_ws/install/arduinobot_py_examples:/opt/ros/humble:/home/adi/catkin_ws/devel:/opt/ros/noetic /usr/bin/cmake --install /home/adi/arduinobot_ws/src/build/arduinobot_description
[0.560s] -- Install configuration: ""
[0.561s] -- Installing: /home/adi/arduinobot_ws/src/install/arduinobot_description/share/arduinobot_description/launch
[0.561s] -- Installing: /home/adi/arduinobot_ws/src/install/arduinobot_description/share/arduinobot_description/launch/gazebo.launch.py
[0.561s] -- Installing: /home/adi/arduinobot_ws/src/install/arduinobot_description/share/arduinobot_description/launch/display.launch.py
[0.561s] -- Installing: /home/adi/arduinobot_ws/src/install/arduinobot_description/share/arduinobot_description/meshes
[0.561s] -- Installing: /home/adi/arduinobot_ws/src/install/arduinobot_description/share/arduinobot_description/meshes/claw_support.STL
[0.563s] -- Installing: /home/adi/arduinobot_ws/src/install/arduinobot_description/share/arduinobot_description/meshes/basement.STL
[0.566s] -- Installing: /home/adi/arduinobot_ws/src/install/arduinobot_description/share/arduinobot_description/meshes/pi_camera.STL
[0.567s] -- Installing: /home/adi/arduinobot_ws/src/install/arduinobot_description/share/arduinobot_description/meshes/forward_drive_arm.STL
[0.574s] -- Installing: /home/adi/arduinobot_ws/src/install/arduinobot_description/share/arduinobot_description/meshes/plate.STL
[0.579s] -- Installing: /home/adi/arduinobot_ws/src/install/arduinobot_description/share/arduinobot_description/meshes/base_plate.STL
[0.586s] -- Installing: /home/adi/arduinobot_ws/src/install/arduinobot_description/share/arduinobot_description/meshes/right_finger.STL
[0.586s] -- Installing: /home/adi/arduinobot_ws/src/install/arduinobot_description/share/arduinobot_description/meshes/servo_plate.STL
[0.587s] -- Installing: /home/adi/arduinobot_ws/src/install/arduinobot_description/share/arduinobot_description/meshes/round_plate.STL
[0.589s] -- Installing: /home/adi/arduinobot_ws/src/install/arduinobot_description/share/arduinobot_description/meshes/left_finger.STL
[0.589s] -- Installing: /home/adi/arduinobot_ws/src/install/arduinobot_description/share/arduinobot_description/meshes/triangular_link.STL
[0.592s] -- Installing: /home/adi/arduinobot_ws/src/install/arduinobot_description/share/arduinobot_description/meshes/link.STL
[0.594s] -- Installing: /home/adi/arduinobot_ws/src/install/arduinobot_description/share/arduinobot_description/meshes/vertical_drive_arm.STL
[0.598s] -- Installing: /home/adi/arduinobot_ws/src/install/arduinobot_description/share/arduinobot_description/meshes/horizontal_arm.STL
[0.600s] -- Installing: /home/adi/arduinobot_ws/src/install/arduinobot_description/share/arduinobot_description/models
[0.601s] -- Installing: /home/adi/arduinobot_ws/src/install/arduinobot_description/share/arduinobot_description/models/ground_plane
[0.601s] -- Installing: /home/adi/arduinobot_ws/src/install/arduinobot_description/share/arduinobot_description/models/ground_plane/model-1_3.sdf
[0.601s] -- Installing: /home/adi/arduinobot_ws/src/install/arduinobot_description/share/arduinobot_description/models/ground_plane/model.sdf
[0.601s] -- Installing: /home/adi/arduinobot_ws/src/install/arduinobot_description/share/arduinobot_description/models/ground_plane/model-1_4.sdf
[0.601s] -- Installing: /home/adi/arduinobot_ws/src/install/arduinobot_description/share/arduinobot_description/models/ground_plane/model.config
[0.601s] -- Installing: /home/adi/arduinobot_ws/src/install/arduinobot_description/share/arduinobot_description/models/ground_plane/model-1_2.sdf
[0.601s] -- Installing: /home/adi/arduinobot_ws/src/install/arduinobot_description/share/arduinobot_description/models/sun
[0.602s] -- Installing: /home/adi/arduinobot_ws/src/install/arduinobot_description/share/arduinobot_description/models/sun/model-1_3.sdf
[0.602s] -- Installing: /home/adi/arduinobot_ws/src/install/arduinobot_description/share/arduinobot_description/models/sun/model.sdf
[0.602s] -- Installing: /home/adi/arduinobot_ws/src/install/arduinobot_description/share/arduinobot_description/models/sun/model-1_4.sdf
[0.602s] -- Installing: /home/adi/arduinobot_ws/src/install/arduinobot_description/share/arduinobot_description/models/sun/model.config
[0.602s] -- Installing: /home/adi/arduinobot_ws/src/install/arduinobot_description/share/arduinobot_description/models/sun/model-1_2.sdf
[0.602s] -- Installing: /home/adi/arduinobot_ws/src/install/arduinobot_description/share/arduinobot_description/urdf
[0.602s] -- Installing: /home/adi/arduinobot_ws/src/install/arduinobot_description/share/arduinobot_description/urdf/arduinobot_ros2_control.xacro
[0.602s] -- Installing: /home/adi/arduinobot_ws/src/install/arduinobot_description/share/arduinobot_description/urdf/arduinobot_gazebo.xacro
[0.603s] -- Installing: /home/adi/arduinobot_ws/src/install/arduinobot_description/share/arduinobot_description/urdf/arduinobot.urdf.xacro
[0.603s] -- Installing: /home/adi/arduinobot_ws/src/install/arduinobot_description/share/arduinobot_description/rviz
[0.603s] -- Installing: /home/adi/arduinobot_ws/src/install/arduinobot_description/share/arduinobot_description/rviz/display_rviz.rviz
[0.603s] -- Installing: /home/adi/arduinobot_ws/src/install/arduinobot_description/share/ament_index/resource_index/package_run_dependencies/arduinobot_description
[0.603s] -- Installing: /home/adi/arduinobot_ws/src/install/arduinobot_description/share/ament_index/resource_index/parent_prefix_path/arduinobot_description
[0.603s] -- Installing: /home/adi/arduinobot_ws/src/install/arduinobot_description/share/arduinobot_description/environment/ament_prefix_path.sh
[0.603s] -- Installing: /home/adi/arduinobot_ws/src/install/arduinobot_description/share/arduinobot_description/environment/ament_prefix_path.dsv
[0.603s] -- Installing: /home/adi/arduinobot_ws/src/install/arduinobot_description/share/arduinobot_description/environment/path.sh
[0.604s] -- Installing: /home/adi/arduinobot_ws/src/install/arduinobot_description/share/arduinobot_description/environment/path.dsv
[0.604s] -- Installing: /home/adi/arduinobot_ws/src/install/arduinobot_description/share/arduinobot_description/local_setup.bash
[0.604s] -- Installing: /home/adi/arduinobot_ws/src/install/arduinobot_description/share/arduinobot_description/local_setup.sh
[0.604s] -- Installing: /home/adi/arduinobot_ws/src/install/arduinobot_description/share/arduinobot_description/local_setup.zsh
[0.604s] -- Installing: /home/adi/arduinobot_ws/src/install/arduinobot_description/share/arduinobot_description/local_setup.dsv
[0.604s] -- Installing: /home/adi/arduinobot_ws/src/install/arduinobot_description/share/arduinobot_description/package.dsv
[0.604s] -- Installing: /home/adi/arduinobot_ws/src/install/arduinobot_description/share/ament_index/resource_index/packages/arduinobot_description
[0.604s] -- Installing: /home/adi/arduinobot_ws/src/install/arduinobot_description/share/arduinobot_description/cmake/arduinobot_descriptionConfig.cmake
[0.604s] -- Installing: /home/adi/arduinobot_ws/src/install/arduinobot_description/share/arduinobot_description/cmake/arduinobot_descriptionConfig-version.cmake
[0.604s] -- Installing: /home/adi/arduinobot_ws/src/install/arduinobot_description/share/arduinobot_description/package.xml
[0.606s] Invoked command in '/home/adi/arduinobot_ws/src/build/arduinobot_description' returned '0': CMAKE_PREFIX_PATH=/home/adi/arduinobot_ws/install/arduinobot_description:/home/adi/arduinobot_ws/install/arduinobot_controller:/home/adi/arduinobot_ws/install/arduinobot_py_examples:/opt/ros/humble:/home/adi/catkin_ws/devel:/opt/ros/noetic /usr/bin/cmake --install /home/adi/arduinobot_ws/src/build/arduinobot_description
