[0.553s] Invoking command in '/home/adi/arduinobot_ws/src/arduinobot_py_examples': PYTHONPATH=/home/adi/arduinobot_ws/build/arduinobot_py_examples/prefix_override:/home/adi/arduinobot_ws/install/arduinobot_py_examples/lib/python3.10/site-packages:${PYTHONPATH} /usr/bin/python3 -W ignore:setup.py install is deprecated setup.py egg_info --egg-base ../../build/arduinobot_py_examples build --build-base /home/adi/arduinobot_ws/build/arduinobot_py_examples/build install --record /home/adi/arduinobot_ws/build/arduinobot_py_examples/install.log --single-version-externally-managed install_data
[0.760s] running egg_info
[0.760s] writing ../../build/arduinobot_py_examples/arduinobot_py_examples.egg-info/PKG-INFO
[0.760s] writing dependency_links to ../../build/arduinobot_py_examples/arduinobot_py_examples.egg-info/dependency_links.txt
[0.761s] writing entry points to ../../build/arduinobot_py_examples/arduinobot_py_examples.egg-info/entry_points.txt
[0.761s] writing requirements to ../../build/arduinobot_py_examples/arduinobot_py_examples.egg-info/requires.txt
[0.761s] writing top-level names to ../../build/arduinobot_py_examples/arduinobot_py_examples.egg-info/top_level.txt
[0.764s] reading manifest file '../../build/arduinobot_py_examples/arduinobot_py_examples.egg-info/SOURCES.txt'
[0.765s] writing manifest file '../../build/arduinobot_py_examples/arduinobot_py_examples.egg-info/SOURCES.txt'
[0.765s] running build
[0.765s] running build_py
[0.765s] copying arduinobot_py_examples/simple_parameter.py -> /home/adi/arduinobot_ws/build/arduinobot_py_examples/build/lib/arduinobot_py_examples
[0.765s] running install
[0.765s] running install_lib
[0.766s] copying /home/adi/arduinobot_ws/build/arduinobot_py_examples/build/lib/arduinobot_py_examples/simple_parameter.py -> /home/adi/arduinobot_ws/install/arduinobot_py_examples/lib/python3.10/site-packages/arduinobot_py_examples
[0.767s] byte-compiling /home/adi/arduinobot_ws/install/arduinobot_py_examples/lib/python3.10/site-packages/arduinobot_py_examples/simple_parameter.py to simple_parameter.cpython-310.pyc
[0.767s] running install_data
[0.767s] running install_egg_info
[0.769s] removing '/home/adi/arduinobot_ws/install/arduinobot_py_examples/lib/python3.10/site-packages/arduinobot_py_examples-0.0.0-py3.10.egg-info' (and everything under it)
[0.769s] Copying ../../build/arduinobot_py_examples/arduinobot_py_examples.egg-info to /home/adi/arduinobot_ws/install/arduinobot_py_examples/lib/python3.10/site-packages/arduinobot_py_examples-0.0.0-py3.10.egg-info
[0.770s] running install_scripts
[0.784s] Installing simple_parameter script to /home/adi/arduinobot_ws/install/arduinobot_py_examples/lib/arduinobot_py_examples
[0.784s] Installing simple_publisher script to /home/adi/arduinobot_ws/install/arduinobot_py_examples/lib/arduinobot_py_examples
[0.785s] Installing simple_subscriber script to /home/adi/arduinobot_ws/install/arduinobot_py_examples/lib/arduinobot_py_examples
[0.785s] writing list of installed files to '/home/adi/arduinobot_ws/build/arduinobot_py_examples/install.log'
[0.801s] Invoked command in '/home/adi/arduinobot_ws/src/arduinobot_py_examples' returned '0': PYTHONPATH=/home/adi/arduinobot_ws/build/arduinobot_py_examples/prefix_override:/home/adi/arduinobot_ws/install/arduinobot_py_examples/lib/python3.10/site-packages:${PYTHONPATH} /usr/bin/python3 -W ignore:setup.py install is deprecated setup.py egg_info --egg-base ../../build/arduinobot_py_examples build --build-base /home/adi/arduinobot_ws/build/arduinobot_py_examples/build install --record /home/adi/arduinobot_ws/build/arduinobot_py_examples/install.log --single-version-externally-managed install_data
