[1.067s] Invoking command in '/home/adi/arduinobot_ws/src/arduinobot_py_examples': CMAKE_PREFIX_PATH=/home/adi/arduinobot_ws/install/arduinobot_msgs:/home/adi/arduinobot_ws/install/aruinobot_cpp_examples:/home/adi/arduinobot_ws/install/arduinobot_movit:/home/adi/arduinobot_ws/install/arduinobot_description:/home/adi/arduinobot_ws/install/arduinobot_controller:/home/adi/catkin_ws/devel:/opt/ros/noetic PYTHONPATH=/home/adi/arduinobot_ws/build/arduinobot_py_examples/prefix_override:/home/adi/arduinobot_ws/install/arduinobot_py_examples/lib/python3.10/site-packages:${PYTHONPATH} /usr/bin/python3 -W ignore:setup.py install is deprecated setup.py egg_info --egg-base ../../build/arduinobot_py_examples build --build-base /home/adi/arduinobot_ws/build/arduinobot_py_examples/build install --record /home/adi/arduinobot_ws/build/arduinobot_py_examples/install.log --single-version-externally-managed install_data
[1.287s] running egg_info
[1.287s] writing ../../build/arduinobot_py_examples/arduinobot_py_examples.egg-info/PKG-INFO
[1.288s] writing dependency_links to ../../build/arduinobot_py_examples/arduinobot_py_examples.egg-info/dependency_links.txt
[1.289s] writing entry points to ../../build/arduinobot_py_examples/arduinobot_py_examples.egg-info/entry_points.txt
[1.289s] writing requirements to ../../build/arduinobot_py_examples/arduinobot_py_examples.egg-info/requires.txt
[1.289s] writing top-level names to ../../build/arduinobot_py_examples/arduinobot_py_examples.egg-info/top_level.txt
[1.292s] reading manifest file '../../build/arduinobot_py_examples/arduinobot_py_examples.egg-info/SOURCES.txt'
[1.293s] writing manifest file '../../build/arduinobot_py_examples/arduinobot_py_examples.egg-info/SOURCES.txt'
[1.293s] running build
[1.293s] running build_py
[1.294s] running install
[1.294s] running install_lib
[1.296s] running install_data
[1.296s] running install_egg_info
[1.297s] removing '/home/adi/arduinobot_ws/install/arduinobot_py_examples/lib/python3.10/site-packages/arduinobot_py_examples-0.0.0-py3.10.egg-info' (and everything under it)
[1.298s] Copying ../../build/arduinobot_py_examples/arduinobot_py_examples.egg-info to /home/adi/arduinobot_ws/install/arduinobot_py_examples/lib/python3.10/site-packages/arduinobot_py_examples-0.0.0-py3.10.egg-info
[1.298s] running install_scripts
[1.313s] Installing simple_action_client script to /home/adi/arduinobot_ws/install/arduinobot_py_examples/lib/arduinobot_py_examples
[1.313s] Installing simple_action_server script to /home/adi/arduinobot_ws/install/arduinobot_py_examples/lib/arduinobot_py_examples
[1.313s] Installing simple_client script to /home/adi/arduinobot_ws/install/arduinobot_py_examples/lib/arduinobot_py_examples
[1.314s] Installing simple_parameter script to /home/adi/arduinobot_ws/install/arduinobot_py_examples/lib/arduinobot_py_examples
[1.314s] Installing simple_publisher script to /home/adi/arduinobot_ws/install/arduinobot_py_examples/lib/arduinobot_py_examples
[1.314s] Installing simple_server script to /home/adi/arduinobot_ws/install/arduinobot_py_examples/lib/arduinobot_py_examples
[1.314s] Installing simple_subscriber script to /home/adi/arduinobot_ws/install/arduinobot_py_examples/lib/arduinobot_py_examples
[1.314s] writing list of installed files to '/home/adi/arduinobot_ws/build/arduinobot_py_examples/install.log'
[1.346s] Invoked command in '/home/adi/arduinobot_ws/src/arduinobot_py_examples' returned '0': CMAKE_PREFIX_PATH=/home/adi/arduinobot_ws/install/arduinobot_msgs:/home/adi/arduinobot_ws/install/aruinobot_cpp_examples:/home/adi/arduinobot_ws/install/arduinobot_movit:/home/adi/arduinobot_ws/install/arduinobot_description:/home/adi/arduinobot_ws/install/arduinobot_controller:/home/adi/catkin_ws/devel:/opt/ros/noetic PYTHONPATH=/home/adi/arduinobot_ws/build/arduinobot_py_examples/prefix_override:/home/adi/arduinobot_ws/install/arduinobot_py_examples/lib/python3.10/site-packages:${PYTHONPATH} /usr/bin/python3 -W ignore:setup.py install is deprecated setup.py egg_info --egg-base ../../build/arduinobot_py_examples build --build-base /home/adi/arduinobot_ws/build/arduinobot_py_examples/build install --record /home/adi/arduinobot_ws/build/arduinobot_py_examples/install.log --single-version-externally-managed install_data
