[0.012s] Invoking command in '/home/adi/arduinobot_ws/build/arduinobot_description': CMAKE_PREFIX_PATH=/home/adi/arduinobot_ws/install/arduinobot_py_examples:/opt/ros/humble:${CMAKE_PREFIX_PATH} /usr/bin/cmake --build /home/adi/arduinobot_ws/build/arduinobot_description -- -j12 -l12
[0.031s] -- Found ament_cmake: 1.3.8 (/opt/ros/humble/share/ament_cmake/cmake)
[0.144s] -- Found ament_lint_auto: 0.12.10 (/opt/ros/humble/share/ament_lint_auto/cmake)
[0.207s] -- Added test 'lint_cmake' to check CMake code style
[0.209s] -- Added test 'xmllint' to check XML markup files
[0.209s] -- Configuring done
[0.212s] -- Generating done
[0.213s] -- Build files have been written to: /home/adi/arduinobot_ws/build/arduinobot_description
[0.245s] Invoked command in '/home/adi/arduinobot_ws/build/arduinobot_description' returned '0': CMAKE_PREFIX_PATH=/home/adi/arduinobot_ws/install/arduinobot_py_examples:/opt/ros/humble:${CMAKE_PREFIX_PATH} /usr/bin/cmake --build /home/adi/arduinobot_ws/build/arduinobot_description -- -j12 -l12
[0.271s] Invoking command in '/home/adi/arduinobot_ws/build/arduinobot_description': CMAKE_PREFIX_PATH=/home/adi/arduinobot_ws/install/arduinobot_py_examples:/opt/ros/humble:${CMAKE_PREFIX_PATH} /usr/bin/cmake --install /home/adi/arduinobot_ws/build/arduinobot_description
[0.277s] -- Install configuration: ""
[0.277s] -- Installing: /home/adi/arduinobot_ws/install/arduinobot_description/share/arduinobot_description/meshes
[0.277s] -- Installing: /home/adi/arduinobot_ws/install/arduinobot_description/share/arduinobot_description/meshes/claw_support.STL
[0.278s] -- Installing: /home/adi/arduinobot_ws/install/arduinobot_description/share/arduinobot_description/meshes/basement.STL
[0.279s] -- Installing: /home/adi/arduinobot_ws/install/arduinobot_description/share/arduinobot_description/meshes/forward_drive_arm.STL
[0.282s] -- Installing: /home/adi/arduinobot_ws/install/arduinobot_description/share/arduinobot_description/meshes/plate.STL
[0.285s] -- Installing: /home/adi/arduinobot_ws/install/arduinobot_description/share/arduinobot_description/meshes/base_plate.STL
[0.289s] -- Installing: /home/adi/arduinobot_ws/install/arduinobot_description/share/arduinobot_description/meshes/right_finger.STL
[0.289s] -- Installing: /home/adi/arduinobot_ws/install/arduinobot_description/share/arduinobot_description/meshes/servo_plate.STL
[0.289s] -- Installing: /home/adi/arduinobot_ws/install/arduinobot_description/share/arduinobot_description/meshes/round_plate.STL
[0.290s] -- Installing: /home/adi/arduinobot_ws/install/arduinobot_description/share/arduinobot_description/meshes/left_finger.STL
[0.290s] -- Installing: /home/adi/arduinobot_ws/install/arduinobot_description/share/arduinobot_description/meshes/triangular_link.STL
[0.291s] -- Installing: /home/adi/arduinobot_ws/install/arduinobot_description/share/arduinobot_description/meshes/link.STL
[0.292s] -- Installing: /home/adi/arduinobot_ws/install/arduinobot_description/share/arduinobot_description/meshes/vertical_drive_arm.STL
[0.293s] -- Installing: /home/adi/arduinobot_ws/install/arduinobot_description/share/arduinobot_description/meshes/horizontal_arm.STL
[0.296s] -- Installing: /home/adi/arduinobot_ws/install/arduinobot_description/share/arduinobot_description/urdf
[0.296s] -- Installing: /home/adi/arduinobot_ws/install/arduinobot_description/share/arduinobot_description/urdf/arduinobot.urdf.xacro
[0.296s] -- Up-to-date: /home/adi/arduinobot_ws/install/arduinobot_description/share/ament_index/resource_index/package_run_dependencies/arduinobot_description
[0.296s] -- Up-to-date: /home/adi/arduinobot_ws/install/arduinobot_description/share/ament_index/resource_index/parent_prefix_path/arduinobot_description
[0.296s] -- Up-to-date: /home/adi/arduinobot_ws/install/arduinobot_description/share/arduinobot_description/environment/ament_prefix_path.sh
[0.296s] -- Installing: /home/adi/arduinobot_ws/install/arduinobot_description/share/arduinobot_description/environment/ament_prefix_path.dsv
[0.296s] -- Up-to-date: /home/adi/arduinobot_ws/install/arduinobot_description/share/arduinobot_description/environment/path.sh
[0.296s] -- Installing: /home/adi/arduinobot_ws/install/arduinobot_description/share/arduinobot_description/environment/path.dsv
[0.296s] -- Up-to-date: /home/adi/arduinobot_ws/install/arduinobot_description/share/arduinobot_description/local_setup.bash
[0.297s] -- Up-to-date: /home/adi/arduinobot_ws/install/arduinobot_description/share/arduinobot_description/local_setup.sh
[0.297s] -- Up-to-date: /home/adi/arduinobot_ws/install/arduinobot_description/share/arduinobot_description/local_setup.zsh
[0.297s] -- Installing: /home/adi/arduinobot_ws/install/arduinobot_description/share/arduinobot_description/local_setup.dsv
[0.297s] -- Installing: /home/adi/arduinobot_ws/install/arduinobot_description/share/arduinobot_description/package.dsv
[0.297s] -- Up-to-date: /home/adi/arduinobot_ws/install/arduinobot_description/share/ament_index/resource_index/packages/arduinobot_description
[0.297s] -- Up-to-date: /home/adi/arduinobot_ws/install/arduinobot_description/share/arduinobot_description/cmake/arduinobot_descriptionConfig.cmake
[0.297s] -- Up-to-date: /home/adi/arduinobot_ws/install/arduinobot_description/share/arduinobot_description/cmake/arduinobot_descriptionConfig-version.cmake
[0.297s] -- Up-to-date: /home/adi/arduinobot_ws/install/arduinobot_description/share/arduinobot_description/package.xml
[0.299s] Invoked command in '/home/adi/arduinobot_ws/build/arduinobot_description' returned '0': CMAKE_PREFIX_PATH=/home/adi/arduinobot_ws/install/arduinobot_py_examples:/opt/ros/humble:${CMAKE_PREFIX_PATH} /usr/bin/cmake --install /home/adi/arduinobot_ws/build/arduinobot_description
