[0.915s] Invoking command in '/home/adi/arduinobot_ws/src/arduinobot_py_examples': CMAKE_PREFIX_PATH=/home/adi/arduinobot_ws/install/arduinobot_msgs:/home/adi/arduinobot_ws/install/aruinobot_cpp_examples:/home/adi/arduinobot_ws/install/arduinobot_remote:/home/adi/arduinobot_ws/install/arduinobot_movit:/home/adi/arduinobot_ws/install/arduinobot_description:/home/adi/arduinobot_ws/install/arduinobot_controller:/home/adi/catkin_ws/devel:/opt/ros/noetic LD_LIBRARY_PATH=/home/adi/arduinobot_ws/install/arduinobot_msgs/lib:/home/adi/arduinobot_ws/install/arduinobot_remote/lib:/opt/ros/humble/opt/rviz_ogre_vendor/lib:/opt/ros/humble/lib/x86_64-linux-gnu:/opt/ros/humble/lib:/home/adi/catkin_ws/devel/lib:/opt/ros/noetic/lib PYTHONPATH=/home/adi/arduinobot_ws/build/arduinobot_py_examples/prefix_override:/home/adi/arduinobot_ws/install/arduinobot_py_examples/lib/python3.10/site-packages:${PYTHONPATH} /usr/bin/python3 -W ignore:setup.py install is deprecated setup.py egg_info --egg-base ../../build/arduinobot_py_examples build --build-base /home/adi/arduinobot_ws/build/arduinobot_py_examples/build install --record /home/adi/arduinobot_ws/build/arduinobot_py_examples/install.log --single-version-externally-managed install_data
[1.097s] running egg_info
[1.097s] writing ../../build/arduinobot_py_examples/arduinobot_py_examples.egg-info/PKG-INFO
[1.097s] writing dependency_links to ../../build/arduinobot_py_examples/arduinobot_py_examples.egg-info/dependency_links.txt
[1.097s] writing entry points to ../../build/arduinobot_py_examples/arduinobot_py_examples.egg-info/entry_points.txt
[1.098s] writing requirements to ../../build/arduinobot_py_examples/arduinobot_py_examples.egg-info/requires.txt
[1.098s] writing top-level names to ../../build/arduinobot_py_examples/arduinobot_py_examples.egg-info/top_level.txt
[1.100s] reading manifest file '../../build/arduinobot_py_examples/arduinobot_py_examples.egg-info/SOURCES.txt'
[1.100s] writing manifest file '../../build/arduinobot_py_examples/arduinobot_py_examples.egg-info/SOURCES.txt'
[1.101s] running build
[1.101s] running build_py
[1.101s] copying arduinobot_py_examples/simple_publisher.py -> /home/adi/arduinobot_ws/build/arduinobot_py_examples/build/lib/arduinobot_py_examples
[1.101s] running install
[1.101s] running install_lib
[1.102s] copying /home/adi/arduinobot_ws/build/arduinobot_py_examples/build/lib/arduinobot_py_examples/simple_publisher.py -> /home/adi/arduinobot_ws/install/arduinobot_py_examples/lib/python3.10/site-packages/arduinobot_py_examples
[1.102s] byte-compiling /home/adi/arduinobot_ws/install/arduinobot_py_examples/lib/python3.10/site-packages/arduinobot_py_examples/simple_publisher.py to simple_publisher.cpython-310.pyc
[1.103s] running install_data
[1.103s] running install_egg_info
[1.104s] removing '/home/adi/arduinobot_ws/install/arduinobot_py_examples/lib/python3.10/site-packages/arduinobot_py_examples-0.0.0-py3.10.egg-info' (and everything under it)
[1.104s] Copying ../../build/arduinobot_py_examples/arduinobot_py_examples.egg-info to /home/adi/arduinobot_ws/install/arduinobot_py_examples/lib/python3.10/site-packages/arduinobot_py_examples-0.0.0-py3.10.egg-info
[1.105s] running install_scripts
[1.119s] Installing simple_action_client script to /home/adi/arduinobot_ws/install/arduinobot_py_examples/lib/arduinobot_py_examples
[1.119s] Installing simple_action_server script to /home/adi/arduinobot_ws/install/arduinobot_py_examples/lib/arduinobot_py_examples
[1.119s] Installing simple_client script to /home/adi/arduinobot_ws/install/arduinobot_py_examples/lib/arduinobot_py_examples
[1.120s] Installing simple_parameter script to /home/adi/arduinobot_ws/install/arduinobot_py_examples/lib/arduinobot_py_examples
[1.120s] Installing simple_publisher script to /home/adi/arduinobot_ws/install/arduinobot_py_examples/lib/arduinobot_py_examples
[1.120s] Installing simple_server script to /home/adi/arduinobot_ws/install/arduinobot_py_examples/lib/arduinobot_py_examples
[1.120s] Installing simple_subscriber script to /home/adi/arduinobot_ws/install/arduinobot_py_examples/lib/arduinobot_py_examples
[1.120s] writing list of installed files to '/home/adi/arduinobot_ws/build/arduinobot_py_examples/install.log'
[1.147s] Invoked command in '/home/adi/arduinobot_ws/src/arduinobot_py_examples' returned '0': CMAKE_PREFIX_PATH=/home/adi/arduinobot_ws/install/arduinobot_msgs:/home/adi/arduinobot_ws/install/aruinobot_cpp_examples:/home/adi/arduinobot_ws/install/arduinobot_remote:/home/adi/arduinobot_ws/install/arduinobot_movit:/home/adi/arduinobot_ws/install/arduinobot_description:/home/adi/arduinobot_ws/install/arduinobot_controller:/home/adi/catkin_ws/devel:/opt/ros/noetic LD_LIBRARY_PATH=/home/adi/arduinobot_ws/install/arduinobot_msgs/lib:/home/adi/arduinobot_ws/install/arduinobot_remote/lib:/opt/ros/humble/opt/rviz_ogre_vendor/lib:/opt/ros/humble/lib/x86_64-linux-gnu:/opt/ros/humble/lib:/home/adi/catkin_ws/devel/lib:/opt/ros/noetic/lib PYTHONPATH=/home/adi/arduinobot_ws/build/arduinobot_py_examples/prefix_override:/home/adi/arduinobot_ws/install/arduinobot_py_examples/lib/python3.10/site-packages:${PYTHONPATH} /usr/bin/python3 -W ignore:setup.py install is deprecated setup.py egg_info --egg-base ../../build/arduinobot_py_examples build --build-base /home/adi/arduinobot_ws/build/arduinobot_py_examples/build install --record /home/adi/arduinobot_ws/build/arduinobot_py_examples/install.log --single-version-externally-managed install_data
