[0.016s] Invoking command in '/home/adi/arduinobot_ws/build/arduinobot_msgs': CMAKE_PREFIX_PATH=/home/adi/arduinobot_ws/install/arduinobot_msgs:/home/adi/arduinobot_ws/install/arduinobot_description:/home/adi/arduinobot_ws/install/arduinobot_controller:/home/adi/arduinobot_ws/install/arduinobot_py_examples:/opt/ros/humble:/home/adi/catkin_ws/devel:/opt/ros/noetic /usr/bin/cmake --build /home/adi/arduinobot_ws/build/arduinobot_msgs -- -j12 -l12
[0.053s] -- Found ament_cmake: 1.3.8 (/opt/ros/humble/share/ament_cmake/cmake)
[0.181s] -- Found std_msgs: 4.2.3 (/opt/ros/humble/share/std_msgs/cmake)
[0.210s] -- Found rosidl_generator_c: 3.1.5 (/opt/ros/humble/share/rosidl_generator_c/cmake)
[0.213s] -- Found rosidl_adapter: 3.1.5 (/opt/ros/humble/share/rosidl_adapter/cmake)
[0.221s] -- Found rosidl_generator_cpp: 3.1.5 (/opt/ros/humble/share/rosidl_generator_cpp/cmake)
[0.234s] -- Using all available rosidl_typesupport_c: rosidl_typesupport_fastrtps_c;rosidl_typesupport_introspection_c
[0.250s] -- Using all available rosidl_typesupport_cpp: rosidl_typesupport_fastrtps_cpp;rosidl_typesupport_introspection_cpp
[0.295s] -- Found rosidl_default_generators: 1.2.0 (/opt/ros/humble/share/rosidl_default_generators/cmake)
[0.489s] [31mCMake Error at /opt/ros/humble/share/rosidl_adapter/cmake/rosidl_adapt_interfaces.cmake:59 (message):
[0.489s]   execute_process(/usr/bin/python3 -m rosidl_adapter --package-name
[0.489s]   arduinobot_msgs --arguments-file
[0.489s]   /home/adi/arduinobot_ws/build/arduinobot_msgs/rosidl_adapter__arguments__arduinobot_msgs.json
[0.489s]   --output-dir
[0.489s]   /home/adi/arduinobot_ws/build/arduinobot_msgs/rosidl_adapter/arduinobot_msgs
[0.490s]   --output-file
[0.490s]   /home/adi/arduinobot_ws/build/arduinobot_msgs/rosidl_adapter/arduinobot_msgs.idls)
[0.490s]   returned error code 1:
[0.490s] 
[0.490s]   Error processing 'float a' of 'arduinobot_msgs/AddTwoFloats_Request':
[0.490s]   ''float' is an invalid message name.  It should have the pattern
[0.490s]   '^[A-Z][A-Za-z0-9]*$''
[0.490s] 
[0.490s]   Traceback (most recent call last):
[0.490s] 
[0.490s]     File "/usr/lib/python3.10/runpy.py", line 196, in _run_module_as_main
[0.490s]       return _run_code(code, main_globals, None,
[0.490s]     File "/usr/lib/python3.10/runpy.py", line 86, in _run_code
[0.490s]       exec(code, run_globals)
[0.490s]     File "/opt/ros/humble/local/lib/python3.10/dist-packages/rosidl_adapter/__main__.py", line 19, in <module>
[0.490s]       sys.exit(main())
[0.490s]     File "/opt/ros/humble/local/lib/python3.10/dist-packages/rosidl_adapter/main.py", line 53, in main
[0.490s]       abs_idl_file = convert_to_idl(
[0.490s]     File "/opt/ros/humble/local/lib/python3.10/dist-packages/rosidl_adapter/__init__.py", line 24, in convert_to_idl
[0.490s]       return convert_srv_to_idl(
[0.490s]     File "/opt/ros/humble/local/lib/python3.10/dist-packages/rosidl_adapter/srv/__init__.py", line 28, in convert_srv_to_idl
[0.490s]       srv = parse_service_string(package_name, input_file.stem, content)
[0.490s]     File "/opt/ros/humble/local/lib/python3.10/dist-packages/rosidl_adapter/parser.py", line 859, in parse_service_string
[0.490s]       request_message = parse_message_string(
[0.490s]     File "/opt/ros/humble/local/lib/python3.10/dist-packages/rosidl_adapter/parser.py", line 520, in parse_message_string
[0.491s]       Type(type_string, context_package_name=pkg_name),
[0.491s]     File "/opt/ros/humble/local/lib/python3.10/dist-packages/rosidl_adapter/parser.py", line 277, in __init__
[0.491s]       super(Type, self).__init__(
[0.491s]     File "/opt/ros/humble/local/lib/python3.10/dist-packages/rosidl_adapter/parser.py", line 205, in __init__
[0.491s]       raise InvalidResourceName(
[0.491s] 
[0.491s]   rosidl_adapter.parser.InvalidResourceName: 'float' is an invalid message
[0.491s]   name.  It should have the pattern '^[A-Z][A-Za-z0-9]*$'
[0.491s] 
[0.491s] Call Stack (most recent call first):
[0.491s]   /opt/ros/humble/share/rosidl_cmake/cmake/rosidl_generate_interfaces.cmake:130 (rosidl_adapt_interfaces)
[0.491s]   CMakeLists.txt:16 (rosidl_generate_interfaces)
[0.491s] 
[0.491s] [0m
[0.491s] -- Configuring incomplete, errors occurred!
[0.491s] See also "/home/adi/arduinobot_ws/build/arduinobot_msgs/CMakeFiles/CMakeOutput.log".
[0.500s] gmake: *** [Makefile:747: cmake_check_build_system] Error 1
[0.502s] Invoked command in '/home/adi/arduinobot_ws/build/arduinobot_msgs' returned '2': CMAKE_PREFIX_PATH=/home/adi/arduinobot_ws/install/arduinobot_msgs:/home/adi/arduinobot_ws/install/arduinobot_description:/home/adi/arduinobot_ws/install/arduinobot_controller:/home/adi/arduinobot_ws/install/arduinobot_py_examples:/opt/ros/humble:/home/adi/catkin_ws/devel:/opt/ros/noetic /usr/bin/cmake --build /home/adi/arduinobot_ws/build/arduinobot_msgs -- -j12 -l12
