[0.759s] Invoking command in '/home/adi/arduinobot_ws/src/arduinobot_py_examples': PYTHONPATH=/home/adi/arduinobot_ws/build/arduinobot_py_examples/prefix_override:/home/adi/arduinobot_ws/install/arduinobot_py_examples/lib/python3.10/site-packages:${PYTHONPATH} /usr/bin/python3 -W ignore:setup.py install is deprecated setup.py egg_info --egg-base ../../build/arduinobot_py_examples build --build-base /home/adi/arduinobot_ws/build/arduinobot_py_examples/build install --record /home/adi/arduinobot_ws/build/arduinobot_py_examples/install.log --single-version-externally-managed install_data
[0.993s] running egg_info
[0.993s] writing ../../build/arduinobot_py_examples/arduinobot_py_examples.egg-info/PKG-INFO
[0.993s] writing dependency_links to ../../build/arduinobot_py_examples/arduinobot_py_examples.egg-info/dependency_links.txt
[0.993s] writing entry points to ../../build/arduinobot_py_examples/arduinobot_py_examples.egg-info/entry_points.txt
[0.994s] writing requirements to ../../build/arduinobot_py_examples/arduinobot_py_examples.egg-info/requires.txt
[0.994s] writing top-level names to ../../build/arduinobot_py_examples/arduinobot_py_examples.egg-info/top_level.txt
[0.996s] reading manifest file '../../build/arduinobot_py_examples/arduinobot_py_examples.egg-info/SOURCES.txt'
[0.997s] writing manifest file '../../build/arduinobot_py_examples/arduinobot_py_examples.egg-info/SOURCES.txt'
[0.997s] running build
[0.997s] running build_py
[0.997s] copying arduinobot_py_examples/simple_client.py -> /home/adi/arduinobot_ws/build/arduinobot_py_examples/build/lib/arduinobot_py_examples
[0.998s] running install
[0.998s] running install_lib
[0.998s] copying /home/adi/arduinobot_ws/build/arduinobot_py_examples/build/lib/arduinobot_py_examples/simple_client.py -> /home/adi/arduinobot_ws/install/arduinobot_py_examples/lib/python3.10/site-packages/arduinobot_py_examples
[0.999s] byte-compiling /home/adi/arduinobot_ws/install/arduinobot_py_examples/lib/python3.10/site-packages/arduinobot_py_examples/simple_client.py to simple_client.cpython-310.pyc
[0.999s] running install_data
[0.999s] running install_egg_info
[1.000s] removing '/home/adi/arduinobot_ws/install/arduinobot_py_examples/lib/python3.10/site-packages/arduinobot_py_examples-0.0.0-py3.10.egg-info' (and everything under it)
[1.001s] Copying ../../build/arduinobot_py_examples/arduinobot_py_examples.egg-info to /home/adi/arduinobot_ws/install/arduinobot_py_examples/lib/python3.10/site-packages/arduinobot_py_examples-0.0.0-py3.10.egg-info
[1.001s] running install_scripts
[1.018s] Installing simple_client script to /home/adi/arduinobot_ws/install/arduinobot_py_examples/lib/arduinobot_py_examples
[1.018s] Installing simple_parameter script to /home/adi/arduinobot_ws/install/arduinobot_py_examples/lib/arduinobot_py_examples
[1.018s] Installing simple_publisher script to /home/adi/arduinobot_ws/install/arduinobot_py_examples/lib/arduinobot_py_examples
[1.018s] Installing simple_server script to /home/adi/arduinobot_ws/install/arduinobot_py_examples/lib/arduinobot_py_examples
[1.019s] Installing simple_subscriber script to /home/adi/arduinobot_ws/install/arduinobot_py_examples/lib/arduinobot_py_examples
[1.019s] writing list of installed files to '/home/adi/arduinobot_ws/build/arduinobot_py_examples/install.log'
[1.036s] Invoked command in '/home/adi/arduinobot_ws/src/arduinobot_py_examples' returned '0': PYTHONPATH=/home/adi/arduinobot_ws/build/arduinobot_py_examples/prefix_override:/home/adi/arduinobot_ws/install/arduinobot_py_examples/lib/python3.10/site-packages:${PYTHONPATH} /usr/bin/python3 -W ignore:setup.py install is deprecated setup.py egg_info --egg-base ../../build/arduinobot_py_examples build --build-base /home/adi/arduinobot_ws/build/arduinobot_py_examples/build install --record /home/adi/arduinobot_ws/build/arduinobot_py_examples/install.log --single-version-externally-managed install_data
