[0.719s] Invoking command in '/home/adi/arduinobot_ws/src/arduinobot_py_examples': PYTHONPATH=/home/adi/arduinobot_ws/build/arduinobot_py_examples/prefix_override:/home/adi/arduinobot_ws/install/arduinobot_py_examples/lib/python3.10/site-packages:${PYTHONPATH} /usr/bin/python3 -W ignore:setup.py install is deprecated setup.py egg_info --egg-base ../../build/arduinobot_py_examples build --build-base /home/adi/arduinobot_ws/build/arduinobot_py_examples/build install --record /home/adi/arduinobot_ws/build/arduinobot_py_examples/install.log --single-version-externally-managed install_data
[0.894s] running egg_info
[0.895s] creating ../../build/arduinobot_py_examples/arduinobot_py_examples.egg-info
[0.895s] writing ../../build/arduinobot_py_examples/arduinobot_py_examples.egg-info/PKG-INFO
[0.895s] writing dependency_links to ../../build/arduinobot_py_examples/arduinobot_py_examples.egg-info/dependency_links.txt
[0.895s] writing entry points to ../../build/arduinobot_py_examples/arduinobot_py_examples.egg-info/entry_points.txt
[0.895s] writing requirements to ../../build/arduinobot_py_examples/arduinobot_py_examples.egg-info/requires.txt
[0.895s] writing top-level names to ../../build/arduinobot_py_examples/arduinobot_py_examples.egg-info/top_level.txt
[0.899s] writing manifest file '../../build/arduinobot_py_examples/arduinobot_py_examples.egg-info/SOURCES.txt'
[0.900s] reading manifest file '../../build/arduinobot_py_examples/arduinobot_py_examples.egg-info/SOURCES.txt'
[0.901s] writing manifest file '../../build/arduinobot_py_examples/arduinobot_py_examples.egg-info/SOURCES.txt'
[0.901s] running build
[0.901s] running build_py
[0.901s] creating /home/adi/arduinobot_ws/build/arduinobot_py_examples/build
[0.901s] creating /home/adi/arduinobot_ws/build/arduinobot_py_examples/build/lib
[0.901s] creating /home/adi/arduinobot_ws/build/arduinobot_py_examples/build/lib/arduinobot_py_examples
[0.901s] copying arduinobot_py_examples/__init__.py -> /home/adi/arduinobot_ws/build/arduinobot_py_examples/build/lib/arduinobot_py_examples
[0.901s] running install
[0.901s] running install_lib
[0.902s] creating /home/adi/arduinobot_ws/install/arduinobot_py_examples/lib/python3.10/site-packages/arduinobot_py_examples
[0.902s] copying /home/adi/arduinobot_ws/build/arduinobot_py_examples/build/lib/arduinobot_py_examples/__init__.py -> /home/adi/arduinobot_ws/install/arduinobot_py_examples/lib/python3.10/site-packages/arduinobot_py_examples
[0.902s] byte-compiling /home/adi/arduinobot_ws/install/arduinobot_py_examples/lib/python3.10/site-packages/arduinobot_py_examples/__init__.py to __init__.cpython-310.pyc
[0.902s] running install_data
[0.902s] creating /home/adi/arduinobot_ws/install/arduinobot_py_examples/share/ament_index
[0.903s] creating /home/adi/arduinobot_ws/install/arduinobot_py_examples/share/ament_index/resource_index
[0.903s] creating /home/adi/arduinobot_ws/install/arduinobot_py_examples/share/ament_index/resource_index/packages
[0.903s] copying resource/arduinobot_py_examples -> /home/adi/arduinobot_ws/install/arduinobot_py_examples/share/ament_index/resource_index/packages
[0.903s] copying package.xml -> /home/adi/arduinobot_ws/install/arduinobot_py_examples/share/arduinobot_py_examples
[0.903s] running install_egg_info
[0.904s] Copying ../../build/arduinobot_py_examples/arduinobot_py_examples.egg-info to /home/adi/arduinobot_ws/install/arduinobot_py_examples/lib/python3.10/site-packages/arduinobot_py_examples-0.0.0-py3.10.egg-info
[0.904s] running install_scripts
[0.918s] writing list of installed files to '/home/adi/arduinobot_ws/build/arduinobot_py_examples/install.log'
[0.942s] Invoked command in '/home/adi/arduinobot_ws/src/arduinobot_py_examples' returned '0': PYTHONPATH=/home/adi/arduinobot_ws/build/arduinobot_py_examples/prefix_override:/home/adi/arduinobot_ws/install/arduinobot_py_examples/lib/python3.10/site-packages:${PYTHONPATH} /usr/bin/python3 -W ignore:setup.py install is deprecated setup.py egg_info --egg-base ../../build/arduinobot_py_examples build --build-base /home/adi/arduinobot_ws/build/arduinobot_py_examples/build install --record /home/adi/arduinobot_ws/build/arduinobot_py_examples/install.log --single-version-externally-managed install_data
