[0.017s] Invoking command in '/home/adi/arduinobot_ws/build/arduinobot_description': CMAKE_PREFIX_PATH=/home/adi/arduinobot_ws/install/arduinobot_msgs:/home/adi/arduinobot_ws/install/arduinobot_description:/home/adi/arduinobot_ws/install/arduinobot_controller:/home/adi/arduinobot_ws/install/arduinobot_py_examples:/opt/ros/humble:/home/adi/catkin_ws/devel:/opt/ros/noetic /usr/bin/cmake --build /home/adi/arduinobot_ws/build/arduinobot_description -- -j12 -l12
[0.273s] Invoked command in '/home/adi/arduinobot_ws/build/arduinobot_description' returned '0': CMAKE_PREFIX_PATH=/home/adi/arduinobot_ws/install/arduinobot_msgs:/home/adi/arduinobot_ws/install/arduinobot_description:/home/adi/arduinobot_ws/install/arduinobot_controller:/home/adi/arduinobot_ws/install/arduinobot_py_examples:/opt/ros/humble:/home/adi/catkin_ws/devel:/opt/ros/noetic /usr/bin/cmake --build /home/adi/arduinobot_ws/build/arduinobot_description -- -j12 -l12
[0.299s] Invoking command in '/home/adi/arduinobot_ws/build/arduinobot_description': CMAKE_PREFIX_PATH=/home/adi/arduinobot_ws/install/arduinobot_msgs:/home/adi/arduinobot_ws/install/arduinobot_description:/home/adi/arduinobot_ws/install/arduinobot_controller:/home/adi/arduinobot_ws/install/arduinobot_py_examples:/opt/ros/humble:/home/adi/catkin_ws/devel:/opt/ros/noetic /usr/bin/cmake --install /home/adi/arduinobot_ws/build/arduinobot_description
[0.308s] -- Install configuration: ""
[0.308s] -- Up-to-date: /home/adi/arduinobot_ws/install/arduinobot_description/share/arduinobot_description/launch
[0.308s] -- Up-to-date: /home/adi/arduinobot_ws/install/arduinobot_description/share/arduinobot_description/launch/gazebo.launch.py
[0.308s] -- Up-to-date: /home/adi/arduinobot_ws/install/arduinobot_description/share/arduinobot_description/launch/display.launch.py
[0.308s] -- Up-to-date: /home/adi/arduinobot_ws/install/arduinobot_description/share/arduinobot_description/meshes
[0.308s] -- Up-to-date: /home/adi/arduinobot_ws/install/arduinobot_description/share/arduinobot_description/meshes/claw_support.STL
[0.309s] -- Up-to-date: /home/adi/arduinobot_ws/install/arduinobot_description/share/arduinobot_description/meshes/basement.STL
[0.309s] -- Up-to-date: /home/adi/arduinobot_ws/install/arduinobot_description/share/arduinobot_description/meshes/pi_camera.STL
[0.309s] -- Up-to-date: /home/adi/arduinobot_ws/install/arduinobot_description/share/arduinobot_description/meshes/forward_drive_arm.STL
[0.310s] -- Up-to-date: /home/adi/arduinobot_ws/install/arduinobot_description/share/arduinobot_description/meshes/plate.STL
[0.310s] -- Up-to-date: /home/adi/arduinobot_ws/install/arduinobot_description/share/arduinobot_description/meshes/base_plate.STL
[0.310s] -- Up-to-date: /home/adi/arduinobot_ws/install/arduinobot_description/share/arduinobot_description/meshes/right_finger.STL
[0.311s] -- Up-to-date: /home/adi/arduinobot_ws/install/arduinobot_description/share/arduinobot_description/meshes/servo_plate.STL
[0.311s] -- Up-to-date: /home/adi/arduinobot_ws/install/arduinobot_description/share/arduinobot_description/meshes/round_plate.STL
[0.311s] -- Up-to-date: /home/adi/arduinobot_ws/install/arduinobot_description/share/arduinobot_description/meshes/left_finger.STL
[0.312s] -- Up-to-date: /home/adi/arduinobot_ws/install/arduinobot_description/share/arduinobot_description/meshes/triangular_link.STL
[0.312s] -- Up-to-date: /home/adi/arduinobot_ws/install/arduinobot_description/share/arduinobot_description/meshes/link.STL
[0.312s] -- Up-to-date: /home/adi/arduinobot_ws/install/arduinobot_description/share/arduinobot_description/meshes/vertical_drive_arm.STL
[0.312s] -- Up-to-date: /home/adi/arduinobot_ws/install/arduinobot_description/share/arduinobot_description/meshes/horizontal_arm.STL
[0.313s] -- Up-to-date: /home/adi/arduinobot_ws/install/arduinobot_description/share/arduinobot_description/models
[0.315s] -- Up-to-date: /home/adi/arduinobot_ws/install/arduinobot_description/share/arduinobot_description/models/ground_plane
[0.315s] -- Up-to-date: /home/adi/arduinobot_ws/install/arduinobot_description/share/arduinobot_description/models/ground_plane/model-1_3.sdf
[0.316s] -- Up-to-date: /home/adi/arduinobot_ws/install/arduinobot_description/share/arduinobot_description/models/ground_plane/model.sdf
[0.316s] -- Up-to-date: /home/adi/arduinobot_ws/install/arduinobot_description/share/arduinobot_description/models/ground_plane/model-1_4.sdf
[0.316s] -- Up-to-date: /home/adi/arduinobot_ws/install/arduinobot_description/share/arduinobot_description/models/ground_plane/model.config
[0.316s] -- Up-to-date: /home/adi/arduinobot_ws/install/arduinobot_description/share/arduinobot_description/models/ground_plane/model-1_2.sdf
[0.316s] -- Up-to-date: /home/adi/arduinobot_ws/install/arduinobot_description/share/arduinobot_description/models/sun
[0.317s] -- Up-to-date: /home/adi/arduinobot_ws/install/arduinobot_description/share/arduinobot_description/models/sun/model-1_3.sdf
[0.317s] -- Up-to-date: /home/adi/arduinobot_ws/install/arduinobot_description/share/arduinobot_description/models/sun/model.sdf
[0.317s] -- Up-to-date: /home/adi/arduinobot_ws/install/arduinobot_description/share/arduinobot_description/models/sun/model-1_4.sdf
[0.317s] -- Up-to-date: /home/adi/arduinobot_ws/install/arduinobot_description/share/arduinobot_description/models/sun/model.config
[0.318s] -- Up-to-date: /home/adi/arduinobot_ws/install/arduinobot_description/share/arduinobot_description/models/sun/model-1_2.sdf
[0.319s] -- Up-to-date: /home/adi/arduinobot_ws/install/arduinobot_description/share/arduinobot_description/urdf
[0.320s] -- Up-to-date: /home/adi/arduinobot_ws/install/arduinobot_description/share/arduinobot_description/urdf/arduinobot_ros2_control.xacro
[0.320s] -- Up-to-date: /home/adi/arduinobot_ws/install/arduinobot_description/share/arduinobot_description/urdf/arduinobot_gazebo.xacro
[0.321s] -- Up-to-date: /home/adi/arduinobot_ws/install/arduinobot_description/share/arduinobot_description/urdf/arduinobot.urdf.xacro
[0.322s] -- Up-to-date: /home/adi/arduinobot_ws/install/arduinobot_description/share/arduinobot_description/rviz
[0.323s] -- Up-to-date: /home/adi/arduinobot_ws/install/arduinobot_description/share/arduinobot_description/rviz/display_rviz.rviz
[0.323s] -- Up-to-date: /home/adi/arduinobot_ws/install/arduinobot_description/share/ament_index/resource_index/package_run_dependencies/arduinobot_description
[0.324s] -- Up-to-date: /home/adi/arduinobot_ws/install/arduinobot_description/share/ament_index/resource_index/parent_prefix_path/arduinobot_description
[0.324s] -- Up-to-date: /home/adi/arduinobot_ws/install/arduinobot_description/share/arduinobot_description/environment/ament_prefix_path.sh
[0.325s] -- Up-to-date: /home/adi/arduinobot_ws/install/arduinobot_description/share/arduinobot_description/environment/ament_prefix_path.dsv
[0.326s] -- Up-to-date: /home/adi/arduinobot_ws/install/arduinobot_description/share/arduinobot_description/environment/path.sh
[0.326s] -- Up-to-date: /home/adi/arduinobot_ws/install/arduinobot_description/share/arduinobot_description/environment/path.dsv
[0.326s] -- Up-to-date: /home/adi/arduinobot_ws/install/arduinobot_description/share/arduinobot_description/local_setup.bash
[0.326s] -- Up-to-date: /home/adi/arduinobot_ws/install/arduinobot_description/share/arduinobot_description/local_setup.sh
[0.326s] -- Up-to-date: /home/adi/arduinobot_ws/install/arduinobot_description/share/arduinobot_description/local_setup.zsh
[0.327s] -- Up-to-date: /home/adi/arduinobot_ws/install/arduinobot_description/share/arduinobot_description/local_setup.dsv
[0.327s] -- Installing: /home/adi/arduinobot_ws/install/arduinobot_description/share/arduinobot_description/package.dsv
[0.327s] -- Up-to-date: /home/adi/arduinobot_ws/install/arduinobot_description/share/ament_index/resource_index/packages/arduinobot_description
[0.327s] -- Up-to-date: /home/adi/arduinobot_ws/install/arduinobot_description/share/arduinobot_description/cmake/arduinobot_descriptionConfig.cmake
[0.327s] -- Up-to-date: /home/adi/arduinobot_ws/install/arduinobot_description/share/arduinobot_description/cmake/arduinobot_descriptionConfig-version.cmake
[0.327s] -- Up-to-date: /home/adi/arduinobot_ws/install/arduinobot_description/share/arduinobot_description/package.xml
[0.328s] Invoked command in '/home/adi/arduinobot_ws/build/arduinobot_description' returned '0': CMAKE_PREFIX_PATH=/home/adi/arduinobot_ws/install/arduinobot_msgs:/home/adi/arduinobot_ws/install/arduinobot_description:/home/adi/arduinobot_ws/install/arduinobot_controller:/home/adi/arduinobot_ws/install/arduinobot_py_examples:/opt/ros/humble:/home/adi/catkin_ws/devel:/opt/ros/noetic /usr/bin/cmake --install /home/adi/arduinobot_ws/build/arduinobot_description
