[0.474s] Invoking command in '/home/adi/arduinobot_ws/build/aruinobot_cpp_examples': CMAKE_PREFIX_PATH=/home/adi/arduinobot_ws/install/arduinobot_msgs:/home/adi/arduinobot_ws/install/aruinobot_cpp_examples:/home/adi/arduinobot_ws/install/arduinobot_movit:/home/adi/arduinobot_ws/install/arduinobot_description:/home/adi/arduinobot_ws/install/arduinobot_controller:/home/adi/arduinobot_ws/install/arduinobot_utils:/home/adi/arduinobot_ws/install/arduinobot_py_examples:/opt/ros/humble:/home/adi/catkin_ws/devel:/opt/ros/noetic /usr/bin/cmake --build /home/adi/arduinobot_ws/build/aruinobot_cpp_examples -- -j12 -l12
[0.539s] [35m[1mConsolidate compiler generated dependencies of target simple_moveit_interface[0m
[0.601s] [100%] Built target simple_moveit_interface
[0.609s] Invoked command in '/home/adi/arduinobot_ws/build/aruinobot_cpp_examples' returned '0': CMAKE_PREFIX_PATH=/home/adi/arduinobot_ws/install/arduinobot_msgs:/home/adi/arduinobot_ws/install/aruinobot_cpp_examples:/home/adi/arduinobot_ws/install/arduinobot_movit:/home/adi/arduinobot_ws/install/arduinobot_description:/home/adi/arduinobot_ws/install/arduinobot_controller:/home/adi/arduinobot_ws/install/arduinobot_utils:/home/adi/arduinobot_ws/install/arduinobot_py_examples:/opt/ros/humble:/home/adi/catkin_ws/devel:/opt/ros/noetic /usr/bin/cmake --build /home/adi/arduinobot_ws/build/aruinobot_cpp_examples -- -j12 -l12
[0.628s] Invoking command in '/home/adi/arduinobot_ws/build/aruinobot_cpp_examples': CMAKE_PREFIX_PATH=/home/adi/arduinobot_ws/install/arduinobot_msgs:/home/adi/arduinobot_ws/install/aruinobot_cpp_examples:/home/adi/arduinobot_ws/install/arduinobot_movit:/home/adi/arduinobot_ws/install/arduinobot_description:/home/adi/arduinobot_ws/install/arduinobot_controller:/home/adi/arduinobot_ws/install/arduinobot_utils:/home/adi/arduinobot_ws/install/arduinobot_py_examples:/opt/ros/humble:/home/adi/catkin_ws/devel:/opt/ros/noetic /usr/bin/cmake --install /home/adi/arduinobot_ws/build/aruinobot_cpp_examples
[0.634s] -- Install configuration: ""
[0.635s] -- Up-to-date: /home/adi/arduinobot_ws/install/aruinobot_cpp_examples/lib/aruinobot_cpp_examples/simple_moveit_interface
[0.635s] -- Up-to-date: /home/adi/arduinobot_ws/install/aruinobot_cpp_examples/share/ament_index/resource_index/package_run_dependencies/aruinobot_cpp_examples
[0.635s] -- Up-to-date: /home/adi/arduinobot_ws/install/aruinobot_cpp_examples/share/ament_index/resource_index/parent_prefix_path/aruinobot_cpp_examples
[0.635s] -- Up-to-date: /home/adi/arduinobot_ws/install/aruinobot_cpp_examples/share/aruinobot_cpp_examples/environment/ament_prefix_path.sh
[0.635s] -- Up-to-date: /home/adi/arduinobot_ws/install/aruinobot_cpp_examples/share/aruinobot_cpp_examples/environment/ament_prefix_path.dsv
[0.635s] -- Up-to-date: /home/adi/arduinobot_ws/install/aruinobot_cpp_examples/share/aruinobot_cpp_examples/environment/path.sh
[0.635s] -- Up-to-date: /home/adi/arduinobot_ws/install/aruinobot_cpp_examples/share/aruinobot_cpp_examples/environment/path.dsv
[0.635s] -- Up-to-date: /home/adi/arduinobot_ws/install/aruinobot_cpp_examples/share/aruinobot_cpp_examples/local_setup.bash
[0.635s] -- Up-to-date: /home/adi/arduinobot_ws/install/aruinobot_cpp_examples/share/aruinobot_cpp_examples/local_setup.sh
[0.636s] -- Up-to-date: /home/adi/arduinobot_ws/install/aruinobot_cpp_examples/share/aruinobot_cpp_examples/local_setup.zsh
[0.636s] -- Up-to-date: /home/adi/arduinobot_ws/install/aruinobot_cpp_examples/share/aruinobot_cpp_examples/local_setup.dsv
[0.636s] -- Installing: /home/adi/arduinobot_ws/install/aruinobot_cpp_examples/share/aruinobot_cpp_examples/package.dsv
[0.636s] -- Up-to-date: /home/adi/arduinobot_ws/install/aruinobot_cpp_examples/share/ament_index/resource_index/packages/aruinobot_cpp_examples
[0.636s] -- Up-to-date: /home/adi/arduinobot_ws/install/aruinobot_cpp_examples/share/aruinobot_cpp_examples/cmake/aruinobot_cpp_examplesConfig.cmake
[0.636s] -- Up-to-date: /home/adi/arduinobot_ws/install/aruinobot_cpp_examples/share/aruinobot_cpp_examples/cmake/aruinobot_cpp_examplesConfig-version.cmake
[0.636s] -- Up-to-date: /home/adi/arduinobot_ws/install/aruinobot_cpp_examples/share/aruinobot_cpp_examples/package.xml
[0.638s] Invoked command in '/home/adi/arduinobot_ws/build/aruinobot_cpp_examples' returned '0': CMAKE_PREFIX_PATH=/home/adi/arduinobot_ws/install/arduinobot_msgs:/home/adi/arduinobot_ws/install/aruinobot_cpp_examples:/home/adi/arduinobot_ws/install/arduinobot_movit:/home/adi/arduinobot_ws/install/arduinobot_description:/home/adi/arduinobot_ws/install/arduinobot_controller:/home/adi/arduinobot_ws/install/arduinobot_utils:/home/adi/arduinobot_ws/install/arduinobot_py_examples:/opt/ros/humble:/home/adi/catkin_ws/devel:/opt/ros/noetic /usr/bin/cmake --install /home/adi/arduinobot_ws/build/aruinobot_cpp_examples
