[0.594s] Invoking command in '/home/adi/arduinobot_ws/src/arduinobot_py_examples': PYTHONPATH=/home/adi/arduinobot_ws/src/build/arduinobot_py_examples/prefix_override:/home/adi/arduinobot_ws/src/install/arduinobot_py_examples/lib/python3.10/site-packages:${PYTHONPATH} /usr/bin/python3 -W ignore:setup.py install is deprecated setup.py egg_info --egg-base ../build/arduinobot_py_examples build --build-base /home/adi/arduinobot_ws/src/build/arduinobot_py_examples/build install --record /home/adi/arduinobot_ws/src/build/arduinobot_py_examples/install.log --single-version-externally-managed install_data
[0.771s] running egg_info
[0.771s] creating ../build/arduinobot_py_examples/arduinobot_py_examples.egg-info
[0.772s] writing ../build/arduinobot_py_examples/arduinobot_py_examples.egg-info/PKG-INFO
[0.772s] writing dependency_links to ../build/arduinobot_py_examples/arduinobot_py_examples.egg-info/dependency_links.txt
[0.772s] writing entry points to ../build/arduinobot_py_examples/arduinobot_py_examples.egg-info/entry_points.txt
[0.772s] writing requirements to ../build/arduinobot_py_examples/arduinobot_py_examples.egg-info/requires.txt
[0.772s] writing top-level names to ../build/arduinobot_py_examples/arduinobot_py_examples.egg-info/top_level.txt
[0.773s] writing manifest file '../build/arduinobot_py_examples/arduinobot_py_examples.egg-info/SOURCES.txt'
[0.774s] reading manifest file '../build/arduinobot_py_examples/arduinobot_py_examples.egg-info/SOURCES.txt'
[0.775s] writing manifest file '../build/arduinobot_py_examples/arduinobot_py_examples.egg-info/SOURCES.txt'
[0.775s] running build
[0.775s] running build_py
[0.775s] creating /home/adi/arduinobot_ws/src/build/arduinobot_py_examples/build
[0.775s] creating /home/adi/arduinobot_ws/src/build/arduinobot_py_examples/build/lib
[0.775s] creating /home/adi/arduinobot_ws/src/build/arduinobot_py_examples/build/lib/arduinobot_py_examples
[0.775s] copying arduinobot_py_examples/simple_subscriber.py -> /home/adi/arduinobot_ws/src/build/arduinobot_py_examples/build/lib/arduinobot_py_examples
[0.775s] copying arduinobot_py_examples/__init__.py -> /home/adi/arduinobot_ws/src/build/arduinobot_py_examples/build/lib/arduinobot_py_examples
[0.776s] copying arduinobot_py_examples/simple_parameter.py -> /home/adi/arduinobot_ws/src/build/arduinobot_py_examples/build/lib/arduinobot_py_examples
[0.776s] copying arduinobot_py_examples/simple_publisher.py -> /home/adi/arduinobot_ws/src/build/arduinobot_py_examples/build/lib/arduinobot_py_examples
[0.776s] running install
[0.776s] running install_lib
[0.776s] creating /home/adi/arduinobot_ws/src/install/arduinobot_py_examples/lib/python3.10/site-packages/arduinobot_py_examples
[0.776s] copying /home/adi/arduinobot_ws/src/build/arduinobot_py_examples/build/lib/arduinobot_py_examples/simple_subscriber.py -> /home/adi/arduinobot_ws/src/install/arduinobot_py_examples/lib/python3.10/site-packages/arduinobot_py_examples
[0.776s] copying /home/adi/arduinobot_ws/src/build/arduinobot_py_examples/build/lib/arduinobot_py_examples/__init__.py -> /home/adi/arduinobot_ws/src/install/arduinobot_py_examples/lib/python3.10/site-packages/arduinobot_py_examples
[0.776s] copying /home/adi/arduinobot_ws/src/build/arduinobot_py_examples/build/lib/arduinobot_py_examples/simple_parameter.py -> /home/adi/arduinobot_ws/src/install/arduinobot_py_examples/lib/python3.10/site-packages/arduinobot_py_examples
[0.777s] copying /home/adi/arduinobot_ws/src/build/arduinobot_py_examples/build/lib/arduinobot_py_examples/simple_publisher.py -> /home/adi/arduinobot_ws/src/install/arduinobot_py_examples/lib/python3.10/site-packages/arduinobot_py_examples
[0.777s] byte-compiling /home/adi/arduinobot_ws/src/install/arduinobot_py_examples/lib/python3.10/site-packages/arduinobot_py_examples/simple_subscriber.py to simple_subscriber.cpython-310.pyc
[0.777s] byte-compiling /home/adi/arduinobot_ws/src/install/arduinobot_py_examples/lib/python3.10/site-packages/arduinobot_py_examples/__init__.py to __init__.cpython-310.pyc
[0.777s] byte-compiling /home/adi/arduinobot_ws/src/install/arduinobot_py_examples/lib/python3.10/site-packages/arduinobot_py_examples/simple_parameter.py to simple_parameter.cpython-310.pyc
[0.777s] byte-compiling /home/adi/arduinobot_ws/src/install/arduinobot_py_examples/lib/python3.10/site-packages/arduinobot_py_examples/simple_publisher.py to simple_publisher.cpython-310.pyc
[0.778s] running install_data
[0.778s] creating /home/adi/arduinobot_ws/src/install/arduinobot_py_examples/share/ament_index
[0.778s] creating /home/adi/arduinobot_ws/src/install/arduinobot_py_examples/share/ament_index/resource_index
[0.778s] creating /home/adi/arduinobot_ws/src/install/arduinobot_py_examples/share/ament_index/resource_index/packages
[0.778s] copying resource/arduinobot_py_examples -> /home/adi/arduinobot_ws/src/install/arduinobot_py_examples/share/ament_index/resource_index/packages
[0.778s] copying package.xml -> /home/adi/arduinobot_ws/src/install/arduinobot_py_examples/share/arduinobot_py_examples
[0.778s] running install_egg_info
[0.779s] Copying ../build/arduinobot_py_examples/arduinobot_py_examples.egg-info to /home/adi/arduinobot_ws/src/install/arduinobot_py_examples/lib/python3.10/site-packages/arduinobot_py_examples-0.0.0-py3.10.egg-info
[0.780s] running install_scripts
[0.793s] Installing simple_parameter script to /home/adi/arduinobot_ws/src/install/arduinobot_py_examples/lib/arduinobot_py_examples
[0.793s] Installing simple_publisher script to /home/adi/arduinobot_ws/src/install/arduinobot_py_examples/lib/arduinobot_py_examples
[0.793s] Installing simple_subscriber script to /home/adi/arduinobot_ws/src/install/arduinobot_py_examples/lib/arduinobot_py_examples
[0.793s] writing list of installed files to '/home/adi/arduinobot_ws/src/build/arduinobot_py_examples/install.log'
[0.809s] Invoked command in '/home/adi/arduinobot_ws/src/arduinobot_py_examples' returned '0': PYTHONPATH=/home/adi/arduinobot_ws/src/build/arduinobot_py_examples/prefix_override:/home/adi/arduinobot_ws/src/install/arduinobot_py_examples/lib/python3.10/site-packages:${PYTHONPATH} /usr/bin/python3 -W ignore:setup.py install is deprecated setup.py egg_info --egg-base ../build/arduinobot_py_examples build --build-base /home/adi/arduinobot_ws/src/build/arduinobot_py_examples/build install --record /home/adi/arduinobot_ws/src/build/arduinobot_py_examples/install.log --single-version-externally-managed install_data
