-- Install configuration: ""
-- Up-to-date: /home/adi/arduinobot_ws/install/arduinobot_movit/share/arduinobot_movit/launch
-- Installing: /home/adi/arduinobot_ws/install/arduinobot_movit/share/arduinobot_movit/launch/moveit.launch.py
-- Up-to-date: /home/adi/arduinobot_ws/install/arduinobot_movit/share/arduinobot_movit/config
-- Up-to-date: /home/adi/arduinobot_ws/install/arduinobot_movit/share/arduinobot_movit/config/kinematics.yaml
-- Up-to-date: /home/adi/arduinobot_ws/install/arduinobot_movit/share/arduinobot_movit/config/inital_positions.yaml
-- Up-to-date: /home/adi/arduinobot_ws/install/arduinobot_movit/share/arduinobot_movit/config/moveit_controllers.yaml
-- Up-to-date: /home/adi/arduinobot_ws/install/arduinobot_movit/share/arduinobot_movit/config/arduinobot.srdf
-- Up-to-date: /home/adi/arduinobot_ws/install/arduinobot_movit/share/arduinobot_movit/config/pilz_cartesian_limits.yaml
-- Up-to-date: /home/adi/arduinobot_ws/install/arduinobot_movit/share/arduinobot_movit/config/joint_limits.yaml
-- Up-to-date: /home/adi/arduinobot_ws/install/arduinobot_movit/share/ament_index/resource_index/package_run_dependencies/arduinobot_movit
-- Up-to-date: /home/adi/arduinobot_ws/install/arduinobot_movit/share/ament_index/resource_index/parent_prefix_path/arduinobot_movit
-- Up-to-date: /home/adi/arduinobot_ws/install/arduinobot_movit/share/arduinobot_movit/environment/ament_prefix_path.sh
-- Up-to-date: /home/adi/arduinobot_ws/install/arduinobot_movit/share/arduinobot_movit/environment/ament_prefix_path.dsv
-- Up-to-date: /home/adi/arduinobot_ws/install/arduinobot_movit/share/arduinobot_movit/environment/path.sh
-- Up-to-date: /home/adi/arduinobot_ws/install/arduinobot_movit/share/arduinobot_movit/environment/path.dsv
-- Up-to-date: /home/adi/arduinobot_ws/install/arduinobot_movit/share/arduinobot_movit/local_setup.bash
-- Up-to-date: /home/adi/arduinobot_ws/install/arduinobot_movit/share/arduinobot_movit/local_setup.sh
-- Up-to-date: /home/adi/arduinobot_ws/install/arduinobot_movit/share/arduinobot_movit/local_setup.zsh
-- Up-to-date: /home/adi/arduinobot_ws/install/arduinobot_movit/share/arduinobot_movit/local_setup.dsv
-- Up-to-date: /home/adi/arduinobot_ws/install/arduinobot_movit/share/arduinobot_movit/package.dsv
-- Up-to-date: /home/adi/arduinobot_ws/install/arduinobot_movit/share/ament_index/resource_index/packages/arduinobot_movit
-- Up-to-date: /home/adi/arduinobot_ws/install/arduinobot_movit/share/arduinobot_movit/cmake/arduinobot_movitConfig.cmake
-- Up-to-date: /home/adi/arduinobot_ws/install/arduinobot_movit/share/arduinobot_movit/cmake/arduinobot_movitConfig-version.cmake
-- Up-to-date: /home/adi/arduinobot_ws/install/arduinobot_movit/share/arduinobot_movit/package.xml
