[0.013s] Invoking command in '/home/adi/arduinobot_ws/build/arduinobot_movit': CMAKE_PREFIX_PATH=/home/adi/arduinobot_ws/install/arduinobot_msgs:/home/adi/arduinobot_ws/install/arduinobot_movit:/home/adi/arduinobot_ws/install/arduinobot_description:/home/adi/arduinobot_ws/install/arduinobot_controller:/home/adi/arduinobot_ws/install/arduinobot_utils:/home/adi/arduinobot_ws/install/arduinobot_py_examples:/opt/ros/humble:/home/adi/catkin_ws/devel:/opt/ros/noetic /usr/bin/cmake --build /home/adi/arduinobot_ws/build/arduinobot_movit -- -j12 -l12
[0.036s] Invoked command in '/home/adi/arduinobot_ws/build/arduinobot_movit' returned '0': CMAKE_PREFIX_PATH=/home/adi/arduinobot_ws/install/arduinobot_msgs:/home/adi/arduinobot_ws/install/arduinobot_movit:/home/adi/arduinobot_ws/install/arduinobot_description:/home/adi/arduinobot_ws/install/arduinobot_controller:/home/adi/arduinobot_ws/install/arduinobot_utils:/home/adi/arduinobot_ws/install/arduinobot_py_examples:/opt/ros/humble:/home/adi/catkin_ws/devel:/opt/ros/noetic /usr/bin/cmake --build /home/adi/arduinobot_ws/build/arduinobot_movit -- -j12 -l12
[0.062s] Invoking command in '/home/adi/arduinobot_ws/build/arduinobot_movit': CMAKE_PREFIX_PATH=/home/adi/arduinobot_ws/install/arduinobot_msgs:/home/adi/arduinobot_ws/install/arduinobot_movit:/home/adi/arduinobot_ws/install/arduinobot_description:/home/adi/arduinobot_ws/install/arduinobot_controller:/home/adi/arduinobot_ws/install/arduinobot_utils:/home/adi/arduinobot_ws/install/arduinobot_py_examples:/opt/ros/humble:/home/adi/catkin_ws/devel:/opt/ros/noetic /usr/bin/cmake --install /home/adi/arduinobot_ws/build/arduinobot_movit
[0.080s] -- Install configuration: ""
[0.081s] -- Up-to-date: /home/adi/arduinobot_ws/install/arduinobot_movit/share/arduinobot_movit/launch
[0.081s] -- Installing: /home/adi/arduinobot_ws/install/arduinobot_movit/share/arduinobot_movit/launch/moveit.launch.py
[0.082s] -- Up-to-date: /home/adi/arduinobot_ws/install/arduinobot_movit/share/arduinobot_movit/config
[0.082s] -- Up-to-date: /home/adi/arduinobot_ws/install/arduinobot_movit/share/arduinobot_movit/config/kinematics.yaml
[0.083s] -- Up-to-date: /home/adi/arduinobot_ws/install/arduinobot_movit/share/arduinobot_movit/config/inital_positions.yaml
[0.083s] -- Up-to-date: /home/adi/arduinobot_ws/install/arduinobot_movit/share/arduinobot_movit/config/moveit_controllers.yaml
[0.083s] -- Up-to-date: /home/adi/arduinobot_ws/install/arduinobot_movit/share/arduinobot_movit/config/arduinobot.srdf
[0.083s] -- Up-to-date: /home/adi/arduinobot_ws/install/arduinobot_movit/share/arduinobot_movit/config/pilz_cartesian_limits.yaml
[0.083s] -- Up-to-date: /home/adi/arduinobot_ws/install/arduinobot_movit/share/arduinobot_movit/config/joint_limits.yaml
[0.083s] -- Up-to-date: /home/adi/arduinobot_ws/install/arduinobot_movit/share/ament_index/resource_index/package_run_dependencies/arduinobot_movit
[0.084s] -- Up-to-date: /home/adi/arduinobot_ws/install/arduinobot_movit/share/ament_index/resource_index/parent_prefix_path/arduinobot_movit
[0.085s] -- Up-to-date: /home/adi/arduinobot_ws/install/arduinobot_movit/share/arduinobot_movit/environment/ament_prefix_path.sh
[0.085s] -- Up-to-date: /home/adi/arduinobot_ws/install/arduinobot_movit/share/arduinobot_movit/environment/ament_prefix_path.dsv
[0.085s] -- Up-to-date: /home/adi/arduinobot_ws/install/arduinobot_movit/share/arduinobot_movit/environment/path.sh
[0.085s] -- Up-to-date: /home/adi/arduinobot_ws/install/arduinobot_movit/share/arduinobot_movit/environment/path.dsv
[0.085s] -- Up-to-date: /home/adi/arduinobot_ws/install/arduinobot_movit/share/arduinobot_movit/local_setup.bash
[0.087s] -- Up-to-date: /home/adi/arduinobot_ws/install/arduinobot_movit/share/arduinobot_movit/local_setup.sh
[0.087s] -- Up-to-date: /home/adi/arduinobot_ws/install/arduinobot_movit/share/arduinobot_movit/local_setup.zsh
[0.088s] -- Up-to-date: /home/adi/arduinobot_ws/install/arduinobot_movit/share/arduinobot_movit/local_setup.dsv
[0.088s] -- Up-to-date: /home/adi/arduinobot_ws/install/arduinobot_movit/share/arduinobot_movit/package.dsv
[0.088s] -- Up-to-date: /home/adi/arduinobot_ws/install/arduinobot_movit/share/ament_index/resource_index/packages/arduinobot_movit
[0.088s] -- Up-to-date: /home/adi/arduinobot_ws/install/arduinobot_movit/share/arduinobot_movit/cmake/arduinobot_movitConfig.cmake
[0.088s] -- Up-to-date: /home/adi/arduinobot_ws/install/arduinobot_movit/share/arduinobot_movit/cmake/arduinobot_movitConfig-version.cmake
[0.089s] -- Up-to-date: /home/adi/arduinobot_ws/install/arduinobot_movit/share/arduinobot_movit/package.xml
[0.091s] Invoked command in '/home/adi/arduinobot_ws/build/arduinobot_movit' returned '0': CMAKE_PREFIX_PATH=/home/adi/arduinobot_ws/install/arduinobot_msgs:/home/adi/arduinobot_ws/install/arduinobot_movit:/home/adi/arduinobot_ws/install/arduinobot_description:/home/adi/arduinobot_ws/install/arduinobot_controller:/home/adi/arduinobot_ws/install/arduinobot_utils:/home/adi/arduinobot_ws/install/arduinobot_py_examples:/opt/ros/humble:/home/adi/catkin_ws/devel:/opt/ros/noetic /usr/bin/cmake --install /home/adi/arduinobot_ws/build/arduinobot_movit
