[0.013s] Invoking command in '/home/adi/arduinobot_ws/build/arduinobot_controller': CMAKE_PREFIX_PATH=/home/adi/arduinobot_ws/install/arduinobot_msgs:/home/adi/arduinobot_ws/install/arduinobot_description:/home/adi/arduinobot_ws/install/arduinobot_controller:/home/adi/arduinobot_ws/install/arduinobot_py_examples:/opt/ros/humble:/home/adi/catkin_ws/devel:/opt/ros/noetic /usr/bin/cmake --build /home/adi/arduinobot_ws/build/arduinobot_controller -- -j12 -l12
[0.046s] Invoked command in '/home/adi/arduinobot_ws/build/arduinobot_controller' returned '0': CMAKE_PREFIX_PATH=/home/adi/arduinobot_ws/install/arduinobot_msgs:/home/adi/arduinobot_ws/install/arduinobot_description:/home/adi/arduinobot_ws/install/arduinobot_controller:/home/adi/arduinobot_ws/install/arduinobot_py_examples:/opt/ros/humble:/home/adi/catkin_ws/devel:/opt/ros/noetic /usr/bin/cmake --build /home/adi/arduinobot_ws/build/arduinobot_controller -- -j12 -l12
[0.080s] Invoking command in '/home/adi/arduinobot_ws/build/arduinobot_controller': CMAKE_PREFIX_PATH=/home/adi/arduinobot_ws/install/arduinobot_msgs:/home/adi/arduinobot_ws/install/arduinobot_description:/home/adi/arduinobot_ws/install/arduinobot_controller:/home/adi/arduinobot_ws/install/arduinobot_py_examples:/opt/ros/humble:/home/adi/catkin_ws/devel:/opt/ros/noetic /usr/bin/cmake --install /home/adi/arduinobot_ws/build/arduinobot_controller
[0.086s] -- Install configuration: ""
[0.087s] -- Up-to-date: /home/adi/arduinobot_ws/install/arduinobot_controller/share/arduinobot_controller/config
[0.087s] -- Up-to-date: /home/adi/arduinobot_ws/install/arduinobot_controller/share/arduinobot_controller/config/arduinobot_controllers.yaml
[0.087s] -- Up-to-date: /home/adi/arduinobot_ws/install/arduinobot_controller/share/arduinobot_controller/launch
[0.087s] -- Up-to-date: /home/adi/arduinobot_ws/install/arduinobot_controller/share/arduinobot_controller/launch/controller.launch.py
[0.087s] -- Up-to-date: /home/adi/arduinobot_ws/install/arduinobot_controller/share/ament_index/resource_index/package_run_dependencies/arduinobot_controller
[0.087s] -- Up-to-date: /home/adi/arduinobot_ws/install/arduinobot_controller/share/ament_index/resource_index/parent_prefix_path/arduinobot_controller
[0.087s] -- Up-to-date: /home/adi/arduinobot_ws/install/arduinobot_controller/share/arduinobot_controller/environment/ament_prefix_path.sh
[0.088s] -- Up-to-date: /home/adi/arduinobot_ws/install/arduinobot_controller/share/arduinobot_controller/environment/ament_prefix_path.dsv
[0.088s] -- Up-to-date: /home/adi/arduinobot_ws/install/arduinobot_controller/share/arduinobot_controller/environment/path.sh
[0.088s] -- Up-to-date: /home/adi/arduinobot_ws/install/arduinobot_controller/share/arduinobot_controller/environment/path.dsv
[0.088s] -- Up-to-date: /home/adi/arduinobot_ws/install/arduinobot_controller/share/arduinobot_controller/local_setup.bash
[0.090s] -- Up-to-date: /home/adi/arduinobot_ws/install/arduinobot_controller/share/arduinobot_controller/local_setup.sh
[0.090s] -- Up-to-date: /home/adi/arduinobot_ws/install/arduinobot_controller/share/arduinobot_controller/local_setup.zsh
[0.091s] -- Up-to-date: /home/adi/arduinobot_ws/install/arduinobot_controller/share/arduinobot_controller/local_setup.dsv
[0.091s] -- Installing: /home/adi/arduinobot_ws/install/arduinobot_controller/share/arduinobot_controller/package.dsv
[0.095s] -- Up-to-date: /home/adi/arduinobot_ws/install/arduinobot_controller/share/ament_index/resource_index/packages/arduinobot_controller
[0.096s] -- Up-to-date: /home/adi/arduinobot_ws/install/arduinobot_controller/share/arduinobot_controller/cmake/arduinobot_controllerConfig.cmake
[0.096s] -- Up-to-date: /home/adi/arduinobot_ws/install/arduinobot_controller/share/arduinobot_controller/cmake/arduinobot_controllerConfig-version.cmake
[0.096s] -- Up-to-date: /home/adi/arduinobot_ws/install/arduinobot_controller/share/arduinobot_controller/package.xml
[0.102s] Invoked command in '/home/adi/arduinobot_ws/build/arduinobot_controller' returned '0': CMAKE_PREFIX_PATH=/home/adi/arduinobot_ws/install/arduinobot_msgs:/home/adi/arduinobot_ws/install/arduinobot_description:/home/adi/arduinobot_ws/install/arduinobot_controller:/home/adi/arduinobot_ws/install/arduinobot_py_examples:/opt/ros/humble:/home/adi/catkin_ws/devel:/opt/ros/noetic /usr/bin/cmake --install /home/adi/arduinobot_ws/build/arduinobot_controller
