[0.015s] Invoking command in '/home/adi/arduinobot_ws/build/arduinobot_controller': CMAKE_PREFIX_PATH=/home/adi/arduinobot_ws/install/arduinobot_description:/home/adi/arduinobot_ws/install/arduinobot_controller:/home/adi/arduinobot_ws/install/arduinobot_py_examples:/opt/ros/humble:/home/adi/catkin_ws/devel:/opt/ros/noetic /usr/bin/cmake --build /home/adi/arduinobot_ws/build/arduinobot_controller -- -j12 -l12
[0.042s] -- Found ament_cmake: 1.3.8 (/opt/ros/humble/share/ament_cmake/cmake)
[0.145s] -- Found ament_lint_auto: 0.12.10 (/opt/ros/humble/share/ament_lint_auto/cmake)
[0.200s] -- Added test 'flake8' to check Python code syntax and style conventions
[0.200s] -- Added test 'lint_cmake' to check CMake code style
[0.201s] -- Added test 'pep257' to check Python code against some of the docstring style conventions in PEP 257
[0.201s] -- Added test 'xmllint' to check XML markup files
[0.202s] -- Configuring done
[0.206s] -- Generating done
[0.207s] -- Build files have been written to: /home/adi/arduinobot_ws/build/arduinobot_controller
[0.264s] Invoked command in '/home/adi/arduinobot_ws/build/arduinobot_controller' returned '0': CMAKE_PREFIX_PATH=/home/adi/arduinobot_ws/install/arduinobot_description:/home/adi/arduinobot_ws/install/arduinobot_controller:/home/adi/arduinobot_ws/install/arduinobot_py_examples:/opt/ros/humble:/home/adi/catkin_ws/devel:/opt/ros/noetic /usr/bin/cmake --build /home/adi/arduinobot_ws/build/arduinobot_controller -- -j12 -l12
[0.294s] Invoking command in '/home/adi/arduinobot_ws/build/arduinobot_controller': CMAKE_PREFIX_PATH=/home/adi/arduinobot_ws/install/arduinobot_description:/home/adi/arduinobot_ws/install/arduinobot_controller:/home/adi/arduinobot_ws/install/arduinobot_py_examples:/opt/ros/humble:/home/adi/catkin_ws/devel:/opt/ros/noetic /usr/bin/cmake --install /home/adi/arduinobot_ws/build/arduinobot_controller
[0.300s] -- Install configuration: ""
[0.301s] -- Up-to-date: /home/adi/arduinobot_ws/install/arduinobot_controller/share/arduinobot_controller/config
[0.303s] -- Up-to-date: /home/adi/arduinobot_ws/install/arduinobot_controller/share/arduinobot_controller/config/arduinobot_controllers.yaml
[0.304s] -- Installing: /home/adi/arduinobot_ws/install/arduinobot_controller/share/arduinobot_controller/launch
[0.304s] -- Installing: /home/adi/arduinobot_ws/install/arduinobot_controller/share/arduinobot_controller/launch/controller.launch.py
[0.305s] -- Up-to-date: /home/adi/arduinobot_ws/install/arduinobot_controller/share/ament_index/resource_index/package_run_dependencies/arduinobot_controller
[0.305s] -- Installing: /home/adi/arduinobot_ws/install/arduinobot_controller/share/ament_index/resource_index/parent_prefix_path/arduinobot_controller
[0.305s] -- Up-to-date: /home/adi/arduinobot_ws/install/arduinobot_controller/share/arduinobot_controller/environment/ament_prefix_path.sh
[0.306s] -- Installing: /home/adi/arduinobot_ws/install/arduinobot_controller/share/arduinobot_controller/environment/ament_prefix_path.dsv
[0.310s] -- Up-to-date: /home/adi/arduinobot_ws/install/arduinobot_controller/share/arduinobot_controller/environment/path.sh
[0.311s] -- Installing: /home/adi/arduinobot_ws/install/arduinobot_controller/share/arduinobot_controller/environment/path.dsv
[0.311s] -- Up-to-date: /home/adi/arduinobot_ws/install/arduinobot_controller/share/arduinobot_controller/local_setup.bash
[0.312s] -- Up-to-date: /home/adi/arduinobot_ws/install/arduinobot_controller/share/arduinobot_controller/local_setup.sh
[0.312s] -- Up-to-date: /home/adi/arduinobot_ws/install/arduinobot_controller/share/arduinobot_controller/local_setup.zsh
[0.312s] -- Installing: /home/adi/arduinobot_ws/install/arduinobot_controller/share/arduinobot_controller/local_setup.dsv
[0.312s] -- Installing: /home/adi/arduinobot_ws/install/arduinobot_controller/share/arduinobot_controller/package.dsv
[0.313s] -- Up-to-date: /home/adi/arduinobot_ws/install/arduinobot_controller/share/ament_index/resource_index/packages/arduinobot_controller
[0.313s] -- Up-to-date: /home/adi/arduinobot_ws/install/arduinobot_controller/share/arduinobot_controller/cmake/arduinobot_controllerConfig.cmake
[0.313s] -- Up-to-date: /home/adi/arduinobot_ws/install/arduinobot_controller/share/arduinobot_controller/cmake/arduinobot_controllerConfig-version.cmake
[0.313s] -- Up-to-date: /home/adi/arduinobot_ws/install/arduinobot_controller/share/arduinobot_controller/package.xml
[0.316s] Invoked command in '/home/adi/arduinobot_ws/build/arduinobot_controller' returned '0': CMAKE_PREFIX_PATH=/home/adi/arduinobot_ws/install/arduinobot_description:/home/adi/arduinobot_ws/install/arduinobot_controller:/home/adi/arduinobot_ws/install/arduinobot_py_examples:/opt/ros/humble:/home/adi/catkin_ws/devel:/opt/ros/noetic /usr/bin/cmake --install /home/adi/arduinobot_ws/build/arduinobot_controller
