[0.018s] Invoking command in '/home/adi/arduinobot_ws/build/arduinobot_controller': CMAKE_PREFIX_PATH=/home/adi/arduinobot_ws/install/arduinobot_msgs:/home/adi/arduinobot_ws/install/arduinobot_description:/home/adi/arduinobot_ws/install/arduinobot_controller:/home/adi/arduinobot_ws/install/arduinobot_py_examples:/opt/ros/humble:/home/adi/catkin_ws/devel:/opt/ros/noetic /usr/bin/cmake --build /home/adi/arduinobot_ws/build/arduinobot_controller -- -j12 -l12
[0.260s] Invoked command in '/home/adi/arduinobot_ws/build/arduinobot_controller' returned '0': CMAKE_PREFIX_PATH=/home/adi/arduinobot_ws/install/arduinobot_msgs:/home/adi/arduinobot_ws/install/arduinobot_description:/home/adi/arduinobot_ws/install/arduinobot_controller:/home/adi/arduinobot_ws/install/arduinobot_py_examples:/opt/ros/humble:/home/adi/catkin_ws/devel:/opt/ros/noetic /usr/bin/cmake --build /home/adi/arduinobot_ws/build/arduinobot_controller -- -j12 -l12
[0.287s] Invoking command in '/home/adi/arduinobot_ws/build/arduinobot_controller': CMAKE_PREFIX_PATH=/home/adi/arduinobot_ws/install/arduinobot_msgs:/home/adi/arduinobot_ws/install/arduinobot_description:/home/adi/arduinobot_ws/install/arduinobot_controller:/home/adi/arduinobot_ws/install/arduinobot_py_examples:/opt/ros/humble:/home/adi/catkin_ws/devel:/opt/ros/noetic /usr/bin/cmake --install /home/adi/arduinobot_ws/build/arduinobot_controller
[0.292s] -- Install configuration: ""
[0.292s] -- Up-to-date: /home/adi/arduinobot_ws/install/arduinobot_controller/share/arduinobot_controller/config
[0.293s] -- Up-to-date: /home/adi/arduinobot_ws/install/arduinobot_controller/share/arduinobot_controller/config/arduinobot_controllers.yaml
[0.293s] -- Up-to-date: /home/adi/arduinobot_ws/install/arduinobot_controller/share/arduinobot_controller/launch
[0.293s] -- Up-to-date: /home/adi/arduinobot_ws/install/arduinobot_controller/share/arduinobot_controller/launch/controller.launch.py
[0.293s] -- Up-to-date: /home/adi/arduinobot_ws/install/arduinobot_controller/share/ament_index/resource_index/package_run_dependencies/arduinobot_controller
[0.293s] -- Up-to-date: /home/adi/arduinobot_ws/install/arduinobot_controller/share/ament_index/resource_index/parent_prefix_path/arduinobot_controller
[0.293s] -- Up-to-date: /home/adi/arduinobot_ws/install/arduinobot_controller/share/arduinobot_controller/environment/ament_prefix_path.sh
[0.294s] -- Up-to-date: /home/adi/arduinobot_ws/install/arduinobot_controller/share/arduinobot_controller/environment/ament_prefix_path.dsv
[0.294s] -- Up-to-date: /home/adi/arduinobot_ws/install/arduinobot_controller/share/arduinobot_controller/environment/path.sh
[0.296s] -- Up-to-date: /home/adi/arduinobot_ws/install/arduinobot_controller/share/arduinobot_controller/environment/path.dsv
[0.297s] -- Up-to-date: /home/adi/arduinobot_ws/install/arduinobot_controller/share/arduinobot_controller/local_setup.bash
[0.297s] -- Up-to-date: /home/adi/arduinobot_ws/install/arduinobot_controller/share/arduinobot_controller/local_setup.sh
[0.298s] -- Up-to-date: /home/adi/arduinobot_ws/install/arduinobot_controller/share/arduinobot_controller/local_setup.zsh
[0.298s] -- Up-to-date: /home/adi/arduinobot_ws/install/arduinobot_controller/share/arduinobot_controller/local_setup.dsv
[0.298s] -- Installing: /home/adi/arduinobot_ws/install/arduinobot_controller/share/arduinobot_controller/package.dsv
[0.299s] -- Up-to-date: /home/adi/arduinobot_ws/install/arduinobot_controller/share/ament_index/resource_index/packages/arduinobot_controller
[0.300s] -- Up-to-date: /home/adi/arduinobot_ws/install/arduinobot_controller/share/arduinobot_controller/cmake/arduinobot_controllerConfig.cmake
[0.300s] -- Up-to-date: /home/adi/arduinobot_ws/install/arduinobot_controller/share/arduinobot_controller/cmake/arduinobot_controllerConfig-version.cmake
[0.301s] -- Up-to-date: /home/adi/arduinobot_ws/install/arduinobot_controller/share/arduinobot_controller/package.xml
[0.305s] Invoked command in '/home/adi/arduinobot_ws/build/arduinobot_controller' returned '0': CMAKE_PREFIX_PATH=/home/adi/arduinobot_ws/install/arduinobot_msgs:/home/adi/arduinobot_ws/install/arduinobot_description:/home/adi/arduinobot_ws/install/arduinobot_controller:/home/adi/arduinobot_ws/install/arduinobot_py_examples:/opt/ros/humble:/home/adi/catkin_ws/devel:/opt/ros/noetic /usr/bin/cmake --install /home/adi/arduinobot_ws/build/arduinobot_controller
