[1.010s] Invoking command in '/home/adi/arduinobot_ws/src/arduinobot_utils': PYTHONPATH=/home/adi/arduinobot_ws/build/arduinobot_utils/prefix_override:/home/adi/arduinobot_ws/install/arduinobot_utils/lib/python3.10/site-packages:${PYTHONPATH} /usr/bin/python3 -W ignore:setup.py install is deprecated setup.py egg_info --egg-base ../../build/arduinobot_utils build --build-base /home/adi/arduinobot_ws/build/arduinobot_utils/build install --record /home/adi/arduinobot_ws/build/arduinobot_utils/install.log --single-version-externally-managed install_data
[1.200s] running egg_info
[1.201s] writing ../../build/arduinobot_utils/arduinobot_utils.egg-info/PKG-INFO
[1.201s] writing dependency_links to ../../build/arduinobot_utils/arduinobot_utils.egg-info/dependency_links.txt
[1.201s] writing entry points to ../../build/arduinobot_utils/arduinobot_utils.egg-info/entry_points.txt
[1.201s] writing requirements to ../../build/arduinobot_utils/arduinobot_utils.egg-info/requires.txt
[1.201s] writing top-level names to ../../build/arduinobot_utils/arduinobot_utils.egg-info/top_level.txt
[1.204s] reading manifest file '../../build/arduinobot_utils/arduinobot_utils.egg-info/SOURCES.txt'
[1.205s] writing manifest file '../../build/arduinobot_utils/arduinobot_utils.egg-info/SOURCES.txt'
[1.205s] running build
[1.205s] running build_py
[1.205s] running install
[1.205s] running install_lib
[1.207s] running install_data
[1.207s] running install_egg_info
[1.208s] removing '/home/adi/arduinobot_ws/install/arduinobot_utils/lib/python3.10/site-packages/arduinobot_utils-0.0.0-py3.10.egg-info' (and everything under it)
[1.208s] Copying ../../build/arduinobot_utils/arduinobot_utils.egg-info to /home/adi/arduinobot_ws/install/arduinobot_utils/lib/python3.10/site-packages/arduinobot_utils-0.0.0-py3.10.egg-info
[1.209s] running install_scripts
[1.230s] Installing angle_conversion script to /home/adi/arduinobot_ws/install/arduinobot_utils/lib/arduinobot_utils
[1.230s] writing list of installed files to '/home/adi/arduinobot_ws/build/arduinobot_utils/install.log'
[1.252s] Invoked command in '/home/adi/arduinobot_ws/src/arduinobot_utils' returned '0': PYTHONPATH=/home/adi/arduinobot_ws/build/arduinobot_utils/prefix_override:/home/adi/arduinobot_ws/install/arduinobot_utils/lib/python3.10/site-packages:${PYTHONPATH} /usr/bin/python3 -W ignore:setup.py install is deprecated setup.py egg_info --egg-base ../../build/arduinobot_utils build --build-base /home/adi/arduinobot_ws/build/arduinobot_utils/build install --record /home/adi/arduinobot_ws/build/arduinobot_utils/install.log --single-version-externally-managed install_data
